[32minfo[39m: Launching browser... {"service":"clinic-automation","timestamp":"2026-02-19T09:48:20.121Z"}
[32minfo[39m: Using extension for VPN - proxy auto-discovery disabled {"service":"clinic-automation","timestamp":"2026-02-19T09:48:20.125Z"}
[32minfo[39m: Using Chromium executable: /Users/vincent/Library/Caches/ms-playwright/chromium-1200/chrome-mac-arm64/Google Chrome for Testing.app/Contents/MacOS/Google Chrome for Testing {"service":"clinic-automation","timestamp":"2026-02-19T09:48:20.125Z"}
[32minfo[39m: Filtering out Urban VPN extension {"service":"clinic-automation","timestamp":"2026-02-19T09:48:20.125Z"}
[32minfo[39m: Applied external protocol guard script {"service":"clinic-automation","timestamp":"2026-02-19T09:48:22.038Z"}
[32minfo[39m: Browser launched successfully {"service":"clinic-automation","timestamp":"2026-02-19T09:48:22.047Z"}
[32minfo[39m: [ALLIANCE] Already logged in (active session detected) {"service":"clinic-automation","timestamp":"2026-02-19T09:48:24.560Z"}
[32minfo[39m: [ALLIANCE] Clicked sidebar Create Panel Claim {"selector":"div.sidebar li:has-text(\"Create Panel Claim\")","service":"clinic-automation","timestamp":"2026-02-19T09:48:26.477Z"}
[32minfo[39m: [ALLIANCE] Navigated directly to Create Panel Claim {"service":"clinic-automation","target":"https://connect.alliancemedinet.com/claim/panel-create","timestamp":"2026-02-19T09:48:28.436Z"}
[32minfo[39m: [ALLIANCE] Clicked sidebar Create Panel Claim {"selector":"div.sidebar li:has-text(\"Create Panel Claim\")","service":"clinic-automation","timestamp":"2026-02-19T09:48:29.927Z"}
[32minfo[39m: [ALLIANCE] Clicked sidebar Create Panel Claim {"selector":"div.sidebar a.nav-link:has-text(\"Create Panel Claim\")","service":"clinic-automation","timestamp":"2026-02-19T09:48:31.491Z"}
[32minfo[39m: [ALLIANCE] Clicked Medical Treatment {"selector":"div.main-panel button.action-btn:has-text(\"Medical Treatment\")","service":"clinic-automation","timestamp":"2026-02-19T09:48:33.004Z"}
[32minfo[39m: [ALLIANCE] Navigated to Medical Treatment claim flow {"service":"clinic-automation","timestamp":"2026-02-19T09:48:34.516Z"}
[32minfo[39m: [ALLIANCE] Filled Member UIN/Membership ID {"selector":"input[placeholder*=\"Membership\" i]","service":"clinic-automation","timestamp":"2026-02-19T09:48:35.634Z"}
[32minfo[39m: [ALLIANCE] Clicked Claim Type {"selector":"[role=\"dialog\"] div:has-text(\"Claim Type\"):has([role=\"combobox\"])","service":"clinic-automation","timestamp":"2026-02-19T09:48:36.195Z"}
[32minfo[39m: [ALLIANCE] Set Date of Visit (candidate-13/2/2026) {"selector":"input[placeholder*=\"Date of Visit\" i]","service":"clinic-automation","timestamp":"2026-02-19T09:48:38.919Z"}
[32minfo[39m: [ALLIANCE] Clicked Search Others (candidate-13/2/2026) {"selector":"button:has-text(\"Search Others\")","service":"clinic-automation","timestamp":"2026-02-19T09:48:40.736Z"}
{
  "url": "https://supremecare.greateasternlife.com/Views/Doctor/MakePanelClaim.aspx?v=ADDSCLAIM",
  "hasJquery": true,
  "htmlFind_refInput": "icNo\" disabled=\"disabled\"></span>\n                            &nbsp;&nbsp;&nbsp;&nbsp;&nbsp;\n                            \n                        </td>\n                    </tr>\n                    <tr>\n                        <td class=\"highlight\">Referring GP Clinic\n                        </td>\n                        <td>\n                            <input name=\"ctl00$MainContent$uc_MakeClaim$txtSPReferringGPClinic\" type=\"text\" id=\"ctl00_MainContent_uc_MakeClaim_txtSPReferringGPClinic\" onkeypress=\"javascript:clinicautocompleter('ctl00_MainContent_uc_MakeClaim_txtSPReferringGPClinic','CLINICSEARCH');\" style=\"width:250px;\">\n                        </td>\n                    </tr>\n                </tbody></table>\n            </td>\n</tr>\n\n        \n        \n        <tr id=\"ctl00_MainContent_uc_MakeClaim_trMCReasonDiagnosis\">\n\t<td valign=\"top\" colspan=\"2\">\n                <table cellspacing=\"0\" cellpadding=\"0\" width=\"100%\">\n                    <tbody><tr class=\"header\">\n                        <td>\n                            <span id=\"ctl00_MainContent_uc_MakeClaim_lblMCandDiagnosis\">MC/Visit Reasons &amp; Diagnosis</span>\n                        </td>\n                    </tr>\n                    <tr>\n                        <td>\n                            <table id=\"ctl00_MainContent_uc_MakeClaim_tblMCReason\" cellspacing=\"0\" cellpadding=\"0\" class=\"bordertable\">\n\t\t<tbody><tr>\n\t\t\t<td class=\"highlight\" width=\"20%\">MC/Visit Reasons\n                                    </td>\n\t\t\t<td>\n                                        <select name=\"ctl00$MainContent$uc_MakeClaim$ddlMcReasons\" id=\"ctl00_MainContent_uc_MakeClaim_ddlMcReasons\" onchange=\"putintextbox('ctl00_MainContent_uc_MakeClaim_ddlMcReasons','ctl00_MainContent_uc_MakeClaim_txtmcreasons');\" style=\"background-color:White;w",
  "htmlFind_suggestSvc": "             //panda\n                console.log(\"ElementID:\" + ElementID);\n                console.log(\"context:\" + context);\n                console.log(\"request:\" + request);\n                console.log(\"response:\" + response);\n                var count = 1;\n                var ContextKey = context;\n                $.ajax({\n                    url: \"../../../Services/AutoCompletionService.asmx/SuggestPanelGPClinics\",\n                    data: \"{ 'prefixText': '\" + request.term + \"','count':'\" + count + \"','contextKey':'\" + ContextKey + \"','ClinicID':'\" + $(\"input:hidden[id$='hfParentClinicID']\").val() + \"','insurer':'\" + $(\"input:hidden[id$='hfInsurer']\").val() + \"'}\",\n                    dataType: \"json\",\n                    type: \"POST\",\n                    contentType: \"application/json; charset=utf-8\",\n                    success: function (data) {\n                        //panda\n                        console.log(data);\n                        response($.map(data.d, function (item) {\n                            return {\n                                label: item.split('|')[0],\n                                val: item.split('|')[1]\n                            }\n                        }))\n                    },\n                    error: function (response) {\n                        alert(response.responseText);\n                    },\n                    failure: function (response) {\n                        alert(response.responseText);\n                    }\n                });\n            },\n            select: function (e, i) {\n                if (context == \"CLINICSEARCH\") {\n                    $(\"input:hidden[id$='hfParentClinicID']\").val(i.item.val);\n                    \n                }\n               \n            },\n            minLength: 1\n        })",
  "htmlFind_refType": "ontent_uc_MakeClaim_hfCheckApprovalLimit\" value=\"True\">\n<input type=\"hidden\" name=\"ctl00$MainContent$uc_MakeClaim$hfClaimApprovalCodeID\" id=\"ctl00_MainContent_uc_MakeClaim_hfClaimApprovalCodeID\">\n<input type=\"hidden\" name=\"ctl00$MainContent$uc_MakeClaim$hfOldReferenceClinicType\" id=\"ctl00_MainContent_uc_MakeClaim_hfOldReferenceClinicType\">\n<input type=\"hidden\" name=\"ctl00$MainContent$uc_MakeClaim$hfReferenceClinicType\" id=\"ctl00_MainContent_uc_MakeClaim_hfReferenceClinicType\">\n<input type=\"hidden\" name=\"ctl00$MainContent$uc_MakeClaim$hfOldVisitType\" id=\"ctl00_MainContent_uc_MakeClaim_hfOldVisitType\">\n<input type=\"hidden\" name=\"ctl00$MainContent$uc_MakeClaim$hfOldClaimIsSpecialClaim\" id=\"ctl00_MainContent_uc_MakeClaim_hfOldClaimIsSpecialClaim\">\n<input type=\"hidden\" name=\"ctl00$MainContent$uc_MakeClaim$hfDrugItemToRemove\" id=\"ctl00_MainContent_uc_MakeClaim_hfDrugItemToRemove\">\n<input type=\"hidden\" name=\"ctl00$MainContent$uc_MakeClaim$hfDrugQtyExceed\" id=\"ctl00_MainContent_uc_MakeClaim_hfDrugQtyExceed\">\n<input type=\"hidden\" name=\"ctl00$MainContent$uc_MakeClaim$hfDrugItemEditIndex\" id=\"ctl00_MainContent_uc_MakeClaim_hfDrugItemEditIndex\">\n<input type=\"hidden\" name=\"ctl00$MainContent$uc_MakeClaim$hfSurgeonFee\" id=\"ctl00_MainContent_uc_MakeClaim_hfSurgeonFee\" value=\"0\">\n<input type=\"hidden\" name=\"ctl00$MainContent$uc_MakeClaim$hfPCPClaim\" id=\"ctl00_MainContent_uc_MakeClaim_hfPCPClaim\" value=\"false\">\n<input type=\"hidden\" name=\"ctl00$MainContent$uc_MakeClaim$hfIndependentChronicLimit\" id=\"ctl00_MainContent_uc_MakeClaim_hfIndependentChronicLimit\" value=\"False\">\n<input type=\"hidden\" name=\"ctl00$MainContent$uc_MakeClaim$hfOldRefBenefitType\" id=\"ctl00_MainContent_uc_MakeClaim_hfOldRefBenefitType\">\n<input type=\"hidden\" name=\"ctl00$MainContent$uc_MakeClaim$hfExcludeCopay\" id=\"ctl00_Ma",
  "scriptMatches": [
    {
      "term": "reloadPageOnItemSelected",
      "snippet": "laim_hfCompanyPanelID\"); if (visitdate.value == \"\") { alert(\"Please enter Visit Date\"); return; } var url = \"/Views/Provider/SearchClinic.aspx?vd=\" + visitdate.value + \"&MCMID=\" + MCMID.value + \"&ppid=\" + CPID.value + \"&source=xrayrefclinic&callback=reloadPageOnItemSelected&keepThis=true&TB_iframe=true&height=450&width=600\"; tb_show(\"Select Referring Clinic\", url); } function SelectLabReferralClinicClick() { var visitdate = document.getElementById(\"ctl00_MainContent_uc_MakeClaim_txtVisitDate\"); var MCMID = document.getElementById(\"ctl00_MainContent_uc_MakeClaim_hfMemberCompanyMapID\"); if (visitdate.value == \"\") { alert(\"Please enter Visit Date\"); return; } var url = \"/Views/Provider/SearchClinic.aspx?vd=\" + visitdate.value + \"&MCMID=\" + MCMID.value + \"&source=labrefclinic&callback=reloadPageOnItemSelected&keepThis=true&TB_iframe=true&height=450&width=600\"; tb_show(\"Select Referring Clinic\", url); } function getCookie(c_name) { if (document.cookie.length > 0) { c_start = document.cookie.indexOf(c_name + \"=\"); if (c_start != -1) { c_sta"
    },
    {
      "term": "AutoCompletionService",
      "snippet": "(request, response) { //panda console.log(\"ElementID:\" + ElementID); console.log(\"context:\" + context); console.log(\"request:\" + request); console.log(\"response:\" + response); var count = 1; var ContextKey = context; $.ajax({ url: \"../../../Services/AutoCompletionService.asmx/SuggestPanelSpecialityClinicsORPatientsLog\", data: \"{ 'prefixText': '\" + request.term + \"','count':'\" + count + \"','contextKey':'\" + ContextKey + \"','ClinicID':'\" + $(\"input:hidden[id$='hfParentClinicID']\").val() + \"','insurer':'\" + $(\"input:hidden[id$='hfInsurer']\").val() + \"'}\", dataType: \"json\", type: \"POST\", contentType: \"application/json; charset=utf-8\", success: function (data) { //panda console.log(data); response($.map(data.d, function (item) { return { label: item.split('|')[0], val: item.split('|')[1] } })) }, error: function (response) { alert(response.responseText); }, failure: function (response) { alert(response.responseText); } }); }, select: function (e, i) { if (context == \"CLINICSEARCH\") { $(\"input:hidden[id$='hfParentClinicID']\").val(i.item.val"
    },
    {
      "term": "SuggestPanelGPClinics",
      "snippet": "da console.log(\"ElementID:\" + ElementID); console.log(\"context:\" + context); console.log(\"request:\" + request); console.log(\"response:\" + response); var count = 1; var ContextKey = context; $.ajax({ url: \"../../../Services/AutoCompletionService.asmx/SuggestPanelGPClinics\", data: \"{ 'prefixText': '\" + request.term + \"','count':'\" + count + \"','contextKey':'\" + ContextKey + \"','ClinicID':'\" + $(\"input:hidden[id$='hfParentClinicID']\").val() + \"','insurer':'\" + $(\"input:hidden[id$='hfInsurer']\").val() + \"'}\", dataType: \"json\", type: \"POST\", contentType: \"application/json; charset=utf-8\", success: function (data) { //panda console.log(data); response($.map(data.d, function (item) { return { label: item.split('|')[0], val: item.split('|')[1] } })) }, error: function (response) { alert(response.responseText); }, failure: function (response) { alert(response.responseText); } }); }, select: function (e, i) { if (context == \"CLINICSEARCH\") { $(\"input:hidden[id$='hfParentClinicID']\").val(i.item.val); } }, minLength: 1 }); } "
    },
    {
      "term": "AutoCompletionService",
      "snippet": "(request, response) { //panda console.log(\"ElementID:\" + ElementID); console.log(\"context:\" + context); console.log(\"request:\" + request); console.log(\"response:\" + response); var count = 1; var ContextKey = context; $.ajax({ url: \"../../../Services/AutoCompletionService.asmx/SuggestPanelGPClinics\", data: \"{ 'prefixText': '\" + request.term + \"','count':'\" + count + \"','contextKey':'\" + ContextKey + \"','ClinicID':'\" + $(\"input:hidden[id$='hfParentClinicID']\").val() + \"','insurer':'\" + $(\"input:hidden[id$='hfInsurer']\").val() + \"'}\", dataType: \"json\", type: \"POST\", contentType: \"application/json; charset=utf-8\", success: function (data) { //panda console.log(data); response($.map(data.d, function (item) { return { label: item.split('|')[0], val: item.split('|')[1] } })) }, error: function (response) { alert(response.responseText); }, failure: function (response) { alert(response.responseText); } }); }, select: function (e, i) { if (context == \"CLINICSEARCH\") { $(\"input:hidden[id$='hfParentClinicID']\").val(i.item.val); } }, minLength: 1 "
    }
  ],
  "globals": [
    "SelectXrayReferralClinicClick",
    "SelectLabReferralClinicClick",
    "reloadPageOnItemSelected",
    "clinicautocompleter"
  ],
  "jqDataKeys": [],
  "jqData": {}
}
[32minfo[39m: Browser closed {"service":"clinic-automation","timestamp":"2026-02-19T09:48:48.357Z"}
