[32minfo[39m: Launching browser... {"service":"clinic-automation","timestamp":"2026-02-19T09:36:11.562Z"}
[32minfo[39m: Using extension for VPN - proxy auto-discovery disabled {"service":"clinic-automation","timestamp":"2026-02-19T09:36:11.566Z"}
[32minfo[39m: Using Chromium executable: /Users/vincent/Library/Caches/ms-playwright/chromium-1200/chrome-mac-arm64/Google Chrome for Testing.app/Contents/MacOS/Google Chrome for Testing {"service":"clinic-automation","timestamp":"2026-02-19T09:36:11.567Z"}
[32minfo[39m: Filtering out Urban VPN extension {"service":"clinic-automation","timestamp":"2026-02-19T09:36:11.567Z"}
[32minfo[39m: Applied external protocol guard script {"service":"clinic-automation","timestamp":"2026-02-19T09:36:14.432Z"}
[32minfo[39m: Browser launched successfully {"service":"clinic-automation","timestamp":"2026-02-19T09:36:14.434Z"}
[32minfo[39m: [ALLIANCE] Already logged in (active session detected) {"service":"clinic-automation","timestamp":"2026-02-19T09:36:17.259Z"}
[32minfo[39m: [ALLIANCE] Clicked sidebar Create Panel Claim {"selector":"div.sidebar li:has-text(\"Create Panel Claim\")","service":"clinic-automation","timestamp":"2026-02-19T09:36:20.197Z"}
[32minfo[39m: [ALLIANCE] Navigated directly to Create Panel Claim {"service":"clinic-automation","target":"https://connect.alliancemedinet.com/claim/panel-create","timestamp":"2026-02-19T09:36:22.259Z"}
[32minfo[39m: [ALLIANCE] Clicked sidebar Create Panel Claim {"selector":"div.sidebar li:has-text(\"Create Panel Claim\")","service":"clinic-automation","timestamp":"2026-02-19T09:36:24.841Z"}
[32minfo[39m: [ALLIANCE] Clicked sidebar Create Panel Claim {"selector":"div.sidebar a.nav-link:has-text(\"Create Panel Claim\")","service":"clinic-automation","timestamp":"2026-02-19T09:36:26.370Z"}
[32minfo[39m: [ALLIANCE] Clicked Medical Treatment {"selector":"div.main-panel button.action-btn:has-text(\"Medical Treatment\")","service":"clinic-automation","timestamp":"2026-02-19T09:36:27.900Z"}
[32minfo[39m: [ALLIANCE] Navigated to Medical Treatment claim flow {"service":"clinic-automation","timestamp":"2026-02-19T09:36:29.405Z"}
[32minfo[39m: [ALLIANCE] Filled Member UIN/Membership ID {"selector":"input[placeholder*=\"Membership\" i]","service":"clinic-automation","timestamp":"2026-02-19T09:36:30.581Z"}
[32minfo[39m: [ALLIANCE] Clicked Claim Type {"selector":"[role=\"dialog\"] div:has-text(\"Claim Type\"):has([role=\"combobox\"])","service":"clinic-automation","timestamp":"2026-02-19T09:36:31.161Z"}
[32minfo[39m: [ALLIANCE] Set Date of Visit (candidate-13/2/2026) {"selector":"input[placeholder*=\"Date of Visit\" i]","service":"clinic-automation","timestamp":"2026-02-19T09:36:33.900Z"}
[32minfo[39m: [ALLIANCE] Clicked Search Others (candidate-13/2/2026) {"selector":"button:has-text(\"Search Others\")","service":"clinic-automation","timestamp":"2026-02-19T09:36:35.755Z"}
[32minfo[39m: [GE DX] search term results {"optionCount":0,"service":"clinic-automation","term":"Lower back pain","timestamp":"2026-02-19T09:36:51.032Z"}
[32minfo[39m: [GE DX] search term results {"optionCount":5,"service":"clinic-automation","term":"Lower back","timestamp":"2026-02-19T09:36:52.968Z"}
[32minfo[39m: [GE DX] search term results {"optionCount":5,"service":"clinic-automation","term":"pain","timestamp":"2026-02-19T09:36:54.868Z"}
[32minfo[39m: [GE DX] search term results {"optionCount":0,"service":"clinic-automation","term":"lower back pain","timestamp":"2026-02-19T09:37:02.829Z"}
[32minfo[39m: [GE DX] search term results {"optionCount":0,"service":"clinic-automation","term":"back pain","timestamp":"2026-02-19T09:37:10.789Z"}
[32minfo[39m: [GE DX] search term results {"optionCount":0,"service":"clinic-automation","term":"backache","timestamp":"2026-02-19T09:37:18.782Z"}
[32minfo[39m: [GE DX] letter results {"letter":"L","optionCount":0,"service":"clinic-automation","timestamp":"2026-02-19T09:37:25.624Z"}
[32minfo[39m: [GE DX] letter results {"letter":"B","optionCount":0,"service":"clinic-automation","timestamp":"2026-02-19T09:37:32.336Z"}
[32minfo[39m: [GE DX] letter results {"letter":"P","optionCount":0,"service":"clinic-automation","timestamp":"2026-02-19T09:37:39.073Z"}
[32minfo[39m: [GE DX] letter results {"letter":"F","optionCount":0,"service":"clinic-automation","timestamp":"2026-02-19T09:37:45.766Z"}
[32minfo[39m: [GE DX] letter results {"letter":"H","optionCount":0,"service":"clinic-automation","timestamp":"2026-02-19T09:37:52.488Z"}
[32minfo[39m: [GE DX] letter results {"letter":"A","optionCount":0,"service":"clinic-automation","timestamp":"2026-02-19T09:37:59.276Z"}
[32minfo[39m: [GE DX] soft fallback click {"clicked":true,"fallbackTerm":"pain","score":0.25,"selectedCode":"R52","selectedText":"Pain, not elsewhere classified","service":"clinic-automation","timestamp":"2026-02-19T09:38:01.728Z"}
[probe] before yes/no {
  "msg": "",
  "yes": {
    "checked": true,
    "disabled": true
  },
  "no": {
    "checked": false,
    "disabled": true
  },
  "refText": "SINGAPORE SPORTS",
  "feeType": "followup_consultationfee",
  "dxCode": "R52",
  "dxText": "Pain, not elsewhere classified",
  "hasSave": true
}
[32minfo[39m: [SUBMIT] GE calculate triggered {"attemptLabel":"default-yes","service":"clinic-automation","timestamp":"2026-02-19T09:38:06.259Z"}
[probe] after default yes {
  "msg": "Please select a valid referral clinic",
  "yes": {
    "checked": true,
    "disabled": true
  },
  "no": {
    "checked": false,
    "disabled": true
  },
  "refText": "SINGAPORE SPORTS",
  "feeType": "followup_consultationfee",
  "dxCode": "R52",
  "dxText": "Pain, not elsewhere classified",
  "hasSave": true
}
[probe] after set no {
  "msg": "Please select a valid referral clinic",
  "yes": {
    "checked": true,
    "disabled": true
  },
  "no": {
    "checked": false,
    "disabled": true
  },
  "refText": "",
  "feeType": "followup_consultationfee",
  "dxCode": "R52",
  "dxText": "Pain, not elsewhere classified",
  "hasSave": true
}
[32minfo[39m: [SUBMIT] GE calculate triggered {"attemptLabel":"set-no","service":"clinic-automation","timestamp":"2026-02-19T09:38:08.954Z"}
[probe] after calc set no {
  "msg": "Please select a valid referral clinic",
  "yes": {
    "checked": true,
    "disabled": true
  },
  "no": {
    "checked": false,
    "disabled": true
  },
  "refText": "",
  "feeType": "followup_consultationfee",
  "dxCode": "R52",
  "dxText": "Pain, not elsewhere classified",
  "hasSave": true
}
[32minfo[39m: Browser closed {"service":"clinic-automation","timestamp":"2026-02-19T09:38:09.299Z"}
