[32minfo[39m: Launching browser... {"service":"clinic-automation","timestamp":"2026-02-13T16:08:46.563Z"}
[32minfo[39m: Using extension for VPN - proxy auto-discovery disabled {"service":"clinic-automation","timestamp":"2026-02-13T16:08:46.567Z"}
[32minfo[39m: Using Chromium executable: /Users/vincent/Library/Caches/ms-playwright/chromium-1200/chrome-mac-arm64/Google Chrome for Testing.app/Contents/MacOS/Google Chrome for Testing {"service":"clinic-automation","timestamp":"2026-02-13T16:08:46.568Z"}
[32minfo[39m: Filtering out Urban VPN extension {"service":"clinic-automation","timestamp":"2026-02-13T16:08:46.568Z"}
[33mwarn[39m: Persistent profile launch failed, retrying with run-scoped profile: /Users/vincent/.playwright-browser-data-run-20260213160846 {"service":"clinic-automation","timestamp":"2026-02-13T16:08:46.999Z"}
[32minfo[39m: Applied external protocol guard script {"service":"clinic-automation","timestamp":"2026-02-13T16:08:48.830Z"}
[32minfo[39m: Browser launched successfully {"service":"clinic-automation","timestamp":"2026-02-13T16:08:48.835Z"}
[32minfo[39m: [CA 01] Login start {"clinicGroup":"ssoc","service":"clinic-automation","timestamp":"2026-02-13T16:08:49.118Z","url":"https://clinicassist.sg:1080/"}
[32minfo[39m: Logging into Clinic Assist... {"service":"clinic-automation","timestamp":"2026-02-13T16:08:49.118Z"}
[32minfo[39m: Username filled {"service":"clinic-automation","timestamp":"2026-02-13T16:08:51.946Z"}
[32minfo[39m: [CA 02] Username filled {"service":"clinic-automation","timestamp":"2026-02-13T16:08:51.947Z"}
[32minfo[39m: Password filled {"service":"clinic-automation","timestamp":"2026-02-13T16:08:51.982Z"}
[32minfo[39m: [CA 03] Password filled {"service":"clinic-automation","timestamp":"2026-02-13T16:08:51.982Z"}
[32minfo[39m: Clinic Group filled: ssoc {"service":"clinic-automation","timestamp":"2026-02-13T16:08:51.987Z"}
[32minfo[39m: [CA 04] Clinic Group filled {"clinicGroup":"ssoc","service":"clinic-automation","timestamp":"2026-02-13T16:08:51.987Z"}
[32minfo[39m: Login button clicked {"service":"clinic-automation","timestamp":"2026-02-13T16:08:52.067Z"}
[32minfo[39m: [CA 05] Login submitted {"service":"clinic-automation","timestamp":"2026-02-13T16:08:52.067Z"}
[32minfo[39m: Clinic Assist 2FA not required (verification inputs disabled) {"service":"clinic-automation","timestamp":"2026-02-13T16:08:55.082Z"}
[32minfo[39m: Successfully logged into Clinic Assist {"service":"clinic-automation","timestamp":"2026-02-13T16:08:55.314Z"}
[32minfo[39m: [CA 06] Login ok {"service":"clinic-automation","timestamp":"2026-02-13T16:08:55.314Z"}
[32minfo[39m: [CA 07] Navigate to Patient Page - START {"service":"clinic-automation","timestamp":"2026-02-13T16:08:55.314Z"}
[32minfo[39m: [CA 08] Current URL before navigation {"service":"clinic-automation","timestamp":"2026-02-13T16:08:55.315Z","url":"https://clinicassist.sg:1080/"}
[32minfo[39m: [CA 09] Need to select Reception/room first before accessing Patient Page {"service":"clinic-automation","timestamp":"2026-02-13T16:08:55.318Z"}
[32minfo[39m: [CA 10] Clicking Reception/room to access system {"selector":"button:has-text(\"Reception\")","service":"clinic-automation","timestamp":"2026-02-13T16:08:55.893Z"}
[32minfo[39m: [CA 11] Reception clicked, checking URL {"newUrl":"https://clinicassist.sg:1080/Home/Reception","service":"clinic-automation","timeTaken":1164,"timestamp":"2026-02-13T16:08:56.482Z"}
[32minfo[39m: [CA 12] Successfully entered Reception room {"newUrl":"https://clinicassist.sg:1080/Home/Reception","service":"clinic-automation","timeTaken":1172,"timestamp":"2026-02-13T16:08:56.490Z"}
[32minfo[39m: [CA 13] Looking for sidebar/hamburger menu {"service":"clinic-automation","timestamp":"2026-02-13T16:08:56.490Z"}
[32minfo[39m: [CA 14] Looking for Patient sidebar link {"service":"clinic-automation","timestamp":"2026-02-13T16:08:56.541Z"}
[32minfo[39m: [CA 15] Patient link status {"count":1,"isVisible":false,"selector":"a.SideMenuList[cat=\"Patient\"]","service":"clinic-automation","timestamp":"2026-02-13T16:08:56.547Z"}
[32minfo[39m: [CA 16] Patient link status {"count":1,"isVisible":false,"selector":"a[cat=\"Patient\"]","service":"clinic-automation","timestamp":"2026-02-13T16:08:56.595Z"}
[32minfo[39m: [CA 17] Patient link status {"count":1,"isVisible":true,"selector":"a[title=\"Patient\"]","service":"clinic-automation","timestamp":"2026-02-13T16:08:56.865Z"}
[32minfo[39m: [CA 18] Clicking Patient sidebar link via UI {"selector":"a[title=\"Patient\"]","service":"clinic-automation","timestamp":"2026-02-13T16:08:56.865Z"}
[32minfo[39m: [CA 19] Patient link clicked via Playwright {"service":"clinic-automation","timeTaken":351,"timestamp":"2026-02-13T16:08:56.947Z"}
[32minfo[39m: [CA 20] After Patient click, checking URL {"finalUrl":"https://clinicassist.sg:1080/Patient/PatientSearch","service":"clinic-automation","timestamp":"2026-02-13T16:08:58.674Z","totalTime":2184}
[32minfo[39m: [CA 21] Successfully navigated to Patient Page via UI click {"finalUrl":"https://clinicassist.sg:1080/Patient/PatientSearch","service":"clinic-automation","timestamp":"2026-02-13T16:08:58.675Z","totalTime":3361}
[32minfo[39m: [CA 22] Navigate to Patient Page - COMPLETE {"service":"clinic-automation","timestamp":"2026-02-13T16:08:58.676Z","totalTime":3362}
[32minfo[39m: [CA 23] Search patient by number {"patientNumber":"78160","service":"clinic-automation","timestamp":"2026-02-13T16:08:58.677Z"}
[32minfo[39m: [CA 24] Pressing Enter to execute search (may need to dismiss dialog first) {"service":"clinic-automation","timestamp":"2026-02-13T16:08:59.469Z"}
[32minfo[39m: [CA 25] Patient search executed by number (Enter key x2) {"patientNumber":"78160","service":"clinic-automation","timestamp":"2026-02-13T16:09:00.590Z"}
[32minfo[39m: [CA 26] Open patient from search results by number {"patientNumber":"78160","service":"clinic-automation","timestamp":"2026-02-13T16:09:00.592Z"}
[32minfo[39m: [CA 27] Found patient row by number {"hasLink":true,"rowIndex":1,"service":"clinic-automation","timestamp":"2026-02-13T16:09:02.605Z"}
[32minfo[39m: [CA 28] Clicked patient link via filter method {"service":"clinic-automation","timestamp":"2026-02-13T16:09:02.657Z"}
[32minfo[39m: [CA 29] Patient opened from search results by number {"service":"clinic-automation","timestamp":"2026-02-13T16:09:04.660Z"}
[32minfo[39m: [CA 30] Navigate to TX History {"service":"clinic-automation","timestamp":"2026-02-13T16:09:05.662Z"}
[32minfo[39m: [CA 31] Navigated to TX History {"service":"clinic-automation","timestamp":"2026-02-13T16:09:10.402Z"}
{
  "url": "https://clinicassist.sg:1080/QueueLog/PatientVisit?queryString=3Rv6/0utPL8a+RcrqeZFhSBx3zDdaP0iMT1Uh3xNYi4bDNIqKn/9ixmbwTOb1x1q9Uu3Sr54D8ZOlozM7nbvz7AP9pTZKR6+Xka0nsHAQdVNXnyryqT4Hg==",
  "liClass": "active",
  "tabVisible": true,
  "tabTextLength": 16,
  "tabTextStart": "Visit Notes Past",
  "bodyHasPastNotes": true,
  "hits": [
    {
      "kw": "03/02/2026",
      "inTab": false,
      "tabSnippet": null
    },
    {
      "kw": "2026-02-03",
      "inTab": false,
      "tabSnippet": null
    },
    {
      "kw": "heel",
      "inTab": false,
      "tabSnippet": null
    },
    {
      "kw": "foot",
      "inTab": false,
      "tabSnippet": null
    },
    {
      "kw": "pain",
      "inTab": false,
      "tabSnippet": null
    },
    {
      "kw": "diagnosis",
      "inTab": false,
      "tabSnippet": null
    },
    {
      "kw": "append",
      "inTab": false,
      "tabSnippet": null
    }
  ]
}
[32minfo[39m: Browser closed {"service":"clinic-automation","timestamp":"2026-02-13T16:09:12.875Z"}
