[32minfo[39m: Launching browser... {"service":"clinic-automation","timestamp":"2026-02-13T16:07:13.879Z"}
[32minfo[39m: Using extension for VPN - proxy auto-discovery disabled {"service":"clinic-automation","timestamp":"2026-02-13T16:07:13.884Z"}
[32minfo[39m: Using Chromium executable: /Users/vincent/Library/Caches/ms-playwright/chromium-1200/chrome-mac-arm64/Google Chrome for Testing.app/Contents/MacOS/Google Chrome for Testing {"service":"clinic-automation","timestamp":"2026-02-13T16:07:13.885Z"}
[32minfo[39m: Filtering out Urban VPN extension {"service":"clinic-automation","timestamp":"2026-02-13T16:07:13.885Z"}
[33mwarn[39m: Persistent profile launch failed, retrying with run-scoped profile: /Users/vincent/.playwright-browser-data-run-20260213160714 {"service":"clinic-automation","timestamp":"2026-02-13T16:07:14.201Z"}
[32minfo[39m: Applied external protocol guard script {"service":"clinic-automation","timestamp":"2026-02-13T16:07:15.512Z"}
[32minfo[39m: Browser launched successfully {"service":"clinic-automation","timestamp":"2026-02-13T16:07:15.512Z"}
[32minfo[39m: [CA 01] Login start {"clinicGroup":"ssoc","service":"clinic-automation","timestamp":"2026-02-13T16:07:15.639Z","url":"https://clinicassist.sg:1080/"}
[32minfo[39m: Logging into Clinic Assist... {"service":"clinic-automation","timestamp":"2026-02-13T16:07:15.640Z"}
[32minfo[39m: Username filled {"service":"clinic-automation","timestamp":"2026-02-13T16:07:18.600Z"}
[32minfo[39m: [CA 02] Username filled {"service":"clinic-automation","timestamp":"2026-02-13T16:07:18.600Z"}
[32minfo[39m: Password filled {"service":"clinic-automation","timestamp":"2026-02-13T16:07:18.627Z"}
[32minfo[39m: [CA 03] Password filled {"service":"clinic-automation","timestamp":"2026-02-13T16:07:18.627Z"}
[32minfo[39m: Clinic Group filled: ssoc {"service":"clinic-automation","timestamp":"2026-02-13T16:07:18.631Z"}
[32minfo[39m: [CA 04] Clinic Group filled {"clinicGroup":"ssoc","service":"clinic-automation","timestamp":"2026-02-13T16:07:18.631Z"}
[32minfo[39m: Login button clicked {"service":"clinic-automation","timestamp":"2026-02-13T16:07:18.709Z"}
[32minfo[39m: [CA 05] Login submitted {"service":"clinic-automation","timestamp":"2026-02-13T16:07:18.710Z"}
[32minfo[39m: Clinic Assist 2FA not required (verification inputs disabled) {"service":"clinic-automation","timestamp":"2026-02-13T16:07:21.725Z"}
[32minfo[39m: Successfully logged into Clinic Assist {"service":"clinic-automation","timestamp":"2026-02-13T16:07:21.963Z"}
[32minfo[39m: [CA 06] Login ok {"service":"clinic-automation","timestamp":"2026-02-13T16:07:21.963Z"}
[32minfo[39m: [CA 07] Navigate to Patient Page - START {"service":"clinic-automation","timestamp":"2026-02-13T16:07:21.964Z"}
[32minfo[39m: [CA 08] Current URL before navigation {"service":"clinic-automation","timestamp":"2026-02-13T16:07:21.964Z","url":"https://clinicassist.sg:1080/"}
[32minfo[39m: [CA 09] Need to select Reception/room first before accessing Patient Page {"service":"clinic-automation","timestamp":"2026-02-13T16:07:21.967Z"}
[32minfo[39m: [CA 10] Clicking Reception/room to access system {"selector":"button:has-text(\"Reception\")","service":"clinic-automation","timestamp":"2026-02-13T16:07:22.545Z"}
[32minfo[39m: [CA 11] Reception clicked, checking URL {"newUrl":"https://clinicassist.sg:1080/Home/Reception","service":"clinic-automation","timeTaken":1170,"timestamp":"2026-02-13T16:07:23.137Z"}
[32minfo[39m: [CA 12] Successfully entered Reception room {"newUrl":"https://clinicassist.sg:1080/Home/Reception","service":"clinic-automation","timeTaken":1250,"timestamp":"2026-02-13T16:07:23.217Z"}
[32minfo[39m: [CA 13] Looking for sidebar/hamburger menu {"service":"clinic-automation","timestamp":"2026-02-13T16:07:23.217Z"}
[32minfo[39m: [CA 14] Found menu toggle, clicking {"selector":"[class*=\"nav-toggle\"]","service":"clinic-automation","timestamp":"2026-02-13T16:07:23.219Z"}
[32minfo[39m: [CA 15] Looking for Patient sidebar link {"service":"clinic-automation","timestamp":"2026-02-13T16:07:23.450Z"}
[32minfo[39m: [CA 16] Patient link status {"count":1,"isVisible":true,"selector":"a.SideMenuList[cat=\"Patient\"]","service":"clinic-automation","timestamp":"2026-02-13T16:07:23.581Z"}
[32minfo[39m: [CA 17] Clicking Patient sidebar link via UI {"selector":"a.SideMenuList[cat=\"Patient\"]","service":"clinic-automation","timestamp":"2026-02-13T16:07:23.581Z"}
[32minfo[39m: [CA 18] Patient link clicked via Playwright {"service":"clinic-automation","timeTaken":85,"timestamp":"2026-02-13T16:07:23.663Z"}
[32minfo[39m: [CA 19] After Patient click, checking URL {"finalUrl":"https://clinicassist.sg:1080/Patient/PatientSearch","service":"clinic-automation","timestamp":"2026-02-13T16:07:25.659Z","totalTime":2442}
[32minfo[39m: [CA 20] Successfully navigated to Patient Page via UI click {"finalUrl":"https://clinicassist.sg:1080/Patient/PatientSearch","service":"clinic-automation","timestamp":"2026-02-13T16:07:25.660Z","totalTime":3696}
[32minfo[39m: [CA 21] Navigate to Patient Page - COMPLETE {"service":"clinic-automation","timestamp":"2026-02-13T16:07:25.660Z","totalTime":3696}
[32minfo[39m: [CA 22] Search patient by number {"patientNumber":"78160","service":"clinic-automation","timestamp":"2026-02-13T16:07:25.661Z"}
[32minfo[39m: [CA 23] Pressing Enter to execute search (may need to dismiss dialog first) {"service":"clinic-automation","timestamp":"2026-02-13T16:07:26.443Z"}
[32minfo[39m: [CA 24] Patient search executed by number (Enter key x2) {"patientNumber":"78160","service":"clinic-automation","timestamp":"2026-02-13T16:07:27.565Z"}
[32minfo[39m: [CA 25] Open patient from search results by number {"patientNumber":"78160","service":"clinic-automation","timestamp":"2026-02-13T16:07:27.565Z"}
[32minfo[39m: [CA 26] Found patient row by number {"hasLink":true,"rowIndex":1,"service":"clinic-automation","timestamp":"2026-02-13T16:07:29.576Z"}
[32minfo[39m: [CA 27] Clicked patient link via filter method {"service":"clinic-automation","timestamp":"2026-02-13T16:07:29.620Z"}
[32minfo[39m: [CA 28] Patient opened from search results by number {"service":"clinic-automation","timestamp":"2026-02-13T16:07:31.622Z"}
[32minfo[39m: [CA 29] Navigate to TX History {"service":"clinic-automation","timestamp":"2026-02-13T16:07:32.829Z"}
[32minfo[39m: [CA 30] Navigated to TX History {"service":"clinic-automation","timestamp":"2026-02-13T16:07:37.416Z"}
{
  "url": "https://clinicassist.sg:1080/QueueLog/PatientVisit?queryString=3Rv6/0utPL8a+RcrqeZFhSBx3zDdaP0iMT1Uh3xNYi4bDNIqKn/9ixmbwTOb1x1q9Uu3Sr54D8ZOlozM7nbvz7AP9pTZKR6+Xka0nsHAQdVNXnyryqT4Hg==",
  "count": 36,
  "candidates": [
    {
      "tag": "DIV",
      "text": "SSOC Patient: 78160 / ENG CHAI PIN ELYNE XANDRIA (S8570522I) F : 40 y Details Do Not Show Again This Session RECEPTION V",
      "id": null,
      "class": "wrapper",
      "role": null,
      "tabTarget": null,
      "href": null,
      "onclick": null,
      "cat": null,
      "visible": true,
      "x": 0,
      "y": 40,
      "w": 1920,
      "h": 1039
    },
    {
      "tag": "DIV",
      "text": ".mainTabContent { display: none; } .patientTabContent { display: none; padding: 10px } .dropzone { min-height: 400px !im",
      "id": "content",
      "class": "container-fluid scrollbar-primary",
      "role": null,
      "tabTarget": null,
      "href": null,
      "onclick": null,
      "cat": null,
      "visible": true,
      "x": 50,
      "y": 40,
      "w": 1870,
      "h": 1039
    },
    {
      "tag": "DIV",
      "text": "Patient Info Past Notes Call Queue Duration - :: .grid-stack { background: #eee; } .grid-stack-item-content { color: #ff",
      "id": null,
      "class": null,
      "role": null,
      "tabTarget": null,
      "href": null,
      "onclick": null,
      "cat": null,
      "visible": true,
      "x": 50,
      "y": 40,
      "w": 1870,
      "h": 997
    },
    {
      "tag": "DIV",
      "text": "Patient Info Past Notes Call Queue Duration - ::",
      "id": null,
      "class": null,
      "role": null,
      "tabTarget": null,
      "href": null,
      "onclick": null,
      "cat": null,
      "visible": true,
      "x": 60,
      "y": 50,
      "w": 1850,
      "h": 39
    },
    {
      "tag": "DIV",
      "text": "Past Notes Call Queue",
      "id": "divShowPastNote",
      "class": null,
      "role": null,
      "tabTarget": null,
      "href": null,
      "onclick": null,
      "cat": null,
      "visible": false,
      "x": 0,
      "y": 0,
      "w": 0,
      "h": 0
    },
    {
      "tag": "DIV",
      "text": "Past Notes",
      "id": null,
      "class": null,
      "role": null,
      "tabTarget": null,
      "href": null,
      "onclick": null,
      "cat": null,
      "visible": false,
      "x": 0,
      "y": 0,
      "w": 0,
      "h": 0
    },
    {
      "tag": "DIV",
      "text": ".grid-stack { background: #eee; } .grid-stack-item-content { color: #fff; text-align: left; background-color: grey; } if",
      "id": "mainTabPatientInfo_frame",
      "class": "mainTabContent",
      "role": null,
      "tabTarget": null,
      "href": null,
      "onclick": null,
      "cat": null,
      "visible": true,
      "x": 60,
      "y": 89,
      "w": 1850,
      "h": 938
    },
    {
      "tag": "DIV",
      "text": "Patient Info Patient Info Biodata Med Alert Pop Up Family History Financial Tx History Past Notes eDoc Lab / Vital Sign ",
      "id": "index2body",
      "class": "modal_fullscreen_divWrap",
      "role": null,
      "tabTarget": null,
      "href": null,
      "onclick": null,
      "cat": null,
      "visible": true,
      "x": 60,
      "y": 89,
      "w": 1850,
      "h": 938
    },
    {
      "tag": "DIV",
      "text": "Biodata Med Alert Pop Up Family History Financial Tx History Past Notes eDoc Lab / Vital Sign Appt Referral Comm Deliver",
      "id": "divPatientWrap",
      "class": null,
      "role": null,
      "tabTarget": null,
      "href": null,
      "onclick": null,
      "cat": null,
      "visible": true,
      "x": 60,
      "y": 89,
      "w": 1850,
      "h": 938
    },
    {
      "tag": "DIV",
      "text": "Biodata Med Alert Pop Up Family History Financial Tx History Past Notes eDoc Lab / Vital Sign Appt Referral Comm Deliver",
      "id": "patientdetailsright",
      "class": null,
      "role": null,
      "tabTarget": null,
      "href": null,
      "onclick": null,
      "cat": null,
      "visible": true,
      "x": 60,
      "y": 89,
      "w": 1850,
      "h": 938
    },
    {
      "tag": "DIV",
      "text": "Biodata Med Alert Pop Up Family History Financial Tx History Past Notes eDoc Lab / Vital Sign Appt Referral Comm Deliver",
      "id": null,
      "class": null,
      "role": null,
      "tabTarget": null,
      "href": null,
      "onclick": null,
      "cat": null,
      "visible": true,
      "x": 60,
      "y": 89,
      "w": 1850,
      "h": 938
    },
    {
      "tag": "DIV",
      "text": "Biodata Med Alert Pop Up Family History Financial Tx History Past Notes eDoc Lab / Vital Sign Appt Referral Comm Deliver",
      "id": null,
      "class": null,
      "role": null,
      "tabTarget": null,
      "href": null,
      "onclick": null,
      "cat": null,
      "visible": true,
      "x": 60,
      "y": 89,
      "w": 1850,
      "h": 38
    },
    {
      "tag": "DIV",
      "text": "Biodata Med Alert Pop Up Family History Financial Tx History Past Notes eDoc Lab / Vital Sign Appt Referral Comm Deliver",
      "id": "tabList",
      "class": "DocumentList",
      "role": null,
      "tabTarget": null,
      "href": null,
      "onclick": null,
      "cat": null,
      "visible": true,
      "x": 60,
      "y": 89,
      "w": 1850,
      "h": 38
    },
    {
      "tag": "LI",
      "text": "Past Notes",
      "id": "Pat-tab-li-PastNotes",
      "class": null,
      "role": null,
      "tabTarget": null,
      "href": null,
      "onclick": null,
      "cat": null,
      "visible": true,
      "x": 656,
      "y": 99,
      "w": 92,
      "h": 28
    },
    {
      "tag": "A",
      "text": "Past Notes",
      "id": null,
      "class": null,
      "role": null,
      "tabTarget": null,
      "href": "#tabPastNotes",
      "onclick": "patientTabToggle('tabPastNotes');",
      "cat": null,
      "visible": true,
      "x": 666,
      "y": 105,
      "w": 72,
      "h": 16
    },
    {
      "tag": "DIV",
      "text": "/*input[type=\"text\"], select { height: 25px; border-radius: 0; }*/ .btn-sm-dispense { height: 25px; width: 25px; line-he",
      "id": "patientInfoDiv",
      "class": "tab-content content-tab scrollbar-primary",
      "role": null,
      "tabTarget": null,
      "href": null,
      "onclick": null,
      "cat": null,
      "visible": true,
      "x": 60,
      "y": 127,
      "w": 1850,
      "h": 900
    },
    {
      "tag": "DIV",
      "text": "/*input[type=\"text\"], select { height: 25px; border-radius: 0; }*/ .btn-sm-dispense { height: 25px; width: 25px; line-he",
      "id": "tabBiodata",
      "class": "tab-pane qtab-pane",
      "role": null,
      "tabTarget": null,
      "href": null,
      "onclick": null,
      "cat": null,
      "visible": false,
      "x": 0,
      "y": 0,
      "w": 0,
      "h": 0
    },
    {
      "tag": "DIV",
      "text": "/*input[type=\"text\"], select { height: 25px; border-radius: 0; }*/ .btn-sm-dispense { height: 25px; width: 25px; line-he",
      "id": null,
      "class": "panel panel-custom marginzero",
      "role": null,
      "tabTarget": null,
      "href": null,
      "onclick": null,
      "cat": null,
      "visible": false,
      "x": 0,
      "y": 0,
      "w": 0,
      "h": 0
    },
    {
      "tag": "DIV",
      "text": "/*input[type=\"text\"], select { height: 25px; border-radius: 0; }*/ .btn-sm-dispense { height: 25px; width: 25px; line-he",
      "id": "tabBiodata_frame",
      "class": "newUIStyle",
      "role": null,
      "tabTarget": null,
      "href": null,
      "onclick": null,
      "cat": null,
      "visible": false,
      "x": 0,
      "y": 0,
      "w": 0,
      "h": 0
    },
    {
      "tag": "DIV",
      "text": "Status Active InActive Archive PCNO DM DF Ref No No Allergy Dummy Patient (No submission to NEHR) VIP ... APP Member ID ",
      "id": "myModal",
      "class": "modal_fullscreen_divWrap",
      "role": null,
      "tabTarget": null,
      "href": null,
      "onclick": null,
      "cat": null,
      "visible": false,
      "x": 0,
      "y": 0,
      "w": 0,
      "h": 0
    },
    {
      "tag": "DIV",
      "text": "Status Active InActive Archive PCNO DM DF Ref No No Allergy Dummy Patient (No submission to NEHR) VIP ... APP Member ID ",
      "id": null,
      "class": "tab-content",
      "role": null,
      "tabTarget": null,
      "href": null,
      "onclick": null,
      "cat": null,
      "visible": false,
      "x": 0,
      "y": 0,
      "w": 0,
      "h": 0
    },
    {
      "tag": "DIV",
      "text": "Status Active InActive Archive PCNO DM DF Ref No No Allergy Dummy Patient (No submission to NEHR) VIP ... APP Member ID ",
      "id": "tabBioData",
      "class": "tab-pane active",
      "role": null,
      "tabTarget": null,
      "href": null,
      "onclick": null,
      "cat": null,
      "visible": false,
      "x": 0,
      "y": 0,
      "w": 0,
      "h": 0
    },
    {
      "tag": "DIV",
      "text": "Notes Group Add Media Source Referral ... Doctor Patient Agent ...",
      "id": null,
      "class": null,
      "role": null,
      "tabTarget": null,
      "href": null,
      "onclick": null,
      "cat": null,
      "visible": false,
      "x": 0,
      "y": 0,
      "w": 0,
      "h": 0
    },
    {
      "tag": "DIV",
      "text": "Notes",
      "id": null,
      "class": null,
      "role": null,
      "tabTarget": null,
      "href": null,
      "onclick": null,
      "cat": null,
      "visible": false,
      "x": 0,
      "y": 0,
      "w": 0,
      "h": 0
    },
    {
      "tag": "DIV",
      "text": "Notes",
      "id": null,
      "class": null,
      "role": null,
      "tabTarget": null,
      "href": null,
      "onclick": null,
      "cat": null,
      "visible": false,
      "x": 0,
      "y": 0,
      "w": 0,
      "h": 0
    },
    {
      "tag": "DIV",
      "text": ".TabPatientAllergy_MainPanel { display: flex; display: -webkit-flex; height: 100%; flex: 1; margin-bottom: 0; flex-flow:",
      "id": "tabAllergy",
      "class": "tab-pane Qtab-pane",
      "role": null,
      "tabTarget": null,
      "href": null,
      "onclick": null,
      "cat": null,
      "visible": false,
      "x": 0,
      "y": 0,
      "w": 0,
      "h": 0
    },
    {
      "tag": "DIV",
      "text": ".TabPatientAllergy_MainPanel { display: flex; display: -webkit-flex; height: 100%; flex: 1; margin-bottom: 0; flex-flow:",
      "id": null,
      "class": "panel panel-custom marginzero",
      "role": null,
      "tabTarget": null,
      "href": null,
      "onclick": null,
      "cat": null,
      "visible": false,
      "x": 0,
      "y": 0,
      "w": 0,
      "h": 0
    },
    {
      "tag": "DIV",
      "text": ".TabPatientAllergy_MainPanel { display: flex; display: -webkit-flex; height: 100%; flex: 1; margin-bottom: 0; flex-flow:",
      "id": "tabAllergy_frame",
      "class": "newUIStyle",
      "role": null,
      "tabTarget": null,
      "href": null,
      "onclick": null,
      "cat": null,
      "visible": false,
      "x": 0,
      "y": 0,
      "w": 0,
      "h": 0
    },
    {
      "tag": "DIV",
      "text": "Allergy Drug Allergy Add Loading... Code Description Type Non Drug Allergy Add Loading... Type Description Onset Date Se",
      "id": null,
      "class": "modal_fullscreen_divWrap",
      "role": null,
      "tabTarget": null,
      "href": null,
      "onclick": null,
      "cat": null,
      "visible": false,
      "x": 0,
      "y": 0,
      "w": 0,
      "h": 0
    },
    {
      "tag": "DIV",
      "text": "Allergy Drug Allergy Add Loading... Code Description Type Non Drug Allergy Add Loading... Type Description Onset Date Se",
      "id": null,
      "class": "flex-row",
      "role": null,
      "tabTarget": null,
      "href": null,
      "onclick": null,
      "cat": null,
      "visible": false,
      "x": 0,
      "y": 0,
      "w": 0,
      "h": 0
    },
    {
      "tag": "DIV",
      "text": "Allergy Drug Allergy Add Loading... Code Description Type Non Drug Allergy Add Loading... Type Description Onset Date Se",
      "id": null,
      "class": "panel panel-default flex-col TabPatientAllergy_MainPanel DisplayBlock",
      "role": null,
      "tabTarget": null,
      "href": null,
      "onclick": null,
      "cat": null,
      "visible": false,
      "x": 0,
      "y": 0,
      "w": 0,
      "h": 0
    },
    {
      "tag": "DIV",
      "text": "Allergy Drug Allergy Add Loading... Code Description Type Non Drug Allergy Add Loading... Type Description Onset Date Se",
      "id": null,
      "class": "panel-body fullpagewrap_panel_body",
      "role": null,
      "tabTarget": null,
      "href": null,
      "onclick": null,
      "cat": null,
      "visible": false,
      "x": 0,
      "y": 0,
      "w": 0,
      "h": 0
    },
    {
      "tag": "DIV",
      "text": "Drug Allergy Add Loading... Code Description Type Non Drug Allergy Add Loading... Type Description Onset Date Severity R",
      "id": null,
      "class": "tab-content",
      "role": null,
      "tabTarget": null,
      "href": null,
      "onclick": null,
      "cat": null,
      "visible": false,
      "x": 0,
      "y": 0,
      "w": 0,
      "h": 0
    },
    {
      "tag": "DIV",
      "text": "Drug Allergy Add Loading... Code Description Type Non Drug Allergy Add Loading... Type Description Onset Date Severity R",
      "id": "tabPatAllergytabAllergy",
      "class": "flex-row tab-pane active",
      "role": null,
      "tabTarget": null,
      "href": null,
      "onclick": null,
      "cat": null,
      "visible": false,
      "x": 0,
      "y": 0,
      "w": 0,
      "h": 0
    },
    {
      "tag": "DIV",
      "text": "Med Notes (Display In QueueLog)",
      "id": null,
      "class": "row",
      "role": null,
      "tabTarget": null,
      "href": null,
      "onclick": null,
      "cat": null,
      "visible": false,
      "x": 0,
      "y": 0,
      "w": 0,
      "h": 0
    },
    {
      "tag": "DIV",
      "text": "Med Notes (Display In QueueLog)",
      "id": null,
      "class": "col-lg-12",
      "role": null,
      "tabTarget": null,
      "href": null,
      "onclick": null,
      "cat": null,
      "visible": false,
      "x": 0,
      "y": 0,
      "w": 0,
      "h": 0
    }
  ]
}
[32minfo[39m: Browser closed {"service":"clinic-automation","timestamp":"2026-02-13T16:07:38.919Z"}
