[32minfo[39m: Launching browser... {"service":"clinic-automation","timestamp":"2026-02-19T11:49:52.595Z"}
[32minfo[39m: Using extension for VPN - proxy auto-discovery disabled {"service":"clinic-automation","timestamp":"2026-02-19T11:49:52.601Z"}
[32minfo[39m: Using Chromium executable: /Users/vincent/Library/Caches/ms-playwright/chromium-1200/chrome-mac-arm64/Google Chrome for Testing.app/Contents/MacOS/Google Chrome for Testing {"service":"clinic-automation","timestamp":"2026-02-19T11:49:52.601Z"}
[32minfo[39m: Filtering out Urban VPN extension {"service":"clinic-automation","timestamp":"2026-02-19T11:49:52.602Z"}
[32minfo[39m: Applied external protocol guard script {"service":"clinic-automation","timestamp":"2026-02-19T11:49:54.793Z"}
[32minfo[39m: Browser launched successfully {"service":"clinic-automation","timestamp":"2026-02-19T11:49:54.794Z"}
[32minfo[39m: [ALLIANCE] Already logged in (active session detected) {"service":"clinic-automation","timestamp":"2026-02-19T11:49:57.231Z"}
[32minfo[39m: [ALLIANCE] Clicked sidebar Create Panel Claim {"selector":"div.sidebar li:has-text(\"Create Panel Claim\")","service":"clinic-automation","timestamp":"2026-02-19T11:49:59.720Z"}
[32minfo[39m: [ALLIANCE] Navigated directly to Create Panel Claim {"service":"clinic-automation","target":"https://connect.alliancemedinet.com/claim/panel-create","timestamp":"2026-02-19T11:50:01.694Z"}
[32minfo[39m: [ALLIANCE] Clicked sidebar Create Panel Claim {"selector":"div.sidebar li:has-text(\"Create Panel Claim\")","service":"clinic-automation","timestamp":"2026-02-19T11:50:02.260Z"}
[32minfo[39m: [ALLIANCE] Clicked sidebar Create Panel Claim {"selector":"div.sidebar a.nav-link:has-text(\"Create Panel Claim\")","service":"clinic-automation","timestamp":"2026-02-19T11:50:03.793Z"}
[32minfo[39m: [ALLIANCE] Clicked sidebar Create Panel Claim {"selector":"div.sidebar a.nav-link:has-text(\"Create Panel Claim\")","service":"clinic-automation","timestamp":"2026-02-19T11:50:05.672Z"}
[32minfo[39m: [ALLIANCE] Clicked Medical Treatment {"selector":"div.main-panel button.action-btn:has-text(\"Medical Treatment\")","service":"clinic-automation","timestamp":"2026-02-19T11:50:07.232Z"}
[32minfo[39m: [ALLIANCE] Navigated to Medical Treatment claim flow {"service":"clinic-automation","timestamp":"2026-02-19T11:50:08.746Z"}
{
  "rowText": "Cheam Xi Qing Jacqueline\nT****303H\nDependent\nHilti Asia Pacific Pte. Ltd.\n00105158-50650424\nPCUBE",
  "cbVisible": true,
  "addEnabled": true,
  "claimInfo": false,
  "claimSummary": false,
  "hasSearchDialog": false,
  "url": "https://connect.alliancemedinet.com/claim/panel-create"
}
[32minfo[39m: Browser closed {"service":"clinic-automation","timestamp":"2026-02-19T11:50:35.111Z"}
