[32minfo[39m: Launching browser... {"service":"clinic-automation","timestamp":"2026-02-13T16:09:46.720Z"}
[32minfo[39m: Using extension for VPN - proxy auto-discovery disabled {"service":"clinic-automation","timestamp":"2026-02-13T16:09:46.722Z"}
[32minfo[39m: Using Chromium executable: /Users/vincent/Library/Caches/ms-playwright/chromium-1200/chrome-mac-arm64/Google Chrome for Testing.app/Contents/MacOS/Google Chrome for Testing {"service":"clinic-automation","timestamp":"2026-02-13T16:09:46.722Z"}
[32minfo[39m: Filtering out Urban VPN extension {"service":"clinic-automation","timestamp":"2026-02-13T16:09:46.723Z"}
[33mwarn[39m: Persistent profile launch failed, retrying with run-scoped profile: /Users/vincent/.playwright-browser-data-run-20260213160947 {"service":"clinic-automation","timestamp":"2026-02-13T16:09:47.640Z"}
[32minfo[39m: Applied external protocol guard script {"service":"clinic-automation","timestamp":"2026-02-13T16:09:49.112Z"}
[32minfo[39m: Browser launched successfully {"service":"clinic-automation","timestamp":"2026-02-13T16:09:49.113Z"}
[32minfo[39m: [CA 01] Login start {"clinicGroup":"ssoc","service":"clinic-automation","timestamp":"2026-02-13T16:09:49.532Z","url":"https://clinicassist.sg:1080/"}
[32minfo[39m: Logging into Clinic Assist... {"service":"clinic-automation","timestamp":"2026-02-13T16:09:49.533Z"}
[32minfo[39m: Username filled {"service":"clinic-automation","timestamp":"2026-02-13T16:09:52.367Z"}
[32minfo[39m: [CA 02] Username filled {"service":"clinic-automation","timestamp":"2026-02-13T16:09:52.367Z"}
[32minfo[39m: Password filled {"service":"clinic-automation","timestamp":"2026-02-13T16:09:52.399Z"}
[32minfo[39m: [CA 03] Password filled {"service":"clinic-automation","timestamp":"2026-02-13T16:09:52.400Z"}
[32minfo[39m: Clinic Group filled: ssoc {"service":"clinic-automation","timestamp":"2026-02-13T16:09:52.411Z"}
[32minfo[39m: [CA 04] Clinic Group filled {"clinicGroup":"ssoc","service":"clinic-automation","timestamp":"2026-02-13T16:09:52.412Z"}
[32minfo[39m: Login button clicked {"service":"clinic-automation","timestamp":"2026-02-13T16:09:52.495Z"}
[32minfo[39m: [CA 05] Login submitted {"service":"clinic-automation","timestamp":"2026-02-13T16:09:52.495Z"}
[32minfo[39m: Clinic Assist 2FA not required (verification inputs disabled) {"service":"clinic-automation","timestamp":"2026-02-13T16:09:55.504Z"}
[32minfo[39m: Successfully logged into Clinic Assist {"service":"clinic-automation","timestamp":"2026-02-13T16:09:55.734Z"}
[32minfo[39m: [CA 06] Login ok {"service":"clinic-automation","timestamp":"2026-02-13T16:09:55.734Z"}
[32minfo[39m: [CA 07] Navigate to Patient Page - START {"service":"clinic-automation","timestamp":"2026-02-13T16:09:55.734Z"}
[32minfo[39m: [CA 08] Current URL before navigation {"service":"clinic-automation","timestamp":"2026-02-13T16:09:55.734Z","url":"https://clinicassist.sg:1080/"}
[32minfo[39m: [CA 09] Need to select Reception/room first before accessing Patient Page {"service":"clinic-automation","timestamp":"2026-02-13T16:09:55.737Z"}
[32minfo[39m: [CA 10] Clicking Reception/room to access system {"selector":"button:has-text(\"Reception\")","service":"clinic-automation","timestamp":"2026-02-13T16:09:56.308Z"}
[32minfo[39m: [CA 11] Reception clicked, checking URL {"newUrl":"https://clinicassist.sg:1080/Home/Reception","service":"clinic-automation","timeTaken":1165,"timestamp":"2026-02-13T16:09:56.902Z"}
[32minfo[39m: [CA 12] Successfully entered Reception room {"newUrl":"https://clinicassist.sg:1080/Home/Reception","service":"clinic-automation","timeTaken":1172,"timestamp":"2026-02-13T16:09:56.909Z"}
[32minfo[39m: [CA 13] Looking for sidebar/hamburger menu {"service":"clinic-automation","timestamp":"2026-02-13T16:09:56.909Z"}
[32minfo[39m: [CA 14] Looking for Patient sidebar link {"service":"clinic-automation","timestamp":"2026-02-13T16:09:56.912Z"}
[32minfo[39m: [CA 15] Could not click Patient link via UI; trying Home -> Patient fallback {"service":"clinic-automation","timestamp":"2026-02-13T16:09:56.923Z","totalTime":1189}
[32minfo[39m: [CA 16] Home->Patient retry URL {"finalUrl":"https://clinicassist.sg:1080/Patient/PatientSearch","service":"clinic-automation","timestamp":"2026-02-13T16:10:04.498Z"}
[32minfo[39m: [CA 17] Navigate to Patient Page - COMPLETE {"service":"clinic-automation","timestamp":"2026-02-13T16:10:04.499Z","totalTime":8765}
[32minfo[39m: [CA 18] Search patient by number {"patientNumber":"78160","service":"clinic-automation","timestamp":"2026-02-13T16:10:04.500Z"}
[32minfo[39m: [CA 19] Pressing Enter to execute search (may need to dismiss dialog first) {"service":"clinic-automation","timestamp":"2026-02-13T16:10:05.278Z"}
[32minfo[39m: [CA 20] Patient search executed by number (Enter key x2) {"patientNumber":"78160","service":"clinic-automation","timestamp":"2026-02-13T16:10:06.404Z"}
[32minfo[39m: [CA 21] Open patient from search results by number {"patientNumber":"78160","service":"clinic-automation","timestamp":"2026-02-13T16:10:06.406Z"}
[32minfo[39m: [CA 22] Found patient row by number {"hasLink":true,"rowIndex":1,"service":"clinic-automation","timestamp":"2026-02-13T16:10:08.416Z"}
[32minfo[39m: [CA 23] Clicked patient link via filter method {"service":"clinic-automation","timestamp":"2026-02-13T16:10:08.457Z"}
[32minfo[39m: [CA 24] Patient opened from search results by number {"service":"clinic-automation","timestamp":"2026-02-13T16:10:10.460Z"}
[32minfo[39m: [CA 25] Navigate to TX History {"service":"clinic-automation","timestamp":"2026-02-13T16:10:11.464Z"}
[32minfo[39m: [CA 26] Navigated to TX History {"service":"clinic-automation","timestamp":"2026-02-13T16:10:16.124Z"}
{
  "tabPastNotesClass": "tab-pane Qtab-pane active",
  "tabPastNotesHtmlStart": "\n                        <div class=\"panel panel-custom marginzero\" style=\"padding:0;height:100%\">\n                            <div id=\"tabPastNotes_frame\" style=\"height:100%\">\n<style>\n    .hightlight {\n        color: white !important;\n        text-decoration: underline !important;\n    }\n\n    .stickedheader {\n        z-index: 1;\n    }\n\n    /*Added by Cooper 20180711 - Change to bootstrap datepicker*/\n    .datepicker th {\n        color: #494b54;\n    }\n\n    .datepicker-inline {\n        max-width: 180px;\n    }\n\n    .head {\n        background-color: #bdbdbd !important;\n    }\n\n    .simplebox {\n        padding: 8px;\n        background: #eee;\n        border-radius: 8px;\n        border: 1px solid #ddd;\n        box-shadow: 0 1px 1px #fff inset, 0 -1px 0px #ccc inset;\n        font-size: 13px;\n    }\n\n    .simplebox-title, .simplebox-content {\n        box-shadow: 0 1px 1px #ddd inset;\n        border: 1px solid #cccccc;\n        border-radius: 5px;\n        background: #fff;\n        line-height: 15px;\n    }\n\n    .simplebox-title {\n        margin: 0 0 8px;\n        padding: 5px 8px;\n        font-size: 13px;\n        line-height: 1.6;\n    }\n\n    .simplebox-content {\n        padding: 0 8px;\n        font-size: 13px;\n        line-height: 0.8;\n        line-height: 15px;\n    }\n\n    .ui-jqgrid-btable .ui-state-highlight {\n        color: #000000 !important;\n    }\n\n    .ui-datepicker .ui-datepicker-title select {\n        color: black;\n    }\n\n    body {\n        overflow: hidden;\n    }\n\n    #pastNoteMainDiv input[type=\"text\"], #pastNoteMainDiv select {\n        height: 25px !important;\n        border-radius: 0 !important;\n        border: 1px solid rgba(0,0,0,0.3);\n    }\n\n    #pastNoteMainDiv textarea {\n        border-radius: 0 !important;\n        padding: 4px !important;\n    }\n\n    #pastNoteMainDiv label {\n        font-size: 12px;\n    }\n\n    .ui-autocomplete .highlight, .ui-autocomplete .ui-state-focus {\n        border: none !important;\n        background: none !important;\n        padding: 0px !",
  "clickables": [
    {
      "tag": "LI",
      "text": "Visit Notes",
      "id": null,
      "class": "active",
      "href": null,
      "onclick": null,
      "role": null,
      "visible": true,
      "x": 86,
      "y": 143,
      "w": 93,
      "h": 31
    },
    {
      "tag": "A",
      "text": "Visit Notes",
      "id": null,
      "class": null,
      "href": "#tabPastCaseNote",
      "onclick": null,
      "role": null,
      "visible": true,
      "x": 97,
      "y": 151,
      "w": 71,
      "h": 16
    },
    {
      "tag": "A",
      "text": "PastPast",
      "id": null,
      "class": "MultiChoice hightlight",
      "href": "#tab_Past",
      "onclick": null,
      "role": null,
      "visible": true,
      "x": 75,
      "y": 183,
      "w": 48,
      "h": 22
    },
    {
      "tag": "A",
      "text": "",
      "id": null,
      "class": "ui-jqgrid-titlebar-close HeaderButton",
      "href": "javascript:void(0)",
      "onclick": null,
      "role": "link",
      "visible": false,
      "x": 0,
      "y": 0,
      "w": 0,
      "h": 0
    },
    {
      "tag": "BUTTON",
      "text": "Append",
      "id": null,
      "class": "btn btn-append-casenote",
      "href": null,
      "onclick": "AppendCaseNote(127954, '78160','SSOC')",
      "role": null,
      "visible": true,
      "x": 1783,
      "y": 229,
      "w": 62,
      "h": 30
    },
    {
      "tag": "BUTTON",
      "text": "▼",
      "id": "dropdownCaseNoteMenuButton",
      "class": "btn btn-append-casenote",
      "href": null,
      "onclick": null,
      "role": null,
      "visible": true,
      "x": 1844,
      "y": 229,
      "w": 25,
      "h": 30
    },
    {
      "tag": "LI",
      "text": "Print CaseNote",
      "id": null,
      "class": null,
      "href": null,
      "onclick": null,
      "role": null,
      "visible": false,
      "x": 0,
      "y": 0,
      "w": 0,
      "h": 0
    },
    {
      "tag": "A",
      "text": "Print CaseNote",
      "id": "printcasenote",
      "class": "dropdown-item",
      "href": null,
      "onclick": "PrintCaseNote('03/02/2026 00:00:00','')",
      "role": null,
      "visible": false,
      "x": 0,
      "y": 0,
      "w": 0,
      "h": 0
    },
    {
      "tag": "LI",
      "text": "Move CaseNote",
      "id": null,
      "class": null,
      "href": null,
      "onclick": null,
      "role": null,
      "visible": false,
      "x": 0,
      "y": 0,
      "w": 0,
      "h": 0
    },
    {
      "tag": "A",
      "text": "Move CaseNote",
      "id": "moveCaseNoteOption",
      "class": "dropdown-item",
      "href": null,
      "onclick": "MoveCaseNote('127954', '78160', 'SSOC', 'DEFAULT', '0', 'PAM')",
      "role": null,
      "visible": false,
      "x": 0,
      "y": 0,
      "w": 0,
      "h": 0
    },
    {
      "tag": "LI",
      "text": "Delete CaseNote",
      "id": null,
      "class": null,
      "href": null,
      "onclick": null,
      "role": null,
      "visible": false,
      "x": 0,
      "y": 0,
      "w": 0,
      "h": 0
    },
    {
      "tag": "A",
      "text": "Delete CaseNote",
      "id": "deleteCaseNoteOption",
      "class": "dropdown-item",
      "href": null,
      "onclick": "DeleteCaseNote('127954', '78160','SSOC', '03/02/2026 00:00:00', 'DEFAULT', '0', 'PAM')",
      "role": null,
      "visible": false,
      "x": 0,
      "y": 0,
      "w": 0,
      "h": 0
    },
    {
      "tag": "BUTTON",
      "text": "×",
      "id": null,
      "class": "close whitebutton",
      "href": null,
      "onclick": null,
      "role": null,
      "visible": false,
      "x": 0,
      "y": 0,
      "w": 0,
      "h": 0
    },
    {
      "tag": "BUTTON",
      "text": "×",
      "id": null,
      "class": "close whitebutton",
      "href": null,
      "onclick": null,
      "role": null,
      "visible": false,
      "x": 0,
      "y": 0,
      "w": 0,
      "h": 0
    },
    {
      "tag": "BUTTON",
      "text": "×",
      "id": null,
      "class": "close whitebutton",
      "href": null,
      "onclick": null,
      "role": null,
      "visible": false,
      "x": 0,
      "y": 0,
      "w": 0,
      "h": 0
    }
  ],
  "iframes": [
    {
      "idx": 0,
      "id": "iframe-email",
      "name": null,
      "src": "",
      "x": 0,
      "y": 0,
      "w": 0,
      "h": 0
    }
  ]
}
[32minfo[39m: Browser closed {"service":"clinic-automation","timestamp":"2026-02-13T16:10:18.357Z"}
