[32minfo[39m: Launching browser... {"service":"clinic-automation","timestamp":"2026-02-19T08:06:03.967Z"}
[32minfo[39m: Using extension for VPN - proxy auto-discovery disabled {"service":"clinic-automation","timestamp":"2026-02-19T08:06:03.971Z"}
[32minfo[39m: Using Chromium executable: /Users/vincent/Library/Caches/ms-playwright/chromium-1200/chrome-mac-arm64/Google Chrome for Testing.app/Contents/MacOS/Google Chrome for Testing {"service":"clinic-automation","timestamp":"2026-02-19T08:06:03.971Z"}
[32minfo[39m: Filtering out Urban VPN extension {"service":"clinic-automation","timestamp":"2026-02-19T08:06:03.971Z"}
[32minfo[39m: Applied external protocol guard script {"service":"clinic-automation","timestamp":"2026-02-19T08:06:05.972Z"}
[32minfo[39m: Browser launched successfully {"service":"clinic-automation","timestamp":"2026-02-19T08:06:05.973Z"}
[32minfo[39m: [ALLIANCE] Already logged in (active session detected) {"service":"clinic-automation","timestamp":"2026-02-19T08:06:08.434Z"}
[32minfo[39m: [ALLIANCE] Clicked sidebar Create Panel Claim {"selector":"div.sidebar li:has-text(\"Create Panel Claim\")","service":"clinic-automation","timestamp":"2026-02-19T08:06:12.464Z"}
[32minfo[39m: [ALLIANCE] Navigated directly to Create Panel Claim {"service":"clinic-automation","target":"https://connect.alliancemedinet.com/claim/panel-create","timestamp":"2026-02-19T08:06:14.454Z"}
[32minfo[39m: [ALLIANCE] Clicked sidebar Create Panel Claim {"selector":"div.sidebar li:has-text(\"Create Panel Claim\")","service":"clinic-automation","timestamp":"2026-02-19T08:06:16.480Z"}
[32minfo[39m: [ALLIANCE] Clicked sidebar Create Panel Claim {"selector":"div.sidebar a.nav-link:has-text(\"Create Panel Claim\")","service":"clinic-automation","timestamp":"2026-02-19T08:06:18.014Z"}
[32minfo[39m: [ALLIANCE] Clicked Medical Treatment {"selector":"div.main-panel button.action-btn:has-text(\"Medical Treatment\")","service":"clinic-automation","timestamp":"2026-02-19T08:06:19.545Z"}
[32minfo[39m: [ALLIANCE] Navigated to Medical Treatment claim flow {"service":"clinic-automation","timestamp":"2026-02-19T08:06:21.059Z"}
[32minfo[39m: [ALLIANCE] Filled Member UIN/Membership ID {"selector":"input[placeholder*=\"Membership\" i]","service":"clinic-automation","timestamp":"2026-02-19T08:06:22.179Z"}
[32minfo[39m: [ALLIANCE] Clicked Claim Type {"selector":"[role=\"dialog\"] div:has-text(\"Claim Type\"):has([role=\"combobox\"])","service":"clinic-automation","timestamp":"2026-02-19T08:06:22.747Z"}
[32minfo[39m: [ALLIANCE] Set Date of Visit (candidate-13/2/2026) {"selector":"input[placeholder*=\"Date of Visit\" i]","service":"clinic-automation","timestamp":"2026-02-19T08:06:25.475Z"}
[32minfo[39m: [ALLIANCE] Clicked Search Others (candidate-13/2/2026) {"selector":"button:has-text(\"Search Others\")","service":"clinic-automation","timestamp":"2026-02-19T08:06:27.305Z"}
[32minfo[39m: [ALLIANCE] Waiting for search result table to load {"attempt":"candidate-13/2/2026","elapsedMs":10000,"searchKind":"search_others","service":"clinic-automation","timestamp":"2026-02-19T08:06:38.022Z"}
[probe] after diagnosis {
  "mcDay": "",
  "mcDayText": "--Select--",
  "mcDays": "",
  "mcReason": "",
  "mcReasonText": "--Select--",
  "txtMcReasons": "",
  "feeType": "",
  "feeTypeText": "--Select--",
  "feeAmount": "",
  "remarks": "",
  "diagnosisCode": "R52",
  "diagnosisText": "Pain, not elsewhere classified"
}
[probe] setter flags { r1: true, r2: true, r3: true, r4: true, r5: true, r6: true }
[probe] after set no postback {
  "mcDay": "0",
  "mcDayText": "0",
  "mcDays": "0",
  "mcReason": "Backache",
  "mcReasonText": "Backache",
  "txtMcReasons": "Backache",
  "feeType": "followup_consultationfee",
  "feeTypeText": "Follow-up Consultation",
  "feeAmount": "38.00",
  "remarks": "SPECIALIST CONSULTATION x1",
  "diagnosisCode": "R52",
  "diagnosisText": "Pain, not elsewhere classified"
}
[32minfo[39m: Browser closed {"service":"clinic-automation","timestamp":"2026-02-19T08:09:09.168Z"}
