[32minfo[39m: Launching browser... {"service":"clinic-automation","timestamp":"2026-02-19T09:30:43.930Z"}
[32minfo[39m: Using extension for VPN - proxy auto-discovery disabled {"service":"clinic-automation","timestamp":"2026-02-19T09:30:43.933Z"}
[32minfo[39m: Using Chromium executable: /Users/vincent/Library/Caches/ms-playwright/chromium-1200/chrome-mac-arm64/Google Chrome for Testing.app/Contents/MacOS/Google Chrome for Testing {"service":"clinic-automation","timestamp":"2026-02-19T09:30:43.933Z"}
[32minfo[39m: Filtering out Urban VPN extension {"service":"clinic-automation","timestamp":"2026-02-19T09:30:43.933Z"}
[32minfo[39m: Applied external protocol guard script {"service":"clinic-automation","timestamp":"2026-02-19T09:30:46.076Z"}
[32minfo[39m: Browser launched successfully {"service":"clinic-automation","timestamp":"2026-02-19T09:30:46.078Z"}
[32minfo[39m: [ALLIANCE] Already logged in (active session detected) {"service":"clinic-automation","timestamp":"2026-02-19T09:30:48.364Z"}
[32minfo[39m: [ALLIANCE] Clicked sidebar Create Panel Claim {"selector":"div.sidebar li:has-text(\"Create Panel Claim\")","service":"clinic-automation","timestamp":"2026-02-19T09:30:49.323Z"}
[32minfo[39m: [ALLIANCE] Navigated directly to Create Panel Claim {"service":"clinic-automation","target":"https://connect.alliancemedinet.com/claim/panel-create","timestamp":"2026-02-19T09:30:51.277Z"}
[32minfo[39m: [ALLIANCE] Clicked sidebar Create Panel Claim {"selector":"div.sidebar li:has-text(\"Create Panel Claim\")","service":"clinic-automation","timestamp":"2026-02-19T09:30:52.767Z"}
[32minfo[39m: [ALLIANCE] Clicked sidebar Create Panel Claim {"selector":"div.sidebar a.nav-link:has-text(\"Create Panel Claim\")","service":"clinic-automation","timestamp":"2026-02-19T09:30:54.282Z"}
[32minfo[39m: [ALLIANCE] Clicked Medical Treatment {"selector":"div.main-panel button.action-btn:has-text(\"Medical Treatment\")","service":"clinic-automation","timestamp":"2026-02-19T09:30:55.786Z"}
[32minfo[39m: [ALLIANCE] Navigated to Medical Treatment claim flow {"service":"clinic-automation","timestamp":"2026-02-19T09:30:57.304Z"}
[32minfo[39m: [ALLIANCE] Filled Member UIN/Membership ID {"selector":"input[placeholder*=\"Membership\" i]","service":"clinic-automation","timestamp":"2026-02-19T09:30:58.524Z"}
[32minfo[39m: [ALLIANCE] Clicked Claim Type {"selector":"[role=\"dialog\"] div:has-text(\"Claim Type\"):has([role=\"combobox\"])","service":"clinic-automation","timestamp":"2026-02-19T09:30:59.119Z"}
[32minfo[39m: [ALLIANCE] Set Date of Visit (candidate-13/2/2026) {"selector":"input[placeholder*=\"Date of Visit\" i]","service":"clinic-automation","timestamp":"2026-02-19T09:31:01.889Z"}
[32minfo[39m: [ALLIANCE] Clicked Search Others (candidate-13/2/2026) {"selector":"button:has-text(\"Search Others\")","service":"clinic-automation","timestamp":"2026-02-19T09:31:03.736Z"}
[32minfo[39m: [GE DX] search term results {"optionCount":0,"service":"clinic-automation","term":"Lower back pain","timestamp":"2026-02-19T09:31:18.914Z"}
[32minfo[39m: [GE DX] search term results {"optionCount":5,"service":"clinic-automation","term":"Lower back","timestamp":"2026-02-19T09:31:21.166Z"}
[32minfo[39m: [GE DX] search term results {"optionCount":5,"service":"clinic-automation","term":"pain","timestamp":"2026-02-19T09:31:23.364Z"}
[32minfo[39m: [GE DX] search term results {"optionCount":0,"service":"clinic-automation","term":"lower back pain","timestamp":"2026-02-19T09:31:31.307Z"}
[32minfo[39m: [GE DX] search term results {"optionCount":0,"service":"clinic-automation","term":"back pain","timestamp":"2026-02-19T09:31:39.250Z"}
[32minfo[39m: [GE DX] search term results {"optionCount":0,"service":"clinic-automation","term":"backache","timestamp":"2026-02-19T09:31:47.107Z"}
[32minfo[39m: [GE DX] letter results {"letter":"L","optionCount":0,"service":"clinic-automation","timestamp":"2026-02-19T09:31:54.019Z"}
[32minfo[39m: [GE DX] letter results {"letter":"B","optionCount":0,"service":"clinic-automation","timestamp":"2026-02-19T09:32:00.823Z"}
[32minfo[39m: [GE DX] letter results {"letter":"P","optionCount":0,"service":"clinic-automation","timestamp":"2026-02-19T09:32:07.625Z"}
[32minfo[39m: [GE DX] letter results {"letter":"F","optionCount":0,"service":"clinic-automation","timestamp":"2026-02-19T09:32:14.329Z"}
[32minfo[39m: [GE DX] letter results {"letter":"H","optionCount":0,"service":"clinic-automation","timestamp":"2026-02-19T09:32:21.248Z"}
[32minfo[39m: [GE DX] letter results {"letter":"A","optionCount":0,"service":"clinic-automation","timestamp":"2026-02-19T09:32:28.058Z"}
[32minfo[39m: [GE DX] soft fallback click {"clicked":true,"fallbackTerm":"pain","score":0.25,"selectedCode":"R52","selectedText":"Pain, not elsewhere classified","service":"clinic-automation","timestamp":"2026-02-19T09:32:30.417Z"}
[probe] before-calc refs {
  "refs": [
    {
      "id": "ctl00_MainContent_uc_MakeClaim_hfValidateClaimBenefitID",
      "name": "ctl00$MainContent$uc_MakeClaim$hfValidateClaimBenefitID",
      "value": ""
    },
    {
      "id": "ctl00_MainContent_uc_MakeClaim_hfClinicType",
      "name": "ctl00$MainContent$uc_MakeClaim$hfClinicType",
      "value": "SP"
    },
    {
      "id": "ctl00_MainContent_uc_MakeClaim_hfMemberBenefitPlanID",
      "name": "ctl00$MainContent$uc_MakeClaim$hfMemberBenefitPlanID",
      "value": "10182b1b-6c33-4725-9bbe-38825a36e47d"
    },
    {
      "id": "ctl00_MainContent_uc_MakeClaim_hfClinicID",
      "name": "ctl00$MainContent$uc_MakeClaim$hfClinicID",
      "value": "7b820cae-c206-4537-a164-ef28dc2641f9"
    },
    {
      "id": "ctl00_MainContent_uc_MakeClaim_hfMemberBenefitSchemeName",
      "name": "ctl00$MainContent$uc_MakeClaim$hfMemberBenefitSchemeName",
      "value": "Restricted Scheme"
    },
    {
      "id": "ctl00_MainContent_uc_MakeClaim_hfMemberBenefitSchemeTypeID",
      "name": "ctl00$MainContent$uc_MakeClaim$hfMemberBenefitSchemeTypeID",
      "value": "787f1881-fa78-4be8-9734-9011e402b1cc"
    },
    {
      "id": "ctl00_MainContent_uc_MakeClaim_hfNetworkClinicMapID",
      "name": "ctl00$MainContent$uc_MakeClaim$hfNetworkClinicMapID",
      "value": "D68CC82A-A06C-49F7-8E4B-CE4B17672F1A"
    },
    {
      "id": "ctl00_MainContent_uc_MakeClaim_hfMemberCompanyBenefitPlanID",
      "name": "ctl00$MainContent$uc_MakeClaim$hfMemberCompanyBenefitPlanID",
      "value": "a4f9f862-c553-4840-8e96-e52f6b61b658"
    },
    {
      "id": "ctl00_MainContent_uc_MakeClaim_hfOldReferenceClinicType",
      "name": "ctl00$MainContent$uc_MakeClaim$hfOldReferenceClinicType",
      "value": "Clinic"
    },
    {
      "id": "ctl00_MainContent_uc_MakeClaim_hfReferenceClinicType",
      "name": "ctl00$MainContent$uc_MakeClaim$hfReferenceClinicType",
      "value": "Clinic"
    },
    {
      "id": "ctl00_MainContent_uc_MakeClaim_hfOldRefBenefitType",
      "name": "ctl00$MainContent$uc_MakeClaim$hfOldRefBenefitType",
      "value": ""
    },
    {
      "id": "ctl00_MainContent_uc_MakeClaim_hfIsBenefitPlanCoverGST",
      "name": "ctl00$MainContent$uc_MakeClaim$hfIsBenefitPlanCoverGST",
      "value": ""
    },
    {
      "id": "ctl00_MainContent_uc_MakeClaim_hfSpecializedProcedureFeeBeforeGST",
      "name": "ctl00$MainContent$uc_MakeClaim$hfSpecializedProcedureFeeBeforeGST",
      "value": ""
    },
    {
      "id": "ctl00_MainContent_uc_MakeClaim_hfSpecializedProcedureFeeAfterGST",
      "name": "ctl00$MainContent$uc_MakeClaim$hfSpecializedProcedureFeeAfterGST",
      "value": ""
    },
    {
      "id": "ctl00_MainContent_uc_MakeClaim_hfClaimBenefitStartDate",
      "name": "ctl00$MainContent$uc_MakeClaim$hfClaimBenefitStartDate",
      "value": "01-Jan-0001"
    },
    {
      "id": "ctl00_MainContent_uc_MakeClaim_hfClaimBenefitEndDate",
      "name": "ctl00$MainContent$uc_MakeClaim$hfClaimBenefitEndDate",
      "value": "31-Dec-9999"
    },
    {
      "id": "ctl00_MainContent_uc_MakeClaim_hfProcedureFee",
      "name": "ctl00$MainContent$uc_MakeClaim$hfProcedureFee",
      "value": ""
    },
    {
      "id": "ctl00_MainContent_uc_MakeClaim_hfDentalProcedureFee",
      "name": "ctl00$MainContent$uc_MakeClaim$hfDentalProcedureFee",
      "value": ""
    },
    {
      "id": "ctl00_MainContent_uc_MakeClaim_hfClinicGroups",
      "name": "ctl00$MainContent$uc_MakeClaim$hfClinicGroups",
      "value": "SP"
    },
    {
      "id": "ctl00_MainContent_uc_MakeClaim_hfClinicCode",
      "name": "ctl00$MainContent$uc_MakeClaim$hfClinicCode",
      "value": "ASP1120"
    }
  ],
  "msg": "",
  "refText": "SINGAPORE SPORTS"
}
[32minfo[39m: [SUBMIT] GE calculate triggered {"attemptLabel":"hidden-check","service":"clinic-automation","timestamp":"2026-02-19T09:32:37.916Z"}
[probe] after-calc refs {
  "refs": [
    {
      "id": "ctl00_MainContent_uc_MakeClaim_hfValidateClaimBenefitID",
      "name": "ctl00$MainContent$uc_MakeClaim$hfValidateClaimBenefitID",
      "value": ""
    },
    {
      "id": "ctl00_MainContent_uc_MakeClaim_hfClinicType",
      "name": "ctl00$MainContent$uc_MakeClaim$hfClinicType",
      "value": "SP"
    },
    {
      "id": "ctl00_MainContent_uc_MakeClaim_hfMemberBenefitPlanID",
      "name": "ctl00$MainContent$uc_MakeClaim$hfMemberBenefitPlanID",
      "value": "10182b1b-6c33-4725-9bbe-38825a36e47d"
    },
    {
      "id": "ctl00_MainContent_uc_MakeClaim_hfClinicID",
      "name": "ctl00$MainContent$uc_MakeClaim$hfClinicID",
      "value": "7b820cae-c206-4537-a164-ef28dc2641f9"
    },
    {
      "id": "ctl00_MainContent_uc_MakeClaim_hfMemberBenefitSchemeName",
      "name": "ctl00$MainContent$uc_MakeClaim$hfMemberBenefitSchemeName",
      "value": "Restricted Scheme"
    },
    {
      "id": "ctl00_MainContent_uc_MakeClaim_hfMemberBenefitSchemeTypeID",
      "name": "ctl00$MainContent$uc_MakeClaim$hfMemberBenefitSchemeTypeID",
      "value": "787f1881-fa78-4be8-9734-9011e402b1cc"
    },
    {
      "id": "ctl00_MainContent_uc_MakeClaim_hfNetworkClinicMapID",
      "name": "ctl00$MainContent$uc_MakeClaim$hfNetworkClinicMapID",
      "value": "D68CC82A-A06C-49F7-8E4B-CE4B17672F1A"
    },
    {
      "id": "ctl00_MainContent_uc_MakeClaim_hfMemberCompanyBenefitPlanID",
      "name": "ctl00$MainContent$uc_MakeClaim$hfMemberCompanyBenefitPlanID",
      "value": "a4f9f862-c553-4840-8e96-e52f6b61b658"
    },
    {
      "id": "ctl00_MainContent_uc_MakeClaim_hfOldReferenceClinicType",
      "name": "ctl00$MainContent$uc_MakeClaim$hfOldReferenceClinicType",
      "value": "Clinic"
    },
    {
      "id": "ctl00_MainContent_uc_MakeClaim_hfReferenceClinicType",
      "name": "ctl00$MainContent$uc_MakeClaim$hfReferenceClinicType",
      "value": "Clinic"
    },
    {
      "id": "ctl00_MainContent_uc_MakeClaim_hfOldRefBenefitType",
      "name": "ctl00$MainContent$uc_MakeClaim$hfOldRefBenefitType",
      "value": ""
    },
    {
      "id": "ctl00_MainContent_uc_MakeClaim_hfIsBenefitPlanCoverGST",
      "name": "ctl00$MainContent$uc_MakeClaim$hfIsBenefitPlanCoverGST",
      "value": ""
    },
    {
      "id": "ctl00_MainContent_uc_MakeClaim_hfSpecializedProcedureFeeBeforeGST",
      "name": "ctl00$MainContent$uc_MakeClaim$hfSpecializedProcedureFeeBeforeGST",
      "value": ""
    },
    {
      "id": "ctl00_MainContent_uc_MakeClaim_hfSpecializedProcedureFeeAfterGST",
      "name": "ctl00$MainContent$uc_MakeClaim$hfSpecializedProcedureFeeAfterGST",
      "value": ""
    },
    {
      "id": "ctl00_MainContent_uc_MakeClaim_hfClaimBenefitStartDate",
      "name": "ctl00$MainContent$uc_MakeClaim$hfClaimBenefitStartDate",
      "value": "01-Jan-0001"
    },
    {
      "id": "ctl00_MainContent_uc_MakeClaim_hfClaimBenefitEndDate",
      "name": "ctl00$MainContent$uc_MakeClaim$hfClaimBenefitEndDate",
      "value": "31-Dec-9999"
    },
    {
      "id": "ctl00_MainContent_uc_MakeClaim_hfProcedureFee",
      "name": "ctl00$MainContent$uc_MakeClaim$hfProcedureFee",
      "value": ""
    },
    {
      "id": "ctl00_MainContent_uc_MakeClaim_hfDentalProcedureFee",
      "name": "ctl00$MainContent$uc_MakeClaim$hfDentalProcedureFee",
      "value": ""
    },
    {
      "id": "ctl00_MainContent_uc_MakeClaim_hfClinicGroups",
      "name": "ctl00$MainContent$uc_MakeClaim$hfClinicGroups",
      "value": "SP"
    },
    {
      "id": "ctl00_MainContent_uc_MakeClaim_hfClinicCode",
      "name": "ctl00$MainContent$uc_MakeClaim$hfClinicCode",
      "value": "ASP1120"
    }
  ],
  "msg": "Please select a valid referral clinic",
  "refText": "SINGAPORE SPORTS"
}
[32minfo[39m: Browser closed {"service":"clinic-automation","timestamp":"2026-02-19T09:32:38.252Z"}
