[32minfo[39m: Launching browser... {"service":"clinic-automation","timestamp":"2026-02-19T09:52:33.504Z"}
[32minfo[39m: Using extension for VPN - proxy auto-discovery disabled {"service":"clinic-automation","timestamp":"2026-02-19T09:52:33.509Z"}
[32minfo[39m: Using Chromium executable: /Users/vincent/Library/Caches/ms-playwright/chromium-1200/chrome-mac-arm64/Google Chrome for Testing.app/Contents/MacOS/Google Chrome for Testing {"service":"clinic-automation","timestamp":"2026-02-19T09:52:33.509Z"}
[32minfo[39m: Filtering out Urban VPN extension {"service":"clinic-automation","timestamp":"2026-02-19T09:52:33.509Z"}
[32minfo[39m: Applied external protocol guard script {"service":"clinic-automation","timestamp":"2026-02-19T09:52:35.758Z"}
[32minfo[39m: Browser launched successfully {"service":"clinic-automation","timestamp":"2026-02-19T09:52:35.763Z"}
[32minfo[39m: [ALLIANCE] Already logged in (active session detected) {"service":"clinic-automation","timestamp":"2026-02-19T09:52:38.458Z"}
[32minfo[39m: [ALLIANCE] Clicked sidebar Create Panel Claim {"selector":"div.sidebar li:has-text(\"Create Panel Claim\")","service":"clinic-automation","timestamp":"2026-02-19T09:52:39.406Z"}
[32minfo[39m: [ALLIANCE] Navigated directly to Create Panel Claim {"service":"clinic-automation","target":"https://connect.alliancemedinet.com/claim/panel-create","timestamp":"2026-02-19T09:52:41.354Z"}
[32minfo[39m: [ALLIANCE] Clicked sidebar Create Panel Claim {"selector":"div.sidebar li:has-text(\"Create Panel Claim\")","service":"clinic-automation","timestamp":"2026-02-19T09:52:41.950Z"}
[32minfo[39m: [ALLIANCE] Clicked sidebar Create Panel Claim {"selector":"div.sidebar a.nav-link:has-text(\"Create Panel Claim\")","service":"clinic-automation","timestamp":"2026-02-19T09:52:43.437Z"}
[32minfo[39m: [ALLIANCE] Clicked Medical Treatment {"selector":"div.main-panel button.action-btn:has-text(\"Medical Treatment\")","service":"clinic-automation","timestamp":"2026-02-19T09:52:44.971Z"}
[32minfo[39m: [ALLIANCE] Navigated to Medical Treatment claim flow {"service":"clinic-automation","timestamp":"2026-02-19T09:52:46.486Z"}
[32minfo[39m: [ALLIANCE] Filled Member UIN/Membership ID {"selector":"input[placeholder*=\"Membership\" i]","service":"clinic-automation","timestamp":"2026-02-19T09:52:47.643Z"}
[32minfo[39m: [ALLIANCE] Clicked Claim Type {"selector":"[role=\"dialog\"] div:has-text(\"Claim Type\"):has([role=\"combobox\"])","service":"clinic-automation","timestamp":"2026-02-19T09:52:48.243Z"}
[32minfo[39m: [ALLIANCE] Set Date of Visit (candidate-13/2/2026) {"selector":"input[placeholder*=\"Date of Visit\" i]","service":"clinic-automation","timestamp":"2026-02-19T09:52:50.998Z"}
[32minfo[39m: [ALLIANCE] Clicked Search Others (candidate-13/2/2026) {"selector":"button:has-text(\"Search Others\")","service":"clinic-automation","timestamp":"2026-02-19T09:52:52.843Z"}
[32minfo[39m: [GE DX] search term results {"optionCount":0,"service":"clinic-automation","term":"Lower back pain","timestamp":"2026-02-19T09:53:11.253Z"}
[32minfo[39m: [GE DX] search term results {"optionCount":5,"service":"clinic-automation","term":"Lower back","timestamp":"2026-02-19T09:53:13.310Z"}
[32minfo[39m: [GE DX] search term results {"optionCount":5,"service":"clinic-automation","term":"pain","timestamp":"2026-02-19T09:53:15.144Z"}
[32minfo[39m: [GE DX] search term results {"optionCount":0,"service":"clinic-automation","term":"lower back pain","timestamp":"2026-02-19T09:53:22.918Z"}
[32minfo[39m: [GE DX] search term results {"optionCount":0,"service":"clinic-automation","term":"back pain","timestamp":"2026-02-19T09:53:30.630Z"}
[32minfo[39m: [GE DX] search term results {"optionCount":0,"service":"clinic-automation","term":"backache","timestamp":"2026-02-19T09:53:38.345Z"}
[32minfo[39m: [GE DX] letter results {"letter":"L","optionCount":0,"service":"clinic-automation","timestamp":"2026-02-19T09:53:45.266Z"}
[32minfo[39m: [GE DX] letter results {"letter":"B","optionCount":0,"service":"clinic-automation","timestamp":"2026-02-19T09:53:52.134Z"}
[32minfo[39m: [GE DX] letter results {"letter":"P","optionCount":0,"service":"clinic-automation","timestamp":"2026-02-19T09:53:58.898Z"}
[32minfo[39m: [GE DX] letter results {"letter":"F","optionCount":0,"service":"clinic-automation","timestamp":"2026-02-19T09:54:05.673Z"}
[32minfo[39m: [GE DX] letter results {"letter":"H","optionCount":0,"service":"clinic-automation","timestamp":"2026-02-19T09:54:12.462Z"}
[32minfo[39m: [GE DX] letter results {"letter":"A","optionCount":0,"service":"clinic-automation","timestamp":"2026-02-19T09:54:19.264Z"}
[32minfo[39m: [GE DX] soft fallback click {"clicked":true,"fallbackTerm":"pain","score":0.25,"selectedCode":"R52","selectedText":"Pain, not elsewhere classified","service":"clinic-automation","timestamp":"2026-02-19T09:54:21.849Z"}
[probe] before-calc {
  "msg": "",
  "refValue": "SINGAPORE SPORTS & ORTHOPAEDIC CLINIC PTE LTD",
  "refType": "Clinic",
  "oldRefType": "Clinic",
  "feeType": "followup_consultationfee",
  "dxCode": "R52",
  "dxText": "Pain, not elsewhere classified",
  "calcExists": true
}
[probe] after-calc {
  "msg": "",
  "refValue": "",
  "refType": "Clinic",
  "oldRefType": "Clinic",
  "feeType": "",
  "dxCode": "",
  "dxText": "",
  "calcExists": false
}
[32minfo[39m: Browser closed {"service":"clinic-automation","timestamp":"2026-02-19T09:54:27.883Z"}
