[32minfo[39m: Launching browser... {"service":"clinic-automation","timestamp":"2026-02-19T09:19:11.743Z"}
[32minfo[39m: Using extension for VPN - proxy auto-discovery disabled {"service":"clinic-automation","timestamp":"2026-02-19T09:19:11.746Z"}
[32minfo[39m: Using Chromium executable: /Users/vincent/Library/Caches/ms-playwright/chromium-1200/chrome-mac-arm64/Google Chrome for Testing.app/Contents/MacOS/Google Chrome for Testing {"service":"clinic-automation","timestamp":"2026-02-19T09:19:11.746Z"}
[32minfo[39m: Filtering out Urban VPN extension {"service":"clinic-automation","timestamp":"2026-02-19T09:19:11.746Z"}
[32minfo[39m: Applied external protocol guard script {"service":"clinic-automation","timestamp":"2026-02-19T09:19:13.958Z"}
[32minfo[39m: Browser launched successfully {"service":"clinic-automation","timestamp":"2026-02-19T09:19:13.960Z"}
[32minfo[39m: [ALLIANCE] Already logged in (active session detected) {"service":"clinic-automation","timestamp":"2026-02-19T09:19:16.351Z"}
[32minfo[39m: [ALLIANCE] Clicked sidebar Create Panel Claim {"selector":"div.sidebar li:has-text(\"Create Panel Claim\")","service":"clinic-automation","timestamp":"2026-02-19T09:19:18.192Z"}
[32minfo[39m: [ALLIANCE] Navigated directly to Create Panel Claim {"service":"clinic-automation","target":"https://connect.alliancemedinet.com/claim/panel-create","timestamp":"2026-02-19T09:19:20.163Z"}
[32minfo[39m: [ALLIANCE] Clicked sidebar Create Panel Claim {"selector":"div.sidebar li:has-text(\"Create Panel Claim\")","service":"clinic-automation","timestamp":"2026-02-19T09:19:20.731Z"}
[32minfo[39m: [ALLIANCE] Clicked sidebar Create Panel Claim {"selector":"div.sidebar a.nav-link:has-text(\"Create Panel Claim\")","service":"clinic-automation","timestamp":"2026-02-19T09:19:22.237Z"}
[32minfo[39m: [ALLIANCE] Clicked Medical Treatment {"selector":"div.main-panel button.action-btn:has-text(\"Medical Treatment\")","service":"clinic-automation","timestamp":"2026-02-19T09:19:23.787Z"}
[32minfo[39m: [ALLIANCE] Navigated to Medical Treatment claim flow {"service":"clinic-automation","timestamp":"2026-02-19T09:19:25.292Z"}
[32minfo[39m: [ALLIANCE] Filled Member UIN/Membership ID {"selector":"input[placeholder*=\"Membership\" i]","service":"clinic-automation","timestamp":"2026-02-19T09:19:26.551Z"}
[32minfo[39m: [ALLIANCE] Clicked Claim Type {"selector":"[role=\"dialog\"] div:has-text(\"Claim Type\"):has([role=\"combobox\"])","service":"clinic-automation","timestamp":"2026-02-19T09:19:27.154Z"}
[32minfo[39m: [ALLIANCE] Set Date of Visit (candidate-13/2/2026) {"selector":"input[placeholder*=\"Date of Visit\" i]","service":"clinic-automation","timestamp":"2026-02-19T09:19:29.874Z"}
[32minfo[39m: [ALLIANCE] Clicked Search Others (candidate-13/2/2026) {"selector":"button:has-text(\"Search Others\")","service":"clinic-automation","timestamp":"2026-02-19T09:19:31.688Z"}
[32minfo[39m: [GE DX] search term results {"optionCount":0,"service":"clinic-automation","term":"Lower back pain","timestamp":"2026-02-19T09:19:45.835Z"}
[32minfo[39m: [GE DX] search term results {"optionCount":5,"service":"clinic-automation","term":"Lower back","timestamp":"2026-02-19T09:19:47.699Z"}
[32minfo[39m: [GE DX] search term results {"optionCount":5,"service":"clinic-automation","term":"pain","timestamp":"2026-02-19T09:19:49.549Z"}
[32minfo[39m: [GE DX] search term results {"optionCount":0,"service":"clinic-automation","term":"lower back pain","timestamp":"2026-02-19T09:19:57.493Z"}
[32minfo[39m: [GE DX] search term results {"optionCount":0,"service":"clinic-automation","term":"back pain","timestamp":"2026-02-19T09:20:05.467Z"}
[32minfo[39m: [GE DX] search term results {"optionCount":0,"service":"clinic-automation","term":"backache","timestamp":"2026-02-19T09:20:13.437Z"}
[32minfo[39m: [GE DX] letter results {"letter":"L","optionCount":0,"service":"clinic-automation","timestamp":"2026-02-19T09:20:20.214Z"}
[32minfo[39m: [GE DX] letter results {"letter":"B","optionCount":0,"service":"clinic-automation","timestamp":"2026-02-19T09:20:26.898Z"}
[32minfo[39m: [GE DX] letter results {"letter":"P","optionCount":0,"service":"clinic-automation","timestamp":"2026-02-19T09:20:33.565Z"}
[32minfo[39m: [GE DX] letter results {"letter":"F","optionCount":0,"service":"clinic-automation","timestamp":"2026-02-19T09:20:40.267Z"}
[32minfo[39m: [GE DX] letter results {"letter":"H","optionCount":0,"service":"clinic-automation","timestamp":"2026-02-19T09:20:46.977Z"}
[32minfo[39m: [GE DX] letter results {"letter":"A","optionCount":0,"service":"clinic-automation","timestamp":"2026-02-19T09:20:53.682Z"}
[32minfo[39m: [GE DX] soft fallback click {"clicked":true,"fallbackTerm":"pain","score":0.25,"selectedCode":"R52","selectedText":"Pain, not elsewhere classified","service":"clinic-automation","timestamp":"2026-02-19T09:20:56.147Z"}
[probe] POST payload fields {
  "__EVENTTARGET": "",
  "__EVENTARGUMENT": "",
  "ctl00$MainContent$uc_MakeClaim$txtMcStartDate": "",
  "ctl00$MainContent$uc_MakeClaim$ddlMcDay": "",
  "ctl00$MainContent$uc_MakeClaim$txtMcDays": "",
  "ctl00$MainContent$uc_MakeClaim$txtSPReferringGPClinic": "",
  "ctl00$MainContent$uc_MakeClaim$ddlMcReasons": "",
  "ctl00$MainContent$uc_MakeClaim$txtmcreasons": "",
  "ctl00$MainContent$uc_MakeClaim$txtprimarydiagnosisCode": "",
  "ctl00$MainContent$uc_MakeClaim$txtprimarydiagnosis": "",
  "ctl00$MainContent$uc_MakeClaim$txtsecondarydiagnosisCode": "",
  "ctl00$MainContent$uc_MakeClaim$txtsecondarydiagnosis": "",
  "ctl00$MainContent$uc_MakeClaim$txtacutediagnosis3Code": "",
  "ctl00$MainContent$uc_MakeClaim$txtacutediagnosis3": "",
  "ctl00$MainContent$uc_MakeClaim$txtacutediagnosis4Code": "",
  "ctl00$MainContent$uc_MakeClaim$txtacutediagnosis4": "",
  "ctl00$MainContent$uc_MakeClaim$txtChronicDiagnosis1Code": "",
  "ctl00$MainContent$uc_MakeClaim$txtChronicDiagnosis1": "",
  "ctl00$MainContent$uc_MakeClaim$hfChronicDiagnosis1": "",
  "ctl00$MainContent$uc_MakeClaim$txtChronicDiagnosis2Code": "",
  "ctl00$MainContent$uc_MakeClaim$txtChronicDiagnosis2": "",
  "ctl00$MainContent$uc_MakeClaim$hfChronicDiagnosis2": "",
  "ctl00$MainContent$uc_MakeClaim$txtChronicDiagnosis3Code": "",
  "ctl00$MainContent$uc_MakeClaim$txtChronicDiagnosis3": "",
  "ctl00$MainContent$uc_MakeClaim$hfChronicDiagnosis3": "",
  "ctl00$MainContent$uc_MakeClaim$txtChronicDiagnosis4Code": "",
  "ctl00$MainContent$uc_MakeClaim$txtChronicDiagnosis4": "",
  "ctl00$MainContent$uc_MakeClaim$hfChronicDiagnosis4": "",
  "ctl00$MainContent$uc_MakeClaim$ddlFeeType": "",
  "ctl00$MainContent$uc_MakeClaim$txtFeeAmount": "",
  "ctl00$MainContent$uc_MakeClaim$hdFeeAmount": "0",
  "ctl00$MainContent$uc_MakeClaim$hfClinicType": "SP",
  "ctl00$MainContent$uc_MakeClaim$hfClinicID": "7b820cae-c206-4537-a164-ef28dc2641f9",
  "ctl00$MainContent$uc_MakeClaim$hfAcuteDiagnosis": "True",
  "ctl00$MainContent$uc_MakeClaim$hfChronicDiagnosis": "True",
  "ctl00$MainContent$uc_MakeClaim$hfNetworkClinicMapID": "D68CC82A-A06C-49F7-8E4B-CE4B17672F1A",
  "ctl00$MainContent$uc_MakeClaim$hfAllowMCDays": "",
  "ctl00$MainContent$uc_MakeClaim$hfTotalFeeGST": "",
  "ctl00$MainContent$uc_MakeClaim$hfOldReferenceClinicType": "",
  "ctl00$MainContent$uc_MakeClaim$hfReferenceClinicType": "",
  "ctl00$MainContent$uc_MakeClaim$hfSurgeonFee": "0",
  "ctl00$MainContent$uc_MakeClaim$hfOldRefBenefitType": "",
  "ctl00$MainContent$uc_MakeClaim$hfIsConsultFeeZero": "",
  "ctl00$MainContent$uc_MakeClaim$hfOldConsultFee": "",
  "ctl00$MainContent$uc_MakeClaim$hfSpecializedProcedureFeeBeforeGST": "",
  "ctl00$MainContent$uc_MakeClaim$hfSpecializedProcedureFeeAfterGST": "",
  "ctl00$MainContent$uc_MakeClaim$hfPrimaryDiagnosisID": "",
  "ctl00$MainContent$uc_MakeClaim$hfSecondaryDiagnosisID": "",
  "ctl00$MainContent$uc_MakeClaim$hfDrugFee": "",
  "ctl00$MainContent$uc_MakeClaim$hfDrugAdminFee": "",
  "ctl00$MainContent$uc_MakeClaim$hfProcedureFee": "",
  "ctl00$MainContent$uc_MakeClaim$hfDentalProcedureFee": "",
  "ctl00$MainContent$uc_MakeClaim$hfAcuteDiagnosis3ID": "",
  "ctl00$MainContent$uc_MakeClaim$hfAcuteDiagnosis4ID": "",
  "ctl00$MainContent$uc_MakeClaim$hfClinicGroups": "SP",
  "ctl00$MainContent$uc_MakeClaim$hfClinicCode": "ASP1120",
  "ctl00$MainContent$uc_MakeClaim$hfPrimaryDiagnosisCode": "",
  "ctl00$MainContent$uc_MakeClaim$hfSecondaryDiagnosisCode": "",
  "ctl00$MainContent$uc_MakeClaim$hfAcuteDiagnosis3Code": "",
  "ctl00$MainContent$uc_MakeClaim$hfAcuteDiagnosis4Code": "",
  "ctl00$MainContent$uc_MakeClaim$hfChronicDiagnosis1Code": "",
  "ctl00$MainContent$uc_MakeClaim$hfChronicDiagnosis2Code": "",
  "ctl00$MainContent$uc_MakeClaim$hfChronicDiagnosis3Code": "",
  "ctl00$MainContent$uc_MakeClaim$hfChronicDiagnosis4Code": ""
}
[probe] before calc {
  "msg": "",
  "refValue": "SINGAPORE SPORTS",
  "mcDay": "0",
  "mcReason": "Backache",
  "feeType": "followup_consultationfee",
  "feeAmount": "38.00",
  "diagnosisCode": "",
  "diagnosisText": "Pain, not elsewhere classified",
  "refType": "",
  "oldRefType": "",
  "clinicId": "7b820cae-c206-4537-a164-ef28dc2641f9"
}
[probe] no calc button [
  {
    "id": "",
    "name": "",
    "value": "Show Benefit"
  },
  {
    "id": "ctl00_MainContent_uc_MakeClaim_btnmcreasons",
    "name": "ctl00$MainContent$uc_MakeClaim$btnmcreasons",
    "value": "+"
  },
  {
    "id": "ctl00_MainContent_uc_MakeClaim_btnCancel",
    "name": "ctl00$MainContent$uc_MakeClaim$btnCancel",
    "value": "Cancel"
  },
  {
    "id": "ctl00_MainContent_uc_MakeClaim_btnReloadData",
    "name": "ctl00$MainContent$uc_MakeClaim$btnReloadData",
    "value": ""
  }
]
[probe] fatal Error: calc_button_missing
    at file:///Users/vincent/Baselrpacrm/tmp/probe_ge_calculate_payload.mjs:106:11
[32minfo[39m: Browser closed {"service":"clinic-automation","timestamp":"2026-02-19T09:20:57.626Z"}
