[32minfo[39m: Launching browser... {"service":"clinic-automation","timestamp":"2026-02-18T15:18:55.400Z"}
[32minfo[39m: Using extension for VPN - proxy auto-discovery disabled {"service":"clinic-automation","timestamp":"2026-02-18T15:18:55.407Z"}
[32minfo[39m: Using Chromium executable: /Users/vincent/Library/Caches/ms-playwright/chromium-1200/chrome-mac-arm64/Google Chrome for Testing.app/Contents/MacOS/Google Chrome for Testing {"service":"clinic-automation","timestamp":"2026-02-18T15:18:55.407Z"}
[32minfo[39m: Filtering out Urban VPN extension {"service":"clinic-automation","timestamp":"2026-02-18T15:18:55.407Z"}
[32minfo[39m: Applied external protocol guard script {"service":"clinic-automation","timestamp":"2026-02-18T15:18:57.608Z"}
[32minfo[39m: Browser launched successfully {"service":"clinic-automation","timestamp":"2026-02-18T15:18:57.609Z"}
[32minfo[39m: [ALLIANCE] Already logged in (active session detected) {"service":"clinic-automation","timestamp":"2026-02-18T15:18:59.965Z"}
[32minfo[39m: [ALLIANCE] Clicked sidebar Create Panel Claim {"selector":"div.sidebar li:has-text(\"Create Panel Claim\")","service":"clinic-automation","timestamp":"2026-02-18T15:19:01.880Z"}
[32minfo[39m: [ALLIANCE] Navigated directly to Create Panel Claim {"service":"clinic-automation","target":"https://connect.alliancemedinet.com/claim/panel-create","timestamp":"2026-02-18T15:19:03.860Z"}
[32minfo[39m: [ALLIANCE] Clicked sidebar Create Panel Claim {"selector":"div.sidebar li:has-text(\"Create Panel Claim\")","service":"clinic-automation","timestamp":"2026-02-18T15:19:05.363Z"}
[32minfo[39m: [ALLIANCE] Clicked sidebar Create Panel Claim {"selector":"div.sidebar a.nav-link:has-text(\"Create Panel Claim\")","service":"clinic-automation","timestamp":"2026-02-18T15:19:06.896Z"}
[32minfo[39m: [ALLIANCE] Clicked Medical Treatment {"selector":"div.main-panel button.action-btn:has-text(\"Medical Treatment\")","service":"clinic-automation","timestamp":"2026-02-18T15:19:08.414Z"}
[32minfo[39m: [ALLIANCE] Navigated to Medical Treatment claim flow {"service":"clinic-automation","timestamp":"2026-02-18T15:19:09.926Z"}
[32minfo[39m: [ALLIANCE] Filled Member UIN/Membership ID {"selector":"input[placeholder*=\"Membership\" i]","service":"clinic-automation","timestamp":"2026-02-18T15:19:11.050Z"}
[32minfo[39m: [ALLIANCE] Clicked Claim Type {"selector":"[role=\"dialog\"] div:has-text(\"Claim Type\"):has([role=\"combobox\"])","service":"clinic-automation","timestamp":"2026-02-18T15:19:11.639Z"}
[32minfo[39m: [ALLIANCE] Set Date of Visit (candidate-14/2/2026) {"selector":"input[placeholder*=\"Date of Visit\" i]","service":"clinic-automation","timestamp":"2026-02-18T15:19:14.378Z"}
[32minfo[39m: [ALLIANCE] Clicked Search Others (candidate-14/2/2026) {"selector":"button:has-text(\"Search Others\")","service":"clinic-automation","timestamp":"2026-02-18T15:19:16.204Z"}
[32minfo[39m: [ALLIANCE] Selected member and opened claim form {"service":"clinic-automation","timestamp":"2026-02-18T15:19:25.233Z"}
[32minfo[39m: [ALLIANCE] Set MC Days {"selector":"input[placeholder*=\"MC Days\" i]","service":"clinic-automation","timestamp":"2026-02-18T15:19:28.607Z"}
[32minfo[39m: [ALLIANCE] Clicked Add Diagnosis {"selector":"button:has-text(\"Add Diagnosis\")","service":"clinic-automation","timestamp":"2026-02-18T15:19:29.238Z"}
[32minfo[39m: [ALLIANCE] Filled Diagnosis Code (S10) {"selector":"[role=\"dialog\"] input[placeholder*=\"Diagnosis Code\" i]","service":"clinic-automation","timestamp":"2026-02-18T15:19:30.380Z"}
[32minfo[39m: [ALLIANCE] Clicked Diagnosis Search (S10) {"selector":"[role=\"dialog\"] button:has-text(\"Search\")","service":"clinic-automation","timestamp":"2026-02-18T15:19:31.039Z"}
locator.fill: Error: Element is not an <input>, <textarea>, <select> or [contenteditable] and does not have a role allowing [aria-readonly]
Call log:
[2m  - waiting for locator('#referringProviderEntity').first()[22m
[2m    - locator resolved to <app-autocomplete-local _ngcontent-ng-c1751080043="" id="referringProviderEntity" label="Referring Provider Entity" filterpropkey="programProviderEntity.providerEntityName" displaypropkey="programProviderEntity.providerEntityName">…</app-autocomplete-local>[22m
[2m    - fill("SINGAPORE SPORTS")[22m
[2m  - attempting fill action[22m
[2m    - waiting for element to be visible, enabled and editable[22m

    at /Users/vincent/Baselrpacrm/tmp/probe_alliance_calc_kiara.mjs:36:18
[32minfo[39m: Browser closed {"service":"clinic-automation","timestamp":"2026-02-18T15:19:36.511Z"}
