[32minfo[39m: === Visit Details Extraction Batch === {"service":"clinic-automation","timestamp":"2026-02-19T12:43:15.964Z"}
[32minfo[39m: Mode: Force re-extract (includes completed visits) {"service":"clinic-automation","timestamp":"2026-02-19T12:43:15.967Z"}
[32minfo[39m: Querying database for visits needing enhancement... {"service":"clinic-automation","timestamp":"2026-02-19T12:43:15.975Z"}
[32minfo[39m: Filtering to visit IDs: d3a164b7-1b4f-490d-afbf-f9ef6dc1bd14 {"service":"clinic-automation","timestamp":"2026-02-19T12:43:15.975Z"}
[32minfo[39m: Filtering to portal scope: MHC, MHCAXA, AIA, AIACLIENT, AVIVA, SINGLIFE, FULLERT, IHP, PARKWAY, ALL, ALLIMED, ALLIANZ, ALLIANCE, GE, NTUC_IM, TOKIOM, ALLIANC, ALLSING, AXAMED, PRUDEN + Allianz tags in patient name {"service":"clinic-automation","timestamp":"2026-02-19T12:43:15.976Z"}
(node:59443) [MODULE_TYPELESS_PACKAGE_JSON] Warning: Module type of file:///Users/vincent/Baselrpacrm/apps/crm/src/lib/rpa/portals.shared.js is not specified and it doesn't parse as CommonJS.
Reparsing as ES module because module syntax was detected. This incurs a performance overhead.
To eliminate this warning, add "type": "module" to /Users/vincent/Baselrpacrm/apps/crm/package.json.
(Use `node --trace-warnings ...` to show where the warning was created)
[32minfo[39m: Found 1 candidate visit(s) {"service":"clinic-automation","timestamp":"2026-02-19T12:43:16.428Z"}
[32minfo[39m: Processing 1 visits (0 skipped) {"service":"clinic-automation","timestamp":"2026-02-19T12:43:16.428Z"}
[32minfo[39m: Launching browser... {"service":"clinic-automation","timestamp":"2026-02-19T12:43:16.428Z"}
[32minfo[39m: Using extension for VPN - proxy auto-discovery disabled {"service":"clinic-automation","timestamp":"2026-02-19T12:43:16.430Z"}
[32minfo[39m: Using Chromium executable: /Users/vincent/Library/Caches/ms-playwright/chromium-1200/chrome-mac-arm64/Google Chrome for Testing.app/Contents/MacOS/Google Chrome for Testing {"service":"clinic-automation","timestamp":"2026-02-19T12:43:16.431Z"}
[32minfo[39m: Filtering out Urban VPN extension {"service":"clinic-automation","timestamp":"2026-02-19T12:43:16.431Z"}
[32minfo[39m: Applied external protocol guard script {"service":"clinic-automation","timestamp":"2026-02-19T12:43:18.494Z"}
[32minfo[39m: Browser launched successfully {"service":"clinic-automation","timestamp":"2026-02-19T12:43:18.497Z"}
[32minfo[39m: Initializing browser and logging in to Clinic Assist... {"service":"clinic-automation","timestamp":"2026-02-19T12:43:18.652Z"}
[32minfo[39m: [CA 01] Login start {"clinicGroup":"ssoc","service":"clinic-automation","timestamp":"2026-02-19T12:43:18.654Z","url":"https://clinicassist.sg:1080/"}
[32minfo[39m: Logging into Clinic Assist... {"service":"clinic-automation","timestamp":"2026-02-19T12:43:18.655Z"}
[32minfo[39m: Username filled {"service":"clinic-automation","timestamp":"2026-02-19T12:43:22.259Z"}
[32minfo[39m: [CA 02] Username filled {"service":"clinic-automation","timestamp":"2026-02-19T12:43:22.259Z"}
[32minfo[39m: Password filled {"service":"clinic-automation","timestamp":"2026-02-19T12:43:22.287Z"}
[32minfo[39m: [CA 03] Password filled {"service":"clinic-automation","timestamp":"2026-02-19T12:43:22.287Z"}
[32minfo[39m: Clinic Group filled: ssoc {"service":"clinic-automation","timestamp":"2026-02-19T12:43:22.301Z"}
[32minfo[39m: [CA 04] Clinic Group filled {"clinicGroup":"ssoc","service":"clinic-automation","timestamp":"2026-02-19T12:43:22.301Z"}
[32minfo[39m: Login button clicked {"service":"clinic-automation","timestamp":"2026-02-19T12:43:22.379Z"}
[32minfo[39m: [CA 05] Login submitted {"service":"clinic-automation","timestamp":"2026-02-19T12:43:22.379Z"}
[32minfo[39m: Clinic Assist 2FA not required (verification inputs disabled) {"service":"clinic-automation","timestamp":"2026-02-19T12:43:25.400Z"}
[32minfo[39m: Successfully logged into Clinic Assist {"service":"clinic-automation","timestamp":"2026-02-19T12:43:25.650Z"}
[32minfo[39m: [CA 06] Login ok {"service":"clinic-automation","timestamp":"2026-02-19T12:43:25.650Z"}
[32minfo[39m: 
Starting batch extraction for 1 visits... {"service":"clinic-automation","timestamp":"2026-02-19T12:43:25.650Z"}
[32minfo[39m: Max retries: 3, Batch size: 100 {"service":"clinic-automation","timestamp":"2026-02-19T12:43:25.650Z"}
[32minfo[39m: [VisitDetails] Starting batch extraction for 1 visits {"service":"clinic-automation","timestamp":"2026-02-19T12:43:26.312Z"}
[32minfo[39m: [VisitDetails] Processing visit 1/1: KIARA SINGH (2026-02-14) {"service":"clinic-automation","timestamp":"2026-02-19T12:43:26.313Z"}
[32minfo[39m: [VisitDetails] Navigating to Patient Page for visit d3a164b7-1b4f-490d-afbf-f9ef6dc1bd14 (KIARA SINGH) {"service":"clinic-automation","timestamp":"2026-02-19T12:43:26.813Z"}
[32minfo[39m: [CA 07] Navigate to Patient Page - START {"service":"clinic-automation","timestamp":"2026-02-19T12:43:26.817Z"}
[32minfo[39m: [CA 08] Current URL before navigation {"service":"clinic-automation","timestamp":"2026-02-19T12:43:26.818Z","url":"https://clinicassist.sg:1080/"}
[32minfo[39m: [CA 09] Need to select Reception/room first before accessing Patient Page {"service":"clinic-automation","timestamp":"2026-02-19T12:43:26.831Z"}
[32minfo[39m: [CA 10] Clicking Reception/room to access system {"selector":"button:has-text(\"Reception\")","service":"clinic-automation","timestamp":"2026-02-19T12:43:27.431Z"}
[32minfo[39m: [CA 11] Reception clicked, checking URL {"newUrl":"https://clinicassist.sg:1080/Home/Reception","service":"clinic-automation","timeTaken":1208,"timestamp":"2026-02-19T12:43:28.039Z"}
[32minfo[39m: [CA 12] Successfully entered Reception room {"newUrl":"https://clinicassist.sg:1080/Home/Reception","service":"clinic-automation","timeTaken":1219,"timestamp":"2026-02-19T12:43:28.050Z"}
[32minfo[39m: [CA 13] Looking for sidebar/hamburger menu {"service":"clinic-automation","timestamp":"2026-02-19T12:43:28.050Z"}
[32minfo[39m: [CA 14] Looking for Patient sidebar link {"service":"clinic-automation","timestamp":"2026-02-19T12:43:28.053Z"}
[32minfo[39m: [CA 15] Could not click Patient link via UI; trying Home -> Patient fallback {"service":"clinic-automation","timestamp":"2026-02-19T12:43:28.063Z","totalTime":1246}
[32minfo[39m: [CA 16] Home->Patient retry URL {"finalUrl":"https://clinicassist.sg:1080/Patient/PatientSearch","service":"clinic-automation","timestamp":"2026-02-19T12:43:36.678Z"}
[32minfo[39m: [CA 17] Navigate to Patient Page - COMPLETE {"service":"clinic-automation","timestamp":"2026-02-19T12:43:36.680Z","totalTime":9863}
[32minfo[39m: [VisitDetails] Searching for patient by number: 77546 (KIARA SINGH) {"service":"clinic-automation","timestamp":"2026-02-19T12:43:36.680Z"}
[32minfo[39m: [CA 18] Search patient by number {"patientNumber":"77546","service":"clinic-automation","timestamp":"2026-02-19T12:43:36.681Z"}
[32minfo[39m: [CA 19] Pressing Enter to execute search (may need to dismiss dialog first) {"service":"clinic-automation","timestamp":"2026-02-19T12:43:37.490Z"}
[32minfo[39m: [CA 20] Patient search executed by number (Enter key x2) {"patientNumber":"77546","service":"clinic-automation","timestamp":"2026-02-19T12:43:38.613Z"}
[32minfo[39m: [VisitDetails] Opening patient record by number: 77546 {"service":"clinic-automation","timestamp":"2026-02-19T12:43:40.618Z"}
[32minfo[39m: [CA 21] Open patient from search results by number {"patientNumber":"77546","service":"clinic-automation","timestamp":"2026-02-19T12:43:40.620Z"}
[32minfo[39m: [CA 22] Found patient row by number {"hasLink":true,"rowIndex":1,"service":"clinic-automation","timestamp":"2026-02-19T12:43:42.636Z"}
[32minfo[39m: [CA 23] Clicked patient link via filter method {"service":"clinic-automation","timestamp":"2026-02-19T12:43:42.698Z"}
[32minfo[39m: [CA 24] Patient opened from search results by number {"service":"clinic-automation","timestamp":"2026-02-19T12:43:44.700Z"}
[32minfo[39m: [VisitDetails] Extracting NRIC from biodata page for: KIARA SINGH {"service":"clinic-automation","timestamp":"2026-02-19T12:43:46.702Z"}
[32minfo[39m: [CA 25] Get patient NRIC {"service":"clinic-automation","timestamp":"2026-02-19T12:43:46.703Z"}
[32minfo[39m: [CA 26] Extract NRIC from patient biodata/info page {"service":"clinic-automation","timestamp":"2026-02-19T12:43:46.704Z"}
[32minfo[39m: [CA 27] NRIC found in input field {"nric":"T1722895H","selector":"input[name*=\"nric\" i]","service":"clinic-automation","timestamp":"2026-02-19T12:43:49.746Z"}
[32minfo[39m: [VisitDetails] Found NRIC: T1722895H for patient: KIARA SINGH {"service":"clinic-automation","timestamp":"2026-02-19T12:43:49.746Z"}
[32minfo[39m: [VisitDetails] Updated visit d3a164b7-1b4f-490d-afbf-f9ef6dc1bd14 with NRIC: T1722895H {"service":"clinic-automation","timestamp":"2026-02-19T12:43:50.027Z"}
[32minfo[39m: [VisitDetails] Extracting charge type, diagnosis, and MC data for visit d3a164b7-1b4f-490d-afbf-f9ef6dc1bd14 on 2026-02-14 {"service":"clinic-automation","timestamp":"2026-02-19T12:43:50.027Z"}
[32minfo[39m: [CA 28] Get charge type, diagnosis, and MC data for visit date {"service":"clinic-automation","timestamp":"2026-02-19T12:43:50.030Z","visitDate":"2026-02-14"}
[32minfo[39m: [CA 29] Check for First Consult on visit date {"service":"clinic-automation","timestamp":"2026-02-19T12:43:50.031Z","visitDate":"2026-02-14"}
[32minfo[39m: [CA 30] Navigate to TX History {"service":"clinic-automation","timestamp":"2026-02-19T12:43:50.032Z"}
[32minfo[39m: [CA 31] Navigated to TX History {"service":"clinic-automation","timestamp":"2026-02-19T12:43:53.102Z"}
[32minfo[39m: [CA 32] Open All Tab in TX History {"service":"clinic-automation","timestamp":"2026-02-19T12:43:53.104Z"}
[32minfo[39m: [CA 33] All Tab opened {"service":"clinic-automation","timestamp":"2026-02-19T12:44:25.525Z"}
[32minfo[39m: [CA 34] First Consult check result {"found":false,"service":"clinic-automation","timestamp":"2026-02-19T12:44:27.587Z","visitDate":"2026-02-14"}
[32minfo[39m: [CA 35] Charge type determined {"chargeType":"follow","hasFirstConsult":false,"service":"clinic-automation","timestamp":"2026-02-19T12:44:27.587Z","visitDate":"2026-02-14"}
[32minfo[39m: [CA 36] MC extraction from TX History disabled; using defaults {"mcDays":0,"mcStartDate":null,"service":"clinic-automation","timestamp":"2026-02-19T12:44:27.588Z"}
[32minfo[39m: [CA 37] Open Diagnosis Tab {"service":"clinic-automation","timestamp":"2026-02-19T12:44:27.588Z"}
[32minfo[39m: [CA 38] Diagnosis Tab opened {"service":"clinic-automation","timestamp":"2026-02-19T12:44:30.733Z"}
[32minfo[39m: [CA 39] Extract diagnosis for visit date {"service":"clinic-automation","timestamp":"2026-02-19T12:44:30.734Z","visitDate":"2026-02-14"}
[32minfo[39m: [CA 40] No exact diagnosis date match; using most recent on/before visit date {"code":"S10","date":"07/02/2026","description":"LAB TEST (THYROID SCREEN-TS10)","service":"clinic-automation","timestamp":"2026-02-19T12:44:31.755Z","visitDate":"2026-02-14"}
[32minfo[39m: [CA 41] Rejected weak diagnosis candidate {"date":"07/02/2026","description":"LAB TEST (THYROID SCREEN-TS10)","score":-16.4,"service":"clinic-automation","source":"diagnosis_tab","timestamp":"2026-02-19T12:44:31.761Z"}
[32minfo[39m: [CA 42] Extract latest diagnosis from Diagnosis tab {"service":"clinic-automation","timestamp":"2026-02-19T12:44:31.761Z"}
[32minfo[39m: [CA 43] No diagnosis found in Diagnosis tab {"service":"clinic-automation","timestamp":"2026-02-19T12:44:32.769Z"}
[32minfo[39m: [CA 44] Diagnosis not found in Diagnosis tab, trying raw Diagnosis extraction {"service":"clinic-automation","timestamp":"2026-02-19T12:44:32.770Z"}
[32minfo[39m: [CA 45] Extract diagnosis from TX History {"service":"clinic-automation","timestamp":"2026-02-19T12:44:32.770Z"}
[32minfo[39m: [CA 46] No diagnosis found in TX History {"service":"clinic-automation","timestamp":"2026-02-19T12:44:33.809Z"}
[32minfo[39m: [CA 47] Diagnosis requires broadened source search {"currentDate":null,"currentDiagnosis":"","currentSource":null,"service":"clinic-automation","timestamp":"2026-02-19T12:44:33.809Z"}
[32minfo[39m: [CA 48] Checking All tab for better diagnosis candidate {"service":"clinic-automation","timestamp":"2026-02-19T12:44:33.810Z"}
[32minfo[39m: [CA 49] Extract diagnosis from All tab {"service":"clinic-automation","timestamp":"2026-02-19T12:44:33.810Z","visitDate":"2026-02-14"}
[32minfo[39m: [CA 50] Navigate to TX History {"service":"clinic-automation","timestamp":"2026-02-19T12:44:33.810Z"}
[32minfo[39m: [CA 51] Navigated to TX History {"service":"clinic-automation","timestamp":"2026-02-19T12:44:36.873Z"}
[32minfo[39m: [CA 52] Open All Tab in TX History {"service":"clinic-automation","timestamp":"2026-02-19T12:44:36.875Z"}
[32minfo[39m: [CA 53] All Tab opened {"service":"clinic-automation","timestamp":"2026-02-19T12:45:09.326Z"}
[32minfo[39m: [CA 54] No diagnosis found in All tab {"service":"clinic-automation","timestamp":"2026-02-19T12:45:10.860Z"}
[32minfo[39m: [CA 55] Checking Visit tab for better diagnosis candidate {"service":"clinic-automation","timestamp":"2026-02-19T12:45:10.860Z"}
[32minfo[39m: [CA 56] Extract diagnosis from Visit Tab {"service":"clinic-automation","timestamp":"2026-02-19T12:45:10.861Z","visitDate":"2026-02-14"}
[32minfo[39m: [CA 57] Open Visit Tab {"service":"clinic-automation","timestamp":"2026-02-19T12:45:10.861Z"}
[32minfo[39m: [CA 58] Visit Tab opened {"service":"clinic-automation","timestamp":"2026-02-19T12:45:12.816Z"}
[32minfo[39m: [CA 59] No diagnosis found in Visit tab {"service":"clinic-automation","timestamp":"2026-02-19T12:45:13.631Z"}
[32minfo[39m: [CA 60] Checking Past Notes for better diagnosis candidate {"service":"clinic-automation","timestamp":"2026-02-19T12:45:13.632Z"}
[32minfo[39m: [CA 61] Extract diagnosis from Past Notes {"service":"clinic-automation","timestamp":"2026-02-19T12:45:13.633Z","visitDate":"2026-02-14"}
[32minfo[39m: [CA 62] Navigate to TX History {"service":"clinic-automation","timestamp":"2026-02-19T12:45:13.633Z"}
[32minfo[39m: [CA 63] Navigated to TX History {"service":"clinic-automation","timestamp":"2026-02-19T12:45:16.702Z"}
[32minfo[39m: [CA 64] Open Past Notes Tab {"service":"clinic-automation","timestamp":"2026-02-19T12:45:16.704Z"}
[32minfo[39m: [CA 65] Past Notes Tab opened {"service":"clinic-automation","timestamp":"2026-02-19T12:45:26.964Z"}
[32minfo[39m: [CA 66] Past Notes entries expanded {"service":"clinic-automation","timestamp":"2026-02-19T12:45:27.015Z","totalClicked":1,"visitDate":"2026-02-14"}
[32minfo[39m: [CA 67] No diagnosis found in Past Notes for visit date {"service":"clinic-automation","timestamp":"2026-02-19T12:45:29.430Z"}
[32minfo[39m: [CA 68] Extract diagnosis intent from Past Notes {"service":"clinic-automation","timestamp":"2026-02-19T12:45:29.435Z","visitDate":"2026-02-14"}
[32minfo[39m: [CA 69] Open Past Notes Tab {"service":"clinic-automation","timestamp":"2026-02-19T12:45:29.436Z"}
[32minfo[39m: [CA 70] Past Notes context already open {"service":"clinic-automation","timestamp":"2026-02-19T12:45:35.595Z"}
[32minfo[39m: [CA 71] Past Notes entries expanded {"service":"clinic-automation","timestamp":"2026-02-19T12:45:35.638Z","totalClicked":1,"visitDate":"2026-02-14"}
[32minfo[39m: [CA 72] Past Notes intent debug (no match) {"baseBodyPart":null,"evidence":["00ssoc14/02/2026pcr specialist consultation1","00ssoc12/01/2026pcr specialist consultation1","00ssoc24/12/2025pcr specialist consultation1","00ssoc22/11/2025pcr specialist consultation1","00ssoc14/11/2025pcr specialist consultation1","00ssoc14/11/2025pcr specialist first consultation1","specialist consultation - qty(1"],"poolSize":2,"service":"clinic-automation","targetDateStr":"14/02/2026","targetDateStrAlt":"02/14/2026","timestamp":"2026-02-19T12:45:38.064Z","title":"Patient Biodata","url":"https://clinicassist.sg:1080/QueueLog/PatientVisit?queryString=OvxTLXGfv5rvSGmNADmORk3Bf36JJE98L8hWRl3DgvdlTLV3BAQe1kizHXQHO/noS8pH26919SpmDeMzzc8dEkPKJyUpFNNN"}
[32minfo[39m: [CA 73] No diagnosis intent found in Past Notes {"service":"clinic-automation","timestamp":"2026-02-19T12:45:38.064Z"}
[32minfo[39m: [CA 74] Extracting medicines for visit date {"service":"clinic-automation","timestamp":"2026-02-19T12:45:38.074Z","visitDate":"2026-02-14"}
[32minfo[39m: [CA 75] Open Medicine Tab {"service":"clinic-automation","timestamp":"2026-02-19T12:45:38.075Z"}
[32minfo[39m: [CA 76] Medicine Tab opened {"service":"clinic-automation","timestamp":"2026-02-19T12:45:40.737Z"}
[32minfo[39m: [CA 77] Extract medicines from Medicine Tab {"service":"clinic-automation","timestamp":"2026-02-19T12:45:40.738Z","visitDate":"2026-02-14"}
[32minfo[39m: [CA 78] Medicines extracted from Medicine Tab {"chosenDateIso":"2026-02-14","count":1,"medicines":[{"amount":70,"name":"SPECIALIST CONSULTATION","quantity":1,"unitPrice":1}],"service":"clinic-automation","timestamp":"2026-02-19T12:45:41.761Z","totalRecords":22,"visitDate":"2026-02-14"}
[32minfo[39m: [CA 79] TX History: extracted medicines summary {"count":1,"filteredOut":0,"sample":[{"amount":70,"name":"SPECIALIST CONSULTATION","quantity":1,"unitPrice":1}],"service":"clinic-automation","timestamp":"2026-02-19T12:45:41.762Z"}
[32minfo[39m: [VisitDetails] Extracted data for visit d3a164b7-1b4f-490d-afbf-f9ef6dc1bd14: {"chargeType":"follow","diagnosis":"Missing diagnosis","mcDays":0,"mcStartDate":null,"service":"clinic-automation","timestamp":"2026-02-19T12:45:41.762Z"}
[32minfo[39m: [VisitDetails] Updated visit d3a164b7-1b4f-490d-afbf-f9ef6dc1bd14 with extracted details {"service":"clinic-automation","timestamp":"2026-02-19T12:45:42.836Z"}
[32minfo[39m: [VisitDetails] Successfully extracted details for visit d3a164b7-1b4f-490d-afbf-f9ef6dc1bd14 {"chargeType":"follow","diagnosis":"Missing diagnosis","mcDays":0,"service":"clinic-automation","timestamp":"2026-02-19T12:45:42.837Z"}
[32minfo[39m: [VisitDetails] Batch extraction complete: 1 completed, 0 failed, 0 skipped {"service":"clinic-automation","timestamp":"2026-02-19T12:45:44.746Z"}
[32minfo[39m: 
=== Extraction Summary === {"service":"clinic-automation","timestamp":"2026-02-19T12:45:44.986Z"}
[32minfo[39m: Total visits processed: 1 {"service":"clinic-automation","timestamp":"2026-02-19T12:45:44.986Z"}
[32minfo[39m: ✅ Completed: 1 {"service":"clinic-automation","timestamp":"2026-02-19T12:45:44.986Z"}
[32minfo[39m: ❌ Failed: 0 {"service":"clinic-automation","timestamp":"2026-02-19T12:45:44.986Z"}
[32minfo[39m: ⏭️  Skipped: 0 {"service":"clinic-automation","timestamp":"2026-02-19T12:45:44.987Z"}
[32minfo[39m: Success rate: 100.0% {"service":"clinic-automation","timestamp":"2026-02-19T12:45:44.987Z"}
[32minfo[39m: Time elapsed: 139.3s {"service":"clinic-automation","timestamp":"2026-02-19T12:45:44.987Z"}
[32minfo[39m: Average time per visit: 139.3s {"service":"clinic-automation","timestamp":"2026-02-19T12:45:44.987Z"}
[32minfo[39m: Browser closed {"service":"clinic-automation","timestamp":"2026-02-19T12:45:45.723Z"}
