[32minfo[39m: === Visit Details Extraction Batch === {"service":"clinic-automation","timestamp":"2026-02-19T12:37:09.983Z"}
[32minfo[39m: Mode: Force re-extract (includes completed visits) {"service":"clinic-automation","timestamp":"2026-02-19T12:37:09.986Z"}
[32minfo[39m: Querying database for visits needing enhancement... {"service":"clinic-automation","timestamp":"2026-02-19T12:37:09.994Z"}
[32minfo[39m: Filtering to visit IDs: d3a164b7-1b4f-490d-afbf-f9ef6dc1bd14 {"service":"clinic-automation","timestamp":"2026-02-19T12:37:09.994Z"}
[32minfo[39m: Filtering to portal scope: MHC, MHCAXA, AIA, AIACLIENT, AVIVA, SINGLIFE, FULLERT, IHP, PARKWAY, ALL, ALLIMED, ALLIANZ, ALLIANCE, GE, NTUC_IM, TOKIOM, ALLIANC, ALLSING, AXAMED, PRUDEN + Allianz tags in patient name {"service":"clinic-automation","timestamp":"2026-02-19T12:37:09.994Z"}
(node:58971) [MODULE_TYPELESS_PACKAGE_JSON] Warning: Module type of file:///Users/vincent/Baselrpacrm/apps/crm/src/lib/rpa/portals.shared.js is not specified and it doesn't parse as CommonJS.
Reparsing as ES module because module syntax was detected. This incurs a performance overhead.
To eliminate this warning, add "type": "module" to /Users/vincent/Baselrpacrm/apps/crm/package.json.
(Use `node --trace-warnings ...` to show where the warning was created)
[32minfo[39m: Found 1 candidate visit(s) {"service":"clinic-automation","timestamp":"2026-02-19T12:37:10.356Z"}
[32minfo[39m: Processing 1 visits (0 skipped) {"service":"clinic-automation","timestamp":"2026-02-19T12:37:10.356Z"}
[32minfo[39m: Launching browser... {"service":"clinic-automation","timestamp":"2026-02-19T12:37:10.356Z"}
[32minfo[39m: Using extension for VPN - proxy auto-discovery disabled {"service":"clinic-automation","timestamp":"2026-02-19T12:37:10.357Z"}
[32minfo[39m: Using Chromium executable: /Users/vincent/Library/Caches/ms-playwright/chromium-1200/chrome-mac-arm64/Google Chrome for Testing.app/Contents/MacOS/Google Chrome for Testing {"service":"clinic-automation","timestamp":"2026-02-19T12:37:10.357Z"}
[32minfo[39m: Filtering out Urban VPN extension {"service":"clinic-automation","timestamp":"2026-02-19T12:37:10.357Z"}
[32minfo[39m: Applied external protocol guard script {"service":"clinic-automation","timestamp":"2026-02-19T12:37:12.504Z"}
[32minfo[39m: Browser launched successfully {"service":"clinic-automation","timestamp":"2026-02-19T12:37:12.505Z"}
[32minfo[39m: Initializing browser and logging in to Clinic Assist... {"service":"clinic-automation","timestamp":"2026-02-19T12:37:12.676Z"}
[32minfo[39m: [CA 01] Login start {"clinicGroup":"ssoc","service":"clinic-automation","timestamp":"2026-02-19T12:37:12.677Z","url":"https://clinicassist.sg:1080/"}
[32minfo[39m: Logging into Clinic Assist... {"service":"clinic-automation","timestamp":"2026-02-19T12:37:12.677Z"}
[32minfo[39m: Username filled {"service":"clinic-automation","timestamp":"2026-02-19T12:37:17.797Z"}
[32minfo[39m: [CA 02] Username filled {"service":"clinic-automation","timestamp":"2026-02-19T12:37:17.798Z"}
[32minfo[39m: Password filled {"service":"clinic-automation","timestamp":"2026-02-19T12:37:17.830Z"}
[32minfo[39m: [CA 03] Password filled {"service":"clinic-automation","timestamp":"2026-02-19T12:37:17.830Z"}
[32minfo[39m: Clinic Group filled: ssoc {"service":"clinic-automation","timestamp":"2026-02-19T12:37:17.835Z"}
[32minfo[39m: [CA 04] Clinic Group filled {"clinicGroup":"ssoc","service":"clinic-automation","timestamp":"2026-02-19T12:37:17.835Z"}
[32minfo[39m: Login button clicked {"service":"clinic-automation","timestamp":"2026-02-19T12:37:17.910Z"}
[32minfo[39m: [CA 05] Login submitted {"service":"clinic-automation","timestamp":"2026-02-19T12:37:17.910Z"}
[32minfo[39m: Clinic Assist 2FA not required (verification inputs disabled) {"service":"clinic-automation","timestamp":"2026-02-19T12:37:20.933Z"}
[32minfo[39m: Successfully logged into Clinic Assist {"service":"clinic-automation","timestamp":"2026-02-19T12:37:21.195Z"}
[32minfo[39m: [CA 06] Login ok {"service":"clinic-automation","timestamp":"2026-02-19T12:37:21.196Z"}
[32minfo[39m: 
Starting batch extraction for 1 visits... {"service":"clinic-automation","timestamp":"2026-02-19T12:37:21.196Z"}
[32minfo[39m: Max retries: 3, Batch size: 100 {"service":"clinic-automation","timestamp":"2026-02-19T12:37:21.196Z"}
[32minfo[39m: [VisitDetails] Starting batch extraction for 1 visits {"service":"clinic-automation","timestamp":"2026-02-19T12:37:21.924Z"}
[32minfo[39m: [VisitDetails] Processing visit 1/1: KIARA SINGH (2026-02-14) {"service":"clinic-automation","timestamp":"2026-02-19T12:37:21.925Z"}
[32minfo[39m: [VisitDetails] Navigating to Patient Page for visit d3a164b7-1b4f-490d-afbf-f9ef6dc1bd14 (KIARA SINGH) {"service":"clinic-automation","timestamp":"2026-02-19T12:37:22.433Z"}
[32minfo[39m: [CA 07] Navigate to Patient Page - START {"service":"clinic-automation","timestamp":"2026-02-19T12:37:22.437Z"}
[32minfo[39m: [CA 08] Current URL before navigation {"service":"clinic-automation","timestamp":"2026-02-19T12:37:22.438Z","url":"https://clinicassist.sg:1080/"}
[32minfo[39m: [CA 09] Need to select Reception/room first before accessing Patient Page {"service":"clinic-automation","timestamp":"2026-02-19T12:37:22.452Z"}
[32minfo[39m: [CA 10] Clicking Reception/room to access system {"selector":"button:has-text(\"Reception\")","service":"clinic-automation","timestamp":"2026-02-19T12:37:23.056Z"}
[32minfo[39m: [CA 11] Reception clicked, checking URL {"newUrl":"https://clinicassist.sg:1080/Home/Reception","service":"clinic-automation","timeTaken":1224,"timestamp":"2026-02-19T12:37:23.676Z"}
[32minfo[39m: [CA 12] Successfully entered Reception room {"newUrl":"https://clinicassist.sg:1080/Home/Reception","service":"clinic-automation","timeTaken":1234,"timestamp":"2026-02-19T12:37:23.686Z"}
[32minfo[39m: [CA 13] Looking for sidebar/hamburger menu {"service":"clinic-automation","timestamp":"2026-02-19T12:37:23.686Z"}
[32minfo[39m: [CA 14] Looking for Patient sidebar link {"service":"clinic-automation","timestamp":"2026-02-19T12:37:23.689Z"}
[32minfo[39m: [CA 15] Could not click Patient link via UI; trying Home -> Patient fallback {"service":"clinic-automation","timestamp":"2026-02-19T12:37:23.700Z","totalTime":1263}
[32minfo[39m: [CA 16] Home->Patient retry URL {"finalUrl":"https://clinicassist.sg:1080/Patient/PatientSearch","service":"clinic-automation","timestamp":"2026-02-19T12:37:32.328Z"}
[32minfo[39m: [CA 17] Navigate to Patient Page - COMPLETE {"service":"clinic-automation","timestamp":"2026-02-19T12:37:32.330Z","totalTime":9893}
[32minfo[39m: [VisitDetails] Searching for patient by number: 77546 (KIARA SINGH) {"service":"clinic-automation","timestamp":"2026-02-19T12:37:32.330Z"}
[32minfo[39m: [CA 18] Search patient by number {"patientNumber":"77546","service":"clinic-automation","timestamp":"2026-02-19T12:37:32.331Z"}
[32minfo[39m: [CA 19] Pressing Enter to execute search (may need to dismiss dialog first) {"service":"clinic-automation","timestamp":"2026-02-19T12:37:33.111Z"}
[32minfo[39m: [CA 20] Patient search executed by number (Enter key x2) {"patientNumber":"77546","service":"clinic-automation","timestamp":"2026-02-19T12:37:34.235Z"}
[32minfo[39m: [VisitDetails] Opening patient record by number: 77546 {"service":"clinic-automation","timestamp":"2026-02-19T12:37:36.239Z"}
[32minfo[39m: [CA 21] Open patient from search results by number {"patientNumber":"77546","service":"clinic-automation","timestamp":"2026-02-19T12:37:36.241Z"}
[32minfo[39m: [CA 22] Found patient row by number {"hasLink":true,"rowIndex":1,"service":"clinic-automation","timestamp":"2026-02-19T12:37:38.254Z"}
[32minfo[39m: [CA 23] Clicked patient link via filter method {"service":"clinic-automation","timestamp":"2026-02-19T12:37:38.330Z"}
[32minfo[39m: [CA 24] Patient opened from search results by number {"service":"clinic-automation","timestamp":"2026-02-19T12:37:40.333Z"}
[32minfo[39m: [VisitDetails] Extracting NRIC from biodata page for: KIARA SINGH {"service":"clinic-automation","timestamp":"2026-02-19T12:37:42.336Z"}
[32minfo[39m: [CA 25] Get patient NRIC {"service":"clinic-automation","timestamp":"2026-02-19T12:37:42.338Z"}
[32minfo[39m: [CA 26] Extract NRIC from patient biodata/info page {"service":"clinic-automation","timestamp":"2026-02-19T12:37:42.339Z"}
[32minfo[39m: [CA 27] NRIC found in input field {"nric":"T1722895H","selector":"input[name*=\"nric\" i]","service":"clinic-automation","timestamp":"2026-02-19T12:37:46.162Z"}
[32minfo[39m: [VisitDetails] Found NRIC: T1722895H for patient: KIARA SINGH {"service":"clinic-automation","timestamp":"2026-02-19T12:37:46.162Z"}
[32minfo[39m: [VisitDetails] Updated visit d3a164b7-1b4f-490d-afbf-f9ef6dc1bd14 with NRIC: T1722895H {"service":"clinic-automation","timestamp":"2026-02-19T12:37:46.467Z"}
[32minfo[39m: [VisitDetails] Extracting charge type, diagnosis, and MC data for visit d3a164b7-1b4f-490d-afbf-f9ef6dc1bd14 on 2026-02-14 {"service":"clinic-automation","timestamp":"2026-02-19T12:37:46.468Z"}
[32minfo[39m: [CA 28] Get charge type, diagnosis, and MC data for visit date {"service":"clinic-automation","timestamp":"2026-02-19T12:37:46.471Z","visitDate":"2026-02-14"}
[32minfo[39m: [CA 29] Check for First Consult on visit date {"service":"clinic-automation","timestamp":"2026-02-19T12:37:46.472Z","visitDate":"2026-02-14"}
[32minfo[39m: [CA 30] Navigate to TX History {"service":"clinic-automation","timestamp":"2026-02-19T12:37:46.473Z"}
[32minfo[39m: [CA 31] Navigated to TX History {"service":"clinic-automation","timestamp":"2026-02-19T12:37:49.575Z"}
[32minfo[39m: [CA 32] Open All Tab in TX History {"service":"clinic-automation","timestamp":"2026-02-19T12:37:49.578Z"}
[32minfo[39m: [CA 33] All Tab opened {"service":"clinic-automation","timestamp":"2026-02-19T12:38:21.992Z"}
[32minfo[39m: [CA 34] First Consult check result {"found":false,"service":"clinic-automation","timestamp":"2026-02-19T12:38:24.065Z","visitDate":"2026-02-14"}
[32minfo[39m: [CA 35] Charge type determined {"chargeType":"follow","hasFirstConsult":false,"service":"clinic-automation","timestamp":"2026-02-19T12:38:24.065Z","visitDate":"2026-02-14"}
[32minfo[39m: [CA 36] MC extraction from TX History disabled; using defaults {"mcDays":0,"mcStartDate":null,"service":"clinic-automation","timestamp":"2026-02-19T12:38:24.065Z"}
[32minfo[39m: [CA 37] Open Diagnosis Tab {"service":"clinic-automation","timestamp":"2026-02-19T12:38:24.066Z"}
[32minfo[39m: [CA 38] Diagnosis Tab opened {"service":"clinic-automation","timestamp":"2026-02-19T12:38:27.181Z"}
[32minfo[39m: [CA 39] Extract diagnosis for visit date {"service":"clinic-automation","timestamp":"2026-02-19T12:38:27.184Z","visitDate":"2026-02-14"}
[32minfo[39m: [CA 40] No exact diagnosis date match; using most recent on/before visit date {"code":"S10","date":"07/02/2026","description":"LAB TEST (THYROID SCREEN-TS10)","service":"clinic-automation","timestamp":"2026-02-19T12:38:28.196Z","visitDate":"2026-02-14"}
[32minfo[39m: [CA 41] Rejected weak diagnosis candidate {"date":"07/02/2026","description":"LAB TEST (THYROID SCREEN-TS10)","score":-16.4,"service":"clinic-automation","source":"diagnosis_tab","timestamp":"2026-02-19T12:38:28.201Z"}
[32minfo[39m: [CA 42] Extract latest diagnosis from Diagnosis tab {"service":"clinic-automation","timestamp":"2026-02-19T12:38:28.203Z"}
[32minfo[39m: [CA 43] No diagnosis found in Diagnosis tab {"service":"clinic-automation","timestamp":"2026-02-19T12:38:29.216Z"}
[32minfo[39m: [CA 44] Diagnosis not found in Diagnosis tab, trying raw Diagnosis extraction {"service":"clinic-automation","timestamp":"2026-02-19T12:38:29.217Z"}
[32minfo[39m: [CA 45] Extract diagnosis from TX History {"service":"clinic-automation","timestamp":"2026-02-19T12:38:29.218Z"}
[32minfo[39m: [CA 46] No diagnosis found in TX History {"service":"clinic-automation","timestamp":"2026-02-19T12:38:30.256Z"}
[32minfo[39m: [CA 47] Diagnosis requires broadened source search {"currentDate":null,"currentDiagnosis":"","currentSource":null,"service":"clinic-automation","timestamp":"2026-02-19T12:38:30.256Z"}
[32minfo[39m: [CA 48] Checking All tab for better diagnosis candidate {"service":"clinic-automation","timestamp":"2026-02-19T12:38:30.256Z"}
[32minfo[39m: [CA 49] Extract diagnosis from All tab {"service":"clinic-automation","timestamp":"2026-02-19T12:38:30.257Z","visitDate":"2026-02-14"}
[32minfo[39m: [CA 50] Navigate to TX History {"service":"clinic-automation","timestamp":"2026-02-19T12:38:30.257Z"}
[32minfo[39m: [CA 51] Navigated to TX History {"service":"clinic-automation","timestamp":"2026-02-19T12:38:33.318Z"}
[32minfo[39m: [CA 52] Open All Tab in TX History {"service":"clinic-automation","timestamp":"2026-02-19T12:38:33.319Z"}
[32minfo[39m: [CA 53] All Tab opened {"service":"clinic-automation","timestamp":"2026-02-19T12:39:05.762Z"}
[32minfo[39m: [CA 54] No diagnosis found in All tab {"service":"clinic-automation","timestamp":"2026-02-19T12:39:07.282Z"}
[32minfo[39m: [CA 55] Checking Visit tab for better diagnosis candidate {"service":"clinic-automation","timestamp":"2026-02-19T12:39:07.282Z"}
[32minfo[39m: [CA 56] Extract diagnosis from Visit Tab {"service":"clinic-automation","timestamp":"2026-02-19T12:39:07.283Z","visitDate":"2026-02-14"}
[32minfo[39m: [CA 57] Open Visit Tab {"service":"clinic-automation","timestamp":"2026-02-19T12:39:07.284Z"}
[32minfo[39m: [CA 58] Visit Tab opened {"service":"clinic-automation","timestamp":"2026-02-19T12:39:09.018Z"}
[32minfo[39m: [CA 59] No diagnosis found in Visit tab {"service":"clinic-automation","timestamp":"2026-02-19T12:39:09.830Z"}
[32minfo[39m: [CA 60] Checking Past Notes for better diagnosis candidate {"service":"clinic-automation","timestamp":"2026-02-19T12:39:09.830Z"}
[32minfo[39m: [CA 61] Extract diagnosis from Past Notes {"service":"clinic-automation","timestamp":"2026-02-19T12:39:09.832Z","visitDate":"2026-02-14"}
[32minfo[39m: [CA 62] Navigate to TX History {"service":"clinic-automation","timestamp":"2026-02-19T12:39:09.832Z"}
[32minfo[39m: [CA 63] Navigated to TX History {"service":"clinic-automation","timestamp":"2026-02-19T12:39:12.909Z"}
[32minfo[39m: [CA 64] Open Past Notes Tab {"service":"clinic-automation","timestamp":"2026-02-19T12:39:12.912Z"}
[32minfo[39m: [CA 65] Past Notes Tab opened {"service":"clinic-automation","timestamp":"2026-02-19T12:39:17.108Z"}
[32minfo[39m: [CA 66] Past Notes entries expanded {"service":"clinic-automation","timestamp":"2026-02-19T12:39:17.140Z","totalClicked":1,"visitDate":"2026-02-14"}
[32minfo[39m: [CA 67] No diagnosis found in Past Notes for visit date {"service":"clinic-automation","timestamp":"2026-02-19T12:39:19.556Z"}
[32minfo[39m: [CA 68] Extract diagnosis intent from Past Notes {"service":"clinic-automation","timestamp":"2026-02-19T12:39:19.561Z","visitDate":"2026-02-14"}
[32minfo[39m: [CA 69] Open Past Notes Tab {"service":"clinic-automation","timestamp":"2026-02-19T12:39:19.562Z"}
[32minfo[39m: [CA 70] Past Notes context already open {"service":"clinic-automation","timestamp":"2026-02-19T12:39:25.751Z"}
[32minfo[39m: [CA 71] Past Notes entries expanded {"service":"clinic-automation","timestamp":"2026-02-19T12:39:25.802Z","totalClicked":1,"visitDate":"2026-02-14"}
[32minfo[39m: [CA 72] Past Notes intent debug (no match) {"baseBodyPart":null,"evidence":["00ssoc14/02/2026pcr specialist consultation1","00ssoc12/01/2026pcr specialist consultation1","00ssoc24/12/2025pcr specialist consultation1","00ssoc22/11/2025pcr specialist consultation1","00ssoc14/11/2025pcr specialist consultation1","00ssoc14/11/2025pcr specialist first consultation1"],"poolSize":1,"service":"clinic-automation","targetDateStr":"14/02/2026","targetDateStrAlt":"02/14/2026","timestamp":"2026-02-19T12:39:28.233Z","title":"Patient Biodata","url":"https://clinicassist.sg:1080/QueueLog/PatientVisit?queryString=OvxTLXGfv5rvSGmNADmORk3Bf36JJE98L8hWRl3DgvdlTLV3BAQe1kizHXQHO/noS8pH26919SpmDeMzzc8dEkPKJyUpFNNN"}
[32minfo[39m: [CA 73] No diagnosis intent found in Past Notes {"service":"clinic-automation","timestamp":"2026-02-19T12:39:28.234Z"}
[32minfo[39m: [CA 74] Extracting medicines for visit date {"service":"clinic-automation","timestamp":"2026-02-19T12:39:28.242Z","visitDate":"2026-02-14"}
[32minfo[39m: [CA 75] Open Medicine Tab {"service":"clinic-automation","timestamp":"2026-02-19T12:39:28.243Z"}
[32minfo[39m: [CA 76] Medicine Tab opened {"service":"clinic-automation","timestamp":"2026-02-19T12:39:30.900Z"}
[32minfo[39m: [CA 77] Extract medicines from Medicine Tab {"service":"clinic-automation","timestamp":"2026-02-19T12:39:30.902Z","visitDate":"2026-02-14"}
[32minfo[39m: [CA 78] Medicines extracted from Medicine Tab {"chosenDateIso":"2026-02-14","count":1,"medicines":[{"amount":70,"name":"SPECIALIST CONSULTATION","quantity":1,"unitPrice":1}],"service":"clinic-automation","timestamp":"2026-02-19T12:39:31.923Z","totalRecords":22,"visitDate":"2026-02-14"}
[32minfo[39m: [CA 79] TX History: extracted medicines summary {"count":1,"filteredOut":0,"sample":[{"amount":70,"name":"SPECIALIST CONSULTATION","quantity":1,"unitPrice":1}],"service":"clinic-automation","timestamp":"2026-02-19T12:39:31.925Z"}
[32minfo[39m: [VisitDetails] Extracted data for visit d3a164b7-1b4f-490d-afbf-f9ef6dc1bd14: {"chargeType":"follow","diagnosis":"Missing diagnosis","mcDays":0,"mcStartDate":null,"service":"clinic-automation","timestamp":"2026-02-19T12:39:31.925Z"}
[32minfo[39m: [VisitDetails] Updated visit d3a164b7-1b4f-490d-afbf-f9ef6dc1bd14 with extracted details {"service":"clinic-automation","timestamp":"2026-02-19T12:39:32.844Z"}
[32minfo[39m: [VisitDetails] Successfully extracted details for visit d3a164b7-1b4f-490d-afbf-f9ef6dc1bd14 {"chargeType":"follow","diagnosis":"Missing diagnosis","mcDays":0,"service":"clinic-automation","timestamp":"2026-02-19T12:39:32.844Z"}
[32minfo[39m: [VisitDetails] Batch extraction complete: 1 completed, 0 failed, 0 skipped {"service":"clinic-automation","timestamp":"2026-02-19T12:39:34.142Z"}
[32minfo[39m: 
=== Extraction Summary === {"service":"clinic-automation","timestamp":"2026-02-19T12:39:34.399Z"}
[32minfo[39m: Total visits processed: 1 {"service":"clinic-automation","timestamp":"2026-02-19T12:39:34.399Z"}
[32minfo[39m: âś… Completed: 1 {"service":"clinic-automation","timestamp":"2026-02-19T12:39:34.399Z"}
[32minfo[39m: âťŚ Failed: 0 {"service":"clinic-automation","timestamp":"2026-02-19T12:39:34.400Z"}
[32minfo[39m: âŹ­ď¸Ź  Skipped: 0 {"service":"clinic-automation","timestamp":"2026-02-19T12:39:34.400Z"}
[32minfo[39m: Success rate: 100.0% {"service":"clinic-automation","timestamp":"2026-02-19T12:39:34.400Z"}
[32minfo[39m: Time elapsed: 133.2s {"service":"clinic-automation","timestamp":"2026-02-19T12:39:34.400Z"}
[32minfo[39m: Average time per visit: 133.2s {"service":"clinic-automation","timestamp":"2026-02-19T12:39:34.400Z"}
[32minfo[39m: Browser closed {"service":"clinic-automation","timestamp":"2026-02-19T12:39:34.746Z"}
