[32minfo[39m: === Visit Details Extraction Batch === {"service":"clinic-automation","timestamp":"2026-02-19T12:31:35.804Z"}
[32minfo[39m: Mode: Force re-extract (includes completed visits) {"service":"clinic-automation","timestamp":"2026-02-19T12:31:35.806Z"}
[32minfo[39m: Querying database for visits needing enhancement... {"service":"clinic-automation","timestamp":"2026-02-19T12:31:35.819Z"}
[32minfo[39m: Filtering to visit IDs: d3a164b7-1b4f-490d-afbf-f9ef6dc1bd14, 2c78d589-8d45-4788-99d9-6c619bec31e7 {"service":"clinic-automation","timestamp":"2026-02-19T12:31:35.819Z"}
[32minfo[39m: Filtering to portal scope: MHC, MHCAXA, AIA, AIACLIENT, AVIVA, SINGLIFE, FULLERT, IHP, PARKWAY, ALL, ALLIMED, ALLIANZ, ALLIANCE, GE, NTUC_IM, TOKIOM, ALLIANC, ALLSING, AXAMED, PRUDEN + Allianz tags in patient name {"service":"clinic-automation","timestamp":"2026-02-19T12:31:35.819Z"}
(node:58649) [MODULE_TYPELESS_PACKAGE_JSON] Warning: Module type of file:///Users/vincent/Baselrpacrm/apps/crm/src/lib/rpa/portals.shared.js is not specified and it doesn't parse as CommonJS.
Reparsing as ES module because module syntax was detected. This incurs a performance overhead.
To eliminate this warning, add "type": "module" to /Users/vincent/Baselrpacrm/apps/crm/package.json.
(Use `node --trace-warnings ...` to show where the warning was created)
[32minfo[39m: Found 2 candidate visit(s) {"service":"clinic-automation","timestamp":"2026-02-19T12:31:36.673Z"}
[32minfo[39m: Processing 2 visits (0 skipped) {"service":"clinic-automation","timestamp":"2026-02-19T12:31:36.674Z"}
[32minfo[39m: Launching browser... {"service":"clinic-automation","timestamp":"2026-02-19T12:31:36.676Z"}
[32minfo[39m: Using extension for VPN - proxy auto-discovery disabled {"service":"clinic-automation","timestamp":"2026-02-19T12:31:36.678Z"}
[32minfo[39m: Using Chromium executable: /Users/vincent/Library/Caches/ms-playwright/chromium-1200/chrome-mac-arm64/Google Chrome for Testing.app/Contents/MacOS/Google Chrome for Testing {"service":"clinic-automation","timestamp":"2026-02-19T12:31:36.678Z"}
[32minfo[39m: Filtering out Urban VPN extension {"service":"clinic-automation","timestamp":"2026-02-19T12:31:36.679Z"}
[32minfo[39m: Applied external protocol guard script {"service":"clinic-automation","timestamp":"2026-02-19T12:31:38.911Z"}
[32minfo[39m: Browser launched successfully {"service":"clinic-automation","timestamp":"2026-02-19T12:31:38.912Z"}
[32minfo[39m: Initializing browser and logging in to Clinic Assist... {"service":"clinic-automation","timestamp":"2026-02-19T12:31:39.110Z"}
[32minfo[39m: [CA 01] Login start {"clinicGroup":"ssoc","service":"clinic-automation","timestamp":"2026-02-19T12:31:39.111Z","url":"https://clinicassist.sg:1080/"}
[32minfo[39m: Logging into Clinic Assist... {"service":"clinic-automation","timestamp":"2026-02-19T12:31:39.111Z"}
[32minfo[39m: Username filled {"service":"clinic-automation","timestamp":"2026-02-19T12:31:44.010Z"}
[32minfo[39m: [CA 02] Username filled {"service":"clinic-automation","timestamp":"2026-02-19T12:31:44.011Z"}
[32minfo[39m: Password filled {"service":"clinic-automation","timestamp":"2026-02-19T12:31:44.042Z"}
[32minfo[39m: [CA 03] Password filled {"service":"clinic-automation","timestamp":"2026-02-19T12:31:44.042Z"}
[32minfo[39m: Clinic Group filled: ssoc {"service":"clinic-automation","timestamp":"2026-02-19T12:31:44.048Z"}
[32minfo[39m: [CA 04] Clinic Group filled {"clinicGroup":"ssoc","service":"clinic-automation","timestamp":"2026-02-19T12:31:44.048Z"}
[32minfo[39m: Login button clicked {"service":"clinic-automation","timestamp":"2026-02-19T12:31:44.125Z"}
[32minfo[39m: [CA 05] Login submitted {"service":"clinic-automation","timestamp":"2026-02-19T12:31:44.125Z"}
[32minfo[39m: Clinic Assist 2FA not required (verification inputs disabled) {"service":"clinic-automation","timestamp":"2026-02-19T12:31:47.148Z"}
[32minfo[39m: Successfully logged into Clinic Assist {"service":"clinic-automation","timestamp":"2026-02-19T12:31:47.392Z"}
[32minfo[39m: [CA 06] Login ok {"service":"clinic-automation","timestamp":"2026-02-19T12:31:47.392Z"}
[32minfo[39m: 
Starting batch extraction for 2 visits... {"service":"clinic-automation","timestamp":"2026-02-19T12:31:47.392Z"}
[32minfo[39m: Max retries: 3, Batch size: 100 {"service":"clinic-automation","timestamp":"2026-02-19T12:31:47.392Z"}
[32minfo[39m: [VisitDetails] Starting batch extraction for 2 visits {"service":"clinic-automation","timestamp":"2026-02-19T12:31:48.107Z"}
[32minfo[39m: [VisitDetails] Processing visit 1/2: KIARA SINGH (2026-02-14) {"service":"clinic-automation","timestamp":"2026-02-19T12:31:48.108Z"}
[32minfo[39m: [VisitDetails] Navigating to Patient Page for visit d3a164b7-1b4f-490d-afbf-f9ef6dc1bd14 (KIARA SINGH) {"service":"clinic-automation","timestamp":"2026-02-19T12:31:48.611Z"}
[32minfo[39m: [CA 07] Navigate to Patient Page - START {"service":"clinic-automation","timestamp":"2026-02-19T12:31:48.614Z"}
[32minfo[39m: [CA 08] Current URL before navigation {"service":"clinic-automation","timestamp":"2026-02-19T12:31:48.614Z","url":"https://clinicassist.sg:1080/"}
[32minfo[39m: [CA 09] Need to select Reception/room first before accessing Patient Page {"service":"clinic-automation","timestamp":"2026-02-19T12:31:48.628Z"}
[32minfo[39m: [CA 10] Clicking Reception/room to access system {"selector":"button:has-text(\"Reception\")","service":"clinic-automation","timestamp":"2026-02-19T12:31:49.228Z"}
[32minfo[39m: [CA 11] Reception clicked, checking URL {"newUrl":"https://clinicassist.sg:1080/","service":"clinic-automation","timeTaken":1219,"timestamp":"2026-02-19T12:31:49.847Z"}
[32minfo[39m: [CA 12] Could not click Reception/room, continuing anyway {"service":"clinic-automation","timeTaken":1895,"timestamp":"2026-02-19T12:31:50.523Z"}
[32minfo[39m: [CA 13] Looking for sidebar/hamburger menu {"service":"clinic-automation","timestamp":"2026-02-19T12:31:50.523Z"}
[32minfo[39m: [CA 14] Looking for Patient sidebar link {"service":"clinic-automation","timestamp":"2026-02-19T12:31:50.526Z"}
[32minfo[39m: [CA 15] Could not click Patient link via UI; trying Home -> Patient fallback {"service":"clinic-automation","timestamp":"2026-02-19T12:31:50.534Z","totalTime":1920}
[32minfo[39m: [CA 16] Home->Patient retry URL {"finalUrl":"https://clinicassist.sg:1080/Patient/PatientSearch","service":"clinic-automation","timestamp":"2026-02-19T12:31:54.776Z"}
[32minfo[39m: [CA 17] Navigate to Patient Page - COMPLETE {"service":"clinic-automation","timestamp":"2026-02-19T12:31:54.776Z","totalTime":6162}
[32minfo[39m: [VisitDetails] Searching for patient by number: 77546 (KIARA SINGH) {"service":"clinic-automation","timestamp":"2026-02-19T12:31:54.777Z"}
[32minfo[39m: [CA 18] Search patient by number {"patientNumber":"77546","service":"clinic-automation","timestamp":"2026-02-19T12:31:54.777Z"}
[32minfo[39m: [CA 19] Pressing Enter to execute search (may need to dismiss dialog first) {"service":"clinic-automation","timestamp":"2026-02-19T12:31:55.574Z"}
[32minfo[39m: [CA 20] Patient search executed by number (Enter key x2) {"patientNumber":"77546","service":"clinic-automation","timestamp":"2026-02-19T12:31:56.696Z"}
[32minfo[39m: [VisitDetails] Opening patient record by number: 77546 {"service":"clinic-automation","timestamp":"2026-02-19T12:31:58.700Z"}
[32minfo[39m: [CA 21] Open patient from search results by number {"patientNumber":"77546","service":"clinic-automation","timestamp":"2026-02-19T12:31:58.702Z"}
[32minfo[39m: [CA 22] Found patient row by number {"hasLink":true,"rowIndex":1,"service":"clinic-automation","timestamp":"2026-02-19T12:32:00.713Z"}
[32minfo[39m: [CA 23] Clicked patient link via filter method {"service":"clinic-automation","timestamp":"2026-02-19T12:32:00.780Z"}
[32minfo[39m: [CA 24] Patient opened from search results by number {"service":"clinic-automation","timestamp":"2026-02-19T12:32:02.784Z"}
[32minfo[39m: [VisitDetails] Extracting NRIC from biodata page for: KIARA SINGH {"service":"clinic-automation","timestamp":"2026-02-19T12:32:04.789Z"}
[32minfo[39m: [CA 25] Get patient NRIC {"service":"clinic-automation","timestamp":"2026-02-19T12:32:04.790Z"}
[32minfo[39m: [CA 26] Extract NRIC from patient biodata/info page {"service":"clinic-automation","timestamp":"2026-02-19T12:32:04.791Z"}
[32minfo[39m: [CA 27] NRIC found in input field {"nric":"T1722895H","selector":"input[name*=\"nric\" i]","service":"clinic-automation","timestamp":"2026-02-19T12:32:13.472Z"}
[32minfo[39m: [VisitDetails] Found NRIC: T1722895H for patient: KIARA SINGH {"service":"clinic-automation","timestamp":"2026-02-19T12:32:13.473Z"}
[32minfo[39m: [VisitDetails] Updated visit d3a164b7-1b4f-490d-afbf-f9ef6dc1bd14 with NRIC: T1722895H {"service":"clinic-automation","timestamp":"2026-02-19T12:32:14.056Z"}
[32minfo[39m: [VisitDetails] Extracting charge type, diagnosis, and MC data for visit d3a164b7-1b4f-490d-afbf-f9ef6dc1bd14 on 2026-02-14 {"service":"clinic-automation","timestamp":"2026-02-19T12:32:14.056Z"}
[32minfo[39m: [CA 28] Get charge type, diagnosis, and MC data for visit date {"service":"clinic-automation","timestamp":"2026-02-19T12:32:14.058Z","visitDate":"2026-02-14"}
[32minfo[39m: [CA 29] Check for First Consult on visit date {"service":"clinic-automation","timestamp":"2026-02-19T12:32:14.058Z","visitDate":"2026-02-14"}
[32minfo[39m: [CA 30] Navigate to TX History {"service":"clinic-automation","timestamp":"2026-02-19T12:32:14.058Z"}
[32minfo[39m: [CA 31] Navigated to TX History {"service":"clinic-automation","timestamp":"2026-02-19T12:32:17.209Z"}
[32minfo[39m: [CA 32] Open All Tab in TX History {"service":"clinic-automation","timestamp":"2026-02-19T12:32:17.211Z"}
[32minfo[39m: [CA 33] All Tab opened {"service":"clinic-automation","timestamp":"2026-02-19T12:32:49.639Z"}
[32minfo[39m: [CA 34] First Consult check result {"found":false,"service":"clinic-automation","timestamp":"2026-02-19T12:32:51.711Z","visitDate":"2026-02-14"}
[32minfo[39m: [CA 35] Charge type determined {"chargeType":"follow","hasFirstConsult":false,"service":"clinic-automation","timestamp":"2026-02-19T12:32:51.711Z","visitDate":"2026-02-14"}
[32minfo[39m: [CA 36] MC extraction from TX History disabled; using defaults {"mcDays":0,"mcStartDate":null,"service":"clinic-automation","timestamp":"2026-02-19T12:32:51.711Z"}
[32minfo[39m: [CA 37] Open Diagnosis Tab {"service":"clinic-automation","timestamp":"2026-02-19T12:32:51.712Z"}
[32minfo[39m: [CA 38] Diagnosis Tab opened {"service":"clinic-automation","timestamp":"2026-02-19T12:32:54.814Z"}
[32minfo[39m: [CA 39] Extract diagnosis for visit date {"service":"clinic-automation","timestamp":"2026-02-19T12:32:54.817Z","visitDate":"2026-02-14"}
[32minfo[39m: [CA 40] No exact diagnosis date match; using most recent on/before visit date {"code":"S10","date":"07/02/2026","description":"LAB TEST (THYROID SCREEN-TS10)","service":"clinic-automation","timestamp":"2026-02-19T12:32:55.838Z","visitDate":"2026-02-14"}
[32minfo[39m: [CA 41] Rejected weak diagnosis candidate {"date":"07/02/2026","description":"LAB TEST (THYROID SCREEN-TS10)","score":-16.4,"service":"clinic-automation","source":"diagnosis_tab","timestamp":"2026-02-19T12:32:55.844Z"}
[32minfo[39m: [CA 42] Extract latest diagnosis from Diagnosis tab {"service":"clinic-automation","timestamp":"2026-02-19T12:32:55.845Z"}
[32minfo[39m: [CA 43] No diagnosis found in Diagnosis tab {"service":"clinic-automation","timestamp":"2026-02-19T12:32:56.858Z"}
[32minfo[39m: [CA 44] Diagnosis not found in Diagnosis tab, trying raw Diagnosis extraction {"service":"clinic-automation","timestamp":"2026-02-19T12:32:56.859Z"}
[32minfo[39m: [CA 45] Extract diagnosis from TX History {"service":"clinic-automation","timestamp":"2026-02-19T12:32:56.860Z"}
[32minfo[39m: [CA 46] No diagnosis found in TX History {"service":"clinic-automation","timestamp":"2026-02-19T12:32:57.900Z"}
[32minfo[39m: [CA 47] Diagnosis requires broadened source search {"currentDate":null,"currentDiagnosis":"","currentSource":null,"service":"clinic-automation","timestamp":"2026-02-19T12:32:57.900Z"}
[32minfo[39m: [CA 48] Checking All tab for better diagnosis candidate {"service":"clinic-automation","timestamp":"2026-02-19T12:32:57.900Z"}
[32minfo[39m: [CA 49] Extract diagnosis from All tab {"service":"clinic-automation","timestamp":"2026-02-19T12:32:57.901Z","visitDate":"2026-02-14"}
[32minfo[39m: [CA 50] Navigate to TX History {"service":"clinic-automation","timestamp":"2026-02-19T12:32:57.901Z"}
[32minfo[39m: [CA 51] Navigated to TX History {"service":"clinic-automation","timestamp":"2026-02-19T12:33:00.959Z"}
[32minfo[39m: [CA 52] Open All Tab in TX History {"service":"clinic-automation","timestamp":"2026-02-19T12:33:00.961Z"}
[32minfo[39m: [CA 53] All Tab opened {"service":"clinic-automation","timestamp":"2026-02-19T12:33:33.402Z"}
[32minfo[39m: [CA 54] No diagnosis found in All tab {"service":"clinic-automation","timestamp":"2026-02-19T12:33:34.925Z"}
[32minfo[39m: [CA 55] Checking Visit tab for better diagnosis candidate {"service":"clinic-automation","timestamp":"2026-02-19T12:33:34.926Z"}
[32minfo[39m: [CA 56] Extract diagnosis from Visit Tab {"service":"clinic-automation","timestamp":"2026-02-19T12:33:34.927Z","visitDate":"2026-02-14"}
[32minfo[39m: [CA 57] Open Visit Tab {"service":"clinic-automation","timestamp":"2026-02-19T12:33:34.928Z"}
[32minfo[39m: [CA 58] Visit Tab opened {"service":"clinic-automation","timestamp":"2026-02-19T12:33:36.647Z"}
[32minfo[39m: [CA 59] No diagnosis found in Visit tab {"service":"clinic-automation","timestamp":"2026-02-19T12:33:37.463Z"}
[32minfo[39m: [CA 60] Checking Past Notes for better diagnosis candidate {"service":"clinic-automation","timestamp":"2026-02-19T12:33:37.464Z"}
[32minfo[39m: [CA 61] Extract diagnosis from Past Notes {"service":"clinic-automation","timestamp":"2026-02-19T12:33:37.473Z","visitDate":"2026-02-14"}
[32minfo[39m: [CA 62] Navigate to TX History {"service":"clinic-automation","timestamp":"2026-02-19T12:33:37.473Z"}
[32minfo[39m: [CA 63] Navigated to TX History {"service":"clinic-automation","timestamp":"2026-02-19T12:33:40.544Z"}
[32minfo[39m: [CA 64] Open Past Notes Tab {"service":"clinic-automation","timestamp":"2026-02-19T12:33:40.547Z"}
[32minfo[39m: [CA 65] Past Notes Tab opened {"service":"clinic-automation","timestamp":"2026-02-19T12:33:44.744Z"}
[32minfo[39m: [CA 66] Past Notes entries expanded {"service":"clinic-automation","timestamp":"2026-02-19T12:33:44.784Z","totalClicked":1,"visitDate":"2026-02-14"}
[32minfo[39m: [CA 67] No diagnosis found in Past Notes for visit date {"service":"clinic-automation","timestamp":"2026-02-19T12:33:47.206Z"}
[32minfo[39m: [CA 68] Extract diagnosis intent from Past Notes {"service":"clinic-automation","timestamp":"2026-02-19T12:33:47.211Z","visitDate":"2026-02-14"}
[32minfo[39m: [CA 69] Open Past Notes Tab {"service":"clinic-automation","timestamp":"2026-02-19T12:33:47.211Z"}
[32minfo[39m: [CA 70] Past Notes context already open {"service":"clinic-automation","timestamp":"2026-02-19T12:33:53.390Z"}
[32minfo[39m: [CA 71] Past Notes entries expanded {"service":"clinic-automation","timestamp":"2026-02-19T12:33:53.445Z","totalClicked":1,"visitDate":"2026-02-14"}
[32minfo[39m: [CA 72] Past Notes intent debug (no match) {"baseBodyPart":null,"evidence":["00ssoc14/02/2026pcr specialist consultation1","00ssoc12/01/2026pcr specialist consultation1","00ssoc24/12/2025pcr specialist consultation1","00ssoc22/11/2025pcr specialist consultation1","00ssoc14/11/2025pcr specialist consultation1","00ssoc14/11/2025pcr specialist first consultation1","specialist consultation - qty(1"],"poolSize":2,"service":"clinic-automation","targetDateStr":"14/02/2026","targetDateStrAlt":"02/14/2026","timestamp":"2026-02-19T12:33:55.874Z","title":"Patient Biodata","url":"https://clinicassist.sg:1080/QueueLog/PatientVisit?queryString=OvxTLXGfv5rvSGmNADmORk3Bf36JJE98L8hWRl3DgvdlTLV3BAQe1kizHXQHO/noS8pH26919SpmDeMzzc8dEkPKJyUpFNNN"}
[32minfo[39m: [CA 73] No diagnosis intent found in Past Notes {"service":"clinic-automation","timestamp":"2026-02-19T12:33:55.874Z"}
[32minfo[39m: [CA 74] Extracting medicines for visit date {"service":"clinic-automation","timestamp":"2026-02-19T12:33:55.886Z","visitDate":"2026-02-14"}
[32minfo[39m: [CA 75] Open Medicine Tab {"service":"clinic-automation","timestamp":"2026-02-19T12:33:55.886Z"}
[32minfo[39m: [CA 76] Medicine Tab opened {"service":"clinic-automation","timestamp":"2026-02-19T12:33:58.553Z"}
[32minfo[39m: [CA 77] Extract medicines from Medicine Tab {"service":"clinic-automation","timestamp":"2026-02-19T12:33:58.555Z","visitDate":"2026-02-14"}
[32minfo[39m: [CA 78] Medicines extracted from Medicine Tab {"chosenDateIso":"2026-02-14","count":1,"medicines":[{"amount":70,"name":"SPECIALIST CONSULTATION","quantity":1,"unitPrice":1}],"service":"clinic-automation","timestamp":"2026-02-19T12:33:59.577Z","totalRecords":22,"visitDate":"2026-02-14"}
[32minfo[39m: [CA 79] TX History: extracted medicines summary {"count":1,"filteredOut":0,"sample":[{"amount":70,"name":"SPECIALIST CONSULTATION","quantity":1,"unitPrice":1}],"service":"clinic-automation","timestamp":"2026-02-19T12:33:59.578Z"}
[32minfo[39m: [VisitDetails] Extracted data for visit d3a164b7-1b4f-490d-afbf-f9ef6dc1bd14: {"chargeType":"follow","diagnosis":"Missing diagnosis","mcDays":0,"mcStartDate":null,"service":"clinic-automation","timestamp":"2026-02-19T12:33:59.579Z"}
[32minfo[39m: [VisitDetails] Updated visit d3a164b7-1b4f-490d-afbf-f9ef6dc1bd14 with extracted details {"service":"clinic-automation","timestamp":"2026-02-19T12:34:00.797Z"}
[32minfo[39m: [VisitDetails] Successfully extracted details for visit d3a164b7-1b4f-490d-afbf-f9ef6dc1bd14 {"chargeType":"follow","diagnosis":"Missing diagnosis","mcDays":0,"service":"clinic-automation","timestamp":"2026-02-19T12:34:00.798Z"}
[32minfo[39m: [VisitDetails] Processing visit 2/2: WOO CHERN SEE (2026-02-13) {"service":"clinic-automation","timestamp":"2026-02-19T12:34:02.102Z"}
[32minfo[39m: [VisitDetails] Navigating to Patient Page for visit 2c78d589-8d45-4788-99d9-6c619bec31e7 (WOO CHERN SEE) {"service":"clinic-automation","timestamp":"2026-02-19T12:34:02.699Z"}
[32minfo[39m: [CA 80] Navigate to Patient Page - START {"service":"clinic-automation","timestamp":"2026-02-19T12:34:02.700Z"}
[32minfo[39m: [CA 81] Current URL before navigation {"service":"clinic-automation","timestamp":"2026-02-19T12:34:02.700Z","url":"https://clinicassist.sg:1080/QueueLog/PatientVisit?queryString=OvxTLXGfv5rvSGmNADmORk3Bf36JJE98L8hWRl3DgvdlTLV3BAQe1kizHXQHO/noS8pH26919SpmDeMzzc8dEkPKJyUpFNNN"}
[32minfo[39m: [CA 82] Force-cleared blocking history overlay {"changedNodes":2,"service":"clinic-automation","timestamp":"2026-02-19T12:34:02.710Z"}
[32minfo[39m: [CA 83] QueueLog: navigated Home before Patient search {"currentUrl":"https://clinicassist.sg:1080/QueueLog/PatientVisit?queryString=OvxTLXGfv5rvSGmNADmORk3Bf36JJE98L8hWRl3DgvdlTLV3BAQe1kizHXQHO/noS8pH26919SpmDeMzzc8dEkPKJyUpFNNN","service":"clinic-automation","timestamp":"2026-02-19T12:34:06.285Z"}
[32minfo[39m: [CA 84] Already in Reception or Patient page, proceeding {"currentUrl":"https://clinicassist.sg:1080/QueueLog/PatientVisit?queryString=OvxTLXGfv5rvSGmNADmORk3Bf36JJE98L8hWRl3DgvdlTLV3BAQe1kizHXQHO/noS8pH26919SpmDeMzzc8dEkPKJyUpFNNN","service":"clinic-automation","timestamp":"2026-02-19T12:34:06.323Z"}
[32minfo[39m: [CA 85] Looking for sidebar/hamburger menu {"service":"clinic-automation","timestamp":"2026-02-19T12:34:06.323Z"}
[32minfo[39m: [CA 86] Found menu toggle, clicking {"selector":"[class*=\"nav-toggle\"]","service":"clinic-automation","timestamp":"2026-02-19T12:34:06.331Z"}
[32minfo[39m: [CA 87] Looking for Patient sidebar link {"service":"clinic-automation","timestamp":"2026-02-19T12:34:06.542Z"}
[32minfo[39m: [CA 88] Force-cleared blocking history overlay {"changedNodes":1,"service":"clinic-automation","timestamp":"2026-02-19T12:34:06.547Z"}
[32minfo[39m: [CA 89] Force-cleared blocking history overlay {"changedNodes":1,"service":"clinic-automation","timestamp":"2026-02-19T12:34:06.759Z"}
[32minfo[39m: [CA 90] Patient link status {"count":1,"isVisible":true,"selector":"a.SideMenuList[cat=\"Patient\"]","service":"clinic-automation","timestamp":"2026-02-19T12:34:06.968Z"}
[32minfo[39m: [CA 91] Clicking Patient sidebar link via UI {"selector":"a.SideMenuList[cat=\"Patient\"]","service":"clinic-automation","timestamp":"2026-02-19T12:34:06.969Z"}
[32minfo[39m: [CA 92] Playwright click failed, trying JavaScript click {"error":"locator.click: Timeout 3000ms exceeded.\nCall log:\n\u001b[2m  - waiting for locator('a.SideMenuList[cat=\"Patient\"]').first()\u001b[22m\n\u001b[2m    - locator resolved to <a href=\"\" cat=\"Patient\" title=\"Patient\" class=\"SideMenuList\" data-placement=\"right\">…</a>\u001b[22m\n\u001b[2m  - attempting click action\u001b[22m\n\u001b[2m    2 × waiting for element to be visible, enabled and stable\u001b[22m\n\u001b[2m      - element is visible, enabled and stable\u001b[22m\n\u001b[2m      - scrolling into view if needed\u001b[22m\n\u001b[2m      - done scrolling\u001b[22m\n\u001b[2m      - <div dra=\"\" tabindex=\"-1\" role=\"dialog\" class=\"modal in\" aria-hidden=\"false\" data-keyboard=\"false\" id=\"alertDetailsModal\" data-backdrop=\"static\" aria-labelledby=\"myModalLabel\">…</div> intercepts pointer events\u001b[22m\n\u001b[2m    - retrying click action\u001b[22m\n\u001b[2m    - waiting 20ms\u001b[22m\n\u001b[2m    2 × waiting for element to be visible, enabled and stable\u001b[22m\n\u001b[2m      - element is visible, enabled and stable\u001b[22m\n\u001b[2m      - scrolling into view if needed\u001b[22m\n\u001b[2m      - done scrolling\u001b[22m\n\u001b[2m      - <div dra=\"\" tabindex=\"-1\" role=\"dialog\" class=\"modal in\" aria-hidden=\"false\" data-keyboard=\"false\" id=\"alertDetailsModal\" data-backdrop=\"static\" aria-labelledby=\"myModalLabel\">…</div> intercepts pointer events\u001b[22m\n\u001b[2m    - retrying click action\u001b[22m\n\u001b[2m      - waiting 100ms\u001b[22m\n\u001b[2m    6 × waiting for element to be visible, enabled and stable\u001b[22m\n\u001b[2m      - element is visible, enabled and stable\u001b[22m\n\u001b[2m      - scrolling into view if needed\u001b[22m\n\u001b[2m      - done scrolling\u001b[22m\n\u001b[2m      - <div dra=\"\" tabindex=\"-1\" role=\"dialog\" class=\"modal in\" aria-hidden=\"false\" data-keyboard=\"false\" id=\"alertDetailsModal\" data-backdrop=\"static\" aria-labelledby=\"myModalLabel\">…</div> intercepts pointer events\u001b[22m\n\u001b[2m    - retrying click action\u001b[22m\n\u001b[2m      - waiting 500ms\u001b[22m\n","service":"clinic-automation","timestamp":"2026-02-19T12:34:09.975Z"}
[32minfo[39m: [CA 93] Patient link clicked via JavaScript {"service":"clinic-automation","timeTaken":3252,"timestamp":"2026-02-19T12:34:10.001Z"}
[32minfo[39m: [CA 94] After Patient click, checking URL {"finalUrl":"https://clinicassist.sg:1080/Patient/PatientSearch","service":"clinic-automation","timestamp":"2026-02-19T12:34:12.955Z","totalTime":6632}
[32minfo[39m: [CA 95] Successfully navigated to Patient Page via UI click {"finalUrl":"https://clinicassist.sg:1080/Patient/PatientSearch","service":"clinic-automation","timestamp":"2026-02-19T12:34:12.956Z","totalTime":10256}
[32minfo[39m: [CA 96] Navigate to Patient Page - COMPLETE {"service":"clinic-automation","timestamp":"2026-02-19T12:34:12.956Z","totalTime":10256}
[32minfo[39m: [VisitDetails] Searching for patient by number: 78227 (WOO CHERN SEE) {"service":"clinic-automation","timestamp":"2026-02-19T12:34:12.956Z"}
[32minfo[39m: [CA 97] Search patient by number {"patientNumber":"78227","service":"clinic-automation","timestamp":"2026-02-19T12:34:12.957Z"}
[32minfo[39m: [CA 98] Pressing Enter to execute search (may need to dismiss dialog first) {"service":"clinic-automation","timestamp":"2026-02-19T12:34:13.816Z"}
[32minfo[39m: [CA 99] Patient search executed by number (Enter key x2) {"patientNumber":"78227","service":"clinic-automation","timestamp":"2026-02-19T12:34:14.936Z"}
[32minfo[39m: [VisitDetails] Opening patient record by number: 78227 {"service":"clinic-automation","timestamp":"2026-02-19T12:34:16.940Z"}
[32minfo[39m: [CA 100] Open patient from search results by number {"patientNumber":"78227","service":"clinic-automation","timestamp":"2026-02-19T12:34:16.941Z"}
[32minfo[39m: [CA 101] Found patient row by number {"hasLink":true,"rowIndex":1,"service":"clinic-automation","timestamp":"2026-02-19T12:34:18.957Z"}
[32minfo[39m: [CA 102] Clicked patient link via filter method {"service":"clinic-automation","timestamp":"2026-02-19T12:34:19.020Z"}
[32minfo[39m: [CA 103] Patient opened from search results by number {"service":"clinic-automation","timestamp":"2026-02-19T12:34:21.023Z"}
[32minfo[39m: [VisitDetails] Extracting NRIC from biodata page for: WOO CHERN SEE {"service":"clinic-automation","timestamp":"2026-02-19T12:34:23.024Z"}
[32minfo[39m: [CA 104] Get patient NRIC {"service":"clinic-automation","timestamp":"2026-02-19T12:34:23.025Z"}
[32minfo[39m: [CA 105] Extract NRIC from patient biodata/info page {"service":"clinic-automation","timestamp":"2026-02-19T12:34:23.025Z"}
[32minfo[39m: [CA 106] NRIC found in input field {"nric":"T0801699I","selector":"input[name*=\"nric\" i]","service":"clinic-automation","timestamp":"2026-02-19T12:34:25.673Z"}
[32minfo[39m: [VisitDetails] Found NRIC: T0801699I for patient: WOO CHERN SEE {"service":"clinic-automation","timestamp":"2026-02-19T12:34:25.673Z"}
[32minfo[39m: [VisitDetails] Updated visit 2c78d589-8d45-4788-99d9-6c619bec31e7 with NRIC: T0801699I {"service":"clinic-automation","timestamp":"2026-02-19T12:34:25.982Z"}
[32minfo[39m: [VisitDetails] Extracting charge type, diagnosis, and MC data for visit 2c78d589-8d45-4788-99d9-6c619bec31e7 on 2026-02-13 {"service":"clinic-automation","timestamp":"2026-02-19T12:34:25.982Z"}
[32minfo[39m: [CA 107] Get charge type, diagnosis, and MC data for visit date {"service":"clinic-automation","timestamp":"2026-02-19T12:34:25.983Z","visitDate":"2026-02-13"}
[32minfo[39m: [CA 108] Check for First Consult on visit date {"service":"clinic-automation","timestamp":"2026-02-19T12:34:25.983Z","visitDate":"2026-02-13"}
[32minfo[39m: [CA 109] Navigate to TX History {"service":"clinic-automation","timestamp":"2026-02-19T12:34:25.983Z"}
[32minfo[39m: [CA 110] Navigated to TX History {"service":"clinic-automation","timestamp":"2026-02-19T12:34:29.059Z"}
[32minfo[39m: [CA 111] Open All Tab in TX History {"service":"clinic-automation","timestamp":"2026-02-19T12:34:29.060Z"}
[32minfo[39m: [CA 112] All Tab opened {"service":"clinic-automation","timestamp":"2026-02-19T12:35:01.498Z"}
[32minfo[39m: [CA 113] First Consult check result {"found":true,"service":"clinic-automation","timestamp":"2026-02-19T12:35:03.513Z","visitDate":"2026-02-13"}
[32minfo[39m: [CA 114] Charge type determined {"chargeType":"first","hasFirstConsult":true,"service":"clinic-automation","timestamp":"2026-02-19T12:35:03.514Z","visitDate":"2026-02-13"}
[32minfo[39m: [CA 115] MC extraction from TX History disabled; using defaults {"mcDays":0,"mcStartDate":null,"service":"clinic-automation","timestamp":"2026-02-19T12:35:03.514Z"}
[32minfo[39m: [CA 116] Open Diagnosis Tab {"service":"clinic-automation","timestamp":"2026-02-19T12:35:03.514Z"}
[32minfo[39m: [CA 117] Diagnosis Tab opened {"service":"clinic-automation","timestamp":"2026-02-19T12:35:06.635Z"}
[32minfo[39m: [CA 118] Extract diagnosis for visit date {"service":"clinic-automation","timestamp":"2026-02-19T12:35:06.635Z","visitDate":"2026-02-13"}
[32minfo[39m: [CA 119] Found diagnosis for visit date {"code":"M54.5","date":"13/02/2026","description":"Low back pain","service":"clinic-automation","timestamp":"2026-02-19T12:35:07.654Z"}
[32minfo[39m: [CA 120] Extracting medicines for visit date {"service":"clinic-automation","timestamp":"2026-02-19T12:35:07.660Z","visitDate":"2026-02-13"}
[32minfo[39m: [CA 121] Open Medicine Tab {"service":"clinic-automation","timestamp":"2026-02-19T12:35:07.660Z"}
[32minfo[39m: [CA 122] Medicine Tab opened {"service":"clinic-automation","timestamp":"2026-02-19T12:35:10.268Z"}
[32minfo[39m: [CA 123] Extract medicines from Medicine Tab {"service":"clinic-automation","timestamp":"2026-02-19T12:35:10.268Z","visitDate":"2026-02-13"}
[32minfo[39m: [CA 124] Medicines extracted from Medicine Tab {"chosenDateIso":"2026-02-13","count":2,"medicines":[{"amount":120,"name":"SPECIALIST FIRST CONSULTATION","quantity":1,"unitPrice":1},{"amount":54.5,"name":"Low back pain","quantity":54.5,"unitPrice":1}],"service":"clinic-automation","timestamp":"2026-02-19T12:35:11.286Z","totalRecords":2,"visitDate":"2026-02-13"}
[32minfo[39m: [CA 125] TX History: extracted medicines summary {"count":2,"filteredOut":0,"sample":[{"amount":120,"name":"SPECIALIST FIRST CONSULTATION","quantity":1,"unitPrice":1},{"amount":54.5,"name":"Low back pain","quantity":54.5,"unitPrice":1}],"service":"clinic-automation","timestamp":"2026-02-19T12:35:11.287Z"}
[32minfo[39m: [VisitDetails] Extracted data for visit 2c78d589-8d45-4788-99d9-6c619bec31e7: {"chargeType":"first","diagnosis":"Low back pain","mcDays":0,"mcStartDate":null,"service":"clinic-automation","timestamp":"2026-02-19T12:35:11.287Z"}
[32minfo[39m: [VisitDetails] Updated visit 2c78d589-8d45-4788-99d9-6c619bec31e7 with extracted details {"service":"clinic-automation","timestamp":"2026-02-19T12:35:12.037Z"}
[32minfo[39m: [VisitDetails] Successfully extracted details for visit 2c78d589-8d45-4788-99d9-6c619bec31e7 {"chargeType":"first","diagnosis":"Low back pain","mcDays":0,"service":"clinic-automation","timestamp":"2026-02-19T12:35:12.038Z"}
[32minfo[39m: [VisitDetails] Batch extraction complete: 2 completed, 0 failed, 0 skipped {"service":"clinic-automation","timestamp":"2026-02-19T12:35:13.335Z"}
[32minfo[39m: 
=== Extraction Summary === {"service":"clinic-automation","timestamp":"2026-02-19T12:35:13.587Z"}
[32minfo[39m: Total visits processed: 2 {"service":"clinic-automation","timestamp":"2026-02-19T12:35:13.588Z"}
[32minfo[39m: ✅ Completed: 2 {"service":"clinic-automation","timestamp":"2026-02-19T12:35:13.588Z"}
[32minfo[39m: ❌ Failed: 0 {"service":"clinic-automation","timestamp":"2026-02-19T12:35:13.588Z"}
[32minfo[39m: ⏭️  Skipped: 0 {"service":"clinic-automation","timestamp":"2026-02-19T12:35:13.588Z"}
[32minfo[39m: Success rate: 100.0% {"service":"clinic-automation","timestamp":"2026-02-19T12:35:13.588Z"}
[32minfo[39m: Time elapsed: 206.2s {"service":"clinic-automation","timestamp":"2026-02-19T12:35:13.589Z"}
[32minfo[39m: Average time per visit: 103.1s {"service":"clinic-automation","timestamp":"2026-02-19T12:35:13.589Z"}
[32minfo[39m: Browser closed {"service":"clinic-automation","timestamp":"2026-02-19T12:35:13.854Z"}
