[32minfo[39m: === Visit Details Extraction Batch === {"service":"clinic-automation","timestamp":"2026-02-14T08:49:56.945Z"}
[32minfo[39m: Mode: Force re-extract (includes completed visits) {"service":"clinic-automation","timestamp":"2026-02-14T08:49:56.949Z"}
[32minfo[39m: Querying database for visits needing enhancement... {"service":"clinic-automation","timestamp":"2026-02-14T08:49:56.962Z"}
[32minfo[39m: Filtering to visit IDs: 60e0c382-d6cb-4d35-a5b9-e17ce5b20c73 {"service":"clinic-automation","timestamp":"2026-02-14T08:49:56.963Z"}
[32minfo[39m: Filtering to portal scope: MHC, FULLERT, IHP, ALL, ALLIANZ, ALLIANCE, AIA, GE, AIACLIENT, AVIVA, SINGLIFE + Allianz tags in patient name {"service":"clinic-automation","timestamp":"2026-02-14T08:49:56.963Z"}
(node:65782) [MODULE_TYPELESS_PACKAGE_JSON] Warning: Module type of file:///Users/vincent/Baselrpacrm/apps/crm/src/lib/rpa/portals.shared.js is not specified and it doesn't parse as CommonJS.
Reparsing as ES module because module syntax was detected. This incurs a performance overhead.
To eliminate this warning, add "type": "module" to /Users/vincent/Baselrpacrm/apps/crm/package.json.
(Use `node --trace-warnings ...` to show where the warning was created)
[32minfo[39m: Found 1 candidate visit(s) {"service":"clinic-automation","timestamp":"2026-02-14T08:49:57.605Z"}
[32minfo[39m: Processing 1 visits (0 skipped) {"service":"clinic-automation","timestamp":"2026-02-14T08:49:57.605Z"}
[32minfo[39m: Launching browser... {"service":"clinic-automation","timestamp":"2026-02-14T08:49:57.606Z"}
[32minfo[39m: Using extension for VPN - proxy auto-discovery disabled {"service":"clinic-automation","timestamp":"2026-02-14T08:49:57.608Z"}
[32minfo[39m: Using Chromium executable: /Users/vincent/Library/Caches/ms-playwright/chromium-1200/chrome-mac-arm64/Google Chrome for Testing.app/Contents/MacOS/Google Chrome for Testing {"service":"clinic-automation","timestamp":"2026-02-14T08:49:57.608Z"}
[32minfo[39m: Filtering out Urban VPN extension {"service":"clinic-automation","timestamp":"2026-02-14T08:49:57.608Z"}
[32minfo[39m: Applied external protocol guard script {"service":"clinic-automation","timestamp":"2026-02-14T08:50:01.849Z"}
[32minfo[39m: Browser launched successfully {"service":"clinic-automation","timestamp":"2026-02-14T08:50:01.859Z"}
[32minfo[39m: Initializing browser and logging in to Clinic Assist... {"service":"clinic-automation","timestamp":"2026-02-14T08:50:02.022Z"}
[32minfo[39m: [CA 01] Login start {"clinicGroup":"ssoc","service":"clinic-automation","timestamp":"2026-02-14T08:50:02.027Z","url":"https://clinicassist.sg:1080/"}
[32minfo[39m: Logging into Clinic Assist... {"service":"clinic-automation","timestamp":"2026-02-14T08:50:02.027Z"}
[32minfo[39m: Username filled {"service":"clinic-automation","timestamp":"2026-02-14T08:50:05.693Z"}
[32minfo[39m: [CA 02] Username filled {"service":"clinic-automation","timestamp":"2026-02-14T08:50:05.693Z"}
[32minfo[39m: Password filled {"service":"clinic-automation","timestamp":"2026-02-14T08:50:05.931Z"}
[32minfo[39m: [CA 03] Password filled {"service":"clinic-automation","timestamp":"2026-02-14T08:50:05.931Z"}
[32minfo[39m: Clinic Group filled: ssoc {"service":"clinic-automation","timestamp":"2026-02-14T08:50:05.973Z"}
[32minfo[39m: [CA 04] Clinic Group filled {"clinicGroup":"ssoc","service":"clinic-automation","timestamp":"2026-02-14T08:50:05.973Z"}
[32minfo[39m: Login button clicked {"service":"clinic-automation","timestamp":"2026-02-14T08:50:06.175Z"}
[32minfo[39m: [CA 05] Login submitted {"service":"clinic-automation","timestamp":"2026-02-14T08:50:06.175Z"}
[32minfo[39m: Clinic Assist 2FA not required (verification inputs disabled) {"service":"clinic-automation","timestamp":"2026-02-14T08:50:09.188Z"}
[32minfo[39m: Successfully logged into Clinic Assist {"service":"clinic-automation","timestamp":"2026-02-14T08:50:09.429Z"}
[32minfo[39m: [CA 06] Login ok {"service":"clinic-automation","timestamp":"2026-02-14T08:50:09.429Z"}
[32minfo[39m: 
Starting batch extraction for 1 visits... {"service":"clinic-automation","timestamp":"2026-02-14T08:50:09.429Z"}
[32minfo[39m: Max retries: 3, Batch size: 100 {"service":"clinic-automation","timestamp":"2026-02-14T08:50:09.429Z"}
[32minfo[39m: [VisitDetails] Starting batch extraction for 1 visits {"service":"clinic-automation","timestamp":"2026-02-14T08:50:10.543Z"}
[32minfo[39m: [VisitDetails] Processing visit 1/1: ENG CHAI PIN ELYNE XANDRIA (2026-02-03) {"service":"clinic-automation","timestamp":"2026-02-14T08:50:10.543Z"}
[32minfo[39m: [VisitDetails] Navigating to Patient Page for visit 60e0c382-d6cb-4d35-a5b9-e17ce5b20c73 (ENG CHAI PIN ELYNE XANDRIA) {"service":"clinic-automation","timestamp":"2026-02-14T08:50:11.006Z"}
[32minfo[39m: [CA 07] Navigate to Patient Page - START {"service":"clinic-automation","timestamp":"2026-02-14T08:50:11.009Z"}
[32minfo[39m: [CA 08] Current URL before navigation {"service":"clinic-automation","timestamp":"2026-02-14T08:50:11.009Z","url":"https://clinicassist.sg:1080/"}
[32minfo[39m: [CA 09] Need to select Reception/room first before accessing Patient Page {"service":"clinic-automation","timestamp":"2026-02-14T08:50:11.017Z"}
[32minfo[39m: [CA 10] Clicking Reception/room to access system {"selector":"button:has-text(\"Reception\")","service":"clinic-automation","timestamp":"2026-02-14T08:50:11.594Z"}
[32minfo[39m: [CA 11] Reception clicked, checking URL {"newUrl":"https://clinicassist.sg:1080/Home/Reception","service":"clinic-automation","timeTaken":1157,"timestamp":"2026-02-14T08:50:12.174Z"}
[32minfo[39m: [CA 12] Successfully entered Reception room {"newUrl":"https://clinicassist.sg:1080/Home/Reception","service":"clinic-automation","timeTaken":1164,"timestamp":"2026-02-14T08:50:12.182Z"}
[32minfo[39m: [CA 13] Looking for sidebar/hamburger menu {"service":"clinic-automation","timestamp":"2026-02-14T08:50:12.182Z"}
[32minfo[39m: [CA 14] Looking for Patient sidebar link {"service":"clinic-automation","timestamp":"2026-02-14T08:50:12.185Z"}
[32minfo[39m: [CA 15] Could not click Patient link via UI; trying Home -> Patient fallback {"service":"clinic-automation","timestamp":"2026-02-14T08:50:12.196Z","totalTime":1187}
[32minfo[39m: [CA 16] Location fallback patient URL {"finalUrl":"https://clinicassist.sg:1080/Patient/PatientSearch","service":"clinic-automation","timestamp":"2026-02-14T08:50:13.464Z"}
[32minfo[39m: [CA 17] Navigate to Patient Page - COMPLETE {"service":"clinic-automation","timestamp":"2026-02-14T08:50:13.465Z","totalTime":2456}
[32minfo[39m: [VisitDetails] Searching for patient by number: 78160 (ENG CHAI PIN ELYNE XANDRIA) {"service":"clinic-automation","timestamp":"2026-02-14T08:50:13.466Z"}
[32minfo[39m: [CA 18] Search patient by number {"patientNumber":"78160","service":"clinic-automation","timestamp":"2026-02-14T08:50:13.466Z"}
[32minfo[39m: [CA 19] Pressing Enter to execute search (may need to dismiss dialog first) {"service":"clinic-automation","timestamp":"2026-02-14T08:50:14.263Z"}
[32minfo[39m: [CA 20] Patient search executed by number (Enter key x2) {"patientNumber":"78160","service":"clinic-automation","timestamp":"2026-02-14T08:50:15.382Z"}
[32minfo[39m: [VisitDetails] Opening patient record by number: 78160 {"service":"clinic-automation","timestamp":"2026-02-14T08:50:17.385Z"}
[32minfo[39m: [CA 21] Open patient from search results by number {"patientNumber":"78160","service":"clinic-automation","timestamp":"2026-02-14T08:50:17.387Z"}
[31merror[39m: Failed to open patient from search results by number: 78160 Could not find patient with number "78160" in search results {"service":"clinic-automation","stack":"Error: Could not find patient with number \"78160\" in search results\n    at ClinicAssistAutomation.openPatientFromSearchResultsByNumber (file:///Users/vincent/Baselrpacrm/src/automations/clinic-assist.js:7646:13)\n    at async VisitDetailsExtractor.extractForVisit (file:///Users/vincent/Baselrpacrm/src/core/visit-details-extractor.js:50:11)\n    at async VisitDetailsExtractor.extractBatch (file:///Users/vincent/Baselrpacrm/src/core/visit-details-extractor.js:253:24)\n    at async extractVisitDetailsBatch (file:///Users/vincent/Baselrpacrm/src/examples/extract-visit-details-batch.js:192:21)","timestamp":"2026-02-14T08:50:19.398Z"}
[33mwarn[39m: [VisitDetails] PCNO search/open failed, falling back to patient name search {"error":"Could not find patient with number \"78160\" in search results","patientName":"ENG CHAI PIN ELYNE XANDRIA","pcno":"78160","service":"clinic-automation","timestamp":"2026-02-14T08:50:19.398Z","visitId":"60e0c382-d6cb-4d35-a5b9-e17ce5b20c73"}
[32minfo[39m: [CA 22] Navigate to Patient Page - START {"service":"clinic-automation","timestamp":"2026-02-14T08:50:19.399Z"}
[32minfo[39m: [CA 23] Current URL before navigation {"service":"clinic-automation","timestamp":"2026-02-14T08:50:19.399Z","url":"https://clinicassist.sg:1080/Patient/PatientSearch"}
[32minfo[39m: [CA 24] Force-cleared blocking history overlay {"changedNodes":1,"service":"clinic-automation","timestamp":"2026-02-14T08:50:19.400Z"}
[32minfo[39m: [CA 25] Already on PatientSearch {"currentUrl":"https://clinicassist.sg:1080/Patient/PatientSearch","service":"clinic-automation","timestamp":"2026-02-14T08:50:19.602Z"}
[32minfo[39m: [CA 26] Navigate to Patient Page - COMPLETE {"service":"clinic-automation","timestamp":"2026-02-14T08:50:19.603Z","totalTime":204}
[32minfo[39m: [CA 27] Search patient by name {"patientName":"ENG CHAI PIN ELYNE XANDRIA","service":"clinic-automation","timestamp":"2026-02-14T08:50:19.604Z"}
[32minfo[39m: [CA 28] Patient search executed (Enter key) {"patientName":"ENG CHAI PIN ELYNE XANDRIA","service":"clinic-automation","timestamp":"2026-02-14T08:50:23.182Z"}
[32minfo[39m: [CA 29] Open patient from search results {"patientName":"ENG CHAI PIN ELYNE XANDRIA","service":"clinic-automation","timestamp":"2026-02-14T08:50:25.184Z"}
[31merror[39m: Failed to open patient from search results: ENG CHAI PIN ELYNE XANDRIA Could not find patient "ENG CHAI PIN ELYNE XANDRIA" in search results {"service":"clinic-automation","stack":"Error: Could not find patient \"ENG CHAI PIN ELYNE XANDRIA\" in search results\n    at ClinicAssistAutomation.openPatientFromSearchResults (file:///Users/vincent/Baselrpacrm/src/automations/clinic-assist.js:7456:13)\n    at async VisitDetailsExtractor.extractForVisit (file:///Users/vincent/Baselrpacrm/src/core/visit-details-extractor.js:61:11)\n    at async VisitDetailsExtractor.extractBatch (file:///Users/vincent/Baselrpacrm/src/core/visit-details-extractor.js:253:24)\n    at async extractVisitDetailsBatch (file:///Users/vincent/Baselrpacrm/src/examples/extract-visit-details-batch.js:192:21)","timestamp":"2026-02-14T08:50:25.510Z"}
[31merror[39m: [VisitDetails] Failed to extract details for visit 60e0c382-d6cb-4d35-a5b9-e17ce5b20c73 {"error":"Could not find patient \"ENG CHAI PIN ELYNE XANDRIA\" in search results","patientName":"ENG CHAI PIN ELYNE XANDRIA","service":"clinic-automation","timestamp":"2026-02-14T08:50:25.511Z"}
[32minfo[39m: [VisitDetails] Batch extraction complete: 0 completed, 1 failed, 0 skipped {"service":"clinic-automation","timestamp":"2026-02-14T08:50:27.219Z"}
[32minfo[39m: 
=== Extraction Summary === {"service":"clinic-automation","timestamp":"2026-02-14T08:50:27.463Z"}
[32minfo[39m: Total visits processed: 1 {"service":"clinic-automation","timestamp":"2026-02-14T08:50:27.464Z"}
[32minfo[39m: ✅ Completed: 0 {"service":"clinic-automation","timestamp":"2026-02-14T08:50:27.464Z"}
[32minfo[39m: ❌ Failed: 1 {"service":"clinic-automation","timestamp":"2026-02-14T08:50:27.464Z"}
[32minfo[39m: ⏭️  Skipped: 0 {"service":"clinic-automation","timestamp":"2026-02-14T08:50:27.465Z"}
[32minfo[39m: Success rate: 0.0% {"service":"clinic-automation","timestamp":"2026-02-14T08:50:27.465Z"}
[32minfo[39m: Time elapsed: 18.0s {"service":"clinic-automation","timestamp":"2026-02-14T08:50:27.465Z"}
[32minfo[39m: 
Failed visits (1): {"service":"clinic-automation","timestamp":"2026-02-14T08:50:27.465Z"}
[32minfo[39m:   - Visit 60e0c382-d6cb-4d35-a5b9-e17ce5b20c73: ENG CHAI PIN ELYNE XANDRIA (2026-02-03) - Could not find patient "ENG CHAI PIN ELYNE XANDRIA" in search results {"service":"clinic-automation","timestamp":"2026-02-14T08:50:27.465Z"}
