[32minfo[39m: === Visit Details Extraction Batch === {"service":"clinic-automation","timestamp":"2026-02-18T16:12:16.241Z"}
[32minfo[39m: Querying database for visits needing enhancement... {"service":"clinic-automation","timestamp":"2026-02-18T16:12:16.256Z"}
[32minfo[39m: Filtering from date: 2026-02-13 {"service":"clinic-automation","timestamp":"2026-02-18T16:12:16.257Z"}
[32minfo[39m: Filtering to date: 2026-02-16 {"service":"clinic-automation","timestamp":"2026-02-18T16:12:16.257Z"}
[32minfo[39m: Filtering to portal scope: MHC, MHCAXA, AIA, AIACLIENT, AVIVA, SINGLIFE, FULLERT, IHP, PARKWAY, ALL, ALLIMED, ALLIANZ, ALLIANCE, GE, NTUC_IM, TOKIOM, ALLIANC, ALLSING, AXAMED, PRUDEN + Allianz tags in patient name {"service":"clinic-automation","timestamp":"2026-02-18T16:12:16.257Z"}
(node:89297) [MODULE_TYPELESS_PACKAGE_JSON] Warning: Module type of file:///Users/vincent/Baselrpacrm/apps/crm/src/lib/rpa/portals.shared.js is not specified and it doesn't parse as CommonJS.
Reparsing as ES module because module syntax was detected. This incurs a performance overhead.
To eliminate this warning, add "type": "module" to /Users/vincent/Baselrpacrm/apps/crm/package.json.
(Use `node --trace-warnings ...` to show where the warning was created)
[32minfo[39m: Found 21 candidate visit(s) {"service":"clinic-automation","timestamp":"2026-02-18T16:12:16.822Z"}
[32minfo[39m: Processing 1 visits (20 skipped) {"service":"clinic-automation","timestamp":"2026-02-18T16:12:16.822Z"}
[32minfo[39m: Launching browser... {"service":"clinic-automation","timestamp":"2026-02-18T16:12:16.823Z"}
[32minfo[39m: Using extension for VPN - proxy auto-discovery disabled {"service":"clinic-automation","timestamp":"2026-02-18T16:12:16.825Z"}
[32minfo[39m: Using Chromium executable: /Users/vincent/Library/Caches/ms-playwright/chromium-1200/chrome-mac-arm64/Google Chrome for Testing.app/Contents/MacOS/Google Chrome for Testing {"service":"clinic-automation","timestamp":"2026-02-18T16:12:16.825Z"}
[32minfo[39m: Filtering out Urban VPN extension {"service":"clinic-automation","timestamp":"2026-02-18T16:12:16.825Z"}
[32minfo[39m: Applied external protocol guard script {"service":"clinic-automation","timestamp":"2026-02-18T16:12:19.264Z"}
[32minfo[39m: Browser launched successfully {"service":"clinic-automation","timestamp":"2026-02-18T16:12:19.267Z"}
[32minfo[39m: Initializing browser and logging in to Clinic Assist... {"service":"clinic-automation","timestamp":"2026-02-18T16:12:19.528Z"}
[32minfo[39m: [CA 01] Login start {"clinicGroup":"ssoc","service":"clinic-automation","timestamp":"2026-02-18T16:12:19.529Z","url":"https://clinicassist.sg:1080/"}
[32minfo[39m: Logging into Clinic Assist... {"service":"clinic-automation","timestamp":"2026-02-18T16:12:19.530Z"}
[32minfo[39m: Username filled {"service":"clinic-automation","timestamp":"2026-02-18T16:12:23.359Z"}
[32minfo[39m: [CA 02] Username filled {"service":"clinic-automation","timestamp":"2026-02-18T16:12:23.360Z"}
[32minfo[39m: Password filled {"service":"clinic-automation","timestamp":"2026-02-18T16:12:23.915Z"}
[32minfo[39m: [CA 03] Password filled {"service":"clinic-automation","timestamp":"2026-02-18T16:12:23.916Z"}
[32minfo[39m: Clinic Group filled: ssoc {"service":"clinic-automation","timestamp":"2026-02-18T16:12:24.445Z"}
[32minfo[39m: [CA 04] Clinic Group filled {"clinicGroup":"ssoc","service":"clinic-automation","timestamp":"2026-02-18T16:12:24.446Z"}
[32minfo[39m: Login button clicked {"service":"clinic-automation","timestamp":"2026-02-18T16:12:25.536Z"}
[32minfo[39m: [CA 05] Login submitted {"service":"clinic-automation","timestamp":"2026-02-18T16:12:25.536Z"}
[32minfo[39m: Clinic Assist 2FA not required (verification inputs disabled) {"service":"clinic-automation","timestamp":"2026-02-18T16:12:28.550Z"}
[32minfo[39m: Successfully logged into Clinic Assist {"service":"clinic-automation","timestamp":"2026-02-18T16:12:28.784Z"}
[32minfo[39m: [CA 06] Login ok {"service":"clinic-automation","timestamp":"2026-02-18T16:12:28.784Z"}
[32minfo[39m: 
Starting batch extraction for 1 visits... {"service":"clinic-automation","timestamp":"2026-02-18T16:12:28.784Z"}
[32minfo[39m: Max retries: 3, Batch size: 100 {"service":"clinic-automation","timestamp":"2026-02-18T16:12:28.784Z"}
[32minfo[39m: [VisitDetails] Starting batch extraction for 1 visits {"service":"clinic-automation","timestamp":"2026-02-18T16:12:29.349Z"}
[32minfo[39m: [VisitDetails] Processing visit 1/1: KIARA SINGH (2026-02-14) {"service":"clinic-automation","timestamp":"2026-02-18T16:12:29.350Z"}
[32minfo[39m: [VisitDetails] Navigating to Patient Page for visit d3a164b7-1b4f-490d-afbf-f9ef6dc1bd14 (KIARA SINGH) {"service":"clinic-automation","timestamp":"2026-02-18T16:12:29.886Z"}
[32minfo[39m: [CA 07] Navigate to Patient Page - START {"service":"clinic-automation","timestamp":"2026-02-18T16:12:29.888Z"}
[32minfo[39m: [CA 08] Current URL before navigation {"service":"clinic-automation","timestamp":"2026-02-18T16:12:29.888Z","url":"https://clinicassist.sg:1080/"}
[32minfo[39m: [CA 09] Need to select Reception/room first before accessing Patient Page {"service":"clinic-automation","timestamp":"2026-02-18T16:12:29.904Z"}
[32minfo[39m: [CA 10] Clicking Reception/room to access system {"selector":"button:has-text(\"Reception\")","service":"clinic-automation","timestamp":"2026-02-18T16:12:30.505Z"}
[32minfo[39m: [CA 11] Reception clicked, checking URL {"newUrl":"https://clinicassist.sg:1080/","service":"clinic-automation","timeTaken":1701,"timestamp":"2026-02-18T16:12:31.605Z"}
[32minfo[39m: [CA 12] Could not click Reception/room, continuing anyway {"service":"clinic-automation","timeTaken":1999,"timestamp":"2026-02-18T16:12:31.903Z"}
[32minfo[39m: [CA 13] Looking for sidebar/hamburger menu {"service":"clinic-automation","timestamp":"2026-02-18T16:12:31.903Z"}
[32minfo[39m: [CA 14] Looking for Patient sidebar link {"service":"clinic-automation","timestamp":"2026-02-18T16:12:31.907Z"}
[32minfo[39m: [CA 15] Could not click Patient link via UI; trying Home -> Patient fallback {"service":"clinic-automation","timestamp":"2026-02-18T16:12:31.917Z","totalTime":2029}
[32minfo[39m: [CA 16] Home->Patient retry URL {"finalUrl":"https://clinicassist.sg:1080/Patient/PatientSearch","service":"clinic-automation","timestamp":"2026-02-18T16:12:39.990Z"}
[32minfo[39m: [CA 17] Navigate to Patient Page - COMPLETE {"service":"clinic-automation","timestamp":"2026-02-18T16:12:39.991Z","totalTime":10103}
[32minfo[39m: [VisitDetails] Searching for patient by number: 77546 (KIARA SINGH) {"service":"clinic-automation","timestamp":"2026-02-18T16:12:39.991Z"}
[32minfo[39m: [CA 18] Search patient by number {"patientNumber":"77546","service":"clinic-automation","timestamp":"2026-02-18T16:12:39.992Z"}
[32minfo[39m: [CA 19] Pressing Enter to execute search (may need to dismiss dialog first) {"service":"clinic-automation","timestamp":"2026-02-18T16:12:41.793Z"}
[32minfo[39m: [CA 20] Patient search executed by number (Enter key x2) {"patientNumber":"77546","service":"clinic-automation","timestamp":"2026-02-18T16:12:43.920Z"}
[32minfo[39m: [VisitDetails] Opening patient record by number: 77546 {"service":"clinic-automation","timestamp":"2026-02-18T16:12:45.923Z"}
[32minfo[39m: [CA 21] Open patient from search results by number {"patientNumber":"77546","service":"clinic-automation","timestamp":"2026-02-18T16:12:45.925Z"}
[32minfo[39m: [CA 22] Found patient row by number {"hasLink":true,"rowIndex":1,"service":"clinic-automation","timestamp":"2026-02-18T16:12:47.939Z"}
[32minfo[39m: [CA 23] Clicked patient link via filter method {"service":"clinic-automation","timestamp":"2026-02-18T16:12:48.491Z"}
[32minfo[39m: [CA 24] Patient opened from search results by number {"service":"clinic-automation","timestamp":"2026-02-18T16:12:50.762Z"}
[32minfo[39m: [VisitDetails] Extracting NRIC from biodata page for: KIARA SINGH {"service":"clinic-automation","timestamp":"2026-02-18T16:12:52.764Z"}
[32minfo[39m: [CA 25] Get patient NRIC {"service":"clinic-automation","timestamp":"2026-02-18T16:12:52.765Z"}
[32minfo[39m: [CA 26] Extract NRIC from patient biodata/info page {"service":"clinic-automation","timestamp":"2026-02-18T16:12:52.766Z"}
[32minfo[39m: [CA 27] NRIC found in input field {"nric":"T1722895H","selector":"input[name*=\"nric\" i]","service":"clinic-automation","timestamp":"2026-02-18T16:12:54.007Z"}
[32minfo[39m: [VisitDetails] Found NRIC: T1722895H for patient: KIARA SINGH {"service":"clinic-automation","timestamp":"2026-02-18T16:12:54.007Z"}
[32minfo[39m: [VisitDetails] Updated visit d3a164b7-1b4f-490d-afbf-f9ef6dc1bd14 with NRIC: T1722895H {"service":"clinic-automation","timestamp":"2026-02-18T16:12:54.374Z"}
[32minfo[39m: [VisitDetails] Extracting charge type, diagnosis, and MC data for visit d3a164b7-1b4f-490d-afbf-f9ef6dc1bd14 on 2026-02-14 {"service":"clinic-automation","timestamp":"2026-02-18T16:12:54.374Z"}
[32minfo[39m: [CA 28] Get charge type, diagnosis, and MC data for visit date {"service":"clinic-automation","timestamp":"2026-02-18T16:12:54.377Z","visitDate":"2026-02-14"}
[32minfo[39m: [CA 29] Check for First Consult on visit date {"service":"clinic-automation","timestamp":"2026-02-18T16:12:54.378Z","visitDate":"2026-02-14"}
[32minfo[39m: [CA 30] Navigate to TX History {"service":"clinic-automation","timestamp":"2026-02-18T16:12:54.378Z"}
[32minfo[39m: [CA 31] Navigated to TX History {"service":"clinic-automation","timestamp":"2026-02-18T16:12:57.957Z"}
[32minfo[39m: [CA 32] Open All Tab in TX History {"service":"clinic-automation","timestamp":"2026-02-18T16:12:57.958Z"}
[32minfo[39m: [CA 33] All Tab opened {"service":"clinic-automation","timestamp":"2026-02-18T16:13:30.864Z"}
[32minfo[39m: [CA 34] First Consult check result {"found":false,"service":"clinic-automation","timestamp":"2026-02-18T16:13:32.945Z","visitDate":"2026-02-14"}
[32minfo[39m: [CA 35] Charge type determined {"chargeType":"follow","hasFirstConsult":false,"service":"clinic-automation","timestamp":"2026-02-18T16:13:32.945Z","visitDate":"2026-02-14"}
[32minfo[39m: [CA 36] MC extraction from TX History disabled; using defaults {"mcDays":0,"mcStartDate":null,"service":"clinic-automation","timestamp":"2026-02-18T16:13:32.945Z"}
[32minfo[39m: [CA 37] Open Diagnosis Tab {"service":"clinic-automation","timestamp":"2026-02-18T16:13:32.945Z"}
[32minfo[39m: [CA 38] Diagnosis Tab opened {"service":"clinic-automation","timestamp":"2026-02-18T16:13:36.553Z"}
[32minfo[39m: [CA 39] Extract diagnosis for visit date {"service":"clinic-automation","timestamp":"2026-02-18T16:13:36.555Z","visitDate":"2026-02-14"}
[32minfo[39m: [CA 40] No exact diagnosis date match; using most recent on/before visit date {"code":"S10","date":"07/02/2026","description":"LAB TEST (THYROID SCREEN-TS10)","service":"clinic-automation","timestamp":"2026-02-18T16:13:37.573Z","visitDate":"2026-02-14"}
[32minfo[39m: [CA 41] Diagnosis requires broadened source search {"currentDate":"07/02/2026","currentDiagnosis":"LAB TEST (THYROID SCREEN-TS10)","currentSource":"diagnosis_tab","service":"clinic-automation","timestamp":"2026-02-18T16:13:37.579Z"}
[32minfo[39m: [CA 42] Checking All tab for better diagnosis candidate {"service":"clinic-automation","timestamp":"2026-02-18T16:13:37.579Z"}
[32minfo[39m: [CA 43] Extract diagnosis from All tab {"service":"clinic-automation","timestamp":"2026-02-18T16:13:37.580Z","visitDate":"2026-02-14"}
[32minfo[39m: [CA 44] Navigate to TX History {"service":"clinic-automation","timestamp":"2026-02-18T16:13:37.580Z"}
[32minfo[39m: [CA 45] Navigated to TX History {"service":"clinic-automation","timestamp":"2026-02-18T16:13:41.139Z"}
[32minfo[39m: [CA 46] Open All Tab in TX History {"service":"clinic-automation","timestamp":"2026-02-18T16:13:41.140Z"}
[32minfo[39m: [CA 47] All Tab opened {"service":"clinic-automation","timestamp":"2026-02-18T16:14:14.065Z"}
[32minfo[39m: [CA 48] No diagnosis found in All tab {"service":"clinic-automation","timestamp":"2026-02-18T16:14:15.580Z"}
[32minfo[39m: [CA 49] Checking Visit tab for better diagnosis candidate {"service":"clinic-automation","timestamp":"2026-02-18T16:14:15.580Z"}
[32minfo[39m: [CA 50] Extract diagnosis from Visit Tab {"service":"clinic-automation","timestamp":"2026-02-18T16:14:15.583Z","visitDate":"2026-02-14"}
[32minfo[39m: [CA 51] Open Visit Tab {"service":"clinic-automation","timestamp":"2026-02-18T16:14:15.583Z"}
[32minfo[39m: [CA 52] Visit Tab opened {"service":"clinic-automation","timestamp":"2026-02-18T16:14:17.795Z"}
[32minfo[39m: [CA 53] No diagnosis found in Visit tab {"service":"clinic-automation","timestamp":"2026-02-18T16:14:18.603Z"}
[32minfo[39m: [CA 54] Checking Past Notes for better diagnosis candidate {"service":"clinic-automation","timestamp":"2026-02-18T16:14:18.603Z"}
[32minfo[39m: [CA 55] Extract diagnosis from Past Notes {"service":"clinic-automation","timestamp":"2026-02-18T16:14:18.604Z","visitDate":"2026-02-14"}
[32minfo[39m: [CA 56] Navigate to TX History {"service":"clinic-automation","timestamp":"2026-02-18T16:14:18.604Z"}
[32minfo[39m: [CA 57] Navigated to TX History {"service":"clinic-automation","timestamp":"2026-02-18T16:14:22.170Z"}
[32minfo[39m: [CA 58] Open Past Notes Tab {"service":"clinic-automation","timestamp":"2026-02-18T16:14:22.173Z"}
[32minfo[39m: [CA 59] Past Notes Tab opened {"service":"clinic-automation","timestamp":"2026-02-18T16:14:28.001Z"}
[32minfo[39m: [CA 60] Past Notes entries expanded {"service":"clinic-automation","timestamp":"2026-02-18T16:14:28.055Z","totalClicked":1,"visitDate":"2026-02-14"}
[32minfo[39m: [CA 61] No diagnosis found in Past Notes for visit date {"service":"clinic-automation","timestamp":"2026-02-18T16:14:30.473Z"}
[32minfo[39m: [CA 62] Extract diagnosis intent from Past Notes {"service":"clinic-automation","timestamp":"2026-02-18T16:14:30.479Z","visitDate":"2026-02-14"}
[32minfo[39m: [CA 63] Open Past Notes Tab {"service":"clinic-automation","timestamp":"2026-02-18T16:14:30.479Z"}
[32minfo[39m: [CA 64] Past Notes context already open {"service":"clinic-automation","timestamp":"2026-02-18T16:14:38.167Z"}
[32minfo[39m: [CA 65] Past Notes entries expanded {"service":"clinic-automation","timestamp":"2026-02-18T16:14:38.230Z","totalClicked":1,"visitDate":"2026-02-14"}
[32minfo[39m: [CA 66] Past Notes intent debug (no match) {"baseBodyPart":null,"evidence":["00ssoc14/02/2026pcr specialist consultation1","00ssoc12/01/2026pcr specialist consultation1","00ssoc24/12/2025pcr specialist consultation1","00ssoc22/11/2025pcr specialist consultation1","00ssoc14/11/2025pcr specialist consultation1","00ssoc14/11/2025pcr specialist first consultation1","specialist consultation - qty(1"],"poolSize":2,"service":"clinic-automation","targetDateStr":"14/02/2026","targetDateStrAlt":"02/14/2026","timestamp":"2026-02-18T16:14:40.653Z","title":"Patient Biodata","url":"https://clinicassist.sg:1080/QueueLog/PatientVisit?queryString=OvxTLXGfv5rvSGmNADmORk3Bf36JJE98L8hWRl3DgvdlTLV3BAQe1kizHXQHO/noS8pH26919SpmDeMzzc8dEkPKJyUpFNNN"}
[32minfo[39m: [CA 67] No diagnosis intent found in Past Notes {"service":"clinic-automation","timestamp":"2026-02-18T16:14:40.654Z"}
[32minfo[39m: [CA 68] Extracting medicines for visit date {"service":"clinic-automation","timestamp":"2026-02-18T16:14:40.663Z","visitDate":"2026-02-14"}
[32minfo[39m: [CA 69] Open Medicine Tab {"service":"clinic-automation","timestamp":"2026-02-18T16:14:40.664Z"}
[32minfo[39m: [CA 70] Medicine Tab opened {"service":"clinic-automation","timestamp":"2026-02-18T16:14:43.822Z"}
[32minfo[39m: [CA 71] Extract medicines from Medicine Tab {"service":"clinic-automation","timestamp":"2026-02-18T16:14:43.824Z","visitDate":"2026-02-14"}
[32minfo[39m: [CA 72] Medicines extracted from Medicine Tab {"chosenDateIso":"2026-02-14","count":1,"medicines":[{"amount":70,"name":"SPECIALIST CONSULTATION","quantity":1,"unitPrice":1}],"service":"clinic-automation","timestamp":"2026-02-18T16:14:44.843Z","totalRecords":22,"visitDate":"2026-02-14"}
[32minfo[39m: [CA 73] TX History: extracted medicines summary {"count":1,"filteredOut":0,"sample":[{"amount":70,"name":"SPECIALIST CONSULTATION","quantity":1,"unitPrice":1}],"service":"clinic-automation","timestamp":"2026-02-18T16:14:44.844Z"}
[32minfo[39m: [VisitDetails] Extracted data for visit d3a164b7-1b4f-490d-afbf-f9ef6dc1bd14: {"chargeType":"follow","diagnosis":"LAB TEST (THYROID SCREEN-TS10)","mcDays":0,"mcStartDate":null,"service":"clinic-automation","timestamp":"2026-02-18T16:14:44.845Z"}
[32minfo[39m: [VisitDetails] Updated visit d3a164b7-1b4f-490d-afbf-f9ef6dc1bd14 with extracted details {"service":"clinic-automation","timestamp":"2026-02-18T16:14:45.635Z"}
[32minfo[39m: [VisitDetails] Successfully extracted details for visit d3a164b7-1b4f-490d-afbf-f9ef6dc1bd14 {"chargeType":"follow","diagnosis":"LAB TEST (THYROID SCREEN-TS10)","mcDays":0,"service":"clinic-automation","timestamp":"2026-02-18T16:14:45.636Z"}
[32minfo[39m: [VisitDetails] Batch extraction complete: 1 completed, 0 failed, 0 skipped {"service":"clinic-automation","timestamp":"2026-02-18T16:14:46.920Z"}
[32minfo[39m: 
=== Extraction Summary === {"service":"clinic-automation","timestamp":"2026-02-18T16:14:47.256Z"}
[32minfo[39m: Total visits processed: 1 {"service":"clinic-automation","timestamp":"2026-02-18T16:14:47.256Z"}
[32minfo[39m: ✅ Completed: 1 {"service":"clinic-automation","timestamp":"2026-02-18T16:14:47.256Z"}
[32minfo[39m: ❌ Failed: 0 {"service":"clinic-automation","timestamp":"2026-02-18T16:14:47.256Z"}
[32minfo[39m: ⏭️  Skipped: 0 {"service":"clinic-automation","timestamp":"2026-02-18T16:14:47.256Z"}
[32minfo[39m: Success rate: 100.0% {"service":"clinic-automation","timestamp":"2026-02-18T16:14:47.256Z"}
[32minfo[39m: Time elapsed: 138.5s {"service":"clinic-automation","timestamp":"2026-02-18T16:14:47.257Z"}
[32minfo[39m: Average time per visit: 138.5s {"service":"clinic-automation","timestamp":"2026-02-18T16:14:47.257Z"}
[32minfo[39m: Browser closed {"service":"clinic-automation","timestamp":"2026-02-18T16:14:47.456Z"}
