[32minfo[39m: === Batch Claim Submission === {"service":"clinic-automation","timestamp":"2026-02-17T13:12:06.815Z"}
[32minfo[39m: Visit IDs: Scoped query {"service":"clinic-automation","timestamp":"2026-02-17T13:12:06.818Z"}
[32minfo[39m: Pay Type: All {"service":"clinic-automation","timestamp":"2026-02-17T13:12:06.818Z"}
[32minfo[39m: Portal Targets: All routes {"service":"clinic-automation","timestamp":"2026-02-17T13:12:06.819Z"}
[32minfo[39m: Date Range: 2026-02-13 to 2026-02-16 {"service":"clinic-automation","timestamp":"2026-02-17T13:12:06.819Z"}
[32minfo[39m: Portal Only: true {"service":"clinic-automation","timestamp":"2026-02-17T13:12:06.819Z"}
[32minfo[39m: Save as Draft: false {"service":"clinic-automation","timestamp":"2026-02-17T13:12:06.819Z"}
[32minfo[39m: Leave Browser Open: false {"service":"clinic-automation","timestamp":"2026-02-17T13:12:06.819Z"}
[32minfo[39m: Launching browser... {"service":"clinic-automation","timestamp":"2026-02-17T13:12:07.189Z"}
[32minfo[39m: Using extension for VPN - proxy auto-discovery disabled {"service":"clinic-automation","timestamp":"2026-02-17T13:12:07.190Z"}
[32minfo[39m: Using Chromium executable: /Users/vincent/Library/Caches/ms-playwright/chromium-1200/chrome-mac-arm64/Google Chrome for Testing.app/Contents/MacOS/Google Chrome for Testing {"service":"clinic-automation","timestamp":"2026-02-17T13:12:07.191Z"}
[32minfo[39m: Filtering out Urban VPN extension {"service":"clinic-automation","timestamp":"2026-02-17T13:12:07.191Z"}
[32minfo[39m: Applied external protocol guard script {"service":"clinic-automation","timestamp":"2026-02-17T13:12:08.897Z"}
[32minfo[39m: Browser launched successfully {"service":"clinic-automation","timestamp":"2026-02-17T13:12:08.897Z"}
[32minfo[39m: Found 20 visit(s) to process {"service":"clinic-automation","timestamp":"2026-02-17T13:12:09.488Z"}
[32minfo[39m: [1/20] Processing: GOH YIH EN GERMAINE (IHP) {"service":"clinic-automation","timestamp":"2026-02-17T13:12:09.715Z"}
[32minfo[39m: [SUBMIT STEP 01/10] Submitting claim for GOH YIH EN GERMAINE {"payType":"IHP","service":"clinic-automation","timestamp":"2026-02-17T13:12:09.717Z","visitId":"c49257b7-4cfc-4d92-83cf-7d83e104e09a"}
[32minfo[39m: [SUBMIT STEP 02/10] Submitting to IHP portal {"service":"clinic-automation","timestamp":"2026-02-17T13:12:09.719Z"}
[33mwarn[39m: [SUBMIT] IHP portal automation not yet implemented {"service":"clinic-automation","timestamp":"2026-02-17T13:12:09.719Z"}
[33mwarn[39m: Portal service not implemented: IHP (pay type: IHP) {"service":"clinic-automation","timestamp":"2026-02-17T13:12:09.719Z"}
[32minfo[39m: [2/20] Processing: WANG YIXIN (ALL) {"service":"clinic-automation","timestamp":"2026-02-17T13:12:12.016Z"}
[32minfo[39m: [SUBMIT STEP 01/10] Submitting claim for WANG YIXIN {"payType":"ALL","service":"clinic-automation","timestamp":"2026-02-17T13:12:12.017Z","visitId":"7eafcb82-5406-4de9-abbd-3e5f6f803218"}
[32minfo[39m: [SUBMIT STEP 02/10] Submitting to Allimed portal {"service":"clinic-automation","timestamp":"2026-02-17T13:12:12.018Z"}
[33mwarn[39m: [SUBMIT] Allimed portal automation not yet implemented {"service":"clinic-automation","timestamp":"2026-02-17T13:12:12.019Z"}
[33mwarn[39m: Portal service not implemented: ALLIMED (pay type: ALL) {"service":"clinic-automation","timestamp":"2026-02-17T13:12:12.019Z"}
[32minfo[39m: [3/20] Processing: HAN SUIANG-SHIUH (ALLIANZ) {"service":"clinic-automation","timestamp":"2026-02-17T13:12:14.313Z"}
[32minfo[39m: [SUBMIT STEP 01/10] Submitting claim for HAN SUIANG-SHIUH {"payType":"ALLIANZ","service":"clinic-automation","timestamp":"2026-02-17T13:12:14.314Z","visitId":"ad17c70e-ee17-4cc8-a29b-dfb95bea4844"}
[33mwarn[39m: [SUBMIT] Unknown pay type: ALLIANZ. Skipping submission. {"service":"clinic-automation","timestamp":"2026-02-17T13:12:14.314Z"}
[33mwarn[39m: Unsupported/unknown pay type: ALLIANZ {"service":"clinic-automation","timestamp":"2026-02-17T13:12:14.314Z"}
[32minfo[39m: [4/20] Processing: MUHAMMAD FIRDAUS BIN JUMAT (IHP) {"service":"clinic-automation","timestamp":"2026-02-17T13:12:16.664Z"}
[32minfo[39m: [SUBMIT STEP 01/10] Submitting claim for MUHAMMAD FIRDAUS BIN JUMAT {"payType":"IHP","service":"clinic-automation","timestamp":"2026-02-17T13:12:16.665Z","visitId":"8de88552-6df1-4698-ba44-245d0c876d13"}
[32minfo[39m: [SUBMIT STEP 02/10] Submitting to IHP portal {"service":"clinic-automation","timestamp":"2026-02-17T13:12:16.666Z"}
[33mwarn[39m: [SUBMIT] IHP portal automation not yet implemented {"service":"clinic-automation","timestamp":"2026-02-17T13:12:16.666Z"}
[33mwarn[39m: Portal service not implemented: IHP (pay type: IHP) {"service":"clinic-automation","timestamp":"2026-02-17T13:12:16.666Z"}
[32minfo[39m: [5/20] Processing: WANG WEI TING SARAH (IHP) {"service":"clinic-automation","timestamp":"2026-02-17T13:12:18.916Z"}
[32minfo[39m: [SUBMIT STEP 01/10] Submitting claim for WANG WEI TING SARAH {"payType":"IHP","service":"clinic-automation","timestamp":"2026-02-17T13:12:18.917Z","visitId":"abc41d6e-c387-46bd-867b-2e5e7698761c"}
[32minfo[39m: [SUBMIT STEP 02/10] Submitting to IHP portal {"service":"clinic-automation","timestamp":"2026-02-17T13:12:18.917Z"}
[33mwarn[39m: [SUBMIT] IHP portal automation not yet implemented {"service":"clinic-automation","timestamp":"2026-02-17T13:12:18.917Z"}
[33mwarn[39m: Portal service not implemented: IHP (pay type: IHP) {"service":"clinic-automation","timestamp":"2026-02-17T13:12:18.918Z"}
[32minfo[39m: [6/20] Processing: LEONG JIE XIANG (FULLERT) {"service":"clinic-automation","timestamp":"2026-02-17T13:12:21.274Z"}
[32minfo[39m: [SUBMIT STEP 01/10] Submitting claim for LEONG JIE XIANG {"payType":"FULLERT","service":"clinic-automation","timestamp":"2026-02-17T13:12:21.274Z","visitId":"d62618f8-5506-45d7-9148-0d8aec4132d7"}
[32minfo[39m: [SUBMIT STEP 02/10] Submitting to Fullert portal {"service":"clinic-automation","timestamp":"2026-02-17T13:12:21.275Z"}
[33mwarn[39m: [SUBMIT] Fullert portal automation not yet implemented {"service":"clinic-automation","timestamp":"2026-02-17T13:12:21.275Z"}
[33mwarn[39m: Portal service not implemented: FULLERT (pay type: FULLERT) {"service":"clinic-automation","timestamp":"2026-02-17T13:12:21.275Z"}
[32minfo[39m: [7/20] Processing: HASLINA BINTE HASSAN BASRI (MHC) {"service":"clinic-automation","timestamp":"2026-02-17T13:12:23.630Z"}
[32minfo[39m: [SUBMIT STEP 01/10] Submitting claim for HASLINA BINTE HASSAN BASRI {"payType":"MHC","service":"clinic-automation","timestamp":"2026-02-17T13:12:23.631Z","visitId":"65ff1924-e660-4ffd-9f91-ab8deccd6175"}
[32minfo[39m: [SUBMIT STEP 02/10] Submitting to MHC Asia {"service":"clinic-automation","timestamp":"2026-02-17T13:12:23.635Z"}
[32minfo[39m: [SUBMIT] MHC form data: {"allowMissingDiagnosisDraftFallback":false,"chargeType":"follow","diagnosis":"Pain in right knee","diagnosisCanonical":"Sprain of the knee","diagnosisResolutionStatus":"resolved","forceSinglife":false,"mcDays":0,"mcStartDate":null,"nric":"S7349449D","patientName":"HASLINA BINTE HASSAN BASRI","service":"clinic-automation","timestamp":"2026-02-17T13:12:23.636Z"}
[32minfo[39m: [MHC 01] Ensure at MHC home {"service":"clinic-automation","timestamp":"2026-02-17T13:12:23.637Z"}
[32minfo[39m: Login form visible after ensureAtMhcHome; re-logging in {"service":"clinic-automation","timestamp":"2026-02-17T13:12:25.977Z"}
[32minfo[39m: [MHC 02] Login start {"attempt":1,"maxAttempts":3,"service":"clinic-automation","timestamp":"2026-02-17T13:12:25.980Z"}
[32minfo[39m: Logging into MHC Asia... {"service":"clinic-automation","timestamp":"2026-02-17T13:12:25.980Z"}
[32minfo[39m: [MHC 03] Country selected (best-effort) {"label":"MHC SINGAPORE","service":"clinic-automation","timestamp":"2026-02-17T13:12:27.348Z"}
[32minfo[39m: Username filled {"service":"clinic-automation","timestamp":"2026-02-17T13:12:27.386Z"}
[32minfo[39m: Password filled {"service":"clinic-automation","timestamp":"2026-02-17T13:12:27.409Z"}
[32minfo[39m: Login button clicked {"service":"clinic-automation","timestamp":"2026-02-17T13:12:28.346Z"}
[32minfo[39m: Successfully logged into MHC Asia {"service":"clinic-automation","timestamp":"2026-02-17T13:12:35.923Z"}
[32minfo[39m: [MHC 04] Login ok {"service":"clinic-automation","timestamp":"2026-02-17T13:12:35.923Z"}
[32minfo[39m: [MHC 05] Dialog handler set up {"service":"clinic-automation","timestamp":"2026-02-17T13:12:35.923Z"}
[32minfo[39m: [MHC 06] Search patient {"service":"clinic-automation","term":"S7349449D","timestamp":"2026-02-17T13:12:35.925Z"}
[32minfo[39m: Searching patient: S7349449D {"service":"clinic-automation","timestamp":"2026-02-17T13:12:35.925Z"}
[32minfo[39m: [MHC 07] Navigate: Normal Visit {"service":"clinic-automation","timestamp":"2026-02-17T13:12:35.945Z"}
[32minfo[39m: Navigating to Normal Visit > Search Other Programs... {"service":"clinic-automation","timestamp":"2026-02-17T13:12:35.946Z"}
[32minfo[39m: [MHC 08] Found Normal Visit link {"selector":"a:has-text(\"Normal Visit\")","service":"clinic-automation","timestamp":"2026-02-17T13:12:36.967Z"}
[32minfo[39m: Clicked: Normal Visit {"service":"clinic-automation","timestamp":"2026-02-17T13:12:38.104Z"}
[32minfo[39m: [MHC 09] At program selection page (Normal Visit clicked) {"service":"clinic-automation","timestamp":"2026-02-17T13:12:38.104Z"}
[32minfo[39m: Clicked: Search under other programs (tile) {"service":"clinic-automation","timestamp":"2026-02-17T13:12:39.423Z"}
[32minfo[39m: [MHC 10] Fill visit date {"date":"16/02/2026","service":"clinic-automation","timestamp":"2026-02-17T13:12:40.058Z"}
[32minfo[39m: [MHC 11] Visit date filled (fast path) {"date":"16/02/2026","service":"clinic-automation","timestamp":"2026-02-17T13:12:40.066Z"}
[32minfo[39m: [MHC 12] NRIC search field set {"programKind":"other","service":"clinic-automation","timestamp":"2026-02-17T13:12:40.290Z","value":"S7349449D"}
[32minfo[39m: [MHC 13] Search attempt result {"found":true,"hasField":true,"memberNotFound":false,"programKind":"other","service":"clinic-automation","timestamp":"2026-02-17T13:12:42.386Z"}
[32minfo[39m: Portal determined: null {"service":"clinic-automation","timestamp":"2026-02-17T13:12:42.386Z"}
[32minfo[39m: [MHC 14] Search result parsed {"found":true,"memberNotFound":false,"portal":null,"service":"clinic-automation","timestamp":"2026-02-17T13:12:42.386Z"}
[32minfo[39m: [MHC 15] Open patient from results {"nric":"S7349449D","preferredContext":"mhc","service":"clinic-automation","timestamp":"2026-02-17T13:12:42.387Z"}
[32minfo[39m: Opening patient from search results... {"service":"clinic-automation","timestamp":"2026-02-17T13:12:42.387Z"}
[32minfo[39m: Dialog appeared: alert - Please submit this claim under www.aiaclinic.com website! {"service":"clinic-automation","timestamp":"2026-02-17T13:12:42.421Z"}
[32minfo[39m: Dialog accepted {"service":"clinic-automation","timestamp":"2026-02-17T13:12:42.447Z"}
[32minfo[39m: AIA Clinic switch will be needed after dialog dismissal {"service":"clinic-automation","timestamp":"2026-02-17T13:12:42.447Z"}
[33mwarn[39m: AIA Clinic switch required; aborting MHC open {"service":"clinic-automation","timestamp":"2026-02-17T13:12:42.687Z"}
[32minfo[39m: [SUBMIT] Routing override: AIA Clinic required by portal dialog (after patient click) {"msg":"Please submit this claim under www.aiaclinic.com website!","nric":"S7349449D","service":"clinic-automation","timestamp":"2026-02-17T13:12:42.688Z"}
[32minfo[39m: [MHC 16] Check if AIA Clinic switch needed {"service":"clinic-automation","timestamp":"2026-02-17T13:12:42.689Z"}
[32minfo[39m: AIA Clinic switch needed (flagged by dialog handler) {"service":"clinic-automation","timestamp":"2026-02-17T13:12:42.689Z"}
[32minfo[39m: AIA Clinic switch detected - switching system... {"service":"clinic-automation","timestamp":"2026-02-17T13:12:42.689Z"}
[32minfo[39m: [MHC 17] Switching to AIA Clinic system {"service":"clinic-automation","timestamp":"2026-02-17T13:12:42.689Z"}
[32minfo[39m: Clicked: Switch System {"service":"clinic-automation","timestamp":"2026-02-17T13:12:42.965Z"}
[32minfo[39m: [MHC 18] No visible AIA switch options; trying hidden switch links {"service":"clinic-automation","timestamp":"2026-02-17T13:12:43.727Z"}
[32minfo[39m: [MHC 19] AIA switch debug targets {"count":0,"sample":[],"service":"clinic-automation","timestamp":"2026-02-17T13:12:43.728Z"}
[32minfo[39m: [MHC 20] AIA switch href fallback candidates {"count":0,"sample":[],"service":"clinic-automation","timestamp":"2026-02-17T13:12:43.729Z"}
[32minfo[39m: [MHC 21] AIA switch deterministic default fallback {"nextUrl":"https://www.mhcasia.net/mhc/SwitchSystem.ec?url=https://www.aiaclinic.com","service":"clinic-automation","timestamp":"2026-02-17T13:12:43.729Z"}
[32minfo[39m: [MHC 22] Dialog handler set up {"service":"clinic-automation","timestamp":"2026-02-17T13:12:44.993Z"}
[32minfo[39m: [MHC 23] AIA switch verification via default fallback {"hasAddAiaVisit":true,"hasPolicyNoHeader":false,"hasSearchAiaMember":false,"hasSwitchSystem":false,"isAiaDomain":true,"isMhcDomain":false,"isSinglifeDomain":false,"looksLikeAiaFlow":true,"nextUrl":"https://www.mhcasia.net/mhc/SwitchSystem.ec?url=https://www.aiaclinic.com","service":"clinic-automation","timestamp":"2026-02-17T13:12:45.022Z","url":"https://www.aiaclinic.com/aia/ClinicAnnouncement.ec?OWASP_CSRFTOKEN=454J-ZFAD-74HW-SWSG-NGT6-LI4M-DL70-8ZVP"}
[32minfo[39m: [MHC 24] Navigate to AIA Visit {"nric":"S7349449D","service":"clinic-automation","timestamp":"2026-02-17T13:12:45.154Z","visitDate":"16/02/2026"}
[32minfo[39m: Clicked: Add AIA Visit {"service":"clinic-automation","timestamp":"2026-02-17T13:12:45.590Z"}
[32minfo[39m: [MHC 25] Member card selection detected {"service":"clinic-automation","timestamp":"2026-02-17T13:12:46.626Z"}
[32minfo[39m: Clicked: Member card: AIA red card {"service":"clinic-automation","timestamp":"2026-02-17T13:12:46.872Z"}
[32minfo[39m: [MHC 26] Click search icon for NRIC lookup {"service":"clinic-automation","timestamp":"2026-02-17T13:12:47.687Z"}
[32minfo[39m: Clicked: Search icon {"service":"clinic-automation","timestamp":"2026-02-17T13:12:48.196Z"}
[32minfo[39m: [MHC 27] Set AIA search visit date {"service":"clinic-automation","timestamp":"2026-02-17T13:12:48.698Z","visitDate":"16/02/2026"}
[32minfo[39m: [MHC 28] AIA search visit date set {"selector":"tr:has-text(\"Visit Date\") input[type=\"text\"]","service":"clinic-automation","timestamp":"2026-02-17T13:13:18.763Z","valueNow":"16/02/2026"}
[32minfo[39m: [MHC 29] Enter NRIC in AIA search {"nric":"S7349449D","service":"clinic-automation","timestamp":"2026-02-17T13:13:18.764Z"}
[32minfo[39m: NRIC entered in AIA search {"service":"clinic-automation","timestamp":"2026-02-17T13:13:19.564Z"}
[32minfo[39m: Clicked: Search button {"service":"clinic-automation","timestamp":"2026-02-17T13:13:20.757Z"}
[32minfo[39m: [MHC 30] Click patient from AIA search results {"service":"clinic-automation","timestamp":"2026-02-17T13:13:21.268Z"}
[32minfo[39m: [MHC 31] AIA patient link patched with visit date {"originalHref":"ClinicIECAIAEmpVisitAdd.ec?memberId=4035477802&visitDateAsString=16/02/2026&tranId=EDT457375701&OWASP_CSRFTOKEN=454J-ZFAD-74HW-SWSG-NGT6-LI4M-DL70-8ZVP","patchedHref":"https://www.aiaclinic.com/aia/ClinicIECAIAEmpVisitAdd.ec?memberId=4035477802&visitDateAsString=16%2F02%2F2026&tranId=EDT457375701&OWASP_CSRFTOKEN=454J-ZFAD-74HW-SWSG-NGT6-LI4M-DL70-8ZVP","service":"clinic-automation","timestamp":"2026-02-17T13:13:21.276Z","visitDate":"16/02/2026"}
[32minfo[39m: Selected patient from AIA search results {"service":"clinic-automation","timestamp":"2026-02-17T13:13:22.571Z"}
[32minfo[39m: [MHC 32] Patient selected from AIA results {"from":"https://www.aiaclinic.com/aia/ClinicIECAIAPatientSearchSubmit.ec","service":"clinic-automation","timestamp":"2026-02-17T13:13:22.571Z","to":"https://www.aiaclinic.com/aia/ClinicIECAIAEmpVisitAdd.ec?memberId=4035477802&visitDateAsString=16%2F02%2F2026&tranId=EDT457375701&OWASP_CSRFTOKEN=454J-ZFAD-74HW-SWSG-NGT6-LI4M-DL70-8ZVP"}
[32minfo[39m: [MHC 33] Visit form ready {"service":"clinic-automation","timestamp":"2026-02-17T13:13:22.675Z"}
[32minfo[39m: [MHC 34] Fill visit date {"date":"16/02/2026","service":"clinic-automation","timestamp":"2026-02-17T13:13:22.675Z"}
[32minfo[39m: [MHC 35] Visit date filled (fast path) {"date":"16/02/2026","service":"clinic-automation","timestamp":"2026-02-17T13:13:22.676Z"}
[32minfo[39m: [MHC 36] Fill charge type {"service":"clinic-automation","timestamp":"2026-02-17T13:13:22.676Z","visitType":"follow up"}
[32minfo[39m: [MHC 37] Visit form ready {"service":"clinic-automation","timestamp":"2026-02-17T13:13:22.676Z"}
[32minfo[39m: [MHC 38] Charge type filled {"mhcType":"Follow Up","service":"clinic-automation","timestamp":"2026-02-17T13:13:24.012Z","visitType":"follow up"}
[32minfo[39m: [MHC 39] Fill consultation fee {"fee":99999,"service":"clinic-automation","timestamp":"2026-02-17T13:13:24.216Z"}
[32minfo[39m: [MHC 40] Consultation fee filled (max amount accepted) {"service":"clinic-automation","timestamp":"2026-02-17T13:13:25.759Z"}
[32minfo[39m: [MHC 41] Fill MC days {"mcDays":0,"service":"clinic-automation","timestamp":"2026-02-17T13:13:26.263Z"}
[32minfo[39m: [MHC 42] MC days filled (DOM scan) {"kind":"input","mcDays":0,"ok":true,"service":"clinic-automation","timestamp":"2026-02-17T13:13:26.279Z","value":"0"}
[32minfo[39m: [MHC 43] MC days filled {"mcDays":0,"selector":"input[name*=\"mc\" i][name*=\"day\" i]","service":"clinic-automation","timestamp":"2026-02-17T13:13:26.306Z"}
[32minfo[39m: [MHC 44] Prefetched portal diagnosis options {"context":"aia","searchTerms":["knee","sprain of the knee","S83.411A","S83411A"],"service":"clinic-automation","timestamp":"2026-02-17T13:13:30.565Z","total":58}
[32minfo[39m: [MHC 45] Select diagnosis from dropdown {"searchTerm":{"code":"S83.411A","description":"S83.411A Sprain of the knee","value":null},"service":"clinic-automation","timestamp":"2026-02-17T13:13:31.672Z"}
[32minfo[39m: [MHC 46] Diagnosis dropdown options sample (no match) {"sample":[{"label":"NA","value":""},{"label":"J20 - Acute bronchitis\n                \n                  ","value":"J20_J20_Acute bronchitis"},{"label":"J02 - Acute pharyngitis\n                \n                  ","value":"J02_J02_Acute pharyngitis"},{"label":"J01 - Acute sinusitis\n                \n                  ","value":"J01_J01_Acute sinusitis"},{"label":"J03 - Acute tonsillitis\n                \n                  ","value":"J03_J03_Acute tonsillitis"},{"label":"J069 - Acute upper respiratory infection\n                \n  ","value":"J069_J069_Acute upper respiratory infection"},{"label":"J304 - Allergic rhinitis\n                \n                  ","value":"J304_J304_Allergic rhinitis"},{"label":"T784 - Allergy\n                \n                  ","value":"T784_T784_Allergy"},{"label":"I726 - Aneurysm and dissection of vertebral artery\n         ","value":"1671a107a446_I726_Aneurysm and dissection of vertebral arter"},{"label":"K120 - Apthous mouth ulcers   \n                \n            ","value":"K120_K120_Apthous mouth ulcers   "},{"label":"J45 - Asthma\n                \n                  ","value":"J45_J45_Asthma"},{"label":"L20 - Atopic dermatitis\n                \n                  ","value":"L20_L20_Atopic dermatitis"},{"label":"G510 - Bells palsy\n                \n                  ","value":"G510_G510_Bells palsy"},{"label":"L03.9 - Cellulitis\n                \n                  ","value":"L03_L03.9_Cellulitis"},{"label":"H001 - Chalazion\n                \n                  ","value":"H001_H001_Chalazion"},{"label":"R074 - Chest pain, unspecified\n                \n            ","value":"R074_R074_Chest pain, unspecified"},{"label":"B01 - Chicken pox infections \n                \n             ","value":"B01_B01_Chicken pox infections "},{"label":"M224 - Chondromalacia patellae\n                \n            ","value":"M224_M224_Chondromalacia patellae"},{"label":"A90 - Dengue fever (classical dengue)  \n                \n   ","value":"A90_A90_Dengue fever (classical dengue)  "},{"label":"E10 - Diabetes Mellitus (insulin dep.)  \n                \n  ","value":"E10_E10_Diabetes Mellitus (insulin dep.)  "},{"label":"E11 - Diabetes Mellitus (non-insul. dep.)  \n                ","value":"E11_E11_Diabetes Mellitus (non-insul. dep.)  "},{"label":"R42 - Dizziness and giddiness\n                \n             ","value":"R42_R42_Dizziness and giddiness"},{"label":"I10 - Essential (primary) hypertension\n                \n    ","value":"I10_I10_Essential (primary) hypertension"},{"label":"Z013 - Examination of blood pressure\n                \n      ","value":"Z013_Z013_Examination of blood pressure"},{"label":"R50 - Fever of unknown origin\n                \n             ","value":"R50_R50_Fever of unknown origin"},{"label":"K29 - Gastritis and duodenitis\n                \n            ","value":"K29_K29_Gastritis and duodenitis"},{"label":"K297 - Gastritis, unspecified\n                \n             ","value":"K297_K297_Gastritis, unspecified"},{"label":"K21 - Gastro-oesophageal reflux disease\n                \n   ","value":"K21_K21_Gastro-oesophageal reflux disease"},{"label":"A09 - Gastroenteritis\n                \n                  ","value":"A09_A09_Gastroenteritis"},{"label":"M10 - Gout\n                \n                  ","value":"M10_M10_Gout"},{"label":"R51 - Headache\n                \n                  ","value":"R51_R51_Headache"},{"label":"G442 - Headache (tension type) \n                \n           ","value":"G442_G442_Headache (tension type) "},{"label":"E785 - Hyperlipidaemia\n                \n                  ","value":"E785_E785_Hyperlipidaemia"},{"label":"E790 - Hyperuricaemia\n                \n                  ","value":"E790_E790_Hyperuricaemia"},{"label":"J11 - Influenza, virus not identified\n                \n     ","value":"J11_J11_Influenza, virus not identified"},{"label":"M54.5 - Low back pain (Loin pain; Low back strain; Lumbago N","value":"M545_M54.5_Low back pain (Loin pain; Low back strain; Lumbag"},{"label":"G43 - Migraine\n                \n                  ","value":"G43_G43_Migraine"},{"label":"H60 - Otitis externa\n                \n                  ","value":"H60_H60_Otitis externa"},{"label":"R101 - Pain localized to upper abdomen (Epigastric pain)\n   ","value":"R101_R101_Pain localized to upper abdomen (Epigastric pain)"},{"label":"N944 - Primary dysmenorrhoea\n                \n              ","value":"N944_N944_Primary dysmenorrhoea"}],"service":"clinic-automation","timestamp":"2026-02-17T13:13:31.701Z"}
[33mwarn[39m: Diagnosis not found matching: {"code":"S83.411A","description":"S83.411A Sprain of the knee","service":"clinic-automation","timestamp":"2026-02-17T13:13:31.702Z","value":null}
[32minfo[39m: [MHC 47] Fill primary diagnosis via M button {"diagnosis":"S83.411A","service":"clinic-automation","timestamp":"2026-02-17T13:13:31.705Z"}
[32minfo[39m: [MHC 48] Set waiver of referral {"checked":true,"service":"clinic-automation","timestamp":"2026-02-17T13:13:31.705Z"}
[32minfo[39m: [MHC 49] Waiver of referral not found {"checkedAt":"2026-02-17T13:13:31.710Z","checkedRequested":true,"reason":"waiver_checkbox_not_found","service":"clinic-automation","success":false,"timestamp":"2026-02-17T13:13:31.710Z","url":"https://www.aiaclinic.com/aia/ClinicIECAIAEmpVisitAddSubmit.ec"}
[32minfo[39m: [MHC 50] Diagnosis search seed prepared {"code":"S83.411A","keyword":"knee","searchCandidates":["knee","sprain of the knee","S83.411A","S83411A"],"searchText":"knee","service":"clinic-automation","timestamp":"2026-02-17T13:13:31.711Z"}
[32minfo[39m: [MHC 51] Clicked M button for diagnosis search {"selector":"input[name=\"SelectDiagnosisFromMaster\"][onclick*=\"diagnosisPriId\"]","service":"clinic-automation","strategy":"selector","timestamp":"2026-02-17T13:13:32.023Z"}
[32minfo[39m: [MHC 52] Diagnosis search mode set {"mode":"contains","selector":"select:has(option:text-matches(\"contains\",\"i\"))","service":"clinic-automation","timestamp":"2026-02-17T13:13:32.515Z"}
[32minfo[39m: [MHC 53] Entered diagnosis search text {"searchText":"knee","service":"clinic-automation","timestamp":"2026-02-17T13:13:32.515Z"}
[32minfo[39m: [MHC 54] Triggered diagnosis search {"searchText":"knee","service":"clinic-automation","timestamp":"2026-02-17T13:13:32.686Z"}
[32minfo[39m: [MHC 55] Selected diagnosis result (anchor match) {"ok":true,"optionCode":"S83.411AS83","row":"S83.411A Sprain of the knee","score":940,"service":"clinic-automation","text":"S83.411A","timestamp":"2026-02-17T13:13:34.057Z"}
[32minfo[39m: [MHC 56] Diagnosis resolution check {"diagnosisPriDesc":"Sprain of the knee","diagnosisPriId":"[set]","reasons":["diagnosis_dropdown_still_na"],"resolved":true,"service":"clinic-automation","timestamp":"2026-02-17T13:13:34.414Z"}
[32minfo[39m: [MHC 57] Diagnosis resolution check {"diagnosisPriDesc":"Sprain of the knee","diagnosisPriId":"[set]","reasons":["diagnosis_dropdown_still_na"],"resolved":true,"service":"clinic-automation","timestamp":"2026-02-17T13:13:34.722Z"}
[32minfo[39m: [SUBMIT] Medicines summary {"count":2,"isAiaFlow":true,"qtyCount":2,"sample":[{"amount":"210","name":"PHYSIOTHERAPY - RK","quantity":"1","unitPrice":"1"},{"amount":"80","name":"SPECIALIST CONSULTATION","quantity":"1","unitPrice":"1"}],"service":"clinic-automation","skipProcedures":false,"timestamp":"2026-02-17T13:13:34.724Z"}
[32minfo[39m: [MHC 58] Fill services/drugs {"count":2,"service":"clinic-automation","timestamp":"2026-02-17T13:13:34.725Z"}
[32minfo[39m: [MHC 59] Fill procedure item {"name":"PHYSIOTHERAPY - RK","rowIndex":1,"service":"clinic-automation","timestamp":"2026-02-17T13:13:34.734Z"}
[32minfo[39m: [MHC 60] Procedure name filled directly in procedure table {"rowIndex":1,"service":"clinic-automation","timestamp":"2026-02-17T13:13:34.738Z"}
[32minfo[39m: [MHC 61] Click More Procedure button {"service":"clinic-automation","timestamp":"2026-02-17T13:13:34.739Z"}
[32minfo[39m: [MHC 62] More Procedure button clicked {"service":"clinic-automation","timestamp":"2026-02-17T13:13:35.302Z"}
[32minfo[39m: [MHC 63] Fill procedure item {"name":"SPECIALIST CONSULTATION","rowIndex":2,"service":"clinic-automation","timestamp":"2026-02-17T13:13:35.303Z"}
[32minfo[39m: [MHC 64] Procedure name filled directly in procedure table {"rowIndex":2,"service":"clinic-automation","timestamp":"2026-02-17T13:13:35.308Z"}
[32minfo[39m: Dialog appeared: alert - Please select Procedure first. {"service":"clinic-automation","timestamp":"2026-02-17T13:13:35.319Z"}
[32minfo[39m: Dialog accepted {"service":"clinic-automation","timestamp":"2026-02-17T13:13:35.340Z"}
[32minfo[39m: [MHC 65] Procedure claim amount filled (fallback) {"claim":"0","rowIndex":1,"service":"clinic-automation","timestamp":"2026-02-17T13:13:35.342Z"}
[32minfo[39m: Dialog appeared: alert - Please select Procedure first. {"service":"clinic-automation","timestamp":"2026-02-17T13:13:35.348Z"}
[32minfo[39m: Dialog accepted {"service":"clinic-automation","timestamp":"2026-02-17T13:13:35.372Z"}
[32minfo[39m: [MHC 66] Procedure claim amount filled (fallback) {"claim":"0","rowIndex":2,"service":"clinic-automation","timestamp":"2026-02-17T13:13:35.375Z"}
[32minfo[39m: Filled services/drugs into MHC: drugs=0, procedures=2 {"service":"clinic-automation","timestamp":"2026-02-17T13:13:35.375Z"}
[32minfo[39m: [SUBMIT] Fill-only run; not updating submission_status/submitted_at {"payType":"MHC","savedAsDraft":false,"service":"clinic-automation","timestamp":"2026-02-17T13:13:35.546Z","visitId":"65ff1924-e660-4ffd-9f91-ab8deccd6175"}
[32minfo[39m: [8/20] Processing: CHEAM XI-QING JACQUELINE (ALLIANC) {"service":"clinic-automation","timestamp":"2026-02-17T13:13:37.768Z"}
[32minfo[39m: [SUBMIT STEP 01/10] Submitting claim for CHEAM XI-QING JACQUELINE {"payType":"ALLIANC","service":"clinic-automation","timestamp":"2026-02-17T13:13:37.769Z","visitId":"588d28b0-d736-49d7-b121-b7b72c8a3e6e"}
[32minfo[39m: [SUBMIT STEP 02/10] Submitting to Alliance Medinet {"service":"clinic-automation","timestamp":"2026-02-17T13:13:37.771Z"}
[32minfo[39m: [SUBMIT] Alliance form data: {"doctorName":"Palanisamy Arul Murugan","matchedTag":"ALLIANC","nric":"T1204303H","service":"clinic-automation","spCode":"PAM","timestamp":"2026-02-17T13:13:37.772Z"}
[31merror[39m: [ALLIANCE] Login failed {"error":"ALLIANCE_MEDINET_USERNAME / ALLIANCE_MEDINET_PASSWORD must be set","service":"clinic-automation","timestamp":"2026-02-17T13:13:37.889Z"}
[33mwarn[39m: [SUBMIT] Alliance visit attempt failed {"attempt":1,"canRetry":false,"error":"ALLIANCE_MEDINET_USERNAME / ALLIANCE_MEDINET_PASSWORD must be set","lastAction":"login.open","maxAttempts":2,"retryable":false,"service":"clinic-automation","timestamp":"2026-02-17T13:13:37.890Z","traceId":null}
[31merror[39m: [SUBMIT] Error submitting claim for CHEAM XI-QING JACQUELINE {"error":"ALLIANCE_MEDINET_USERNAME / ALLIANCE_MEDINET_PASSWORD must be set","service":"clinic-automation","timestamp":"2026-02-17T13:13:37.890Z"}
[32minfo[39m: [SUBMIT] Verification run: not persisting submission_status=error {"error":"ALLIANCE_MEDINET_USERNAME / ALLIANCE_MEDINET_PASSWORD must be set","payType":"ALLIANC","service":"clinic-automation","timestamp":"2026-02-17T13:13:37.890Z","visitId":"588d28b0-d736-49d7-b121-b7b72c8a3e6e"}
[31merror[39m: Failed to submit: ALLIANCE_MEDINET_USERNAME / ALLIANCE_MEDINET_PASSWORD must be set {"service":"clinic-automation","timestamp":"2026-02-17T13:13:37.890Z"}
[32minfo[39m: [9/20] Processing: SAURABH CHANDAN (ALLIANZ) {"service":"clinic-automation","timestamp":"2026-02-17T13:13:40.154Z"}
[32minfo[39m: [SUBMIT STEP 01/10] Submitting claim for SAURABH CHANDAN {"payType":"ALLIANZ","service":"clinic-automation","timestamp":"2026-02-17T13:13:40.155Z","visitId":"96b158ba-8d89-4f84-ba02-a544190e867f"}
[33mwarn[39m: [SUBMIT] Unknown pay type: ALLIANZ. Skipping submission. {"service":"clinic-automation","timestamp":"2026-02-17T13:13:40.156Z"}
[33mwarn[39m: Unsupported/unknown pay type: ALLIANZ {"service":"clinic-automation","timestamp":"2026-02-17T13:13:40.156Z"}
[32minfo[39m: [10/20] Processing: DYLAN AUSTIN TARIN (MHC) {"service":"clinic-automation","timestamp":"2026-02-17T13:13:42.385Z"}
[32minfo[39m: [SUBMIT STEP 01/10] Submitting claim for DYLAN AUSTIN TARIN {"payType":"MHC","service":"clinic-automation","timestamp":"2026-02-17T13:13:42.385Z","visitId":"8eb44ca6-5331-4b98-be7a-c5ae9e011782"}
[32minfo[39m: [SUBMIT STEP 02/10] Submitting to MHC Asia {"service":"clinic-automation","timestamp":"2026-02-17T13:13:42.386Z"}
[32minfo[39m: [SUBMIT] MHC form data: {"allowMissingDiagnosisDraftFallback":false,"chargeType":"first","diagnosis":"Sprain & strain wrist part unspecified","diagnosisCanonical":"Sprain and strain of wrist","diagnosisResolutionStatus":"resolved","forceSinglife":false,"mcDays":0,"mcStartDate":null,"nric":"T0837603J","patientName":"DYLAN AUSTIN TARIN","service":"clinic-automation","timestamp":"2026-02-17T13:13:42.387Z"}
[32minfo[39m: [MHC 67] Ensure at MHC home {"service":"clinic-automation","timestamp":"2026-02-17T13:13:42.387Z"}
[32minfo[39m: Login form visible after ensureAtMhcHome; re-logging in {"service":"clinic-automation","timestamp":"2026-02-17T13:13:43.506Z"}
[32minfo[39m: [MHC 68] Login start {"attempt":1,"maxAttempts":3,"service":"clinic-automation","timestamp":"2026-02-17T13:13:43.508Z"}
[32minfo[39m: Logging into MHC Asia... {"service":"clinic-automation","timestamp":"2026-02-17T13:13:43.508Z"}
[32minfo[39m: [MHC 69] Country selected (best-effort) {"label":"MHC SINGAPORE","service":"clinic-automation","timestamp":"2026-02-17T13:13:44.861Z"}
[32minfo[39m: Username filled {"service":"clinic-automation","timestamp":"2026-02-17T13:13:44.887Z"}
[32minfo[39m: Password filled {"service":"clinic-automation","timestamp":"2026-02-17T13:13:44.895Z"}
[32minfo[39m: Login button clicked {"service":"clinic-automation","timestamp":"2026-02-17T13:13:45.941Z"}
[32minfo[39m: Successfully logged into MHC Asia {"service":"clinic-automation","timestamp":"2026-02-17T13:13:53.598Z"}
[32minfo[39m: [MHC 70] Login ok {"service":"clinic-automation","timestamp":"2026-02-17T13:13:53.598Z"}
[32minfo[39m: [MHC 71] Dialog handler set up {"service":"clinic-automation","timestamp":"2026-02-17T13:13:53.598Z"}
[32minfo[39m: [MHC 72] Search patient {"service":"clinic-automation","term":"T0837603J","timestamp":"2026-02-17T13:13:53.598Z"}
[32minfo[39m: Searching patient: T0837603J {"service":"clinic-automation","timestamp":"2026-02-17T13:13:53.598Z"}
[32minfo[39m: [MHC 73] Navigate: Normal Visit {"service":"clinic-automation","timestamp":"2026-02-17T13:13:53.623Z"}
[32minfo[39m: Navigating to Normal Visit > Search Other Programs... {"service":"clinic-automation","timestamp":"2026-02-17T13:13:53.623Z"}
[32minfo[39m: [MHC 74] Found Normal Visit link {"selector":"a:has-text(\"Normal Visit\")","service":"clinic-automation","timestamp":"2026-02-17T13:13:54.642Z"}
[32minfo[39m: Clicked: Normal Visit {"service":"clinic-automation","timestamp":"2026-02-17T13:13:55.607Z"}
[32minfo[39m: [MHC 75] At program selection page (Normal Visit clicked) {"service":"clinic-automation","timestamp":"2026-02-17T13:13:55.608Z"}
[32minfo[39m: Clicked: Search under other programs (tile) {"service":"clinic-automation","timestamp":"2026-02-17T13:13:56.899Z"}
[32minfo[39m: [MHC 76] Fill visit date {"date":"16/02/2026","service":"clinic-automation","timestamp":"2026-02-17T13:13:57.547Z"}
[32minfo[39m: [MHC 77] Visit date filled (fast path) {"date":"16/02/2026","service":"clinic-automation","timestamp":"2026-02-17T13:13:57.554Z"}
[32minfo[39m: [MHC 78] NRIC search field set {"programKind":"other","service":"clinic-automation","timestamp":"2026-02-17T13:13:57.780Z","value":"T0837603J"}
[32minfo[39m: [MHC 79] Search attempt result {"found":true,"hasField":true,"memberNotFound":false,"programKind":"other","service":"clinic-automation","timestamp":"2026-02-17T13:13:59.764Z"}
[32minfo[39m: Portal determined: null {"service":"clinic-automation","timestamp":"2026-02-17T13:13:59.764Z"}
[32minfo[39m: [MHC 80] Search result parsed {"found":true,"memberNotFound":false,"portal":null,"service":"clinic-automation","timestamp":"2026-02-17T13:13:59.764Z"}
[32minfo[39m: [MHC 81] Open patient from results {"nric":"T0837603J","preferredContext":"mhc","service":"clinic-automation","timestamp":"2026-02-17T13:13:59.764Z"}
[32minfo[39m: Opening patient from search results... {"service":"clinic-automation","timestamp":"2026-02-17T13:13:59.764Z"}
[32minfo[39m: Dialog appeared: alert - Please submit this claim under www.aiaclinic.com website! {"service":"clinic-automation","timestamp":"2026-02-17T13:13:59.803Z"}
[32minfo[39m: Dialog accepted {"service":"clinic-automation","timestamp":"2026-02-17T13:13:59.822Z"}
[32minfo[39m: AIA Clinic switch will be needed after dialog dismissal {"service":"clinic-automation","timestamp":"2026-02-17T13:13:59.822Z"}
[33mwarn[39m: AIA Clinic switch required; aborting MHC open {"service":"clinic-automation","timestamp":"2026-02-17T13:14:00.061Z"}
[32minfo[39m: [SUBMIT] Routing override: AIA Clinic required by portal dialog (after patient click) {"msg":"Please submit this claim under www.aiaclinic.com website!","nric":"T0837603J","service":"clinic-automation","timestamp":"2026-02-17T13:14:00.062Z"}
[32minfo[39m: [MHC 82] Check if AIA Clinic switch needed {"service":"clinic-automation","timestamp":"2026-02-17T13:14:00.062Z"}
[32minfo[39m: AIA Clinic switch needed (flagged by dialog handler) {"service":"clinic-automation","timestamp":"2026-02-17T13:14:00.062Z"}
[32minfo[39m: AIA Clinic switch detected - switching system... {"service":"clinic-automation","timestamp":"2026-02-17T13:14:00.062Z"}
[32minfo[39m: [MHC 83] Switching to AIA Clinic system {"service":"clinic-automation","timestamp":"2026-02-17T13:14:00.062Z"}
[32minfo[39m: Clicked: Switch System {"service":"clinic-automation","timestamp":"2026-02-17T13:14:00.336Z"}
[32minfo[39m: [MHC 84] No visible AIA switch options; trying hidden switch links {"service":"clinic-automation","timestamp":"2026-02-17T13:14:01.095Z"}
[32minfo[39m: [MHC 85] AIA switch debug targets {"count":0,"sample":[],"service":"clinic-automation","timestamp":"2026-02-17T13:14:01.096Z"}
[32minfo[39m: [MHC 86] AIA switch href fallback candidates {"count":0,"sample":[],"service":"clinic-automation","timestamp":"2026-02-17T13:14:01.096Z"}
[32minfo[39m: [MHC 87] AIA switch deterministic default fallback {"nextUrl":"https://www.mhcasia.net/mhc/SwitchSystem.ec?url=https://www.aiaclinic.com","service":"clinic-automation","timestamp":"2026-02-17T13:14:01.097Z"}
[32minfo[39m: [MHC 88] Dialog handler set up {"service":"clinic-automation","timestamp":"2026-02-17T13:14:02.270Z"}
[32minfo[39m: [MHC 89] AIA switch verification via default fallback {"hasAddAiaVisit":true,"hasPolicyNoHeader":false,"hasSearchAiaMember":false,"hasSwitchSystem":false,"isAiaDomain":true,"isMhcDomain":false,"isSinglifeDomain":false,"looksLikeAiaFlow":true,"nextUrl":"https://www.mhcasia.net/mhc/SwitchSystem.ec?url=https://www.aiaclinic.com","service":"clinic-automation","timestamp":"2026-02-17T13:14:02.308Z","url":"https://www.aiaclinic.com/aia/ClinicAnnouncement.ec?OWASP_CSRFTOKEN=454J-ZFAD-74HW-SWSG-NGT6-LI4M-DL70-8ZVP"}
[32minfo[39m: [MHC 90] Navigate to AIA Visit {"nric":"T0837603J","service":"clinic-automation","timestamp":"2026-02-17T13:14:02.440Z","visitDate":"16/02/2026"}
[32minfo[39m: Clicked: Add AIA Visit {"service":"clinic-automation","timestamp":"2026-02-17T13:14:03.446Z"}
[32minfo[39m: [MHC 91] Member card selection detected {"service":"clinic-automation","timestamp":"2026-02-17T13:14:04.482Z"}
[32minfo[39m: Clicked: Member card: AIA red card {"service":"clinic-automation","timestamp":"2026-02-17T13:14:04.725Z"}
[32minfo[39m: [MHC 92] Click search icon for NRIC lookup {"service":"clinic-automation","timestamp":"2026-02-17T13:14:05.540Z"}
[32minfo[39m: Clicked: Search icon {"service":"clinic-automation","timestamp":"2026-02-17T13:14:06.127Z"}
[32minfo[39m: [MHC 93] Set AIA search visit date {"service":"clinic-automation","timestamp":"2026-02-17T13:14:06.630Z","visitDate":"16/02/2026"}
[32minfo[39m: [MHC 94] AIA search visit date set {"selector":"tr:has-text(\"Visit Date\") input[type=\"text\"]","service":"clinic-automation","timestamp":"2026-02-17T13:14:36.693Z","valueNow":"16/02/2026"}
[32minfo[39m: [MHC 95] Enter NRIC in AIA search {"nric":"T0837603J","service":"clinic-automation","timestamp":"2026-02-17T13:14:36.693Z"}
[32minfo[39m: NRIC entered in AIA search {"service":"clinic-automation","timestamp":"2026-02-17T13:14:37.511Z"}
[32minfo[39m: Clicked: Search button {"service":"clinic-automation","timestamp":"2026-02-17T13:14:38.780Z"}
[32minfo[39m: [MHC 96] Click patient from AIA search results {"service":"clinic-automation","timestamp":"2026-02-17T13:14:39.301Z"}
[32minfo[39m: [MHC 97] AIA patient link patched with visit date {"originalHref":"ClinicIECAIAEmpVisitAdd.ec?memberId=4035477804&visitDateAsString=16/02/2026&tranId=EDT457375702&OWASP_CSRFTOKEN=454J-ZFAD-74HW-SWSG-NGT6-LI4M-DL70-8ZVP","patchedHref":"https://www.aiaclinic.com/aia/ClinicIECAIAEmpVisitAdd.ec?memberId=4035477804&visitDateAsString=16%2F02%2F2026&tranId=EDT457375702&OWASP_CSRFTOKEN=454J-ZFAD-74HW-SWSG-NGT6-LI4M-DL70-8ZVP","service":"clinic-automation","timestamp":"2026-02-17T13:14:39.309Z","visitDate":"16/02/2026"}
[32minfo[39m: Selected patient from AIA search results {"service":"clinic-automation","timestamp":"2026-02-17T13:14:43.030Z"}
[32minfo[39m: [MHC 98] Patient selected from AIA results {"from":"https://www.aiaclinic.com/aia/ClinicIECAIAPatientSearchSubmit.ec","service":"clinic-automation","timestamp":"2026-02-17T13:14:43.031Z","to":"https://www.aiaclinic.com/aia/ClinicIECAIAEmpVisitAdd.ec?memberId=4035477804&visitDateAsString=16%2F02%2F2026&tranId=EDT457375702&OWASP_CSRFTOKEN=454J-ZFAD-74HW-SWSG-NGT6-LI4M-DL70-8ZVP"}
[32minfo[39m: [MHC 99] Visit form ready {"service":"clinic-automation","timestamp":"2026-02-17T13:14:43.155Z"}
[32minfo[39m: [MHC 100] Fill visit date {"date":"16/02/2026","service":"clinic-automation","timestamp":"2026-02-17T13:14:43.155Z"}
[32minfo[39m: [MHC 101] Visit date filled (fast path) {"date":"16/02/2026","service":"clinic-automation","timestamp":"2026-02-17T13:14:43.156Z"}
[32minfo[39m: [MHC 102] Fill charge type {"service":"clinic-automation","timestamp":"2026-02-17T13:14:43.156Z","visitType":"new"}
[32minfo[39m: [MHC 103] Visit form ready {"service":"clinic-automation","timestamp":"2026-02-17T13:14:43.156Z"}
[32minfo[39m: [MHC 104] Charge type filled {"mhcType":"First Consult","service":"clinic-automation","timestamp":"2026-02-17T13:14:44.489Z","visitType":"new"}
[32minfo[39m: [MHC 105] Set waiver of referral {"checked":true,"service":"clinic-automation","timestamp":"2026-02-17T13:14:44.489Z"}
[32minfo[39m: [MHC 106] Waiver of referral not found {"checkedAt":"2026-02-17T13:14:45.024Z","checkedRequested":true,"reason":"waiver_checkbox_not_found","service":"clinic-automation","success":false,"timestamp":"2026-02-17T13:14:45.024Z","url":"https://www.aiaclinic.com/aia/ClinicIECAIAEmpVisitAddSubmit.ec"}
[32minfo[39m: [MHC 107] Fill consultation fee {"fee":99999,"service":"clinic-automation","timestamp":"2026-02-17T13:14:45.227Z"}
[32minfo[39m: [MHC 108] Consultation fee filled (max amount accepted) {"service":"clinic-automation","timestamp":"2026-02-17T13:14:46.053Z"}
[32minfo[39m: [MHC 109] Fill MC days {"mcDays":0,"service":"clinic-automation","timestamp":"2026-02-17T13:14:46.557Z"}
[32minfo[39m: [MHC 110] MC days filled (DOM scan) {"kind":"input","mcDays":0,"ok":true,"service":"clinic-automation","timestamp":"2026-02-17T13:14:46.620Z","value":"0"}
[32minfo[39m: [MHC 111] MC days filled {"mcDays":0,"selector":"input[name*=\"mc\" i][name*=\"day\" i]","service":"clinic-automation","timestamp":"2026-02-17T13:14:46.764Z"}
[32minfo[39m: [MHC 112] Prefetched portal diagnosis options {"context":"aia","searchTerms":["and","and wrist","sprain and strain of wrist","S63.5","S635"],"service":"clinic-automation","timestamp":"2026-02-17T13:14:51.825Z","total":65}
[32minfo[39m: [MHC 113] Select diagnosis from dropdown {"searchTerm":{"code":"S635","description":"S635 Sprain and strain of wrist","value":null},"service":"clinic-automation","timestamp":"2026-02-17T13:14:52.981Z"}
[32minfo[39m: [MHC 114] Diagnosis dropdown options sample (no match) {"sample":[{"label":"NA","value":""},{"label":"J20 - Acute bronchitis\n                \n                  ","value":"J20_J20_Acute bronchitis"},{"label":"J02 - Acute pharyngitis\n                \n                  ","value":"J02_J02_Acute pharyngitis"},{"label":"J01 - Acute sinusitis\n                \n                  ","value":"J01_J01_Acute sinusitis"},{"label":"J03 - Acute tonsillitis\n                \n                  ","value":"J03_J03_Acute tonsillitis"},{"label":"J069 - Acute upper respiratory infection\n                \n  ","value":"J069_J069_Acute upper respiratory infection"},{"label":"J304 - Allergic rhinitis\n                \n                  ","value":"J304_J304_Allergic rhinitis"},{"label":"T784 - Allergy\n                \n                  ","value":"T784_T784_Allergy"},{"label":"I726 - Aneurysm and dissection of vertebral artery\n         ","value":"1671a107a446_I726_Aneurysm and dissection of vertebral arter"},{"label":"K120 - Apthous mouth ulcers   \n                \n            ","value":"K120_K120_Apthous mouth ulcers   "},{"label":"J45 - Asthma\n                \n                  ","value":"J45_J45_Asthma"},{"label":"L20 - Atopic dermatitis\n                \n                  ","value":"L20_L20_Atopic dermatitis"},{"label":"G510 - Bells palsy\n                \n                  ","value":"G510_G510_Bells palsy"},{"label":"L03.9 - Cellulitis\n                \n                  ","value":"L03_L03.9_Cellulitis"},{"label":"H001 - Chalazion\n                \n                  ","value":"H001_H001_Chalazion"},{"label":"R074 - Chest pain, unspecified\n                \n            ","value":"R074_R074_Chest pain, unspecified"},{"label":"B01 - Chicken pox infections \n                \n             ","value":"B01_B01_Chicken pox infections "},{"label":"M224 - Chondromalacia patellae\n                \n            ","value":"M224_M224_Chondromalacia patellae"},{"label":"A90 - Dengue fever (classical dengue)  \n                \n   ","value":"A90_A90_Dengue fever (classical dengue)  "},{"label":"E10 - Diabetes Mellitus (insulin dep.)  \n                \n  ","value":"E10_E10_Diabetes Mellitus (insulin dep.)  "},{"label":"E11 - Diabetes Mellitus (non-insul. dep.)  \n                ","value":"E11_E11_Diabetes Mellitus (non-insul. dep.)  "},{"label":"R42 - Dizziness and giddiness\n                \n             ","value":"R42_R42_Dizziness and giddiness"},{"label":"I10 - Essential (primary) hypertension\n                \n    ","value":"I10_I10_Essential (primary) hypertension"},{"label":"Z013 - Examination of blood pressure\n                \n      ","value":"Z013_Z013_Examination of blood pressure"},{"label":"R50 - Fever of unknown origin\n                \n             ","value":"R50_R50_Fever of unknown origin"},{"label":"K29 - Gastritis and duodenitis\n                \n            ","value":"K29_K29_Gastritis and duodenitis"},{"label":"K297 - Gastritis, unspecified\n                \n             ","value":"K297_K297_Gastritis, unspecified"},{"label":"K21 - Gastro-oesophageal reflux disease\n                \n   ","value":"K21_K21_Gastro-oesophageal reflux disease"},{"label":"A09 - Gastroenteritis\n                \n                  ","value":"A09_A09_Gastroenteritis"},{"label":"M10 - Gout\n                \n                  ","value":"M10_M10_Gout"},{"label":"R51 - Headache\n                \n                  ","value":"R51_R51_Headache"},{"label":"G442 - Headache (tension type) \n                \n           ","value":"G442_G442_Headache (tension type) "},{"label":"E785 - Hyperlipidaemia\n                \n                  ","value":"E785_E785_Hyperlipidaemia"},{"label":"E790 - Hyperuricaemia\n                \n                  ","value":"E790_E790_Hyperuricaemia"},{"label":"J11 - Influenza, virus not identified\n                \n     ","value":"J11_J11_Influenza, virus not identified"},{"label":"M54.5 - Low back pain (Loin pain; Low back strain; Lumbago N","value":"M545_M54.5_Low back pain (Loin pain; Low back strain; Lumbag"},{"label":"G43 - Migraine\n                \n                  ","value":"G43_G43_Migraine"},{"label":"H60 - Otitis externa\n                \n                  ","value":"H60_H60_Otitis externa"},{"label":"R101 - Pain localized to upper abdomen (Epigastric pain)\n   ","value":"R101_R101_Pain localized to upper abdomen (Epigastric pain)"},{"label":"N944 - Primary dysmenorrhoea\n                \n              ","value":"N944_N944_Primary dysmenorrhoea"}],"service":"clinic-automation","timestamp":"2026-02-17T13:14:53.007Z"}
[33mwarn[39m: Diagnosis not found matching: {"code":"S635","description":"S635 Sprain and strain of wrist","service":"clinic-automation","timestamp":"2026-02-17T13:14:53.009Z","value":null}
[32minfo[39m: [MHC 115] Fill primary diagnosis via M button {"diagnosis":"S635","service":"clinic-automation","timestamp":"2026-02-17T13:14:53.009Z"}
[32minfo[39m: [MHC 116] Set waiver of referral {"checked":true,"service":"clinic-automation","timestamp":"2026-02-17T13:14:53.009Z"}
[32minfo[39m: [MHC 117] Waiver of referral set result {"checkedAfter":true,"checkedAt":"2026-02-17T13:14:53.231Z","checkedBefore":false,"checkedRequested":true,"service":"clinic-automation","strategy":"waiver_row","success":true,"timestamp":"2026-02-17T13:14:53.231Z","url":"https://www.aiaclinic.com/aia/ClinicIECAIAEmpVisitAddSubmit.ec"}
[32minfo[39m: [MHC 118] Diagnosis search seed prepared {"code":"S635","keyword":"wrist","searchCandidates":["wrist","sprain and strain of wrist","S635"],"searchText":"wrist","service":"clinic-automation","timestamp":"2026-02-17T13:14:53.232Z"}
[32minfo[39m: [MHC 119] Clicked M button for diagnosis search {"selector":"input[name=\"SelectDiagnosisFromMaster\"][onclick*=\"diagnosisPriId\"]","service":"clinic-automation","strategy":"selector","timestamp":"2026-02-17T13:14:53.546Z"}
[32minfo[39m: [MHC 120] Diagnosis search mode set {"mode":"contains","selector":"select:has(option:text-matches(\"contains\",\"i\"))","service":"clinic-automation","timestamp":"2026-02-17T13:14:54.023Z"}
[32minfo[39m: [MHC 121] Entered diagnosis search text {"searchText":"wrist","service":"clinic-automation","timestamp":"2026-02-17T13:14:54.023Z"}
[32minfo[39m: [MHC 122] Triggered diagnosis search {"searchText":"wrist","service":"clinic-automation","timestamp":"2026-02-17T13:14:54.169Z"}
[32minfo[39m: [MHC 123] Selected diagnosis result (anchor match) {"ok":true,"optionCode":"S635","row":"S635 Sprain and strain of wrist","score":1040,"service":"clinic-automation","text":"S635","timestamp":"2026-02-17T13:14:55.511Z"}
[32minfo[39m: [MHC 124] Diagnosis resolution check {"diagnosisPriDesc":"Sprain and strain of wrist","diagnosisPriId":"[set]","reasons":["diagnosis_dropdown_still_na"],"resolved":true,"service":"clinic-automation","timestamp":"2026-02-17T13:14:55.868Z"}
[32minfo[39m: [MHC 125] Diagnosis resolution check {"diagnosisPriDesc":"Sprain and strain of wrist","diagnosisPriId":"[set]","reasons":["diagnosis_dropdown_still_na"],"resolved":true,"service":"clinic-automation","timestamp":"2026-02-17T13:14:56.175Z"}
[32minfo[39m: [SUBMIT] Medicines summary {"count":5,"isAiaFlow":true,"qtyCount":5,"sample":[{"amount":"80","name":"Wrist Brace (DR)","quantity":"1","unitPrice":"80"},{"amount":"1068","name":"MRI (RADLINK)","quantity":"1","unitPrice":"1"},{"amount":"150","name":"Panadeine (Panaco)","quantity":"60","unitPrice":"2.5"},{"amount":"120","name":"SPECIALIST FIRST CONSULTATION","quantity":"1","unitPrice":"1"},{"amount":"63.5","name":"Sprain & strain wrist part unspecified","quantity":"63.5","unitPrice":"1"}],"service":"clinic-automation","skipProcedures":false,"timestamp":"2026-02-17T13:14:56.177Z"}
[32minfo[39m: [MHC 126] Fill services/drugs {"count":5,"service":"clinic-automation","timestamp":"2026-02-17T13:14:56.177Z"}
[32minfo[39m: [MHC 127] Fill drug item {"drug":"Wrist Brace (DR)","quantity":"1","rowIndex":1,"service":"clinic-automation","timestamp":"2026-02-17T13:14:56.179Z"}
[32minfo[39m: [MHC 128] Drug name filled directly in drug table {"qtyFilled":true,"rowIndex":1,"service":"clinic-automation","timestamp":"2026-02-17T13:15:00.411Z"}
[32minfo[39m: [MHC 129] Drug qty filled (fallback) {"quantity":"1","rowIndex":1,"service":"clinic-automation","timestamp":"2026-02-17T13:15:00.416Z"}
[32minfo[39m: [MHC 130] Drug qty verified {"quantity":"1","rowIndex":1,"service":"clinic-automation","timestamp":"2026-02-17T13:15:00.420Z"}
[32minfo[39m: [MHC 131] Skip AIA drug pricing fallback without resolved drug master code {"amount":"80","drug":"Wrist Brace (DR)","rowIndex":1,"service":"clinic-automation","timestamp":"2026-02-17T13:15:00.420Z","unitPrice":"80"}
[32minfo[39m: [MHC 132] Click More Drug button {"service":"clinic-automation","timestamp":"2026-02-17T13:15:00.420Z"}
[32minfo[39m: [MHC 133] More Drug button clicked {"service":"clinic-automation","timestamp":"2026-02-17T13:15:00.964Z"}
[32minfo[39m: [MHC 134] Fill drug item {"drug":"Panadeine (Panaco)","quantity":"60","rowIndex":2,"service":"clinic-automation","timestamp":"2026-02-17T13:15:00.964Z"}
[32minfo[39m: [MHC 135] Drug selected from master popup {"drug":"Panadeine (Panaco)","rowIndex":2,"service":"clinic-automation","term":"panadeine","timestamp":"2026-02-17T13:15:03.035Z"}
[32minfo[39m: [MHC 136] Drug qty filled (fallback) {"quantity":"60","rowIndex":2,"service":"clinic-automation","timestamp":"2026-02-17T13:15:03.047Z"}
[32minfo[39m: [MHC 137] Drug qty verified {"quantity":"60","rowIndex":2,"service":"clinic-automation","timestamp":"2026-02-17T13:15:03.060Z"}
[32minfo[39m: [MHC 138] Drug pricing filled (fallback) {"amount":"150","result":{"amountField":{"id":"drug_amount","name":"drug_amount"},"amountFinal":"150","amountSet":true,"priceField":{"id":"","name":"drug_unitPrice"},"priceFinal":"2.5","priceSet":true,"unitField":{"id":"","name":"drug_unit"},"unitSet":false},"rowIndex":2,"service":"clinic-automation","timestamp":"2026-02-17T13:15:03.065Z","unit":null,"unitPrice":"2.5"}
[32minfo[39m: [MHC 139] Drug pricing verified {"amount":150,"rowIndex":2,"service":"clinic-automation","timestamp":"2026-02-17T13:15:03.067Z","unitPrice":2.5}
[32minfo[39m: [MHC 140] Click More Drug button {"service":"clinic-automation","timestamp":"2026-02-17T13:15:03.067Z"}
[32minfo[39m: [MHC 141] More Drug button clicked {"service":"clinic-automation","timestamp":"2026-02-17T13:15:03.596Z"}
[32minfo[39m: [MHC 142] Fill drug item {"drug":"Sprain & strain wrist part uns","quantity":"63.5","rowIndex":3,"service":"clinic-automation","timestamp":"2026-02-17T13:15:03.596Z"}
[32minfo[39m: [MHC 143] Drug name filled directly in drug table {"qtyFilled":true,"rowIndex":3,"service":"clinic-automation","timestamp":"2026-02-17T13:15:07.981Z"}
[32minfo[39m: [MHC 144] Drug qty filled (fallback) {"quantity":"63.5","rowIndex":3,"service":"clinic-automation","timestamp":"2026-02-17T13:15:07.985Z"}
[32minfo[39m: [MHC 145] Drug qty verified {"quantity":"63.5","rowIndex":3,"service":"clinic-automation","timestamp":"2026-02-17T13:15:07.987Z"}
[32minfo[39m: [MHC 146] Skip AIA drug pricing fallback without resolved drug master code {"amount":"63.5","drug":"Sprain & strain wrist part unspecified","rowIndex":3,"service":"clinic-automation","timestamp":"2026-02-17T13:15:07.987Z","unitPrice":"1"}
[32minfo[39m: [MHC 147] Fill procedure item {"name":"MRI (RADLINK)","rowIndex":1,"service":"clinic-automation","timestamp":"2026-02-17T13:15:07.989Z"}
[32minfo[39m: [MHC 148] Procedure name filled directly in procedure table {"rowIndex":1,"service":"clinic-automation","timestamp":"2026-02-17T13:15:07.992Z"}
[32minfo[39m: [MHC 149] Click More Procedure button {"service":"clinic-automation","timestamp":"2026-02-17T13:15:07.993Z"}
[32minfo[39m: [MHC 150] More Procedure button clicked {"service":"clinic-automation","timestamp":"2026-02-17T13:15:08.533Z"}
[32minfo[39m: [MHC 151] Fill procedure item {"name":"SPECIALIST FIRST CONSULTATION","rowIndex":2,"service":"clinic-automation","timestamp":"2026-02-17T13:15:08.533Z"}
[32minfo[39m: [MHC 152] Procedure name filled directly in procedure table {"rowIndex":2,"service":"clinic-automation","timestamp":"2026-02-17T13:15:08.534Z"}
[32minfo[39m: Dialog appeared: alert - Please select Procedure first. {"service":"clinic-automation","timestamp":"2026-02-17T13:15:08.538Z"}
[32minfo[39m: Dialog accepted {"service":"clinic-automation","timestamp":"2026-02-17T13:15:08.550Z"}
[32minfo[39m: [MHC 153] Procedure claim amount filled (fallback) {"claim":"0","rowIndex":1,"service":"clinic-automation","timestamp":"2026-02-17T13:15:08.551Z"}
[32minfo[39m: Dialog appeared: alert - Please select Procedure first. {"service":"clinic-automation","timestamp":"2026-02-17T13:15:08.556Z"}
[32minfo[39m: Dialog accepted {"service":"clinic-automation","timestamp":"2026-02-17T13:15:08.572Z"}
[32minfo[39m: [MHC 154] Procedure claim amount filled (fallback) {"claim":"0","rowIndex":2,"service":"clinic-automation","timestamp":"2026-02-17T13:15:08.573Z"}
[32minfo[39m: Filled services/drugs into MHC: drugs=3, procedures=2 {"service":"clinic-automation","timestamp":"2026-02-17T13:15:08.573Z"}
[32minfo[39m: [SUBMIT] Fill-only run; not updating submission_status/submitted_at {"payType":"MHC","savedAsDraft":false,"service":"clinic-automation","timestamp":"2026-02-17T13:15:08.755Z","visitId":"8eb44ca6-5331-4b98-be7a-c5ae9e011782"}
[32minfo[39m: [11/20] Processing: SION HUI CHIN (IHP) {"service":"clinic-automation","timestamp":"2026-02-17T13:15:11.165Z"}
[32minfo[39m: [SUBMIT STEP 01/10] Submitting claim for SION HUI CHIN {"payType":"IHP","service":"clinic-automation","timestamp":"2026-02-17T13:15:11.166Z","visitId":"485f285f-b8c6-4b2b-a6b8-d836e436c01f"}
[32minfo[39m: [SUBMIT STEP 02/10] Submitting to IHP portal {"service":"clinic-automation","timestamp":"2026-02-17T13:15:11.167Z"}
[33mwarn[39m: [SUBMIT] IHP portal automation not yet implemented {"service":"clinic-automation","timestamp":"2026-02-17T13:15:11.167Z"}
[33mwarn[39m: Portal service not implemented: IHP (pay type: IHP) {"service":"clinic-automation","timestamp":"2026-02-17T13:15:11.168Z"}
[32minfo[39m: [12/20] Processing: TJIA NATHANAEL THOMAS (MHC) {"service":"clinic-automation","timestamp":"2026-02-17T13:15:13.520Z"}
[32minfo[39m: [SUBMIT STEP 01/10] Submitting claim for TJIA NATHANAEL THOMAS {"payType":"MHC","service":"clinic-automation","timestamp":"2026-02-17T13:15:13.521Z","visitId":"202e367f-d318-43b7-9fb6-02828976ea61"}
[32minfo[39m: [SUBMIT STEP 02/10] Submitting to MHC Asia {"service":"clinic-automation","timestamp":"2026-02-17T13:15:13.521Z"}
[32minfo[39m: [SUBMIT] MHC form data: {"allowMissingDiagnosisDraftFallback":false,"chargeType":"follow","diagnosis":"Sprain & strain wrist part unspecified","diagnosisCanonical":"Sprain and strain of wrist","diagnosisResolutionStatus":"resolved","forceSinglife":false,"mcDays":0,"mcStartDate":null,"nric":"T1208937B","patientName":"TJIA NATHANAEL THOMAS","service":"clinic-automation","timestamp":"2026-02-17T13:15:13.522Z"}
[32minfo[39m: [MHC 155] Ensure at MHC home {"service":"clinic-automation","timestamp":"2026-02-17T13:15:13.522Z"}
[32minfo[39m: Login form visible after ensureAtMhcHome; re-logging in {"service":"clinic-automation","timestamp":"2026-02-17T13:15:15.292Z"}
[32minfo[39m: [MHC 156] Login start {"attempt":1,"maxAttempts":3,"service":"clinic-automation","timestamp":"2026-02-17T13:15:15.294Z"}
[32minfo[39m: Logging into MHC Asia... {"service":"clinic-automation","timestamp":"2026-02-17T13:15:15.294Z"}
[32minfo[39m: [MHC 157] Country selected (best-effort) {"label":"MHC SINGAPORE","service":"clinic-automation","timestamp":"2026-02-17T13:15:16.746Z"}
[32minfo[39m: Username filled {"service":"clinic-automation","timestamp":"2026-02-17T13:15:16.843Z"}
[32minfo[39m: Password filled {"service":"clinic-automation","timestamp":"2026-02-17T13:15:16.851Z"}
[32minfo[39m: Login button clicked {"service":"clinic-automation","timestamp":"2026-02-17T13:15:18.080Z"}
[32minfo[39m: Successfully logged into MHC Asia {"service":"clinic-automation","timestamp":"2026-02-17T13:15:29.814Z"}
[32minfo[39m: [MHC 158] Login ok {"service":"clinic-automation","timestamp":"2026-02-17T13:15:29.814Z"}
[32minfo[39m: [MHC 159] Dialog handler set up {"service":"clinic-automation","timestamp":"2026-02-17T13:15:29.814Z"}
[32minfo[39m: [MHC 160] Search patient {"service":"clinic-automation","term":"T1208937B","timestamp":"2026-02-17T13:15:29.814Z"}
[32minfo[39m: Searching patient: T1208937B {"service":"clinic-automation","timestamp":"2026-02-17T13:15:29.814Z"}
[32minfo[39m: [MHC 161] Navigate: Normal Visit {"service":"clinic-automation","timestamp":"2026-02-17T13:15:29.838Z"}
[32minfo[39m: Navigating to Normal Visit > Search Other Programs... {"service":"clinic-automation","timestamp":"2026-02-17T13:15:29.838Z"}
[32minfo[39m: [MHC 162] Found Normal Visit link {"selector":"a:has-text(\"Normal Visit\")","service":"clinic-automation","timestamp":"2026-02-17T13:15:30.861Z"}
[32minfo[39m: Clicked: Normal Visit {"service":"clinic-automation","timestamp":"2026-02-17T13:15:31.999Z"}
[32minfo[39m: [MHC 163] At program selection page (Normal Visit clicked) {"service":"clinic-automation","timestamp":"2026-02-17T13:15:31.999Z"}
[32minfo[39m: Clicked: Search under other programs (tile) {"service":"clinic-automation","timestamp":"2026-02-17T13:15:33.312Z"}
[32minfo[39m: [MHC 164] Fill visit date {"date":"14/02/2026","service":"clinic-automation","timestamp":"2026-02-17T13:15:33.959Z"}
[32minfo[39m: [MHC 165] Visit date filled (fast path) {"date":"14/02/2026","service":"clinic-automation","timestamp":"2026-02-17T13:15:33.967Z"}
[32minfo[39m: [MHC 166] NRIC search field set {"programKind":"other","service":"clinic-automation","timestamp":"2026-02-17T13:15:34.183Z","value":"T1208937B"}
[32minfo[39m: [MHC 167] Search attempt result {"found":true,"hasField":true,"memberNotFound":false,"programKind":"other","service":"clinic-automation","timestamp":"2026-02-17T13:15:36.776Z"}
[32minfo[39m: Portal determined: null {"service":"clinic-automation","timestamp":"2026-02-17T13:15:36.776Z"}
[32minfo[39m: [MHC 168] Search result parsed {"found":true,"memberNotFound":false,"portal":null,"service":"clinic-automation","timestamp":"2026-02-17T13:15:36.776Z"}
[32minfo[39m: [MHC 169] Open patient from results {"nric":"T1208937B","preferredContext":"mhc","service":"clinic-automation","timestamp":"2026-02-17T13:15:36.777Z"}
[32minfo[39m: Opening patient from search results... {"service":"clinic-automation","timestamp":"2026-02-17T13:15:36.777Z"}
[32minfo[39m: Dialog appeared: alert - Please submit this claim under www.aiaclinic.com website! {"service":"clinic-automation","timestamp":"2026-02-17T13:15:36.814Z"}
[32minfo[39m: Dialog accepted {"service":"clinic-automation","timestamp":"2026-02-17T13:15:36.840Z"}
[32minfo[39m: AIA Clinic switch will be needed after dialog dismissal {"service":"clinic-automation","timestamp":"2026-02-17T13:15:36.841Z"}
[33mwarn[39m: AIA Clinic switch required; aborting MHC open {"service":"clinic-automation","timestamp":"2026-02-17T13:15:37.077Z"}
[32minfo[39m: [SUBMIT] Routing override: AIA Clinic required by portal dialog (after patient click) {"msg":"Please submit this claim under www.aiaclinic.com website!","nric":"T1208937B","service":"clinic-automation","timestamp":"2026-02-17T13:15:37.078Z"}
[32minfo[39m: [MHC 170] Check if AIA Clinic switch needed {"service":"clinic-automation","timestamp":"2026-02-17T13:15:37.078Z"}
[32minfo[39m: AIA Clinic switch needed (flagged by dialog handler) {"service":"clinic-automation","timestamp":"2026-02-17T13:15:37.078Z"}
[32minfo[39m: AIA Clinic switch detected - switching system... {"service":"clinic-automation","timestamp":"2026-02-17T13:15:37.078Z"}
[32minfo[39m: [MHC 171] Switching to AIA Clinic system {"service":"clinic-automation","timestamp":"2026-02-17T13:15:37.078Z"}
[32minfo[39m: Clicked: Switch System {"service":"clinic-automation","timestamp":"2026-02-17T13:15:37.343Z"}
[32minfo[39m: [MHC 172] No visible AIA switch options; trying hidden switch links {"service":"clinic-automation","timestamp":"2026-02-17T13:15:38.104Z"}
[32minfo[39m: [MHC 173] AIA switch debug targets {"count":0,"sample":[],"service":"clinic-automation","timestamp":"2026-02-17T13:15:38.105Z"}
[32minfo[39m: [MHC 174] AIA switch href fallback candidates {"count":0,"sample":[],"service":"clinic-automation","timestamp":"2026-02-17T13:15:38.105Z"}
[32minfo[39m: [MHC 175] AIA switch deterministic default fallback {"nextUrl":"https://www.mhcasia.net/mhc/SwitchSystem.ec?url=https://www.aiaclinic.com","service":"clinic-automation","timestamp":"2026-02-17T13:15:38.106Z"}
[32minfo[39m: [MHC 176] Dialog handler set up {"service":"clinic-automation","timestamp":"2026-02-17T13:15:40.218Z"}
[32minfo[39m: [MHC 177] AIA switch verification via default fallback {"hasAddAiaVisit":true,"hasPolicyNoHeader":false,"hasSearchAiaMember":false,"hasSwitchSystem":false,"isAiaDomain":true,"isMhcDomain":false,"isSinglifeDomain":false,"looksLikeAiaFlow":true,"nextUrl":"https://www.mhcasia.net/mhc/SwitchSystem.ec?url=https://www.aiaclinic.com","service":"clinic-automation","timestamp":"2026-02-17T13:15:40.242Z","url":"https://www.aiaclinic.com/aia/ClinicAnnouncement.ec?OWASP_CSRFTOKEN=454J-ZFAD-74HW-SWSG-NGT6-LI4M-DL70-8ZVP"}
[32minfo[39m: [MHC 178] Navigate to AIA Visit {"nric":"T1208937B","service":"clinic-automation","timestamp":"2026-02-17T13:15:40.380Z","visitDate":"14/02/2026"}
[32minfo[39m: Clicked: Add AIA Visit {"service":"clinic-automation","timestamp":"2026-02-17T13:15:41.041Z"}
[32minfo[39m: [MHC 179] Member card selection detected {"service":"clinic-automation","timestamp":"2026-02-17T13:15:42.076Z"}
[32minfo[39m: Clicked: Member card: AIA red card {"service":"clinic-automation","timestamp":"2026-02-17T13:15:42.318Z"}
[32minfo[39m: [MHC 180] Click search icon for NRIC lookup {"service":"clinic-automation","timestamp":"2026-02-17T13:15:43.132Z"}
[32minfo[39m: Clicked: Search icon {"service":"clinic-automation","timestamp":"2026-02-17T13:15:44.123Z"}
[32minfo[39m: [MHC 181] Set AIA search visit date {"service":"clinic-automation","timestamp":"2026-02-17T13:15:44.627Z","visitDate":"14/02/2026"}
[32minfo[39m: [MHC 182] AIA search visit date set {"selector":"tr:has-text(\"Visit Date\") input[type=\"text\"]","service":"clinic-automation","timestamp":"2026-02-17T13:16:14.688Z","valueNow":"14/02/2026"}
[32minfo[39m: [MHC 183] Enter NRIC in AIA search {"nric":"T1208937B","service":"clinic-automation","timestamp":"2026-02-17T13:16:14.689Z"}
[32minfo[39m: NRIC entered in AIA search {"service":"clinic-automation","timestamp":"2026-02-17T13:16:15.494Z"}
[32minfo[39m: Clicked: Search button {"service":"clinic-automation","timestamp":"2026-02-17T13:16:17.071Z"}
[32minfo[39m: [MHC 184] Click patient from AIA search results {"service":"clinic-automation","timestamp":"2026-02-17T13:16:17.580Z"}
[32minfo[39m: [MHC 185] AIA patient link patched with visit date {"originalHref":"ClinicIECAIAEmpVisitAdd.ec?memberId=4967027104&visitDateAsString=14/02/2026&tranId=EDT457375085&OWASP_CSRFTOKEN=454J-ZFAD-74HW-SWSG-NGT6-LI4M-DL70-8ZVP","patchedHref":"https://www.aiaclinic.com/aia/ClinicIECAIAEmpVisitAdd.ec?memberId=4967027104&visitDateAsString=14%2F02%2F2026&tranId=EDT457375085&OWASP_CSRFTOKEN=454J-ZFAD-74HW-SWSG-NGT6-LI4M-DL70-8ZVP","service":"clinic-automation","timestamp":"2026-02-17T13:16:17.589Z","visitDate":"14/02/2026"}
[32minfo[39m: Selected patient from AIA search results {"service":"clinic-automation","timestamp":"2026-02-17T13:16:21.164Z"}
[32minfo[39m: [MHC 186] Patient selected from AIA results {"from":"https://www.aiaclinic.com/aia/ClinicIECAIAPatientSearchSubmit.ec","service":"clinic-automation","timestamp":"2026-02-17T13:16:21.164Z","to":"https://www.aiaclinic.com/aia/ClinicIECAIAEmpVisitAdd.ec?memberId=4967027104&visitDateAsString=14%2F02%2F2026&tranId=EDT457375085&OWASP_CSRFTOKEN=454J-ZFAD-74HW-SWSG-NGT6-LI4M-DL70-8ZVP"}
[32minfo[39m: [MHC 187] Visit form ready {"service":"clinic-automation","timestamp":"2026-02-17T13:16:21.268Z"}
[32minfo[39m: [MHC 188] Fill visit date {"date":"14/02/2026","service":"clinic-automation","timestamp":"2026-02-17T13:16:21.268Z"}
[32minfo[39m: [MHC 189] Visit date filled (fast path) {"date":"14/02/2026","service":"clinic-automation","timestamp":"2026-02-17T13:16:21.269Z"}
[32minfo[39m: [MHC 190] Fill charge type {"service":"clinic-automation","timestamp":"2026-02-17T13:16:21.269Z","visitType":"follow up"}
[32minfo[39m: [MHC 191] Visit form ready {"service":"clinic-automation","timestamp":"2026-02-17T13:16:21.269Z"}
[32minfo[39m: [MHC 192] Charge type filled {"mhcType":"Follow Up","service":"clinic-automation","timestamp":"2026-02-17T13:16:22.599Z","visitType":"follow up"}
[32minfo[39m: [MHC 193] Fill consultation fee {"fee":99999,"service":"clinic-automation","timestamp":"2026-02-17T13:16:22.801Z"}
[32minfo[39m: [MHC 194] Consultation fee filled (max amount accepted) {"service":"clinic-automation","timestamp":"2026-02-17T13:16:23.673Z"}
[32minfo[39m: [MHC 195] Fill MC days {"mcDays":0,"service":"clinic-automation","timestamp":"2026-02-17T13:16:24.176Z"}
[32minfo[39m: [MHC 196] MC days filled (DOM scan) {"kind":"input","mcDays":0,"ok":true,"service":"clinic-automation","timestamp":"2026-02-17T13:16:24.190Z","value":"0"}
[32minfo[39m: [MHC 197] MC days filled {"mcDays":0,"selector":"input[name*=\"mc\" i][name*=\"day\" i]","service":"clinic-automation","timestamp":"2026-02-17T13:16:24.219Z"}
[32minfo[39m: [MHC 198] Prefetched portal diagnosis options {"context":"aia","searchTerms":["and","and wrist","sprain and strain of wrist","S63.5","S635"],"service":"clinic-automation","timestamp":"2026-02-17T13:16:29.186Z","total":65}
[32minfo[39m: [MHC 199] Select diagnosis from dropdown {"searchTerm":{"code":"S635","description":"S635 Sprain and strain of wrist","value":null},"service":"clinic-automation","timestamp":"2026-02-17T13:16:30.248Z"}
[32minfo[39m: [MHC 200] Diagnosis dropdown options sample (no match) {"sample":[{"label":"NA","value":""},{"label":"J20 - Acute bronchitis\n                \n                  ","value":"J20_J20_Acute bronchitis"},{"label":"J02 - Acute pharyngitis\n                \n                  ","value":"J02_J02_Acute pharyngitis"},{"label":"J01 - Acute sinusitis\n                \n                  ","value":"J01_J01_Acute sinusitis"},{"label":"J03 - Acute tonsillitis\n                \n                  ","value":"J03_J03_Acute tonsillitis"},{"label":"J069 - Acute upper respiratory infection\n                \n  ","value":"J069_J069_Acute upper respiratory infection"},{"label":"J304 - Allergic rhinitis\n                \n                  ","value":"J304_J304_Allergic rhinitis"},{"label":"T784 - Allergy\n                \n                  ","value":"T784_T784_Allergy"},{"label":"I726 - Aneurysm and dissection of vertebral artery\n         ","value":"1671a107a446_I726_Aneurysm and dissection of vertebral arter"},{"label":"K120 - Apthous mouth ulcers   \n                \n            ","value":"K120_K120_Apthous mouth ulcers   "},{"label":"J45 - Asthma\n                \n                  ","value":"J45_J45_Asthma"},{"label":"L20 - Atopic dermatitis\n                \n                  ","value":"L20_L20_Atopic dermatitis"},{"label":"G510 - Bells palsy\n                \n                  ","value":"G510_G510_Bells palsy"},{"label":"L03.9 - Cellulitis\n                \n                  ","value":"L03_L03.9_Cellulitis"},{"label":"H001 - Chalazion\n                \n                  ","value":"H001_H001_Chalazion"},{"label":"R074 - Chest pain, unspecified\n                \n            ","value":"R074_R074_Chest pain, unspecified"},{"label":"B01 - Chicken pox infections \n                \n             ","value":"B01_B01_Chicken pox infections "},{"label":"M224 - Chondromalacia patellae\n                \n            ","value":"M224_M224_Chondromalacia patellae"},{"label":"A90 - Dengue fever (classical dengue)  \n                \n   ","value":"A90_A90_Dengue fever (classical dengue)  "},{"label":"E10 - Diabetes Mellitus (insulin dep.)  \n                \n  ","value":"E10_E10_Diabetes Mellitus (insulin dep.)  "},{"label":"E11 - Diabetes Mellitus (non-insul. dep.)  \n                ","value":"E11_E11_Diabetes Mellitus (non-insul. dep.)  "},{"label":"R42 - Dizziness and giddiness\n                \n             ","value":"R42_R42_Dizziness and giddiness"},{"label":"I10 - Essential (primary) hypertension\n                \n    ","value":"I10_I10_Essential (primary) hypertension"},{"label":"Z013 - Examination of blood pressure\n                \n      ","value":"Z013_Z013_Examination of blood pressure"},{"label":"R50 - Fever of unknown origin\n                \n             ","value":"R50_R50_Fever of unknown origin"},{"label":"K29 - Gastritis and duodenitis\n                \n            ","value":"K29_K29_Gastritis and duodenitis"},{"label":"K297 - Gastritis, unspecified\n                \n             ","value":"K297_K297_Gastritis, unspecified"},{"label":"K21 - Gastro-oesophageal reflux disease\n                \n   ","value":"K21_K21_Gastro-oesophageal reflux disease"},{"label":"A09 - Gastroenteritis\n                \n                  ","value":"A09_A09_Gastroenteritis"},{"label":"M10 - Gout\n                \n                  ","value":"M10_M10_Gout"},{"label":"R51 - Headache\n                \n                  ","value":"R51_R51_Headache"},{"label":"G442 - Headache (tension type) \n                \n           ","value":"G442_G442_Headache (tension type) "},{"label":"E785 - Hyperlipidaemia\n                \n                  ","value":"E785_E785_Hyperlipidaemia"},{"label":"E790 - Hyperuricaemia\n                \n                  ","value":"E790_E790_Hyperuricaemia"},{"label":"J11 - Influenza, virus not identified\n                \n     ","value":"J11_J11_Influenza, virus not identified"},{"label":"M54.5 - Low back pain (Loin pain; Low back strain; Lumbago N","value":"M545_M54.5_Low back pain (Loin pain; Low back strain; Lumbag"},{"label":"G43 - Migraine\n                \n                  ","value":"G43_G43_Migraine"},{"label":"H60 - Otitis externa\n                \n                  ","value":"H60_H60_Otitis externa"},{"label":"R101 - Pain localized to upper abdomen (Epigastric pain)\n   ","value":"R101_R101_Pain localized to upper abdomen (Epigastric pain)"},{"label":"N944 - Primary dysmenorrhoea\n                \n              ","value":"N944_N944_Primary dysmenorrhoea"}],"service":"clinic-automation","timestamp":"2026-02-17T13:16:30.275Z"}
[33mwarn[39m: Diagnosis not found matching: {"code":"S635","description":"S635 Sprain and strain of wrist","service":"clinic-automation","timestamp":"2026-02-17T13:16:30.277Z","value":null}
[32minfo[39m: [MHC 201] Fill primary diagnosis via M button {"diagnosis":"S635","service":"clinic-automation","timestamp":"2026-02-17T13:16:30.277Z"}
[32minfo[39m: [MHC 202] Set waiver of referral {"checked":true,"service":"clinic-automation","timestamp":"2026-02-17T13:16:30.277Z"}
[32minfo[39m: [MHC 203] Waiver of referral not found {"checkedAt":"2026-02-17T13:16:30.282Z","checkedRequested":true,"reason":"waiver_checkbox_not_found","service":"clinic-automation","success":false,"timestamp":"2026-02-17T13:16:30.282Z","url":"https://www.aiaclinic.com/aia/ClinicIECAIAEmpVisitAddSubmit.ec"}
[32minfo[39m: [MHC 204] Diagnosis search seed prepared {"code":"S635","keyword":"wrist","searchCandidates":["wrist","sprain and strain of wrist","S635"],"searchText":"wrist","service":"clinic-automation","timestamp":"2026-02-17T13:16:30.283Z"}
[32minfo[39m: [MHC 205] Clicked M button for diagnosis search {"selector":"input[name=\"SelectDiagnosisFromMaster\"][onclick*=\"diagnosisPriId\"]","service":"clinic-automation","strategy":"selector","timestamp":"2026-02-17T13:16:30.618Z"}
[32minfo[39m: [MHC 206] Diagnosis search mode set {"mode":"contains","selector":"select:has(option:text-matches(\"contains\",\"i\"))","service":"clinic-automation","timestamp":"2026-02-17T13:16:31.136Z"}
[32minfo[39m: [MHC 207] Entered diagnosis search text {"searchText":"wrist","service":"clinic-automation","timestamp":"2026-02-17T13:16:31.136Z"}
[32minfo[39m: [MHC 208] Triggered diagnosis search {"searchText":"wrist","service":"clinic-automation","timestamp":"2026-02-17T13:16:31.750Z"}
[32minfo[39m: [MHC 209] Selected diagnosis result (anchor match) {"ok":true,"optionCode":"S635","row":"S635 Sprain and strain of wrist","score":1040,"service":"clinic-automation","text":"S635","timestamp":"2026-02-17T13:16:33.099Z"}
[32minfo[39m: [MHC 210] Diagnosis resolution check {"diagnosisPriDesc":"Sprain and strain of wrist","diagnosisPriId":"[set]","reasons":["diagnosis_dropdown_still_na"],"resolved":true,"service":"clinic-automation","timestamp":"2026-02-17T13:16:33.455Z"}
[32minfo[39m: [MHC 211] Diagnosis resolution check {"diagnosisPriDesc":"Sprain and strain of wrist","diagnosisPriId":"[set]","reasons":["diagnosis_dropdown_still_na"],"resolved":true,"service":"clinic-automation","timestamp":"2026-02-17T13:16:33.763Z"}
[32minfo[39m: [SUBMIT] Medicines summary {"count":2,"isAiaFlow":true,"qtyCount":2,"sample":[{"amount":"109","name":"X-RAY (OTHERS)","quantity":"1","unitPrice":"1"},{"amount":"80","name":"SPECIALIST CONSULTATION","quantity":"1","unitPrice":"1"}],"service":"clinic-automation","skipProcedures":false,"timestamp":"2026-02-17T13:16:33.764Z"}
[32minfo[39m: [MHC 212] Fill services/drugs {"count":2,"service":"clinic-automation","timestamp":"2026-02-17T13:16:33.765Z"}
[32minfo[39m: [MHC 213] Fill procedure item {"name":"X-RAY (OTHERS)","rowIndex":1,"service":"clinic-automation","timestamp":"2026-02-17T13:16:33.771Z"}
[32minfo[39m: [MHC 214] Procedure name filled directly in procedure table {"rowIndex":1,"service":"clinic-automation","timestamp":"2026-02-17T13:16:33.775Z"}
[32minfo[39m: [MHC 215] Click More Procedure button {"service":"clinic-automation","timestamp":"2026-02-17T13:16:33.775Z"}
[32minfo[39m: [MHC 216] More Procedure button clicked {"service":"clinic-automation","timestamp":"2026-02-17T13:16:34.324Z"}
[32minfo[39m: [MHC 217] Fill procedure item {"name":"SPECIALIST CONSULTATION","rowIndex":2,"service":"clinic-automation","timestamp":"2026-02-17T13:16:34.324Z"}
[32minfo[39m: [MHC 218] Procedure name filled directly in procedure table {"rowIndex":2,"service":"clinic-automation","timestamp":"2026-02-17T13:16:34.329Z"}
[32minfo[39m: Dialog appeared: alert - Please select Procedure first. {"service":"clinic-automation","timestamp":"2026-02-17T13:16:34.338Z"}
[32minfo[39m: Dialog accepted {"service":"clinic-automation","timestamp":"2026-02-17T13:16:34.356Z"}
[32minfo[39m: [MHC 219] Procedure claim amount filled (fallback) {"claim":"0","rowIndex":1,"service":"clinic-automation","timestamp":"2026-02-17T13:16:34.358Z"}
[32minfo[39m: Dialog appeared: alert - Please select Procedure first. {"service":"clinic-automation","timestamp":"2026-02-17T13:16:34.364Z"}
[32minfo[39m: Dialog accepted {"service":"clinic-automation","timestamp":"2026-02-17T13:16:34.381Z"}
[32minfo[39m: [MHC 220] Procedure claim amount filled (fallback) {"claim":"0","rowIndex":2,"service":"clinic-automation","timestamp":"2026-02-17T13:16:34.382Z"}
[32minfo[39m: Filled services/drugs into MHC: drugs=0, procedures=2 {"service":"clinic-automation","timestamp":"2026-02-17T13:16:34.382Z"}
[32minfo[39m: [SUBMIT] Fill-only run; not updating submission_status/submitted_at {"payType":"MHC","savedAsDraft":false,"service":"clinic-automation","timestamp":"2026-02-17T13:16:34.546Z","visitId":"202e367f-d318-43b7-9fb6-02828976ea61"}
[32minfo[39m: [13/20] Processing: WOO CHERN SEE (ALLIANC) {"service":"clinic-automation","timestamp":"2026-02-17T13:16:36.797Z"}
[32minfo[39m: [SUBMIT STEP 01/10] Submitting claim for WOO CHERN SEE {"payType":"ALLIANC","service":"clinic-automation","timestamp":"2026-02-17T13:16:36.798Z","visitId":"2c78d589-8d45-4788-99d9-6c619bec31e7"}
[32minfo[39m: [SUBMIT STEP 02/10] Submitting to GE portal service {"service":"clinic-automation","timestamp":"2026-02-17T13:16:36.800Z"}
[33mwarn[39m: [SUBMIT] GE portal automation not yet implemented {"allianceNetwork":"GE","payType":"ALLIANC","service":"clinic-automation","timestamp":"2026-02-17T13:16:36.800Z","visitId":"2c78d589-8d45-4788-99d9-6c619bec31e7"}
[33mwarn[39m: Portal service not implemented: GE (pay type: ALLIANC) {"service":"clinic-automation","timestamp":"2026-02-17T13:16:36.800Z"}
[32minfo[39m: [14/20] Processing: TAN WEE HIONG KEVIN (ALLIANC) {"service":"clinic-automation","timestamp":"2026-02-17T13:16:39.017Z"}
[32minfo[39m: [SUBMIT STEP 01/10] Submitting claim for TAN WEE HIONG KEVIN {"payType":"ALLIANC","service":"clinic-automation","timestamp":"2026-02-17T13:16:39.017Z","visitId":"6c890353-6baf-4b3b-ac77-3fc99e96c79b"}
[32minfo[39m: [SUBMIT STEP 02/10] Submitting to Alliance Medinet {"service":"clinic-automation","timestamp":"2026-02-17T13:16:39.018Z"}
[32minfo[39m: [SUBMIT] Alliance form data: {"doctorName":"Tan Guoping Kelvin","matchedTag":"ALLIANC","nric":"S7137124G","service":"clinic-automation","spCode":"KT","timestamp":"2026-02-17T13:16:39.019Z"}
[31merror[39m: [ALLIANCE] Login failed {"error":"ALLIANCE_MEDINET_USERNAME / ALLIANCE_MEDINET_PASSWORD must be set","service":"clinic-automation","timestamp":"2026-02-17T13:16:39.131Z"}
[33mwarn[39m: [SUBMIT] Alliance visit attempt failed {"attempt":1,"canRetry":false,"error":"ALLIANCE_MEDINET_USERNAME / ALLIANCE_MEDINET_PASSWORD must be set","lastAction":"login.open","maxAttempts":2,"retryable":false,"service":"clinic-automation","timestamp":"2026-02-17T13:16:39.131Z","traceId":null}
[31merror[39m: [SUBMIT] Error submitting claim for TAN WEE HIONG KEVIN {"error":"ALLIANCE_MEDINET_USERNAME / ALLIANCE_MEDINET_PASSWORD must be set","service":"clinic-automation","timestamp":"2026-02-17T13:16:39.132Z"}
[32minfo[39m: [SUBMIT] Verification run: not persisting submission_status=error {"error":"ALLIANCE_MEDINET_USERNAME / ALLIANCE_MEDINET_PASSWORD must be set","payType":"ALLIANC","service":"clinic-automation","timestamp":"2026-02-17T13:16:39.132Z","visitId":"6c890353-6baf-4b3b-ac77-3fc99e96c79b"}
[31merror[39m: Failed to submit: ALLIANCE_MEDINET_USERNAME / ALLIANCE_MEDINET_PASSWORD must be set {"service":"clinic-automation","timestamp":"2026-02-17T13:16:39.132Z"}
[32minfo[39m: [15/20] Processing: ONG XUE ZHE KENNETH (MHC) {"service":"clinic-automation","timestamp":"2026-02-17T13:16:41.362Z"}
[32minfo[39m: [SUBMIT STEP 01/10] Submitting claim for ONG XUE ZHE KENNETH {"payType":"MHC","service":"clinic-automation","timestamp":"2026-02-17T13:16:41.363Z","visitId":"ff1bf9d8-c55a-43e0-90a6-d761e98dd4ee"}
[32minfo[39m: [SUBMIT STEP 02/10] Submitting to MHC Asia {"service":"clinic-automation","timestamp":"2026-02-17T13:16:41.363Z"}
[32minfo[39m: [SUBMIT] MHC form data: {"allowMissingDiagnosisDraftFallback":false,"chargeType":"follow","diagnosis":"Low back pain","diagnosisCanonical":"Low back pain","diagnosisResolutionStatus":"ambiguous","forceSinglife":false,"mcDays":0,"mcStartDate":null,"nric":"T0403755Z","patientName":"ONG XUE ZHE KENNETH","service":"clinic-automation","timestamp":"2026-02-17T13:16:41.364Z"}
[32minfo[39m: [MHC 221] Ensure at MHC home {"service":"clinic-automation","timestamp":"2026-02-17T13:16:41.364Z"}
[32minfo[39m: Login form visible after ensureAtMhcHome; re-logging in {"service":"clinic-automation","timestamp":"2026-02-17T13:16:42.450Z"}
[32minfo[39m: [MHC 222] Login start {"attempt":1,"maxAttempts":3,"service":"clinic-automation","timestamp":"2026-02-17T13:16:42.452Z"}
[32minfo[39m: Logging into MHC Asia... {"service":"clinic-automation","timestamp":"2026-02-17T13:16:42.452Z"}
[32minfo[39m: [MHC 223] Country selected (best-effort) {"label":"MHC SINGAPORE","service":"clinic-automation","timestamp":"2026-02-17T13:16:43.765Z"}
[32minfo[39m: Username filled {"service":"clinic-automation","timestamp":"2026-02-17T13:16:43.862Z"}
[32minfo[39m: Password filled {"service":"clinic-automation","timestamp":"2026-02-17T13:16:43.925Z"}
[32minfo[39m: Login button clicked {"service":"clinic-automation","timestamp":"2026-02-17T13:16:44.820Z"}
[32minfo[39m: Successfully logged into MHC Asia {"service":"clinic-automation","timestamp":"2026-02-17T13:16:56.506Z"}
[32minfo[39m: [MHC 224] Login ok {"service":"clinic-automation","timestamp":"2026-02-17T13:16:56.506Z"}
[32minfo[39m: [MHC 225] Dialog handler set up {"service":"clinic-automation","timestamp":"2026-02-17T13:16:56.506Z"}
[32minfo[39m: [MHC 226] Search patient {"service":"clinic-automation","term":"T0403755Z","timestamp":"2026-02-17T13:16:56.506Z"}
[32minfo[39m: Searching patient: T0403755Z {"service":"clinic-automation","timestamp":"2026-02-17T13:16:56.506Z"}
[32minfo[39m: [MHC 227] Navigate: Normal Visit {"service":"clinic-automation","timestamp":"2026-02-17T13:16:56.531Z"}
[32minfo[39m: Navigating to Normal Visit > Search Other Programs... {"service":"clinic-automation","timestamp":"2026-02-17T13:16:56.532Z"}
[32minfo[39m: [MHC 228] Found Normal Visit link {"selector":"a:has-text(\"Normal Visit\")","service":"clinic-automation","timestamp":"2026-02-17T13:16:57.553Z"}
[32minfo[39m: Clicked: Normal Visit {"service":"clinic-automation","timestamp":"2026-02-17T13:16:58.640Z"}
[32minfo[39m: [MHC 229] At program selection page (Normal Visit clicked) {"service":"clinic-automation","timestamp":"2026-02-17T13:16:58.641Z"}
[32minfo[39m: Clicked: Search under other programs (tile) {"service":"clinic-automation","timestamp":"2026-02-17T13:17:00.005Z"}
[32minfo[39m: [MHC 230] Fill visit date {"date":"14/02/2026","service":"clinic-automation","timestamp":"2026-02-17T13:17:00.652Z"}
[32minfo[39m: [MHC 231] Visit date filled (fast path) {"date":"14/02/2026","service":"clinic-automation","timestamp":"2026-02-17T13:17:00.659Z"}
[32minfo[39m: [MHC 232] NRIC search field set {"programKind":"other","service":"clinic-automation","timestamp":"2026-02-17T13:17:00.875Z","value":"T0403755Z"}
[33mwarn[39m: Search field value too short; aborting search result scan {"programKind":"other","service":"clinic-automation","term":"T0403755Z","timestamp":"2026-02-17T13:17:02.424Z","valueNow":""}
[32minfo[39m: [MHC 233] Search attempt result {"found":false,"hasField":false,"memberNotFound":true,"programKind":"other","service":"clinic-automation","timestamp":"2026-02-17T13:17:02.424Z"}
[32minfo[39m: [MHC 234] Navigate: Normal Visit {"service":"clinic-automation","timestamp":"2026-02-17T13:17:02.428Z"}
[32minfo[39m: Navigating to Normal Visit > Search Other Programs... {"service":"clinic-automation","timestamp":"2026-02-17T13:17:02.428Z"}
[32minfo[39m: [MHC 235] Found Normal Visit link {"selector":"a:has-text(\"Normal Visit\")","service":"clinic-automation","timestamp":"2026-02-17T13:17:03.761Z"}
[32minfo[39m: Clicked: Normal Visit {"service":"clinic-automation","timestamp":"2026-02-17T13:17:04.759Z"}
[32minfo[39m: [MHC 236] At program selection page (Normal Visit clicked) {"service":"clinic-automation","timestamp":"2026-02-17T13:17:04.759Z"}
[32minfo[39m: Clicked: Search under AIA Program (tile) {"service":"clinic-automation","timestamp":"2026-02-17T13:17:06.119Z"}
[32minfo[39m: [MHC 237] Fill visit date {"date":"14/02/2026","service":"clinic-automation","timestamp":"2026-02-17T13:17:06.958Z"}
[32minfo[39m: [MHC 238] Visit date filled (fast path) {"date":"14/02/2026","service":"clinic-automation","timestamp":"2026-02-17T13:17:06.966Z"}
[32minfo[39m: [MHC 239] NRIC search field set {"programKind":"aia","service":"clinic-automation","timestamp":"2026-02-17T13:17:07.218Z","value":"T0403755Z"}
[32minfo[39m: [MHC 240] Search attempt result {"found":true,"hasField":true,"memberNotFound":false,"programKind":"aia","service":"clinic-automation","timestamp":"2026-02-17T13:17:09.042Z"}
[32minfo[39m: Portal determined: null {"service":"clinic-automation","timestamp":"2026-02-17T13:17:09.042Z"}
[32minfo[39m: [MHC 241] Search result parsed {"found":true,"memberNotFound":false,"portal":null,"service":"clinic-automation","timestamp":"2026-02-17T13:17:09.042Z"}
[32minfo[39m: [MHC 242] Open patient from results {"nric":"T0403755Z","preferredContext":"mhc","service":"clinic-automation","timestamp":"2026-02-17T13:17:09.042Z"}
[32minfo[39m: Opening patient from search results... {"service":"clinic-automation","timestamp":"2026-02-17T13:17:09.042Z"}
[32minfo[39m: Dialog appeared: alert - Please submit this claim under Singlife Pcpcare system. Singlife Pcpcare system can be accessed by selecting the 'Singlife Pcpcare' under 'Switch System' located at top right-hand corner of the screen. {"service":"clinic-automation","timestamp":"2026-02-17T13:17:09.082Z"}
[32minfo[39m: Dialog accepted {"service":"clinic-automation","timestamp":"2026-02-17T13:17:09.101Z"}
[32minfo[39m: Singlife switch will be needed after dialog dismissal {"service":"clinic-automation","timestamp":"2026-02-17T13:17:09.101Z"}
[32minfo[39m: [MHC 243] Patient row context mismatch after click {"actual":"aia","expected":"mhc","service":"clinic-automation","timestamp":"2026-02-17T13:17:10.858Z","url":"https://www.mhcasia.net/mhc/ClinicEmpVisitSelectPatientSubmit.ec#"}
[31merror[39m: [SUBMIT] Error submitting claim for ONG XUE ZHE KENNETH {"error":"Could not open patient from search results: T0403755Z","service":"clinic-automation","timestamp":"2026-02-17T13:17:10.859Z"}
[32minfo[39m: [SUBMIT] Verification run: not persisting submission_status=error {"error":"Could not open patient from search results: T0403755Z","payType":"MHC","service":"clinic-automation","timestamp":"2026-02-17T13:17:10.859Z","visitId":"ff1bf9d8-c55a-43e0-90a6-d761e98dd4ee"}
[31merror[39m: Failed to submit: Could not open patient from search results: T0403755Z {"service":"clinic-automation","timestamp":"2026-02-17T13:17:10.859Z"}
[32minfo[39m: [16/20] Processing: YEE JUNG YIEN VICTOR (FULLERT) {"service":"clinic-automation","timestamp":"2026-02-17T13:17:13.124Z"}
[32minfo[39m: [SUBMIT STEP 01/10] Submitting claim for YEE JUNG YIEN VICTOR {"payType":"FULLERT","service":"clinic-automation","timestamp":"2026-02-17T13:17:13.125Z","visitId":"79c79753-47f0-4000-a30a-a7fd15703ea6"}
[32minfo[39m: [SUBMIT STEP 02/10] Submitting to Fullert portal {"service":"clinic-automation","timestamp":"2026-02-17T13:17:13.126Z"}
[33mwarn[39m: [SUBMIT] Fullert portal automation not yet implemented {"service":"clinic-automation","timestamp":"2026-02-17T13:17:13.126Z"}
[33mwarn[39m: Portal service not implemented: FULLERT (pay type: FULLERT) {"service":"clinic-automation","timestamp":"2026-02-17T13:17:13.126Z"}
[32minfo[39m: [17/20] Processing: LIM KIM HONG (IHP) {"service":"clinic-automation","timestamp":"2026-02-17T13:17:15.359Z"}
[32minfo[39m: [SUBMIT STEP 01/10] Submitting claim for LIM KIM HONG {"payType":"IHP","service":"clinic-automation","timestamp":"2026-02-17T13:17:15.360Z","visitId":"c463bac2-ae92-4a9c-a185-0715ae8d07e7"}
[32minfo[39m: [SUBMIT STEP 02/10] Submitting to IHP portal {"service":"clinic-automation","timestamp":"2026-02-17T13:17:15.360Z"}
[33mwarn[39m: [SUBMIT] IHP portal automation not yet implemented {"service":"clinic-automation","timestamp":"2026-02-17T13:17:15.360Z"}
[33mwarn[39m: Portal service not implemented: IHP (pay type: IHP) {"service":"clinic-automation","timestamp":"2026-02-17T13:17:15.360Z"}
[32minfo[39m: [18/20] Processing: KIARA SINGH (ALLIANC) {"service":"clinic-automation","timestamp":"2026-02-17T13:17:17.733Z"}
[32minfo[39m: [SUBMIT STEP 01/10] Submitting claim for KIARA SINGH {"payType":"ALLIANC","service":"clinic-automation","timestamp":"2026-02-17T13:17:17.734Z","visitId":"d3a164b7-1b4f-490d-afbf-f9ef6dc1bd14"}
[32minfo[39m: [SUBMIT STEP 02/10] Submitting to Alliance Medinet {"service":"clinic-automation","timestamp":"2026-02-17T13:17:17.734Z"}
[32minfo[39m: [SUBMIT] Alliance form data: {"doctorName":"Palanisamy Arul Murugan","matchedTag":"ALLIANC","nric":"T1722895H","service":"clinic-automation","spCode":"PAM","timestamp":"2026-02-17T13:17:17.735Z"}
[31merror[39m: [ALLIANCE] Login failed {"error":"ALLIANCE_MEDINET_USERNAME / ALLIANCE_MEDINET_PASSWORD must be set","service":"clinic-automation","timestamp":"2026-02-17T13:17:17.870Z"}
[33mwarn[39m: [SUBMIT] Alliance visit attempt failed {"attempt":1,"canRetry":false,"error":"ALLIANCE_MEDINET_USERNAME / ALLIANCE_MEDINET_PASSWORD must be set","lastAction":"login.open","maxAttempts":2,"retryable":false,"service":"clinic-automation","timestamp":"2026-02-17T13:17:17.870Z","traceId":null}
[31merror[39m: [SUBMIT] Error submitting claim for KIARA SINGH {"error":"ALLIANCE_MEDINET_USERNAME / ALLIANCE_MEDINET_PASSWORD must be set","service":"clinic-automation","timestamp":"2026-02-17T13:17:17.870Z"}
[32minfo[39m: [SUBMIT] Verification run: not persisting submission_status=error {"error":"ALLIANCE_MEDINET_USERNAME / ALLIANCE_MEDINET_PASSWORD must be set","payType":"ALLIANC","service":"clinic-automation","timestamp":"2026-02-17T13:17:17.870Z","visitId":"d3a164b7-1b4f-490d-afbf-f9ef6dc1bd14"}
[31merror[39m: Failed to submit: ALLIANCE_MEDINET_USERNAME / ALLIANCE_MEDINET_PASSWORD must be set {"service":"clinic-automation","timestamp":"2026-02-17T13:17:17.870Z"}
[32minfo[39m: [19/20] Processing: CHEN SIWEI (ALL) {"service":"clinic-automation","timestamp":"2026-02-17T13:17:20.088Z"}
[32minfo[39m: [SUBMIT STEP 01/10] Submitting claim for CHEN SIWEI {"payType":"ALL","service":"clinic-automation","timestamp":"2026-02-17T13:17:20.088Z","visitId":"65af5f38-85f9-406c-82dc-82425efd9f84"}
[32minfo[39m: [SUBMIT STEP 02/10] Submitting to Allimed portal {"service":"clinic-automation","timestamp":"2026-02-17T13:17:20.089Z"}
[33mwarn[39m: [SUBMIT] Allimed portal automation not yet implemented {"service":"clinic-automation","timestamp":"2026-02-17T13:17:20.089Z"}
[33mwarn[39m: Portal service not implemented: ALLIMED (pay type: ALL) {"service":"clinic-automation","timestamp":"2026-02-17T13:17:20.089Z"}
[32minfo[39m: [20/20] Processing: TAN YE CHIEN JOYCE (FULLERT) {"service":"clinic-automation","timestamp":"2026-02-17T13:17:22.392Z"}
[32minfo[39m: [SUBMIT STEP 01/10] Submitting claim for TAN YE CHIEN JOYCE {"payType":"FULLERT","service":"clinic-automation","timestamp":"2026-02-17T13:17:22.392Z","visitId":"74ccb258-340d-42a1-8e1f-ae13ec2556cd"}
[32minfo[39m: [SUBMIT STEP 02/10] Submitting to Fullert portal {"service":"clinic-automation","timestamp":"2026-02-17T13:17:22.393Z"}
[33mwarn[39m: [SUBMIT] Fullert portal automation not yet implemented {"service":"clinic-automation","timestamp":"2026-02-17T13:17:22.393Z"}
[33mwarn[39m: Portal service not implemented: FULLERT (pay type: FULLERT) {"service":"clinic-automation","timestamp":"2026-02-17T13:17:22.393Z"}
[32minfo[39m: 
=== Submission Summary === {"service":"clinic-automation","timestamp":"2026-02-17T13:17:24.617Z"}
[32minfo[39m: Total: 20 {"service":"clinic-automation","timestamp":"2026-02-17T13:17:24.617Z"}
[32minfo[39m: Submitted: 0 {"service":"clinic-automation","timestamp":"2026-02-17T13:17:24.617Z"}
[32minfo[39m: Drafts: 0 {"service":"clinic-automation","timestamp":"2026-02-17T13:17:24.618Z"}
[32minfo[39m: Filled only (no DB update): 3 {"service":"clinic-automation","timestamp":"2026-02-17T13:17:24.618Z"}
[32minfo[39m: Errors: 4 {"service":"clinic-automation","timestamp":"2026-02-17T13:17:24.618Z"}
[32minfo[39m: Not Started (unsupported): 13 {"service":"clinic-automation","timestamp":"2026-02-17T13:17:24.618Z"}
[32minfo[39m: Browser closed {"service":"clinic-automation","timestamp":"2026-02-17T13:17:25.164Z"}
