[32minfo[39m: === Batch Claim Submission === {"service":"clinic-automation","timestamp":"2026-02-17T09:01:26.573Z"}
[32minfo[39m: Visit IDs: Scoped query {"service":"clinic-automation","timestamp":"2026-02-17T09:01:26.576Z"}
[32minfo[39m: Pay Type: All {"service":"clinic-automation","timestamp":"2026-02-17T09:01:26.576Z"}
[32minfo[39m: Portal Targets: ALLIANCE_MEDINET {"service":"clinic-automation","timestamp":"2026-02-17T09:01:26.576Z"}
[32minfo[39m: Date Range: 2026-02-13 to 2026-02-13 {"service":"clinic-automation","timestamp":"2026-02-17T09:01:26.576Z"}
[32minfo[39m: Portal Only: true {"service":"clinic-automation","timestamp":"2026-02-17T09:01:26.577Z"}
[32minfo[39m: Save as Draft: false {"service":"clinic-automation","timestamp":"2026-02-17T09:01:26.577Z"}
[32minfo[39m: Leave Browser Open: false {"service":"clinic-automation","timestamp":"2026-02-17T09:01:26.577Z"}
(node:76876) [MODULE_TYPELESS_PACKAGE_JSON] Warning: Module type of file:///Users/vincent/Baselrpacrm/apps/crm/src/lib/rpa/portals.shared.js is not specified and it doesn't parse as CommonJS.
Reparsing as ES module because module syntax was detected. This incurs a performance overhead.
To eliminate this warning, add "type": "module" to /Users/vincent/Baselrpacrm/apps/crm/package.json.
(Use `node --trace-warnings ...` to show where the warning was created)
[32minfo[39m: Launching browser... {"service":"clinic-automation","timestamp":"2026-02-17T09:01:26.942Z"}
[32minfo[39m: Using extension for VPN - proxy auto-discovery disabled {"service":"clinic-automation","timestamp":"2026-02-17T09:01:26.945Z"}
[32minfo[39m: Using Chromium executable: /Users/vincent/Library/Caches/ms-playwright/chromium-1200/chrome-mac-arm64/Google Chrome for Testing.app/Contents/MacOS/Google Chrome for Testing {"service":"clinic-automation","timestamp":"2026-02-17T09:01:26.946Z"}
[32minfo[39m: Filtering out Urban VPN extension {"service":"clinic-automation","timestamp":"2026-02-17T09:01:26.946Z"}
[32minfo[39m: Applied external protocol guard script {"service":"clinic-automation","timestamp":"2026-02-17T09:01:28.887Z"}
[32minfo[39m: Browser launched successfully {"service":"clinic-automation","timestamp":"2026-02-17T09:01:28.888Z"}
[32minfo[39m: Found 1 visit(s) to process {"service":"clinic-automation","timestamp":"2026-02-17T09:01:29.522Z"}
[32minfo[39m: [1/1] Processing: WOO CHERN SEE (ALLIANC) {"service":"clinic-automation","timestamp":"2026-02-17T09:01:29.813Z"}
[32minfo[39m: [SUBMIT STEP 01/10] Submitting claim for WOO CHERN SEE {"payType":"ALLIANC","service":"clinic-automation","timestamp":"2026-02-17T09:01:29.814Z","visitId":"2c78d589-8d45-4788-99d9-6c619bec31e7"}
[32minfo[39m: [SUBMIT STEP 02/10] Submitting to Alliance Medinet {"service":"clinic-automation","timestamp":"2026-02-17T09:01:29.815Z"}
[32minfo[39m: [SUBMIT] Alliance form data: {"doctorName":"Tung Yu Yee Mathew","matchedTag":"ALLIANC","nric":"T0801699I","service":"clinic-automation","spCode":"MT","timestamp":"2026-02-17T09:01:29.815Z"}
[31merror[39m: [ALLIANCE] Login failed {"error":"page.goto: Protocol error (Page.navigate): Cannot navigate to invalid URL\nCall log:\n\u001b[2m  - navigating to \"\", waiting until \"domcontentloaded\"\u001b[22m\n","service":"clinic-automation","timestamp":"2026-02-17T09:01:29.931Z"}
[33mwarn[39m: [SUBMIT] Alliance visit attempt failed {"attempt":1,"canRetry":false,"error":"page.goto: Protocol error (Page.navigate): Cannot navigate to invalid URL\nCall log:\n\u001b[2m  - navigating to \"\", waiting until \"domcontentloaded\"\u001b[22m\n","lastAction":"login.open","maxAttempts":2,"retryable":false,"service":"clinic-automation","timestamp":"2026-02-17T09:01:29.931Z","traceId":null}
[31merror[39m: [SUBMIT] Error submitting claim for WOO CHERN SEE {"error":"page.goto: Protocol error (Page.navigate): Cannot navigate to invalid URL\nCall log:\n\u001b[2m  - navigating to \"\", waiting until \"domcontentloaded\"\u001b[22m\n","service":"clinic-automation","timestamp":"2026-02-17T09:01:29.931Z"}
[32minfo[39m: [SUBMIT] Verification run: not persisting submission_status=error {"error":"page.goto: Protocol error (Page.navigate): Cannot navigate to invalid URL\nCall log:\n\u001b[2m  - navigating to \"\", waiting until \"domcontentloaded\"\u001b[22m\n","payType":"ALLIANC","service":"clinic-automation","timestamp":"2026-02-17T09:01:29.931Z","visitId":"2c78d589-8d45-4788-99d9-6c619bec31e7"}
[31merror[39m: Failed to submit: page.goto: Protocol error (Page.navigate): Cannot navigate to invalid URL
Call log:
[2m  - navigating to "", waiting until "domcontentloaded"[22m
 {"service":"clinic-automation","timestamp":"2026-02-17T09:01:29.931Z"}
[32minfo[39m: 
=== Submission Summary === {"service":"clinic-automation","timestamp":"2026-02-17T09:01:32.313Z"}
[32minfo[39m: Total: 1 {"service":"clinic-automation","timestamp":"2026-02-17T09:01:32.313Z"}
[32minfo[39m: Submitted: 0 {"service":"clinic-automation","timestamp":"2026-02-17T09:01:32.314Z"}
[32minfo[39m: Drafts: 0 {"service":"clinic-automation","timestamp":"2026-02-17T09:01:32.314Z"}
[32minfo[39m: Filled only (no DB update): 0 {"service":"clinic-automation","timestamp":"2026-02-17T09:01:32.314Z"}
[32minfo[39m: Errors: 1 {"service":"clinic-automation","timestamp":"2026-02-17T09:01:32.314Z"}
[32minfo[39m: Not Started (unsupported): 0 {"service":"clinic-automation","timestamp":"2026-02-17T09:01:32.314Z"}
[32minfo[39m: Browser closed {"service":"clinic-automation","timestamp":"2026-02-17T09:01:32.851Z"}
