[32minfo[39m: === Visit Details Extraction Batch === {"service":"clinic-automation","timestamp":"2026-02-14T09:55:12.998Z"}
[32minfo[39m: Mode: Force re-extract (includes completed visits) {"service":"clinic-automation","timestamp":"2026-02-14T09:55:13.002Z"}
[32minfo[39m: Querying database for visits needing enhancement... {"service":"clinic-automation","timestamp":"2026-02-14T09:55:13.022Z"}
[32minfo[39m: Filtering to visit IDs: 60e0c382-d6cb-4d35-a5b9-e17ce5b20c73 {"service":"clinic-automation","timestamp":"2026-02-14T09:55:13.023Z"}
[32minfo[39m: Filtering to portal scope: MHC, FULLERT, IHP, ALL, ALLIANZ, ALLIANCE, AIA, GE, AIACLIENT, AVIVA, SINGLIFE + Allianz tags in patient name {"service":"clinic-automation","timestamp":"2026-02-14T09:55:13.023Z"}
(node:76276) [MODULE_TYPELESS_PACKAGE_JSON] Warning: Module type of file:///Users/vincent/Baselrpacrm/apps/crm/src/lib/rpa/portals.shared.js is not specified and it doesn't parse as CommonJS.
Reparsing as ES module because module syntax was detected. This incurs a performance overhead.
To eliminate this warning, add "type": "module" to /Users/vincent/Baselrpacrm/apps/crm/package.json.
(Use `node --trace-warnings ...` to show where the warning was created)
[32minfo[39m: Found 1 candidate visit(s) {"service":"clinic-automation","timestamp":"2026-02-14T09:55:13.456Z"}
[32minfo[39m: Processing 1 visits (0 skipped) {"service":"clinic-automation","timestamp":"2026-02-14T09:55:13.457Z"}
[32minfo[39m: Launching browser... {"service":"clinic-automation","timestamp":"2026-02-14T09:55:13.457Z"}
[32minfo[39m: Using extension for VPN - proxy auto-discovery disabled {"service":"clinic-automation","timestamp":"2026-02-14T09:55:13.457Z"}
[32minfo[39m: Using Chromium executable: /Users/vincent/Library/Caches/ms-playwright/chromium-1200/chrome-mac-arm64/Google Chrome for Testing.app/Contents/MacOS/Google Chrome for Testing {"service":"clinic-automation","timestamp":"2026-02-14T09:55:13.458Z"}
[32minfo[39m: Filtering out Urban VPN extension {"service":"clinic-automation","timestamp":"2026-02-14T09:55:13.458Z"}
[32minfo[39m: Applied external protocol guard script {"service":"clinic-automation","timestamp":"2026-02-14T09:55:15.591Z"}
[32minfo[39m: Browser launched successfully {"service":"clinic-automation","timestamp":"2026-02-14T09:55:15.591Z"}
[32minfo[39m: Initializing browser and logging in to Clinic Assist... {"service":"clinic-automation","timestamp":"2026-02-14T09:55:15.776Z"}
[32minfo[39m: [CA 01] Login start {"clinicGroup":"ssoc","service":"clinic-automation","timestamp":"2026-02-14T09:55:15.778Z","url":"https://clinicassist.sg:1080/"}
[32minfo[39m: Logging into Clinic Assist... {"service":"clinic-automation","timestamp":"2026-02-14T09:55:15.778Z"}
[32minfo[39m: Username filled {"service":"clinic-automation","timestamp":"2026-02-14T09:55:18.939Z"}
[32minfo[39m: [CA 02] Username filled {"service":"clinic-automation","timestamp":"2026-02-14T09:55:18.939Z"}
[32minfo[39m: Password filled {"service":"clinic-automation","timestamp":"2026-02-14T09:55:18.969Z"}
[32minfo[39m: [CA 03] Password filled {"service":"clinic-automation","timestamp":"2026-02-14T09:55:18.969Z"}
[32minfo[39m: Clinic Group filled: ssoc {"service":"clinic-automation","timestamp":"2026-02-14T09:55:18.975Z"}
[32minfo[39m: [CA 04] Clinic Group filled {"clinicGroup":"ssoc","service":"clinic-automation","timestamp":"2026-02-14T09:55:18.976Z"}
[32minfo[39m: Login button clicked {"service":"clinic-automation","timestamp":"2026-02-14T09:55:19.071Z"}
[32minfo[39m: [CA 05] Login submitted {"service":"clinic-automation","timestamp":"2026-02-14T09:55:19.071Z"}
[32minfo[39m: Clinic Assist 2FA not required (verification inputs disabled) {"service":"clinic-automation","timestamp":"2026-02-14T09:55:22.086Z"}
[32minfo[39m: Successfully logged into Clinic Assist {"service":"clinic-automation","timestamp":"2026-02-14T09:55:22.325Z"}
[32minfo[39m: [CA 06] Login ok {"service":"clinic-automation","timestamp":"2026-02-14T09:55:22.325Z"}
[32minfo[39m: 
Starting batch extraction for 1 visits... {"service":"clinic-automation","timestamp":"2026-02-14T09:55:22.325Z"}
[32minfo[39m: Max retries: 3, Batch size: 100 {"service":"clinic-automation","timestamp":"2026-02-14T09:55:22.325Z"}
[32minfo[39m: [VisitDetails] Starting batch extraction for 1 visits {"service":"clinic-automation","timestamp":"2026-02-14T09:55:22.941Z"}
[32minfo[39m: [VisitDetails] Processing visit 1/1: ENG CHAI PIN ELYNE XANDRIA (2026-02-03) {"service":"clinic-automation","timestamp":"2026-02-14T09:55:22.942Z"}
[32minfo[39m: [VisitDetails] Navigating to Patient Page for visit 60e0c382-d6cb-4d35-a5b9-e17ce5b20c73 (ENG CHAI PIN ELYNE XANDRIA) {"service":"clinic-automation","timestamp":"2026-02-14T09:55:23.589Z"}
[32minfo[39m: [CA 07] Navigate to Patient Page - START {"service":"clinic-automation","timestamp":"2026-02-14T09:55:23.593Z"}
[32minfo[39m: [CA 08] Current URL before navigation {"service":"clinic-automation","timestamp":"2026-02-14T09:55:23.594Z","url":"https://clinicassist.sg:1080/"}
[32minfo[39m: [CA 09] Need to select Reception/room first before accessing Patient Page {"service":"clinic-automation","timestamp":"2026-02-14T09:55:23.606Z"}
[32minfo[39m: [CA 10] Clicking Reception/room to access system {"selector":"button:has-text(\"Reception\")","service":"clinic-automation","timestamp":"2026-02-14T09:55:24.198Z"}
[32minfo[39m: [CA 11] Reception clicked, checking URL {"newUrl":"https://clinicassist.sg:1080/","service":"clinic-automation","timeTaken":1180,"timestamp":"2026-02-14T09:55:24.786Z"}
[32minfo[39m: [CA 12] Could not click Reception/room, continuing anyway {"service":"clinic-automation","timeTaken":1651,"timestamp":"2026-02-14T09:55:25.257Z"}
[32minfo[39m: [CA 13] Looking for sidebar/hamburger menu {"service":"clinic-automation","timestamp":"2026-02-14T09:55:25.258Z"}
[32minfo[39m: [CA 14] Looking for Patient sidebar link {"service":"clinic-automation","timestamp":"2026-02-14T09:55:25.264Z"}
[32minfo[39m: [CA 15] Could not click Patient link via UI; trying Home -> Patient fallback {"service":"clinic-automation","timestamp":"2026-02-14T09:55:25.273Z","totalTime":1680}
[32minfo[39m: [CA 16] Location fallback patient URL {"finalUrl":"https://clinicassist.sg:1080/Patient/PatientSearch","service":"clinic-automation","timestamp":"2026-02-14T09:55:26.613Z"}
[32minfo[39m: [CA 17] Navigate to Patient Page - COMPLETE {"service":"clinic-automation","timestamp":"2026-02-14T09:55:26.613Z","totalTime":3020}
[32minfo[39m: [VisitDetails] Searching for patient by number: 78160 (ENG CHAI PIN ELYNE XANDRIA) {"service":"clinic-automation","timestamp":"2026-02-14T09:55:26.614Z"}
[32minfo[39m: [CA 18] Search patient by number {"patientNumber":"78160","service":"clinic-automation","timestamp":"2026-02-14T09:55:26.614Z"}
[32minfo[39m: [CA 19] Pressing Enter to execute search (may need to dismiss dialog first) {"service":"clinic-automation","timestamp":"2026-02-14T09:55:27.415Z"}
[32minfo[39m: [CA 20] Patient search executed by number (Enter key x2) {"patientNumber":"78160","service":"clinic-automation","timestamp":"2026-02-14T09:55:28.534Z"}
[32minfo[39m: [VisitDetails] Opening patient record by number: 78160 {"service":"clinic-automation","timestamp":"2026-02-14T09:55:30.537Z"}
[32minfo[39m: [CA 21] Open patient from search results by number {"patientNumber":"78160","service":"clinic-automation","timestamp":"2026-02-14T09:55:30.539Z"}
[32minfo[39m: [CA 22] Found patient row by number {"hasLink":true,"rowIndex":1,"service":"clinic-automation","timestamp":"2026-02-14T09:55:32.554Z"}
[32minfo[39m: [CA 23] Clicked patient link via filter method {"service":"clinic-automation","timestamp":"2026-02-14T09:55:32.652Z"}
[32minfo[39m: [CA 24] Patient opened from search results by number {"service":"clinic-automation","timestamp":"2026-02-14T09:55:34.654Z"}
[32minfo[39m: [VisitDetails] Extracting NRIC from biodata page for: ENG CHAI PIN ELYNE XANDRIA {"service":"clinic-automation","timestamp":"2026-02-14T09:55:36.656Z"}
[32minfo[39m: [CA 25] Extract NRIC from patient biodata/info page {"service":"clinic-automation","timestamp":"2026-02-14T09:55:36.658Z"}
[32minfo[39m: [CA 26] NRIC found in input field {"nric":"S8570522I","selector":"input[name*=\"nric\" i]","service":"clinic-automation","timestamp":"2026-02-14T09:55:38.556Z"}
[32minfo[39m: [VisitDetails] Found NRIC: S8570522I for patient: ENG CHAI PIN ELYNE XANDRIA {"service":"clinic-automation","timestamp":"2026-02-14T09:55:38.556Z"}
[32minfo[39m: [VisitDetails] Updated visit 60e0c382-d6cb-4d35-a5b9-e17ce5b20c73 with NRIC: S8570522I {"service":"clinic-automation","timestamp":"2026-02-14T09:55:38.817Z"}
[32minfo[39m: [VisitDetails] Extracting charge type, diagnosis, and MC data for visit 60e0c382-d6cb-4d35-a5b9-e17ce5b20c73 on 2026-02-03 {"service":"clinic-automation","timestamp":"2026-02-14T09:55:38.818Z"}
[32minfo[39m: [CA 27] Get charge type, diagnosis, and MC data for visit date {"service":"clinic-automation","timestamp":"2026-02-14T09:55:38.820Z","visitDate":"2026-02-03"}
[32minfo[39m: [CA 28] Check for First Consult on visit date {"service":"clinic-automation","timestamp":"2026-02-14T09:55:38.821Z","visitDate":"2026-02-03"}
[32minfo[39m: [CA 29] Navigate to TX History {"service":"clinic-automation","timestamp":"2026-02-14T09:55:38.821Z"}
[32minfo[39m: [CA 30] Navigated to TX History {"service":"clinic-automation","timestamp":"2026-02-14T09:55:41.935Z"}
[32minfo[39m: [CA 31] Open All Tab in TX History {"service":"clinic-automation","timestamp":"2026-02-14T09:55:41.938Z"}
[32minfo[39m: [CA 32] All Tab opened {"service":"clinic-automation","timestamp":"2026-02-14T09:56:14.345Z"}
[32minfo[39m: [CA 33] First Consult check result {"found":true,"service":"clinic-automation","timestamp":"2026-02-14T09:56:16.410Z","visitDate":"2026-02-03"}
[32minfo[39m: [CA 34] Charge type determined {"chargeType":"first","hasFirstConsult":true,"service":"clinic-automation","timestamp":"2026-02-14T09:56:16.411Z","visitDate":"2026-02-03"}
[32minfo[39m: [CA 35] MC extraction from TX History disabled; using defaults {"mcDays":0,"mcStartDate":null,"service":"clinic-automation","timestamp":"2026-02-14T09:56:16.411Z"}
[32minfo[39m: [CA 36] Open Diagnosis Tab {"service":"clinic-automation","timestamp":"2026-02-14T09:56:16.411Z"}
[32minfo[39m: [CA 37] Diagnosis Tab opened {"service":"clinic-automation","timestamp":"2026-02-14T09:56:19.505Z"}
[32minfo[39m: [CA 38] Extract diagnosis for visit date {"service":"clinic-automation","timestamp":"2026-02-14T09:56:19.507Z","visitDate":"2026-02-03"}
[32minfo[39m: [CA 39] No diagnosis rows found in Diagnosis tab tables {"service":"clinic-automation","timestamp":"2026-02-14T09:56:20.518Z"}
[32minfo[39m: [CA 40] Extract latest diagnosis from Diagnosis tab {"service":"clinic-automation","timestamp":"2026-02-14T09:56:20.520Z"}
[32minfo[39m: [CA 41] No diagnosis found in Diagnosis tab {"service":"clinic-automation","timestamp":"2026-02-14T09:56:21.528Z"}
[32minfo[39m: [CA 42] Diagnosis not found in Diagnosis tab, trying raw Diagnosis extraction {"service":"clinic-automation","timestamp":"2026-02-14T09:56:21.529Z"}
[32minfo[39m: [CA 43] Extract diagnosis from TX History {"service":"clinic-automation","timestamp":"2026-02-14T09:56:21.530Z"}
[32minfo[39m: [CA 44] No diagnosis found in TX History {"service":"clinic-automation","timestamp":"2026-02-14T09:56:22.558Z"}
[32minfo[39m: [CA 45] Diagnosis requires broadened source search {"currentDate":null,"currentDiagnosis":"","currentSource":null,"service":"clinic-automation","timestamp":"2026-02-14T09:56:22.559Z"}
[32minfo[39m: [CA 46] Checking All tab for better diagnosis candidate {"service":"clinic-automation","timestamp":"2026-02-14T09:56:22.559Z"}
[32minfo[39m: [CA 47] Extract diagnosis from All tab {"service":"clinic-automation","timestamp":"2026-02-14T09:56:22.560Z","visitDate":"2026-02-03"}
[32minfo[39m: [CA 48] Navigate to TX History {"service":"clinic-automation","timestamp":"2026-02-14T09:56:22.560Z"}
[32minfo[39m: [CA 49] Navigated to TX History {"service":"clinic-automation","timestamp":"2026-02-14T09:56:25.637Z"}
[32minfo[39m: [CA 50] Open All Tab in TX History {"service":"clinic-automation","timestamp":"2026-02-14T09:56:25.638Z"}
[32minfo[39m: [CA 51] All Tab opened {"service":"clinic-automation","timestamp":"2026-02-14T09:56:58.051Z"}
[32minfo[39m: [CA 52] No diagnosis found in All tab {"service":"clinic-automation","timestamp":"2026-02-14T09:56:59.579Z"}
[32minfo[39m: [CA 53] Checking Visit tab for better diagnosis candidate {"service":"clinic-automation","timestamp":"2026-02-14T09:56:59.579Z"}
[32minfo[39m: [CA 54] Extract diagnosis from Visit Tab {"service":"clinic-automation","timestamp":"2026-02-14T09:56:59.580Z","visitDate":"2026-02-03"}
[32minfo[39m: [CA 55] Open Visit Tab {"service":"clinic-automation","timestamp":"2026-02-14T09:56:59.580Z"}
[32minfo[39m: [CA 56] Visit Tab opened {"service":"clinic-automation","timestamp":"2026-02-14T09:57:01.322Z"}
[32minfo[39m: [CA 57] No diagnosis found in Visit tab {"service":"clinic-automation","timestamp":"2026-02-14T09:57:02.128Z"}
[32minfo[39m: [CA 58] Checking Past Notes for better diagnosis candidate {"service":"clinic-automation","timestamp":"2026-02-14T09:57:02.129Z"}
[32minfo[39m: [CA 59] Extract diagnosis from Past Notes {"service":"clinic-automation","timestamp":"2026-02-14T09:57:02.129Z","visitDate":"2026-02-03"}
[32minfo[39m: [CA 60] Navigate to TX History {"service":"clinic-automation","timestamp":"2026-02-14T09:57:02.129Z"}
[32minfo[39m: [CA 61] Navigated to TX History {"service":"clinic-automation","timestamp":"2026-02-14T09:57:05.164Z"}
[32minfo[39m: [CA 62] Open Past Notes Tab {"service":"clinic-automation","timestamp":"2026-02-14T09:57:05.165Z"}
[32minfo[39m: [CA 63] Past Notes Tab opened {"service":"clinic-automation","timestamp":"2026-02-14T09:57:08.931Z"}
[32minfo[39m: [CA 64] Past Notes entries expanded {"service":"clinic-automation","timestamp":"2026-02-14T09:57:08.968Z","totalClicked":1,"visitDate":"2026-02-03"}
[32minfo[39m: [CA 65] No diagnosis found in Past Notes for visit date {"service":"clinic-automation","timestamp":"2026-02-14T09:57:11.383Z"}
[32minfo[39m: [CA 66] Extract diagnosis intent from Past Notes {"service":"clinic-automation","timestamp":"2026-02-14T09:57:11.387Z","visitDate":"2026-02-03"}
[32minfo[39m: [CA 67] Open Past Notes Tab {"service":"clinic-automation","timestamp":"2026-02-14T09:57:11.388Z"}
[32minfo[39m: [CA 68] Past Notes context already open {"service":"clinic-automation","timestamp":"2026-02-14T09:57:17.559Z"}
[32minfo[39m: [CA 69] Past Notes entries expanded {"service":"clinic-automation","timestamp":"2026-02-14T09:57:17.592Z","totalClicked":1,"visitDate":"2026-02-03"}
[32minfo[39m: [CA 70] Past Notes intent debug (no match) {"baseBodyPart":null,"evidence":["03/02/2026pcr specialist first consultation1","specialist first consultation - qty(1"],"poolSize":3,"service":"clinic-automation","targetDateStr":"03/02/2026","targetDateStrAlt":"02/03/2026","timestamp":"2026-02-14T09:57:20.010Z","title":"Patient Biodata","url":"https://clinicassist.sg:1080/QueueLog/PatientVisit?queryString=3Rv6/0utPL8a+RcrqeZFhSBx3zDdaP0iMT1Uh3xNYi4bDNIqKn/9ixmbwTOb1x1q9Uu3Sr54D8ZOlozM7nbvz7AP9pTZKR6+Xka0nsHAQdVNXnyryqT4Hg=="}
[32minfo[39m: [CA 71] No diagnosis intent found in Past Notes {"service":"clinic-automation","timestamp":"2026-02-14T09:57:20.011Z"}
[32minfo[39m: [CA 72] Extracting medicines for visit date {"service":"clinic-automation","timestamp":"2026-02-14T09:57:20.015Z","visitDate":"2026-02-03"}
[32minfo[39m: [CA 73] Open Medicine Tab {"service":"clinic-automation","timestamp":"2026-02-14T09:57:20.015Z"}
[32minfo[39m: [CA 74] Medicine Tab opened {"service":"clinic-automation","timestamp":"2026-02-14T09:57:22.640Z"}
[32minfo[39m: [CA 75] Extract medicines from Medicine Tab {"service":"clinic-automation","timestamp":"2026-02-14T09:57:22.641Z","visitDate":"2026-02-03"}
[32minfo[39m: [CA 76] Medicines extracted from Medicine Tab {"chosenDateIso":"2026-02-03","count":3,"medicines":[{"amount":120,"name":"SPECIALIST FIRST CONSULTATION","quantity":1,"unitPrice":1},{"amount":null,"name":"Cephalexin","quantity":1,"unitPrice":null},{"amount":null,"name":"Ciprofloxacin","quantity":1,"unitPrice":null}],"service":"clinic-automation","timestamp":"2026-02-14T09:57:23.650Z","totalRecords":3,"visitDate":"2026-02-03"}
[32minfo[39m: [CA 77] TX History: extracted medicines summary {"count":3,"filteredOut":0,"sample":[{"amount":120,"name":"SPECIALIST FIRST CONSULTATION","quantity":1,"unitPrice":1},{"amount":null,"name":"Cephalexin","quantity":1,"unitPrice":null},{"amount":null,"name":"Ciprofloxacin","quantity":1,"unitPrice":null}],"service":"clinic-automation","timestamp":"2026-02-14T09:57:23.650Z"}
[32minfo[39m: [VisitDetails] Extracted data for visit 60e0c382-d6cb-4d35-a5b9-e17ce5b20c73: {"chargeType":"first","diagnosis":"Missing diagnosis","mcDays":0,"mcStartDate":null,"service":"clinic-automation","timestamp":"2026-02-14T09:57:23.650Z"}
[32minfo[39m: [VisitDetails] Updated visit 60e0c382-d6cb-4d35-a5b9-e17ce5b20c73 with extracted details {"service":"clinic-automation","timestamp":"2026-02-14T09:57:24.433Z"}
[32minfo[39m: [VisitDetails] Successfully extracted details for visit 60e0c382-d6cb-4d35-a5b9-e17ce5b20c73 {"chargeType":"first","diagnosis":"Missing diagnosis","mcDays":0,"service":"clinic-automation","timestamp":"2026-02-14T09:57:24.433Z"}
[32minfo[39m: [VisitDetails] Batch extraction complete: 1 completed, 0 failed, 0 skipped {"service":"clinic-automation","timestamp":"2026-02-14T09:57:25.670Z"}
[32minfo[39m: 
=== Extraction Summary === {"service":"clinic-automation","timestamp":"2026-02-14T09:57:25.884Z"}
[32minfo[39m: Total visits processed: 1 {"service":"clinic-automation","timestamp":"2026-02-14T09:57:25.884Z"}
[32minfo[39m: ✅ Completed: 1 {"service":"clinic-automation","timestamp":"2026-02-14T09:57:25.884Z"}
[32minfo[39m: ❌ Failed: 0 {"service":"clinic-automation","timestamp":"2026-02-14T09:57:25.885Z"}
[32minfo[39m: ⏭️  Skipped: 0 {"service":"clinic-automation","timestamp":"2026-02-14T09:57:25.885Z"}
[32minfo[39m: Success rate: 100.0% {"service":"clinic-automation","timestamp":"2026-02-14T09:57:25.885Z"}
[32minfo[39m: Time elapsed: 123.6s {"service":"clinic-automation","timestamp":"2026-02-14T09:57:25.885Z"}
[32minfo[39m: Average time per visit: 123.6s {"service":"clinic-automation","timestamp":"2026-02-14T09:57:25.885Z"}
[32minfo[39m: Browser closed {"service":"clinic-automation","timestamp":"2026-02-14T09:57:26.149Z"}
