[32minfo[39m: === Visit Details Extraction Batch === {"service":"clinic-automation","timestamp":"2026-02-19T12:06:43.009Z"}
[32minfo[39m: Querying database for visits needing enhancement... {"service":"clinic-automation","timestamp":"2026-02-19T12:06:43.028Z"}
[32minfo[39m: Filtering from date: 2026-02-13 {"service":"clinic-automation","timestamp":"2026-02-19T12:06:43.028Z"}
[32minfo[39m: Filtering to date: 2026-02-16 {"service":"clinic-automation","timestamp":"2026-02-19T12:06:43.028Z"}
[32minfo[39m: Filtering to portal scope: MHC, MHCAXA, AIA, AIACLIENT, AVIVA, SINGLIFE, FULLERT, IHP, PARKWAY, ALL, ALLIMED, ALLIANZ, ALLIANCE, GE, NTUC_IM, TOKIOM, ALLIANC, ALLSING, AXAMED, PRUDEN + Allianz tags in patient name {"service":"clinic-automation","timestamp":"2026-02-19T12:06:43.028Z"}
(node:54683) [MODULE_TYPELESS_PACKAGE_JSON] Warning: Module type of file:///Users/vincent/Baselrpacrm/apps/crm/src/lib/rpa/portals.shared.js is not specified and it doesn't parse as CommonJS.
Reparsing as ES module because module syntax was detected. This incurs a performance overhead.
To eliminate this warning, add "type": "module" to /Users/vincent/Baselrpacrm/apps/crm/package.json.
(Use `node --trace-warnings ...` to show where the warning was created)
[32minfo[39m: Found 21 candidate visit(s) {"service":"clinic-automation","timestamp":"2026-02-19T12:06:43.737Z"}
[32minfo[39m: Processing 1 visits (20 skipped) {"service":"clinic-automation","timestamp":"2026-02-19T12:06:43.737Z"}
[32minfo[39m: Launching browser... {"service":"clinic-automation","timestamp":"2026-02-19T12:06:43.738Z"}
[32minfo[39m: Using extension for VPN - proxy auto-discovery disabled {"service":"clinic-automation","timestamp":"2026-02-19T12:06:43.739Z"}
[32minfo[39m: Using Chromium executable: /Users/vincent/Library/Caches/ms-playwright/chromium-1200/chrome-mac-arm64/Google Chrome for Testing.app/Contents/MacOS/Google Chrome for Testing {"service":"clinic-automation","timestamp":"2026-02-19T12:06:43.740Z"}
[32minfo[39m: Filtering out Urban VPN extension {"service":"clinic-automation","timestamp":"2026-02-19T12:06:43.740Z"}
[32minfo[39m: Applied external protocol guard script {"service":"clinic-automation","timestamp":"2026-02-19T12:06:46.344Z"}
[32minfo[39m: Browser launched successfully {"service":"clinic-automation","timestamp":"2026-02-19T12:06:46.350Z"}
[32minfo[39m: Initializing browser and logging in to Clinic Assist... {"service":"clinic-automation","timestamp":"2026-02-19T12:06:46.554Z"}
[32minfo[39m: [CA 01] Login start {"clinicGroup":"ssoc","service":"clinic-automation","timestamp":"2026-02-19T12:06:46.555Z","url":"https://clinicassist.sg:1080/"}
[32minfo[39m: Logging into Clinic Assist... {"service":"clinic-automation","timestamp":"2026-02-19T12:06:46.556Z"}
[32minfo[39m: Username filled {"service":"clinic-automation","timestamp":"2026-02-19T12:06:50.135Z"}
[32minfo[39m: [CA 02] Username filled {"service":"clinic-automation","timestamp":"2026-02-19T12:06:50.138Z"}
[32minfo[39m: Password filled {"service":"clinic-automation","timestamp":"2026-02-19T12:06:50.293Z"}
[32minfo[39m: [CA 03] Password filled {"service":"clinic-automation","timestamp":"2026-02-19T12:06:50.293Z"}
[32minfo[39m: Clinic Group filled: ssoc {"service":"clinic-automation","timestamp":"2026-02-19T12:06:50.332Z"}
[32minfo[39m: [CA 04] Clinic Group filled {"clinicGroup":"ssoc","service":"clinic-automation","timestamp":"2026-02-19T12:06:50.332Z"}
[32minfo[39m: Login button clicked {"service":"clinic-automation","timestamp":"2026-02-19T12:06:50.538Z"}
[32minfo[39m: [CA 05] Login submitted {"service":"clinic-automation","timestamp":"2026-02-19T12:06:50.538Z"}
[32minfo[39m: Clinic Assist 2FA not required (verification inputs disabled) {"service":"clinic-automation","timestamp":"2026-02-19T12:06:53.556Z"}
[32minfo[39m: Successfully logged into Clinic Assist {"service":"clinic-automation","timestamp":"2026-02-19T12:06:53.793Z"}
[32minfo[39m: [CA 06] Login ok {"service":"clinic-automation","timestamp":"2026-02-19T12:06:53.793Z"}
[32minfo[39m: 
Starting batch extraction for 1 visits... {"service":"clinic-automation","timestamp":"2026-02-19T12:06:53.793Z"}
[32minfo[39m: Max retries: 3, Batch size: 100 {"service":"clinic-automation","timestamp":"2026-02-19T12:06:53.793Z"}
[32minfo[39m: [VisitDetails] Starting batch extraction for 1 visits {"service":"clinic-automation","timestamp":"2026-02-19T12:06:56.988Z"}
[32minfo[39m: [VisitDetails] Processing visit 1/1: WANG WEI TING SARAH (2026-02-16) {"service":"clinic-automation","timestamp":"2026-02-19T12:06:56.989Z"}
[32minfo[39m: [VisitDetails] Navigating to Patient Page for visit abc41d6e-c387-46bd-867b-2e5e7698761c (WANG WEI TING SARAH) {"service":"clinic-automation","timestamp":"2026-02-19T12:06:57.567Z"}
[32minfo[39m: [CA 07] Navigate to Patient Page - START {"service":"clinic-automation","timestamp":"2026-02-19T12:06:57.569Z"}
[32minfo[39m: [CA 08] Current URL before navigation {"service":"clinic-automation","timestamp":"2026-02-19T12:06:57.569Z","url":"https://clinicassist.sg:1080/"}
[32minfo[39m: [CA 09] Need to select Reception/room first before accessing Patient Page {"service":"clinic-automation","timestamp":"2026-02-19T12:06:57.583Z"}
[32minfo[39m: [CA 10] Clicking Reception/room to access system {"selector":"button:has-text(\"Reception\")","service":"clinic-automation","timestamp":"2026-02-19T12:06:58.187Z"}
[32minfo[39m: [CA 11] Reception clicked, checking URL {"newUrl":"https://clinicassist.sg:1080/Home/Reception","service":"clinic-automation","timeTaken":1194,"timestamp":"2026-02-19T12:06:58.777Z"}
[32minfo[39m: [CA 12] Successfully entered Reception room {"newUrl":"https://clinicassist.sg:1080/Home/Reception","service":"clinic-automation","timeTaken":1202,"timestamp":"2026-02-19T12:06:58.785Z"}
[32minfo[39m: [CA 13] Looking for sidebar/hamburger menu {"service":"clinic-automation","timestamp":"2026-02-19T12:06:58.785Z"}
[32minfo[39m: [CA 14] Looking for Patient sidebar link {"service":"clinic-automation","timestamp":"2026-02-19T12:06:58.789Z"}
[32minfo[39m: [CA 15] Could not click Patient link via UI; trying Home -> Patient fallback {"service":"clinic-automation","timestamp":"2026-02-19T12:06:58.799Z","totalTime":1230}
[32minfo[39m: [CA 16] Home->Patient retry URL {"finalUrl":"https://clinicassist.sg:1080/Patient/PatientSearch","service":"clinic-automation","timestamp":"2026-02-19T12:07:02.189Z"}
[32minfo[39m: [CA 17] Navigate to Patient Page - COMPLETE {"service":"clinic-automation","timestamp":"2026-02-19T12:07:02.190Z","totalTime":4621}
[32minfo[39m: [VisitDetails] Searching for patient by number: 67815 (WANG WEI TING SARAH) {"service":"clinic-automation","timestamp":"2026-02-19T12:07:02.190Z"}
[32minfo[39m: [CA 18] Search patient by number {"patientNumber":"67815","service":"clinic-automation","timestamp":"2026-02-19T12:07:02.191Z"}
[32minfo[39m: [CA 19] Pressing Enter to execute search (may need to dismiss dialog first) {"service":"clinic-automation","timestamp":"2026-02-19T12:07:02.981Z"}
[32minfo[39m: [CA 20] Patient search executed by number (Enter key x2) {"patientNumber":"67815","service":"clinic-automation","timestamp":"2026-02-19T12:07:04.099Z"}
[32minfo[39m: [VisitDetails] Opening patient record by number: 67815 {"service":"clinic-automation","timestamp":"2026-02-19T12:07:06.101Z"}
[32minfo[39m: [CA 21] Open patient from search results by number {"patientNumber":"67815","service":"clinic-automation","timestamp":"2026-02-19T12:07:06.103Z"}
[32minfo[39m: [CA 22] Found patient row by number {"hasLink":true,"rowIndex":1,"service":"clinic-automation","timestamp":"2026-02-19T12:07:08.111Z"}
[32minfo[39m: [CA 23] Clicked patient link via filter method {"service":"clinic-automation","timestamp":"2026-02-19T12:07:08.219Z"}
[32minfo[39m: [CA 24] Patient opened from search results by number {"service":"clinic-automation","timestamp":"2026-02-19T12:07:10.221Z"}
[32minfo[39m: [VisitDetails] Extracting NRIC from biodata page for: WANG WEI TING SARAH {"service":"clinic-automation","timestamp":"2026-02-19T12:07:12.223Z"}
[32minfo[39m: [CA 25] Get patient NRIC {"service":"clinic-automation","timestamp":"2026-02-19T12:07:12.225Z"}
[32minfo[39m: [CA 26] Extract NRIC from patient biodata/info page {"service":"clinic-automation","timestamp":"2026-02-19T12:07:12.226Z"}
[32minfo[39m: [CA 27] NRIC found in input field {"nric":"T0835030I","selector":"input[name*=\"nric\" i]","service":"clinic-automation","timestamp":"2026-02-19T12:07:16.845Z"}
[32minfo[39m: [VisitDetails] Found NRIC: T0835030I for patient: WANG WEI TING SARAH {"service":"clinic-automation","timestamp":"2026-02-19T12:07:16.845Z"}
[32minfo[39m: [VisitDetails] Updated visit abc41d6e-c387-46bd-867b-2e5e7698761c with NRIC: T0835030I {"service":"clinic-automation","timestamp":"2026-02-19T12:07:17.144Z"}
[32minfo[39m: [VisitDetails] Extracting charge type, diagnosis, and MC data for visit abc41d6e-c387-46bd-867b-2e5e7698761c on 2026-02-16 {"service":"clinic-automation","timestamp":"2026-02-19T12:07:17.144Z"}
[32minfo[39m: [CA 28] Get charge type, diagnosis, and MC data for visit date {"service":"clinic-automation","timestamp":"2026-02-19T12:07:17.146Z","visitDate":"2026-02-16"}
[32minfo[39m: [CA 29] Check for First Consult on visit date {"service":"clinic-automation","timestamp":"2026-02-19T12:07:17.147Z","visitDate":"2026-02-16"}
[32minfo[39m: [CA 30] Navigate to TX History {"service":"clinic-automation","timestamp":"2026-02-19T12:07:17.147Z"}
[32minfo[39m: [CA 31] Navigated to TX History {"service":"clinic-automation","timestamp":"2026-02-19T12:07:20.261Z"}
[32minfo[39m: [CA 32] Open All Tab in TX History {"service":"clinic-automation","timestamp":"2026-02-19T12:07:20.263Z"}
[32minfo[39m: [CA 33] All Tab opened {"service":"clinic-automation","timestamp":"2026-02-19T12:07:52.711Z"}
[32minfo[39m: [CA 34] First Consult check result {"found":false,"service":"clinic-automation","timestamp":"2026-02-19T12:07:54.791Z","visitDate":"2026-02-16"}
[32minfo[39m: [CA 35] Charge type determined {"chargeType":"follow","hasFirstConsult":false,"service":"clinic-automation","timestamp":"2026-02-19T12:07:54.791Z","visitDate":"2026-02-16"}
[32minfo[39m: [CA 36] MC extraction from TX History disabled; using defaults {"mcDays":0,"mcStartDate":null,"service":"clinic-automation","timestamp":"2026-02-19T12:07:54.792Z"}
[32minfo[39m: [CA 37] Open Diagnosis Tab {"service":"clinic-automation","timestamp":"2026-02-19T12:07:54.794Z"}
[32minfo[39m: [CA 38] Diagnosis Tab opened {"service":"clinic-automation","timestamp":"2026-02-19T12:07:57.894Z"}
[32minfo[39m: [CA 39] Extract diagnosis for visit date {"service":"clinic-automation","timestamp":"2026-02-19T12:07:57.896Z","visitDate":"2026-02-16"}
[32minfo[39m: [CA 40] No exact diagnosis date match; using most recent on/before visit date {"code":"M25.57","date":"01/11/2022","description":"Pain in a joint ankle and foot","service":"clinic-automation","timestamp":"2026-02-19T12:07:58.920Z","visitDate":"2026-02-16"}
[32minfo[39m: [CA 41] Diagnosis requires broadened source search {"currentDate":"01/11/2022","currentDiagnosis":"Pain in a joint ankle and foot","currentSource":"diagnosis_tab","service":"clinic-automation","timestamp":"2026-02-19T12:07:58.923Z"}
[32minfo[39m: [CA 42] Checking All tab for better diagnosis candidate {"service":"clinic-automation","timestamp":"2026-02-19T12:07:58.924Z"}
[32minfo[39m: [CA 43] Extract diagnosis from All tab {"service":"clinic-automation","timestamp":"2026-02-19T12:07:58.926Z","visitDate":"2026-02-16"}
[32minfo[39m: [CA 44] Navigate to TX History {"service":"clinic-automation","timestamp":"2026-02-19T12:07:58.928Z"}
[32minfo[39m: [CA 45] Navigated to TX History {"service":"clinic-automation","timestamp":"2026-02-19T12:08:02.003Z"}
[32minfo[39m: [CA 46] Open All Tab in TX History {"service":"clinic-automation","timestamp":"2026-02-19T12:08:02.004Z"}
[32minfo[39m: [CA 47] All Tab opened {"service":"clinic-automation","timestamp":"2026-02-19T12:08:34.468Z"}
[32minfo[39m: [CA 48] No diagnosis found in All tab {"service":"clinic-automation","timestamp":"2026-02-19T12:08:35.993Z"}
[32minfo[39m: [CA 49] Checking Visit tab for better diagnosis candidate {"service":"clinic-automation","timestamp":"2026-02-19T12:08:35.993Z"}
[32minfo[39m: [CA 50] Extract diagnosis from Visit Tab {"service":"clinic-automation","timestamp":"2026-02-19T12:08:35.994Z","visitDate":"2026-02-16"}
[32minfo[39m: [CA 51] Open Visit Tab {"service":"clinic-automation","timestamp":"2026-02-19T12:08:35.994Z"}
[32minfo[39m: [CA 52] Visit Tab opened {"service":"clinic-automation","timestamp":"2026-02-19T12:08:38.058Z"}
[32minfo[39m: [CA 53] No diagnosis found in Visit tab {"service":"clinic-automation","timestamp":"2026-02-19T12:08:38.871Z"}
[32minfo[39m: [CA 54] Checking Past Notes for better diagnosis candidate {"service":"clinic-automation","timestamp":"2026-02-19T12:08:38.871Z"}
[32minfo[39m: [CA 55] Extract diagnosis from Past Notes {"service":"clinic-automation","timestamp":"2026-02-19T12:08:38.872Z","visitDate":"2026-02-16"}
[32minfo[39m: [CA 56] Navigate to TX History {"service":"clinic-automation","timestamp":"2026-02-19T12:08:38.873Z"}
[32minfo[39m: [CA 57] Navigated to TX History {"service":"clinic-automation","timestamp":"2026-02-19T12:08:41.930Z"}
[32minfo[39m: [CA 58] Open Past Notes Tab {"service":"clinic-automation","timestamp":"2026-02-19T12:08:41.933Z"}
[32minfo[39m: [CA 59] Past Notes Tab opened {"service":"clinic-automation","timestamp":"2026-02-19T12:08:46.293Z"}
[32minfo[39m: [CA 60] Past Notes entries expanded {"service":"clinic-automation","timestamp":"2026-02-19T12:08:46.329Z","totalClicked":1,"visitDate":"2026-02-16"}
[32minfo[39m: [CA 61] No diagnosis found in Past Notes for visit date {"service":"clinic-automation","timestamp":"2026-02-19T12:08:48.749Z"}
[32minfo[39m: [CA 62] Extract diagnosis intent from Past Notes {"service":"clinic-automation","timestamp":"2026-02-19T12:08:48.755Z","visitDate":"2026-02-16"}
[32minfo[39m: [CA 63] Open Past Notes Tab {"service":"clinic-automation","timestamp":"2026-02-19T12:08:48.755Z"}
[32minfo[39m: [CA 64] Past Notes context already open {"service":"clinic-automation","timestamp":"2026-02-19T12:08:54.922Z"}
[32minfo[39m: [CA 65] Past Notes entries expanded {"service":"clinic-automation","timestamp":"2026-02-19T12:08:55.102Z","totalClicked":1,"visitDate":"2026-02-16"}
[32minfo[39m: [CA 66] Past Notes intent debug (no match) {"baseBodyPart":"ankle","evidence":["00ssoc16/02/2026pcr specialist consultation1","00ssoc02/02/2026pcr specialist consultation1","00ssoc21/01/2026pcr specialist consultation1","00ssoc06/10/2025pcr specialist consultation1","00ssoc22/09/2025pcr specialist consultation1","00ssoc18/05/2024pcr consultation 1","00ssoc20/04/2024pcr consultation 1","00ssoc30/03/2024pcr consultation 1","00ssoc07/03/2024pcr consultation 1","00ssoc01/03/2024pcr consultation 1"],"poolSize":2,"service":"clinic-automation","targetDateStr":"16/02/2026","targetDateStrAlt":"02/16/2026","timestamp":"2026-02-19T12:08:57.539Z","title":"Patient Biodata","url":"https://clinicassist.sg:1080/QueueLog/PatientVisit?queryString=JxQaL8IloABhBrxA4ysUW33a7iE/mZqb5ibbpJE+a0kH9pXkHUPQ27VOGiI3/lW2Ksjnt2zbNtnhRNdfCHva4n2rgriQxDWXd9oH73K6UGU="}
[32minfo[39m: [CA 67] No diagnosis intent found in Past Notes {"service":"clinic-automation","timestamp":"2026-02-19T12:08:57.540Z"}
[32minfo[39m: [CA 68] Extracting medicines for visit date {"service":"clinic-automation","timestamp":"2026-02-19T12:08:57.544Z","visitDate":"2026-02-16"}
[32minfo[39m: [CA 69] Open Medicine Tab {"service":"clinic-automation","timestamp":"2026-02-19T12:08:57.544Z"}
[32minfo[39m: [CA 70] Medicine Tab opened {"service":"clinic-automation","timestamp":"2026-02-19T12:09:00.230Z"}
[32minfo[39m: [CA 71] Extract medicines from Medicine Tab {"service":"clinic-automation","timestamp":"2026-02-19T12:09:00.232Z","visitDate":"2026-02-16"}
[32minfo[39m: [CA 72] Medicines extracted from Medicine Tab {"chosenDateIso":"2026-02-16","count":2,"medicines":[{"amount":80,"name":"Wrist Brace (DR)","quantity":1,"unitPrice":80},{"amount":75,"name":"SPECIALIST CONSULTATION","quantity":1,"unitPrice":1}],"service":"clinic-automation","timestamp":"2026-02-19T12:09:01.247Z","totalRecords":33,"visitDate":"2026-02-16"}
[32minfo[39m: [CA 73] TX History: extracted medicines summary {"count":2,"filteredOut":0,"sample":[{"amount":80,"name":"Wrist Brace (DR)","quantity":1,"unitPrice":80},{"amount":75,"name":"SPECIALIST CONSULTATION","quantity":1,"unitPrice":1}],"service":"clinic-automation","timestamp":"2026-02-19T12:09:01.248Z"}
[32minfo[39m: [VisitDetails] Extracted data for visit abc41d6e-c387-46bd-867b-2e5e7698761c: {"chargeType":"follow","diagnosis":"Pain in a joint ankle and foot","mcDays":0,"mcStartDate":null,"service":"clinic-automation","timestamp":"2026-02-19T12:09:01.248Z"}
[32minfo[39m: [VisitDetails] Updated visit abc41d6e-c387-46bd-867b-2e5e7698761c with extracted details {"service":"clinic-automation","timestamp":"2026-02-19T12:09:02.488Z"}
[32minfo[39m: [VisitDetails] Successfully extracted details for visit abc41d6e-c387-46bd-867b-2e5e7698761c {"chargeType":"follow","diagnosis":"Pain in a joint ankle and foot","mcDays":0,"service":"clinic-automation","timestamp":"2026-02-19T12:09:02.488Z"}
[32minfo[39m: [VisitDetails] Batch extraction complete: 1 completed, 0 failed, 0 skipped {"service":"clinic-automation","timestamp":"2026-02-19T12:09:03.852Z"}
[32minfo[39m: 
=== Extraction Summary === {"service":"clinic-automation","timestamp":"2026-02-19T12:09:04.146Z"}
[32minfo[39m: Total visits processed: 1 {"service":"clinic-automation","timestamp":"2026-02-19T12:09:04.146Z"}
[32minfo[39m: ✅ Completed: 1 {"service":"clinic-automation","timestamp":"2026-02-19T12:09:04.146Z"}
[32minfo[39m: ❌ Failed: 0 {"service":"clinic-automation","timestamp":"2026-02-19T12:09:04.147Z"}
[32minfo[39m: ⏭️  Skipped: 0 {"service":"clinic-automation","timestamp":"2026-02-19T12:09:04.147Z"}
[32minfo[39m: Success rate: 100.0% {"service":"clinic-automation","timestamp":"2026-02-19T12:09:04.147Z"}
[32minfo[39m: Time elapsed: 130.4s {"service":"clinic-automation","timestamp":"2026-02-19T12:09:04.147Z"}
[32minfo[39m: Average time per visit: 130.4s {"service":"clinic-automation","timestamp":"2026-02-19T12:09:04.147Z"}
[32minfo[39m: Browser closed {"service":"clinic-automation","timestamp":"2026-02-19T12:09:04.495Z"}
