[32minfo[39m: Launching browser... {"service":"clinic-automation","timestamp":"2026-02-17T09:28:27.163Z"}
[32minfo[39m: Using extension for VPN - proxy auto-discovery disabled {"service":"clinic-automation","timestamp":"2026-02-17T09:28:27.169Z"}
[32minfo[39m: Using Chromium executable: /Users/vincent/Library/Caches/ms-playwright/chromium-1200/chrome-mac-arm64/Google Chrome for Testing.app/Contents/MacOS/Google Chrome for Testing {"service":"clinic-automation","timestamp":"2026-02-17T09:28:27.169Z"}
[32minfo[39m: Filtering out Urban VPN extension {"service":"clinic-automation","timestamp":"2026-02-17T09:28:27.170Z"}
[32minfo[39m: Applied external protocol guard script {"service":"clinic-automation","timestamp":"2026-02-17T09:28:28.985Z"}
[32minfo[39m: Browser launched successfully {"service":"clinic-automation","timestamp":"2026-02-17T09:28:28.985Z"}
[32minfo[39m: [ALLIANCE] Already logged in (active session detected) {"service":"clinic-automation","timestamp":"2026-02-17T09:28:30.931Z"}
[32minfo[39m: [ALLIANCE] Clicked sidebar Panel Service {"selector":"div.sidebar a.nav-link:has-text(\"Panel Service\")","service":"clinic-automation","timestamp":"2026-02-17T09:28:35.481Z"}
[32minfo[39m: [ALLIANCE] Clicked sidebar Create Panel Claim {"selector":"div.sidebar a.nav-link:has-text(\"Create Panel Claim\")","service":"clinic-automation","timestamp":"2026-02-17T09:28:36.146Z"}
[32minfo[39m: [ALLIANCE] Clicked Medical Treatment {"selector":"div.main-panel button.action-btn:has-text(\"Medical Treatment\")","service":"clinic-automation","timestamp":"2026-02-17T09:28:36.838Z"}
[32minfo[39m: [ALLIANCE] Navigated to Medical Treatment claim flow {"service":"clinic-automation","timestamp":"2026-02-17T09:28:38.342Z"}
[32minfo[39m: [ALLIANCE] Filled Member UIN/Membership ID {"selector":"input[placeholder*=\"Membership\" i]","service":"clinic-automation","timestamp":"2026-02-17T09:28:38.435Z"}
[32minfo[39m: [ALLIANCE] Clicked Claim Type {"selector":"[role=\"dialog\"] div:has-text(\"Claim Type\"):has([role=\"combobox\"])","service":"clinic-automation","timestamp":"2026-02-17T09:28:38.484Z"}
[32minfo[39m: [ALLIANCE] Set Date of Visit (candidate-12/2/2026) {"selector":"input[placeholder*=\"Date of Visit\" i]","service":"clinic-automation","timestamp":"2026-02-17T09:28:38.590Z"}
[32minfo[39m: [ALLIANCE] Clicked Search Others (candidate-12/2/2026) {"selector":"button:has-text(\"Search Others\")","service":"clinic-automation","timestamp":"2026-02-17T09:28:38.871Z"}
search= {"found":true,"rowCount":1,"memberNotFound":false}
[32minfo[39m: [ALLIANCE] Selected member and opened claim form {"service":"clinic-automation","timestamp":"2026-02-17T09:28:42.195Z"}
[32minfo[39m: [ALLIANCE] Set MC Days {"selector":"input[placeholder*=\"MC Days\" i]","service":"clinic-automation","timestamp":"2026-02-17T09:28:44.105Z"}
[32minfo[39m: [ALLIANCE] Clicked Add Diagnosis {"selector":"button:has-text(\"Add Diagnosis\")","service":"clinic-automation","timestamp":"2026-02-17T09:28:44.167Z"}
[32minfo[39m: [ALLIANCE] Filled Diagnosis Name (Fever) {"selector":"[role=\"dialog\"] input[placeholder*=\"Diagnosis Name\" i]","service":"clinic-automation","timestamp":"2026-02-17T09:28:44.463Z"}
[32minfo[39m: [ALLIANCE] Clicked Diagnosis Search (Fever) {"selector":"[role=\"dialog\"] button:has-text(\"Search\")","service":"clinic-automation","timestamp":"2026-02-17T09:28:44.530Z"}
[32minfo[39m: [ALLIANCE] Set Consultation Fee {"selector":"input[placeholder*=\"Consultation Fee\" i]","service":"clinic-automation","timestamp":"2026-02-17T09:28:54.218Z"}
[32minfo[39m: [ALLIANCE] Filled remark {"selector":"textarea[placeholder*=\"remark\" i]","service":"clinic-automation","timestamp":"2026-02-17T09:28:54.274Z"}
[32minfo[39m: [ALLIANCE] Draft mode enabled: skipping strict calculate/validation gate {"service":"clinic-automation","timestamp":"2026-02-17T09:28:54.274Z"}
[32minfo[39m: [ALLIANCE] Clicked Calculate Claim (pre-draft) {"selector":"button:has-text(\"Calculate Claim\")","service":"clinic-automation","timestamp":"2026-02-17T09:28:55.081Z"}
[32minfo[39m: [ALLIANCE] Clicked Save on Claim Summary for draft persistence {"service":"clinic-automation","timestamp":"2026-02-17T09:28:57.052Z"}
[32minfo[39m: [ALLIANCE] Clicked Confirm Save as Draft {"selector":"[role=\"dialog\"] button:has-text(\"Confirm\")","service":"clinic-automation","timestamp":"2026-02-17T09:28:57.503Z"}
{
  "savedAsDraft": true,
  "lastAction": "save.summary-save"
}
[32minfo[39m: Browser closed {"service":"clinic-automation","timestamp":"2026-02-17T09:28:59.045Z"}
