[32minfo[39m: === Batch Claim Submission === {"service":"clinic-automation","timestamp":"2026-02-17T09:04:32.430Z"}
[32minfo[39m: Visit IDs: Scoped query {"service":"clinic-automation","timestamp":"2026-02-17T09:04:32.434Z"}
[32minfo[39m: Pay Type: All {"service":"clinic-automation","timestamp":"2026-02-17T09:04:32.434Z"}
[32minfo[39m: Portal Targets: ALLIANCE_MEDINET {"service":"clinic-automation","timestamp":"2026-02-17T09:04:32.434Z"}
[32minfo[39m: Date Range: 2026-02-13 to 2026-02-13 {"service":"clinic-automation","timestamp":"2026-02-17T09:04:32.434Z"}
[32minfo[39m: Portal Only: true {"service":"clinic-automation","timestamp":"2026-02-17T09:04:32.434Z"}
[32minfo[39m: Save as Draft: false {"service":"clinic-automation","timestamp":"2026-02-17T09:04:32.434Z"}
[32minfo[39m: Leave Browser Open: false {"service":"clinic-automation","timestamp":"2026-02-17T09:04:32.434Z"}
(node:81796) [MODULE_TYPELESS_PACKAGE_JSON] Warning: Module type of file:///Users/vincent/Baselrpacrm/apps/crm/src/lib/rpa/portals.shared.js is not specified and it doesn't parse as CommonJS.
Reparsing as ES module because module syntax was detected. This incurs a performance overhead.
To eliminate this warning, add "type": "module" to /Users/vincent/Baselrpacrm/apps/crm/package.json.
(Use `node --trace-warnings ...` to show where the warning was created)
[32minfo[39m: Launching browser... {"service":"clinic-automation","timestamp":"2026-02-17T09:04:33.120Z"}
[32minfo[39m: Using extension for VPN - proxy auto-discovery disabled {"service":"clinic-automation","timestamp":"2026-02-17T09:04:33.122Z"}
[32minfo[39m: Using Chromium executable: /Users/vincent/Library/Caches/ms-playwright/chromium-1200/chrome-mac-arm64/Google Chrome for Testing.app/Contents/MacOS/Google Chrome for Testing {"service":"clinic-automation","timestamp":"2026-02-17T09:04:33.122Z"}
[32minfo[39m: Filtering out Urban VPN extension {"service":"clinic-automation","timestamp":"2026-02-17T09:04:33.122Z"}
[32minfo[39m: Applied external protocol guard script {"service":"clinic-automation","timestamp":"2026-02-17T09:04:34.991Z"}
[32minfo[39m: Browser launched successfully {"service":"clinic-automation","timestamp":"2026-02-17T09:04:34.992Z"}
[32minfo[39m: Found 1 visit(s) to process {"service":"clinic-automation","timestamp":"2026-02-17T09:04:35.581Z"}
[32minfo[39m: [1/1] Processing: WOO CHERN SEE (ALLIANC) {"service":"clinic-automation","timestamp":"2026-02-17T09:04:35.814Z"}
[32minfo[39m: [SUBMIT STEP 01/10] Submitting claim for WOO CHERN SEE {"payType":"ALLIANC","service":"clinic-automation","timestamp":"2026-02-17T09:04:35.815Z","visitId":"2c78d589-8d45-4788-99d9-6c619bec31e7"}
[32minfo[39m: [SUBMIT STEP 02/10] Submitting to Alliance Medinet {"service":"clinic-automation","timestamp":"2026-02-17T09:04:35.816Z"}
[32minfo[39m: [SUBMIT] Alliance form data: {"doctorName":"Tung Yu Yee Mathew","matchedTag":"ALLIANC","nric":"T0801699I","service":"clinic-automation","spCode":"MT","timestamp":"2026-02-17T09:04:35.819Z"}
[32minfo[39m: [ALLIANCE] Already logged in (active session detected) {"service":"clinic-automation","timestamp":"2026-02-17T09:04:38.030Z"}
[32minfo[39m: [ALLIANCE] Clicked sidebar Panel Service {"selector":"div.sidebar a.nav-link:has-text(\"Panel Service\")","service":"clinic-automation","timestamp":"2026-02-17T09:04:39.037Z"}
[32minfo[39m: [ALLIANCE] Clicked sidebar Create Panel Claim {"selector":"div.sidebar a.nav-link:has-text(\"Create Panel Claim\")","service":"clinic-automation","timestamp":"2026-02-17T09:04:39.669Z"}
[32minfo[39m: [ALLIANCE] Clicked Medical Treatment {"selector":"div.main-panel button.action-btn:has-text(\"Medical Treatment\")","service":"clinic-automation","timestamp":"2026-02-17T09:04:40.337Z"}
[32minfo[39m: [ALLIANCE] Navigated to Medical Treatment claim flow {"service":"clinic-automation","timestamp":"2026-02-17T09:04:41.839Z"}
[32minfo[39m: [ALLIANCE] Filled Member UIN/Membership ID {"selector":"input[placeholder*=\"Membership\" i]","service":"clinic-automation","timestamp":"2026-02-17T09:04:41.930Z"}
[32minfo[39m: [ALLIANCE] Clicked Claim Type {"selector":"[role=\"dialog\"] div:has-text(\"Claim Type\"):has([role=\"combobox\"])","service":"clinic-automation","timestamp":"2026-02-17T09:04:41.987Z"}
[32minfo[39m: [ALLIANCE] Set Date of Visit (candidate-13/2/2026) {"selector":"input[placeholder*=\"Date of Visit\" i]","service":"clinic-automation","timestamp":"2026-02-17T09:04:42.099Z"}
[32minfo[39m: [ALLIANCE] Clicked Search Others (candidate-13/2/2026) {"selector":"button:has-text(\"Search Others\")","service":"clinic-automation","timestamp":"2026-02-17T09:04:42.398Z"}
[33mwarn[39m: [ALLIANCE] Add clicked but form not ready yet {"attempt":1,"service":"clinic-automation","stillDialogVisible":false,"timestamp":"2026-02-17T09:04:57.533Z"}
[33mwarn[39m: [SUBMIT] Alliance visit attempt failed {"attempt":1,"canRetry":false,"error":"Add clicked but claim form did not load","lastAction":"select-member.clicked-add","maxAttempts":2,"retryable":false,"service":"clinic-automation","timestamp":"2026-02-17T09:04:57.623Z","traceId":null}
[31merror[39m: [SUBMIT] Error submitting claim for WOO CHERN SEE {"error":"Add clicked but claim form did not load","service":"clinic-automation","timestamp":"2026-02-17T09:04:57.624Z"}
[32minfo[39m: [SUBMIT] Verification run: not persisting submission_status=error {"error":"Add clicked but claim form did not load","payType":"ALLIANC","service":"clinic-automation","timestamp":"2026-02-17T09:04:57.624Z","visitId":"2c78d589-8d45-4788-99d9-6c619bec31e7"}
[31merror[39m: Failed to submit: Add clicked but claim form did not load {"service":"clinic-automation","timestamp":"2026-02-17T09:04:57.624Z"}
[32minfo[39m: 
=== Submission Summary === {"service":"clinic-automation","timestamp":"2026-02-17T09:05:00.266Z"}
[32minfo[39m: Total: 1 {"service":"clinic-automation","timestamp":"2026-02-17T09:05:00.267Z"}
[32minfo[39m: Submitted: 0 {"service":"clinic-automation","timestamp":"2026-02-17T09:05:00.267Z"}
[32minfo[39m: Drafts: 0 {"service":"clinic-automation","timestamp":"2026-02-17T09:05:00.268Z"}
[32minfo[39m: Filled only (no DB update): 0 {"service":"clinic-automation","timestamp":"2026-02-17T09:05:00.268Z"}
[32minfo[39m: Errors: 1 {"service":"clinic-automation","timestamp":"2026-02-17T09:05:00.268Z"}
[32minfo[39m: Not Started (unsupported): 0 {"service":"clinic-automation","timestamp":"2026-02-17T09:05:00.268Z"}
[32minfo[39m: Browser closed {"service":"clinic-automation","timestamp":"2026-02-17T09:05:01.207Z"}
