(node:84089) [MODULE_TYPELESS_PACKAGE_JSON] Warning: Module type of file:///Users/vincent/Baselrpacrm/apps/crm/src/lib/rpa/portals.shared.js is not specified and it doesn't parse as CommonJS.
Reparsing as ES module because module syntax was detected. This incurs a performance overhead.
To eliminate this warning, add "type": "module" to /Users/vincent/Baselrpacrm/apps/crm/package.json.
(Use `node --trace-warnings ...` to show where the warning was created)
[32minfo[39m: Launching browser... {"service":"clinic-automation","timestamp":"2026-02-14T10:11:38.681Z"}
[32minfo[39m: Using extension for VPN - proxy auto-discovery disabled {"service":"clinic-automation","timestamp":"2026-02-14T10:11:38.689Z"}
[32minfo[39m: Using Chromium executable: /Users/vincent/Library/Caches/ms-playwright/chromium-1200/chrome-mac-arm64/Google Chrome for Testing.app/Contents/MacOS/Google Chrome for Testing {"service":"clinic-automation","timestamp":"2026-02-14T10:11:38.689Z"}
[32minfo[39m: Filtering out Urban VPN extension {"service":"clinic-automation","timestamp":"2026-02-14T10:11:38.689Z"}
[33mwarn[39m: Persistent profile launch failed, retrying with run-scoped profile: /Users/vincent/.playwright-browser-data-run-20260214101139 {"service":"clinic-automation","timestamp":"2026-02-14T10:11:39.959Z"}
[32minfo[39m: Applied external protocol guard script {"service":"clinic-automation","timestamp":"2026-02-14T10:11:42.139Z"}
[32minfo[39m: Browser launched successfully {"service":"clinic-automation","timestamp":"2026-02-14T10:11:42.140Z"}
[32minfo[39m: [SUBMIT STEP 01/10] Submitting claim for LI MEIQIN {"payType":"MHC","service":"clinic-automation","timestamp":"2026-02-14T10:11:42.290Z","visitId":"8ef0c2a7-c099-4a47-9501-d99a26491f5c"}
[32minfo[39m: [SUBMIT STEP 02/10] Submitting to MHC Asia {"service":"clinic-automation","timestamp":"2026-02-14T10:11:42.299Z"}
[32minfo[39m: [SUBMIT] MHC form data: {"chargeType":"follow","diagnosis":"Illness, unspecified","diagnosisCanonical":"Illness, unspecified","diagnosisResolutionStatus":"fallback_low_confidence","forceSinglife":false,"mcDays":0,"mcStartDate":null,"nric":"S8176620G","patientName":"LI MEIQIN","service":"clinic-automation","timestamp":"2026-02-14T10:11:42.309Z"}
[32minfo[39m: [MHC 01] Ensure at MHC home {"service":"clinic-automation","timestamp":"2026-02-14T10:11:42.310Z"}
[32minfo[39m: Login form visible after ensureAtMhcHome; re-logging in {"service":"clinic-automation","timestamp":"2026-02-14T10:11:44.577Z"}
[32minfo[39m: [MHC 02] Login start {"attempt":1,"maxAttempts":3,"service":"clinic-automation","timestamp":"2026-02-14T10:11:44.580Z"}
[32minfo[39m: Logging into MHC Asia... {"service":"clinic-automation","timestamp":"2026-02-14T10:11:44.580Z"}
[32minfo[39m: [MHC 03] Country selected (best-effort) {"label":"MHC SINGAPORE","service":"clinic-automation","timestamp":"2026-02-14T10:11:46.959Z"}
[32minfo[39m: Username filled {"service":"clinic-automation","timestamp":"2026-02-14T10:11:47.531Z"}
[32minfo[39m: Password filled {"service":"clinic-automation","timestamp":"2026-02-14T10:11:48.093Z"}
[32minfo[39m: Login button clicked {"service":"clinic-automation","timestamp":"2026-02-14T10:11:49.455Z"}
[32minfo[39m: Successfully logged into MHC Asia {"service":"clinic-automation","timestamp":"2026-02-14T10:11:58.074Z"}
[32minfo[39m: [MHC 04] Login ok {"service":"clinic-automation","timestamp":"2026-02-14T10:11:58.074Z"}
[32minfo[39m: [MHC 05] Dialog handler set up {"service":"clinic-automation","timestamp":"2026-02-14T10:11:58.075Z"}
[32minfo[39m: Clicked: Edit/Draft Visits {"service":"clinic-automation","timestamp":"2026-02-14T10:11:59.119Z"}
[32minfo[39m: [MHC 06] Search patient {"service":"clinic-automation","term":"S8176620G","timestamp":"2026-02-14T10:12:01.062Z"}
[32minfo[39m: Searching patient: S8176620G {"service":"clinic-automation","timestamp":"2026-02-14T10:12:01.062Z"}
[32minfo[39m: [MHC 07] Navigate: Normal Visit {"service":"clinic-automation","timestamp":"2026-02-14T10:12:01.073Z"}
[32minfo[39m: Navigating to Normal Visit > Search Other Programs... {"service":"clinic-automation","timestamp":"2026-02-14T10:12:01.073Z"}
[32minfo[39m: Login form visible after reset; re-logging in {"service":"clinic-automation","timestamp":"2026-02-14T10:12:03.827Z"}
[32minfo[39m: [MHC 08] Login start {"attempt":1,"maxAttempts":3,"service":"clinic-automation","timestamp":"2026-02-14T10:12:03.830Z"}
[32minfo[39m: Logging into MHC Asia... {"service":"clinic-automation","timestamp":"2026-02-14T10:12:03.830Z"}
[32minfo[39m: [MHC 09] Country selected (best-effort) {"label":"MHC SINGAPORE","service":"clinic-automation","timestamp":"2026-02-14T10:12:06.126Z"}
[32minfo[39m: Username filled {"service":"clinic-automation","timestamp":"2026-02-14T10:12:06.682Z"}
[32minfo[39m: Password filled {"service":"clinic-automation","timestamp":"2026-02-14T10:12:07.208Z"}
[32minfo[39m: Login button clicked {"service":"clinic-automation","timestamp":"2026-02-14T10:12:08.784Z"}
[32minfo[39m: Successfully logged into MHC Asia {"service":"clinic-automation","timestamp":"2026-02-14T10:12:21.608Z"}
[32minfo[39m: [MHC 10] Login ok {"service":"clinic-automation","timestamp":"2026-02-14T10:12:21.609Z"}
[32minfo[39m: [MHC 11] Found Normal Visit link after reset {"selector":"a:has-text(\"Normal Visit\")","service":"clinic-automation","timestamp":"2026-02-14T10:12:21.612Z"}
[32minfo[39m: Clicked: Normal Visit {"service":"clinic-automation","timestamp":"2026-02-14T10:12:22.765Z"}
[32minfo[39m: [MHC 12] At program selection page (Normal Visit clicked) {"service":"clinic-automation","timestamp":"2026-02-14T10:12:22.766Z"}
[32minfo[39m: Clicked: Search under other programs (tile) {"service":"clinic-automation","timestamp":"2026-02-14T10:12:24.276Z"}
[32minfo[39m: [MHC 13] Fill visit date {"date":"23/01/2026","service":"clinic-automation","timestamp":"2026-02-14T10:12:24.913Z"}
[32minfo[39m: [MHC 14] Visit date filled (fast path) {"date":"23/01/2026","service":"clinic-automation","timestamp":"2026-02-14T10:12:24.922Z"}
[32minfo[39m: [MHC 15] NRIC search field set {"programKind":"other","service":"clinic-automation","timestamp":"2026-02-14T10:12:48.670Z","value":"S8176620G"}
[32minfo[39m: [MHC 16] Search attempt result {"found":true,"hasField":true,"memberNotFound":false,"programKind":"other","service":"clinic-automation","timestamp":"2026-02-14T10:12:49.116Z"}
[32minfo[39m: Portal determined: null {"service":"clinic-automation","timestamp":"2026-02-14T10:12:49.116Z"}
[32minfo[39m: [MHC 17] Search result parsed {"found":true,"memberNotFound":false,"portal":null,"service":"clinic-automation","timestamp":"2026-02-14T10:12:49.116Z"}
[32minfo[39m: [MHC 18] Open patient from results {"nric":"S8176620G","preferredContext":"mhc","service":"clinic-automation","timestamp":"2026-02-14T10:12:49.117Z"}
[32minfo[39m: Opening patient from search results... {"service":"clinic-automation","timestamp":"2026-02-14T10:12:49.117Z"}
[32minfo[39m: Dialog appeared: alert - Please submit this claim under www.aiaclinic.com website! {"service":"clinic-automation","timestamp":"2026-02-14T10:12:49.156Z"}
[32minfo[39m: Dialog accepted {"service":"clinic-automation","timestamp":"2026-02-14T10:12:49.317Z"}
[32minfo[39m: AIA Clinic switch will be needed after dialog dismissal {"service":"clinic-automation","timestamp":"2026-02-14T10:12:49.318Z"}
[33mwarn[39m: AIA Clinic switch required; aborting MHC open {"service":"clinic-automation","timestamp":"2026-02-14T10:12:50.070Z"}
[32minfo[39m: [SUBMIT] Routing override: AIA Clinic required by portal dialog (after patient click) {"msg":"Please submit this claim under www.aiaclinic.com website!","nric":"S8176620G","service":"clinic-automation","timestamp":"2026-02-14T10:12:50.073Z"}
[32minfo[39m: [MHC 19] Check if AIA Clinic switch needed {"service":"clinic-automation","timestamp":"2026-02-14T10:12:50.077Z"}
[32minfo[39m: AIA Clinic switch needed (flagged by dialog handler) {"service":"clinic-automation","timestamp":"2026-02-14T10:12:50.078Z"}
[32minfo[39m: AIA Clinic switch detected - switching system... {"service":"clinic-automation","timestamp":"2026-02-14T10:12:50.078Z"}
[32minfo[39m: [MHC 20] Switching to AIA Clinic system {"service":"clinic-automation","timestamp":"2026-02-14T10:12:50.078Z"}
[32minfo[39m: Clicked: Switch System {"service":"clinic-automation","timestamp":"2026-02-14T10:12:50.867Z"}
[32minfo[39m: [MHC 21] No visible AIA switch options; trying hidden switch links {"service":"clinic-automation","timestamp":"2026-02-14T10:12:52.130Z"}
[32minfo[39m: [MHC 22] AIA switch debug targets {"count":0,"sample":[],"service":"clinic-automation","timestamp":"2026-02-14T10:12:52.131Z"}
[32minfo[39m: [MHC 23] AIA switch href fallback candidates {"count":0,"sample":[],"service":"clinic-automation","timestamp":"2026-02-14T10:12:52.132Z"}
[32minfo[39m: [MHC 24] AIA switch deterministic default fallback {"nextUrl":"https://www.mhcasia.net/mhc/SwitchSystem.ec?url=https://www.aiaclinic.com","service":"clinic-automation","timestamp":"2026-02-14T10:12:52.133Z"}
[32minfo[39m: [MHC 25] Dialog handler set up {"service":"clinic-automation","timestamp":"2026-02-14T10:12:54.005Z"}
[32minfo[39m: [MHC 26] AIA switch verification via default fallback {"hasAddAiaVisit":true,"hasPolicyNoHeader":false,"hasSearchAiaMember":false,"hasSwitchSystem":false,"isAiaDomain":true,"isMhcDomain":false,"isSinglifeDomain":false,"looksLikeAiaFlow":true,"nextUrl":"https://www.mhcasia.net/mhc/SwitchSystem.ec?url=https://www.aiaclinic.com","service":"clinic-automation","timestamp":"2026-02-14T10:12:54.059Z","url":"https://www.aiaclinic.com/aia/ClinicAnnouncement.ec?OWASP_CSRFTOKEN=YPCK-MJ3X-CESN-N6UM-9P34-G73V-88WT-KLPY"}
[32minfo[39m: Clicked: Edit/Draft Visits {"service":"clinic-automation","timestamp":"2026-02-14T10:12:55.064Z"}
[32minfo[39m: Clicked: Search Draft Visits {"service":"clinic-automation","timestamp":"2026-02-14T10:12:56.704Z"}
[32minfo[39m: [MHC 27] Navigate to AIA Visit {"nric":"S8176620G","service":"clinic-automation","timestamp":"2026-02-14T10:12:57.416Z","visitDate":"23/01/2026"}
[32minfo[39m: Clicked: Add AIA Visit {"service":"clinic-automation","timestamp":"2026-02-14T10:12:58.319Z"}
[32minfo[39m: [MHC 28] Member card selection detected {"service":"clinic-automation","timestamp":"2026-02-14T10:12:59.344Z"}
[32minfo[39m: Clicked: Member card: AIA red card {"service":"clinic-automation","timestamp":"2026-02-14T10:13:00.076Z"}
[32minfo[39m: [MHC 29] Click search icon for NRIC lookup {"service":"clinic-automation","timestamp":"2026-02-14T10:13:00.890Z"}
[32minfo[39m: Clicked: Search icon {"service":"clinic-automation","timestamp":"2026-02-14T10:13:01.820Z"}
[32minfo[39m: [MHC 30] Set AIA search visit date {"service":"clinic-automation","timestamp":"2026-02-14T10:13:02.322Z","visitDate":"23/01/2026"}
[32minfo[39m: [MHC 31] AIA search visit date set {"selector":"tr:has-text(\"Visit Date\") input[type=\"text\"]","service":"clinic-automation","timestamp":"2026-02-14T10:13:32.887Z","valueNow":"23/01/2026"}
[32minfo[39m: [MHC 32] Enter NRIC in AIA search {"nric":"S8176620G","service":"clinic-automation","timestamp":"2026-02-14T10:13:32.888Z"}
[32minfo[39m: NRIC entered in AIA search {"service":"clinic-automation","timestamp":"2026-02-14T10:13:34.344Z"}
[32minfo[39m: Clicked: Search button {"service":"clinic-automation","timestamp":"2026-02-14T10:13:36.186Z"}
[32minfo[39m: [MHC 33] Click patient from AIA search results {"service":"clinic-automation","timestamp":"2026-02-14T10:13:36.673Z"}
[32minfo[39m: [MHC 34] AIA patient link patched with visit date {"originalHref":"ClinicIECAIAEmpVisitAdd.ec?memberId=5427918101&visitDateAsString=23/01/2026&tranId=EDT457265697&OWASP_CSRFTOKEN=YPCK-MJ3X-CESN-N6UM-9P34-G73V-88WT-KLPY","patchedHref":"https://www.aiaclinic.com/aia/ClinicIECAIAEmpVisitAdd.ec?memberId=5427918101&visitDateAsString=23%2F01%2F2026&tranId=EDT457265697&OWASP_CSRFTOKEN=YPCK-MJ3X-CESN-N6UM-9P34-G73V-88WT-KLPY","service":"clinic-automation","timestamp":"2026-02-14T10:13:36.687Z","visitDate":"23/01/2026"}
[32minfo[39m: Selected patient from AIA search results {"service":"clinic-automation","timestamp":"2026-02-14T10:13:38.120Z"}
[32minfo[39m: [MHC 35] Patient selected from AIA results {"from":"https://www.aiaclinic.com/aia/ClinicIECAIAPatientSearchSubmit.ec","service":"clinic-automation","timestamp":"2026-02-14T10:13:38.121Z","to":"https://www.aiaclinic.com/aia/ClinicIECAIAEmpVisitAdd.ec?memberId=5427918101&visitDateAsString=23%2F01%2F2026&tranId=EDT457265697&OWASP_CSRFTOKEN=YPCK-MJ3X-CESN-N6UM-9P34-G73V-88WT-KLPY"}
[32minfo[39m: [MHC 36] Visit form ready {"service":"clinic-automation","timestamp":"2026-02-14T10:13:38.222Z"}
[32minfo[39m: [MHC 37] Fill visit date {"date":"23/01/2026","service":"clinic-automation","timestamp":"2026-02-14T10:13:38.222Z"}
[32minfo[39m: [MHC 38] Visit date filled (fast path) {"date":"23/01/2026","service":"clinic-automation","timestamp":"2026-02-14T10:13:38.223Z"}
[32minfo[39m: [MHC 39] Fill charge type {"service":"clinic-automation","timestamp":"2026-02-14T10:13:38.224Z","visitType":"follow up"}
[32minfo[39m: [MHC 40] Visit form ready {"service":"clinic-automation","timestamp":"2026-02-14T10:13:38.224Z"}
[32minfo[39m: [MHC 41] Charge type filled {"mhcType":"Follow Up","service":"clinic-automation","timestamp":"2026-02-14T10:13:40.059Z","visitType":"follow up"}
[32minfo[39m: [MHC 42] Fill consultation fee {"fee":99999,"service":"clinic-automation","timestamp":"2026-02-14T10:13:40.261Z"}
[32minfo[39m: Dialog appeared: alert - Consult fee cannot be be more than 80.0! {"service":"clinic-automation","timestamp":"2026-02-14T10:13:40.270Z"}
[32minfo[39m: Dialog accepted {"service":"clinic-automation","timestamp":"2026-02-14T10:13:40.320Z"}
[32minfo[39m: [MHC 43] Consultation fee set to 99999 (strict row scan) {"id":"","name":"consultFee","ok":true,"service":"clinic-automation","timestamp":"2026-02-14T10:13:40.320Z","value":"80.0"}
[32minfo[39m: [MHC 44] Consultation fee filled (max amount accepted) {"service":"clinic-automation","timestamp":"2026-02-14T10:13:41.145Z"}
[32minfo[39m: [MHC 45] Fill MC days {"mcDays":0,"service":"clinic-automation","timestamp":"2026-02-14T10:13:41.650Z"}
[32minfo[39m: [MHC 46] MC days filled (DOM scan) {"kind":"input","mcDays":0,"ok":true,"service":"clinic-automation","timestamp":"2026-02-14T10:13:41.666Z","value":"0"}
[32minfo[39m: [MHC 47] MC days filled {"mcDays":0,"selector":"input[name*=\"mc\" i][name*=\"day\" i]","service":"clinic-automation","timestamp":"2026-02-14T10:13:42.216Z"}
[32minfo[39m: [MHC 48] Prefetched portal diagnosis options {"context":"aia","searchTerms":["illness","illness unspecified","R69"],"service":"clinic-automation","timestamp":"2026-02-14T10:13:49.016Z","total":47}
[33mwarn[39m: [SUBMIT] Draft-mode diagnosis bypass for fallback_low_confidence case {"diagnosis":"Illness, unspecified","diagnosisCode":"R69","diagnosisMatch":{"blocked":true,"blocked_reason":"score_below_threshold","considered":[{"code":"J20","reason":"code_mismatch","score":-70,"text":"J20 - Acute bronchitis"},{"code":"J02","reason":"code_mismatch","score":-70,"text":"J02 - Acute pharyngitis"},{"code":"J01","reason":"code_mismatch","score":-70,"text":"J01 - Acute sinusitis"},{"code":"J03","reason":"code_mismatch","score":-70,"text":"J03 - Acute tonsillitis"},{"code":"J069","reason":"code_mismatch","score":-70,"text":"J069 - Acute upper respiratory infection"},{"code":"J304","reason":"code_mismatch","score":-70,"text":"J304 - Allergic rhinitis"},{"code":"T784","reason":"code_mismatch","score":-70,"text":"T784 - Allergy"},{"code":"I726","reason":"code_mismatch","score":-70,"text":"I726 - Aneurysm and dissection of vertebral artery"}],"match_reason":"code_mismatch","match_score":-70,"min_score_required":120,"selected_code":null,"selected_text":null},"nric":"S8176620G","service":"clinic-automation","timestamp":"2026-02-14T10:13:49.883Z","visitId":"8ef0c2a7-c099-4a47-9501-d99a26491f5c"}
[32minfo[39m: [MHC 49] Diagnosis resolution check {"diagnosisPriDesc":"","diagnosisPriId":"","reasons":["missing_diagnosis_pri_id","missing_or_invalid_diagnosis_pri_desc","diagnosis_dropdown_still_na"],"resolved":false,"service":"clinic-automation","timestamp":"2026-02-14T10:13:50.192Z"}
[32minfo[39m: [SUBMIT] Medicines summary {"count":2,"isAiaFlow":true,"qtyCount":2,"sample":[{"amount":"210","name":"PHYSIOTHERAPY - RK","quantity":"1","unitPrice":"1"},{"amount":"80","name":"SPECIALIST CONSULTATION","quantity":"1","unitPrice":"1"}],"service":"clinic-automation","skipProcedures":true,"timestamp":"2026-02-14T10:13:50.194Z"}
[32minfo[39m: [MHC 50] Fill services/drugs {"count":2,"service":"clinic-automation","timestamp":"2026-02-14T10:13:50.196Z"}
[32minfo[39m: [MHC] Procedure fill skipped by policy for this run {"service":"clinic-automation","skippedCount":2,"skippedSample":["PHYSIOTHERAPY - RK","SPECIALIST CONSULTATION"],"timestamp":"2026-02-14T10:13:50.198Z"}
[32minfo[39m: Filled services/drugs into MHC: drugs=0, procedures=0 {"service":"clinic-automation","timestamp":"2026-02-14T10:13:50.203Z"}
[32minfo[39m: [MHC 51] Diagnosis resolution check {"diagnosisPriDesc":"","diagnosisPriId":"","reasons":["missing_diagnosis_pri_id","missing_or_invalid_diagnosis_pri_desc","diagnosis_dropdown_still_na"],"resolved":false,"service":"clinic-automation","timestamp":"2026-02-14T10:13:50.690Z"}
[32minfo[39m: Saving claim as draft (NOT submitting)... {"service":"clinic-automation","timestamp":"2026-02-14T10:13:50.692Z"}
[32minfo[39m: [MHC 52] Draft field state (pre_compute) {"claimStatus":"A","drugFee":"0.00","drug_amount":"","drug_drugCode":"","drug_drugName":"","drug_quantity":"","drug_unit":"","drug_unitPrice":"","empVisitDetail_totalClaim":null,"empVisitDetail_totalFee":null,"empVisitDetail_totalUnitClaim":null,"empVisitDetail_totalUnitFee":null,"gst":"7.20","service":"clinic-automation","timestamp":"2026-02-14T10:13:50.807Z","totalB4Gst":"80.00","totalClaim":"87.20","totalClaimInitial":"0","totalClaimRevised":"0","totalFee":"87.20","visitDate":null,"visitDateAsString":"23/01/2026","visitNo":"EV59956120"}
[32minfo[39m: [MHC 53] Click Compute claim button {"service":"clinic-automation","timestamp":"2026-02-14T10:13:50.807Z"}
[33mwarn[39m: Compute claim button not found {"service":"clinic-automation","timestamp":"2026-02-14T10:13:50.813Z"}
[32minfo[39m: [MHC 54] Draft field state (post_compute) {"claimStatus":"A","drugFee":"0.00","drug_amount":"","drug_drugCode":"","drug_drugName":"","drug_quantity":"","drug_unit":"","drug_unitPrice":"","empVisitDetail_totalClaim":null,"empVisitDetail_totalFee":null,"empVisitDetail_totalUnitClaim":null,"empVisitDetail_totalUnitFee":null,"gst":"7.20","service":"clinic-automation","timestamp":"2026-02-14T10:13:50.814Z","totalB4Gst":"80.00","totalClaim":"87.20","totalClaimInitial":"0","totalClaimRevised":"0","totalFee":"87.20","visitDate":null,"visitDateAsString":"23/01/2026","visitNo":"EV59956120"}
[32minfo[39m: Dialog appeared: confirm - Disclaimer:  Draft claims will be deleted if not submitted before billing cycle cut-off date (6th day of every month) {"service":"clinic-automation","timestamp":"2026-02-14T10:13:50.920Z"}
[32minfo[39m: Dialog accepted {"service":"clinic-automation","timestamp":"2026-02-14T10:13:50.946Z"}
[32minfo[39m: Clicked: Save As Draft {"service":"clinic-automation","timestamp":"2026-02-14T10:13:51.898Z"}
[33mwarn[39m: Dialog during draft save: Disclaimer:  Draft claims will be deleted if not submitted before billing cycle cut-off date (6th day of every month) {"service":"clinic-automation","timestamp":"2026-02-14T10:13:51.899Z"}
[32minfo[39m: [MHC 55] Draft save retry after disclaimer {"service":"clinic-automation","timestamp":"2026-02-14T10:13:52.539Z","visitNo":null}
[32minfo[39m: Dialog appeared: confirm - Disclaimer:  Draft claims will be deleted if not submitted before billing cycle cut-off date (6th day of every month) {"service":"clinic-automation","timestamp":"2026-02-14T10:13:52.570Z"}
[32minfo[39m: Dialog accepted {"service":"clinic-automation","timestamp":"2026-02-14T10:13:52.577Z"}
[32minfo[39m: Clicked: Save As Draft (retry after disclaimer) {"service":"clinic-automation","timestamp":"2026-02-14T10:13:53.510Z"}
[33mwarn[39m: Dialog during draft save: Disclaimer:  Draft claims will be deleted if not submitted before billing cycle cut-off date (6th day of every month) {"service":"clinic-automation","timestamp":"2026-02-14T10:13:53.511Z"}
[32minfo[39m: [MHC 56] Draft field state (post_save) {"claimStatus":"A","drugFee":"0.00","drug_amount":"","drug_drugCode":"","drug_drugName":"","drug_quantity":"","drug_unit":"","drug_unitPrice":"","empVisitDetail_totalClaim":null,"empVisitDetail_totalFee":null,"empVisitDetail_totalUnitClaim":null,"empVisitDetail_totalUnitFee":null,"gst":"7.20","service":"clinic-automation","timestamp":"2026-02-14T10:13:54.028Z","totalB4Gst":"80.00","totalClaim":"87.20","totalClaimInitial":"0","totalClaimRevised":"0","totalFee":"87.20","visitDate":null,"visitDateAsString":"23/01/2026","visitNo":"EV59956120"}
[32minfo[39m: Claim saved as draft (clicked Save As Draft) {"service":"clinic-automation","timestamp":"2026-02-14T10:13:54.135Z"}
[32minfo[39m: Clicked: Edit/Draft Visits {"service":"clinic-automation","timestamp":"2026-02-14T10:13:54.986Z"}
[32minfo[39m: Clicked: Search Draft Visits {"service":"clinic-automation","timestamp":"2026-02-14T10:13:56.602Z"}
[32minfo[39m: Clicked: Edit/Draft Visits {"service":"clinic-automation","timestamp":"2026-02-14T10:14:00.727Z"}
[32minfo[39m: Clicked: Search Draft Visits {"service":"clinic-automation","timestamp":"2026-02-14T10:14:02.347Z"}
[32minfo[39m: Clicked: Edit/Draft Visits {"service":"clinic-automation","timestamp":"2026-02-14T10:14:08.980Z"}
[32minfo[39m: Clicked: Search Draft Visits {"service":"clinic-automation","timestamp":"2026-02-14T10:14:10.611Z"}
[32minfo[39m: [MHC 57] Ensure at MHC home {"service":"clinic-automation","timestamp":"2026-02-14T10:14:11.341Z"}
[32minfo[39m: Login form visible after ensureAtMhcHome; re-logging in {"service":"clinic-automation","timestamp":"2026-02-14T10:14:12.942Z"}
[32minfo[39m: [MHC 58] Login start {"attempt":1,"maxAttempts":3,"service":"clinic-automation","timestamp":"2026-02-14T10:14:12.943Z"}
[32minfo[39m: Logging into MHC Asia... {"service":"clinic-automation","timestamp":"2026-02-14T10:14:12.943Z"}
[32minfo[39m: [MHC 59] Country selected (best-effort) {"label":"MHC SINGAPORE","service":"clinic-automation","timestamp":"2026-02-14T10:14:15.253Z"}
[32minfo[39m: Username filled {"service":"clinic-automation","timestamp":"2026-02-14T10:14:15.799Z"}
[32minfo[39m: Password filled {"service":"clinic-automation","timestamp":"2026-02-14T10:14:16.320Z"}
[32minfo[39m: Login button clicked {"service":"clinic-automation","timestamp":"2026-02-14T10:14:17.853Z"}
[32minfo[39m: Successfully logged into MHC Asia {"service":"clinic-automation","timestamp":"2026-02-14T10:14:26.480Z"}
[32minfo[39m: [MHC 60] Login ok {"service":"clinic-automation","timestamp":"2026-02-14T10:14:26.480Z"}
[32minfo[39m: Clicked: Edit/Draft Visits {"service":"clinic-automation","timestamp":"2026-02-14T10:14:27.631Z"}
[32minfo[39m: Clicked: Search Draft Visits {"service":"clinic-automation","timestamp":"2026-02-14T10:14:29.550Z"}
[32minfo[39m: Clicked: Edit/Draft Visits {"service":"clinic-automation","timestamp":"2026-02-14T10:14:34.021Z"}
[32minfo[39m: Clicked: Search Draft Visits {"service":"clinic-automation","timestamp":"2026-02-14T10:14:35.951Z"}
[32minfo[39m: Clicked: Edit/Draft Visits {"service":"clinic-automation","timestamp":"2026-02-14T10:14:42.848Z"}
[32minfo[39m: Clicked: Search Draft Visits {"service":"clinic-automation","timestamp":"2026-02-14T10:14:44.776Z"}
[33mwarn[39m: [SUBMIT] Accepting unverified draft save for fallback_low_confidence case {"contextHint":"aia","nric":"S8176620G","saveDraftResult":{"checkedAt":"2026-02-14T10:13:54.135Z","dialogMessage":"Disclaimer:  Draft claims will be deleted if not submitted before billing cycle cut-off date (6th day of every month)","reason":"saved_after_second_click","success":true,"visitNo":"EV59956120"},"service":"clinic-automation","timestamp":"2026-02-14T10:14:45.486Z","verification":{"attempts":[{"attemptNo":1,"context":"aia","expectedVisitNo":"EV59956120","match":null,"matched":false,"opened":true,"reason":"nric_no_match","rowsSeen":0,"url":"https://www.aiaclinic.com/aia/ClinicEmpVisitDraftListSubmit.ec"},{"attemptNo":2,"context":"aia","expectedVisitNo":"EV59956120","match":null,"matched":false,"opened":true,"reason":"nric_no_match","rowsSeen":0,"url":"https://www.aiaclinic.com/aia/ClinicEmpVisitDraftListSubmit.ec"},{"attemptNo":3,"context":"aia","expectedVisitNo":"EV59956120","match":null,"matched":false,"opened":true,"reason":"nric_no_match","rowsSeen":0,"url":"https://www.aiaclinic.com/aia/ClinicEmpVisitDraftListSubmit.ec"},{"attemptNo":1,"context":"mhc","expectedVisitNo":"EV59956120","match":null,"matched":false,"opened":true,"reason":"nric_no_match","rowsSeen":0,"url":"https://www.mhcasia.net/mhc/ClinicEmpVisitDraftListSubmit.ec"},{"attemptNo":2,"context":"mhc","expectedVisitNo":"EV59956120","match":null,"matched":false,"opened":true,"reason":"nric_no_match","rowsSeen":0,"url":"https://www.mhcasia.net/mhc/ClinicEmpVisitDraftListSubmit.ec"},{"attemptNo":3,"context":"mhc","expectedVisitNo":"EV59956120","match":null,"matched":false,"opened":true,"reason":"nric_no_match","rowsSeen":0,"url":"https://www.mhcasia.net/mhc/ClinicEmpVisitDraftListSubmit.ec"}],"contextTried":["aia","mhc"],"found":false},"visitId":"8ef0c2a7-c099-4a47-9501-d99a26491f5c"}
{
  "visitId": "8ef0c2a7-c099-4a47-9501-d99a26491f5c",
  "result": {
    "success": true,
    "portal": "MHC Asia",
    "savedAsDraft": true,
    "persisted": true,
    "routingOverride": "AIA_CLINIC_DIALOG",
    "draftVerification": {
      "found": false,
      "contextTried": [
        "aia",
        "mhc"
      ],
      "attempts": [
        {
          "context": "aia",
          "attemptNo": 1,
          "opened": true,
          "rowsSeen": 0,
          "url": "https://www.aiaclinic.com/aia/ClinicEmpVisitDraftListSubmit.ec",
          "matched": false,
          "reason": "nric_no_match",
          "expectedVisitNo": "EV59956120",
          "match": null
        },
        {
          "context": "aia",
          "attemptNo": 2,
          "opened": true,
          "rowsSeen": 0,
          "url": "https://www.aiaclinic.com/aia/ClinicEmpVisitDraftListSubmit.ec",
          "matched": false,
          "reason": "nric_no_match",
          "expectedVisitNo": "EV59956120",
          "match": null
        },
        {
          "context": "aia",
          "attemptNo": 3,
          "opened": true,
          "rowsSeen": 0,
          "url": "https://www.aiaclinic.com/aia/ClinicEmpVisitDraftListSubmit.ec",
          "matched": false,
          "reason": "nric_no_match",
          "expectedVisitNo": "EV59956120",
          "match": null
        },
        {
          "context": "mhc",
          "attemptNo": 1,
          "opened": true,
          "rowsSeen": 0,
          "url": "https://www.mhcasia.net/mhc/ClinicEmpVisitDraftListSubmit.ec",
          "matched": false,
          "reason": "nric_no_match",
          "expectedVisitNo": "EV59956120",
          "match": null
        },
        {
          "context": "mhc",
          "attemptNo": 2,
          "opened": true,
          "rowsSeen": 0,
          "url": "https://www.mhcasia.net/mhc/ClinicEmpVisitDraftListSubmit.ec",
          "matched": false,
          "reason": "nric_no_match",
          "expectedVisitNo": "EV59956120",
          "match": null
        },
        {
          "context": "mhc",
          "attemptNo": 3,
          "opened": true,
          "rowsSeen": 0,
          "url": "https://www.mhcasia.net/mhc/ClinicEmpVisitDraftListSubmit.ec",
          "matched": false,
          "reason": "nric_no_match",
          "expectedVisitNo": "EV59956120",
          "match": null
        }
      ],
      "accepted": true,
      "unverified": true,
      "reason": "save_clicked_unverified_listing"
    },
    "draftReference": null,
    "chargeType": "follow",
    "mcDays": 0,
    "diagnosisResolution": {
      "status": "fallback_low_confidence",
      "date_ok": true,
      "confidence": 0,
      "date_policy": "fallback_generic",
      "source_chain": [
        {
          "found": false,
          "source": "diagnosis_tab",
          "source_date": null,
          "source_age_days": null
        },
        {
          "found": false,
          "source": "diagnosis_tab_latest",
          "source_date": null,
          "source_age_days": null
        },
        {
          "found": false,
          "source": "diagnosis_tab_raw",
          "source_date": null,
          "source_age_days": null
        },
        {
          "found": false,
          "source": "all_tab",
          "source_date": null,
          "source_age_days": null
        },
        {
          "found": false,
          "source": "visit_tab",
          "source_date": null,
          "source_age_days": null
        },
        {
          "found": false,
          "source": "past_notes",
          "source_date": null,
          "source_age_days": null
        }
      ],
      "fallback_code": "R69",
      "fallback_reason": "no_reliable_source_data",
      "fallback_age_days": null,
      "fallback_description": "Illness, unspecified",
      "reason_if_unresolved": "no_reliable_source_data",
      "portal_option_verified": false,
      "source_date_match_type": "fallback"
    },
    "diagnosisMatch": {
      "selected_code": null,
      "selected_text": null,
      "match_score": -70,
      "match_reason": "code_mismatch",
      "blocked": true,
      "blocked_reason": "score_below_threshold",
      "min_score_required": 120,
      "considered": [
        {
          "code": "J20",
          "text": "J20 - Acute bronchitis",
          "score": -70,
          "reason": "code_mismatch"
        },
        {
          "code": "J02",
          "text": "J02 - Acute pharyngitis",
          "score": -70,
          "reason": "code_mismatch"
        },
        {
          "code": "J01",
          "text": "J01 - Acute sinusitis",
          "score": -70,
          "reason": "code_mismatch"
        },
        {
          "code": "J03",
          "text": "J03 - Acute tonsillitis",
          "score": -70,
          "reason": "code_mismatch"
        },
        {
          "code": "J069",
          "text": "J069 - Acute upper respiratory infection",
          "score": -70,
          "reason": "code_mismatch"
        },
        {
          "code": "J304",
          "text": "J304 - Allergic rhinitis",
          "score": -70,
          "reason": "code_mismatch"
        },
        {
          "code": "T784",
          "text": "T784 - Allergy",
          "score": -70,
          "reason": "code_mismatch"
        },
        {
          "code": "I726",
          "text": "I726 - Aneurysm and dissection of vertebral artery",
          "score": -70,
          "reason": "code_mismatch"
        }
      ]
    },
    "portalDiagnosisOptionsCount": 47,
    "hasDiagnosis": true
  }
}
[32minfo[39m: Browser closed {"service":"clinic-automation","timestamp":"2026-02-14T10:14:45.938Z"}
