[32minfo[39m: [CA 01] Login start {"clinicGroup":"ssoc","service":"clinic-automation","timestamp":"2026-02-19T14:14:55.270Z","url":"https://clinicassist.sg:1080/"}
[32minfo[39m: Logging into Clinic Assist... {"service":"clinic-automation","timestamp":"2026-02-19T14:14:55.271Z"}
[32minfo[39m: Username filled {"service":"clinic-automation","timestamp":"2026-02-19T14:15:05.416Z"}
[32minfo[39m: [CA 02] Username filled {"service":"clinic-automation","timestamp":"2026-02-19T14:15:05.416Z"}
[32minfo[39m: Password filled {"service":"clinic-automation","timestamp":"2026-02-19T14:15:05.465Z"}
[32minfo[39m: [CA 03] Password filled {"service":"clinic-automation","timestamp":"2026-02-19T14:15:05.465Z"}
[32minfo[39m: Clinic Group filled: ssoc {"service":"clinic-automation","timestamp":"2026-02-19T14:15:05.471Z"}
[32minfo[39m: [CA 04] Clinic Group filled {"clinicGroup":"ssoc","service":"clinic-automation","timestamp":"2026-02-19T14:15:05.471Z"}
[32minfo[39m: Login button clicked {"service":"clinic-automation","timestamp":"2026-02-19T14:15:05.554Z"}
[32minfo[39m: [CA 05] Login submitted {"service":"clinic-automation","timestamp":"2026-02-19T14:15:05.555Z"}
[32minfo[39m: Clinic Assist 2FA not required (verification inputs disabled) {"service":"clinic-automation","timestamp":"2026-02-19T14:15:10.868Z"}
[32minfo[39m: Successfully logged into Clinic Assist {"service":"clinic-automation","timestamp":"2026-02-19T14:15:11.702Z"}
[32minfo[39m: [CA 06] Login ok {"service":"clinic-automation","timestamp":"2026-02-19T14:15:11.702Z"}
[32minfo[39m: [CA 07] Navigate to Patient Page - START {"service":"clinic-automation","timestamp":"2026-02-19T14:15:11.703Z"}
[32minfo[39m: [CA 08] Current URL before navigation {"service":"clinic-automation","timestamp":"2026-02-19T14:15:11.703Z","url":"https://clinicassist.sg:1080/"}
[32minfo[39m: [CA 09] Need to select Reception/room first before accessing Patient Page {"service":"clinic-automation","timestamp":"2026-02-19T14:15:11.782Z"}
[32minfo[39m: [CA 10] Clicking Reception/room to access system {"selector":"button:has-text(\"Reception\")","service":"clinic-automation","timestamp":"2026-02-19T14:15:12.386Z"}
[32minfo[39m: [CA 11] Reception clicked, checking URL {"newUrl":"https://clinicassist.sg:1080/","service":"clinic-automation","timeTaken":1184,"timestamp":"2026-02-19T14:15:12.966Z"}
[32minfo[39m: [CA 12] Could not click Reception/room, continuing anyway {"service":"clinic-automation","timeTaken":1645,"timestamp":"2026-02-19T14:15:13.427Z"}
[32minfo[39m: [CA 13] Looking for sidebar/hamburger menu {"service":"clinic-automation","timestamp":"2026-02-19T14:15:13.427Z"}
[32minfo[39m: [CA 14] Looking for Patient sidebar link {"service":"clinic-automation","timestamp":"2026-02-19T14:15:13.429Z"}
[32minfo[39m: [CA 15] Could not click Patient link via UI; trying Home -> Patient fallback {"service":"clinic-automation","timestamp":"2026-02-19T14:15:13.443Z","totalTime":1740}
[32minfo[39m: [CA 16] Home->Patient retry URL {"finalUrl":"https://clinicassist.sg:1080/Patient/PatientSearch","service":"clinic-automation","timestamp":"2026-02-19T14:15:25.838Z"}
[32minfo[39m: [CA 17] Navigate to Patient Page - COMPLETE {"service":"clinic-automation","timestamp":"2026-02-19T14:15:25.839Z","totalTime":14136}
[32minfo[39m: [CA 18] Search patient by number {"patientNumber":"77827","service":"clinic-automation","timestamp":"2026-02-19T14:15:25.842Z"}
[32minfo[39m: [CA 19] Pressing Enter to execute search (may need to dismiss dialog first) {"service":"clinic-automation","timestamp":"2026-02-19T14:15:26.614Z"}
[32minfo[39m: [CA 20] Patient search executed by number (Enter key x2) {"patientNumber":"77827","service":"clinic-automation","timestamp":"2026-02-19T14:15:27.731Z"}
[32minfo[39m: [CA 21] Open patient from search results by number {"patientNumber":"77827","service":"clinic-automation","timestamp":"2026-02-19T14:15:27.732Z"}
[31merror[39m: Failed to open patient from search results by number: 77827 Could not find patient with number "77827" in search results {"service":"clinic-automation","stack":"Error: Could not find patient with number \"77827\" in search results\n    at ClinicAssistAutomation.openPatientFromSearchResultsByNumber (file:///Users/vincent/Baselrpacrm/src/automations/clinic-assist.js:7685:13)\n    at async file:///Users/vincent/Baselrpacrm/tmp/check_flow2_diag_with_playwright.mjs:71:3","timestamp":"2026-02-19T14:15:29.746Z"}
{
  "ok": false,
  "error": "Could not find patient with number \"77827\" in search results"
}
