(node:67207) [MODULE_TYPELESS_PACKAGE_JSON] Warning: Module type of file:///Users/vincent/Baselrpacrm/apps/crm/src/lib/rpa/portals.shared.js is not specified and it doesn't parse as CommonJS.
Reparsing as ES module because module syntax was detected. This incurs a performance overhead.
To eliminate this warning, add "type": "module" to /Users/vincent/Baselrpacrm/apps/crm/package.json.
(Use `node --trace-warnings ...` to show where the warning was created)
[32minfo[39m: Launching browser... {"service":"clinic-automation","timestamp":"2026-02-19T13:06:57.211Z"}
[32minfo[39m: Using extension for VPN - proxy auto-discovery disabled {"service":"clinic-automation","timestamp":"2026-02-19T13:06:57.218Z"}
[32minfo[39m: Using Chromium executable: /Users/vincent/Library/Caches/ms-playwright/chromium-1200/chrome-mac-arm64/Google Chrome for Testing.app/Contents/MacOS/Google Chrome for Testing {"service":"clinic-automation","timestamp":"2026-02-19T13:06:57.218Z"}
[32minfo[39m: Filtering out Urban VPN extension {"service":"clinic-automation","timestamp":"2026-02-19T13:06:57.219Z"}
[32minfo[39m: Applied external protocol guard script {"service":"clinic-automation","timestamp":"2026-02-19T13:06:59.285Z"}
[32minfo[39m: Browser launched successfully {"service":"clinic-automation","timestamp":"2026-02-19T13:06:59.287Z"}
[32minfo[39m: [SUBMIT STEP 01/10] Submitting claim for TAN WEE HIONG KEVIN {"payType":"ALLIANC","service":"clinic-automation","timestamp":"2026-02-19T13:06:59.528Z","visitId":"6c890353-6baf-4b3b-ac77-3fc99e96c79b"}
[32minfo[39m: [SUBMIT STEP 02/10] Submitting to Alliance Medinet {"service":"clinic-automation","timestamp":"2026-02-19T13:07:01.577Z"}
[32minfo[39m: [SUBMIT] Alliance form data: {"doctorName":"Tan Guoping Kelvin","matchedTag":"ALLIANC","nric":"S7137124G","service":"clinic-automation","spCode":"KT","timestamp":"2026-02-19T13:07:01.581Z"}
[32minfo[39m: [ALLIANCE] Already logged in (active session detected) {"service":"clinic-automation","timestamp":"2026-02-19T13:07:04.670Z"}
[32minfo[39m: [ALLIANCE] Clicked sidebar Create Panel Claim {"selector":"div.sidebar li:has-text(\"Create Panel Claim\")","service":"clinic-automation","timestamp":"2026-02-19T13:07:07.091Z"}
[32minfo[39m: [ALLIANCE] Navigated directly to Create Panel Claim {"service":"clinic-automation","target":"https://connect.alliancemedinet.com/claim/panel-create","timestamp":"2026-02-19T13:07:09.283Z"}
[32minfo[39m: [ALLIANCE] Clicked sidebar Create Panel Claim {"selector":"div.sidebar li:has-text(\"Create Panel Claim\")","service":"clinic-automation","timestamp":"2026-02-19T13:07:09.896Z"}
[32minfo[39m: [ALLIANCE] Clicked sidebar Create Panel Claim {"selector":"div.sidebar a.nav-link:has-text(\"Create Panel Claim\")","service":"clinic-automation","timestamp":"2026-02-19T13:07:11.454Z"}
[32minfo[39m: [ALLIANCE] Clicked Medical Treatment {"selector":"div.main-panel button.action-btn:has-text(\"Medical Treatment\")","service":"clinic-automation","timestamp":"2026-02-19T13:07:13.014Z"}
[32minfo[39m: [ALLIANCE] Navigated to Medical Treatment claim flow {"service":"clinic-automation","timestamp":"2026-02-19T13:07:14.525Z"}
[32minfo[39m: [ALLIANCE] Filled Member UIN/Membership ID {"selector":"input[placeholder*=\"Membership\" i]","service":"clinic-automation","timestamp":"2026-02-19T13:07:15.701Z"}
[32minfo[39m: [ALLIANCE] Clicked Claim Type {"selector":"[role=\"dialog\"] div:has-text(\"Claim Type\"):has([role=\"combobox\"])","service":"clinic-automation","timestamp":"2026-02-19T13:07:16.290Z"}
[32minfo[39m: [ALLIANCE] Set Date of Visit (candidate-14/2/2026) {"selector":"input[placeholder*=\"Date of Visit\" i]","service":"clinic-automation","timestamp":"2026-02-19T13:07:19.043Z"}
[32minfo[39m: [ALLIANCE] Clicked Search Others (candidate-14/2/2026) {"selector":"button:has-text(\"Search Others\")","service":"clinic-automation","timestamp":"2026-02-19T13:07:20.878Z"}
[32minfo[39m: [ALLIANCE] Selected member and opened claim form {"service":"clinic-automation","timestamp":"2026-02-19T13:07:30.977Z"}
[32minfo[39m: [ALLIANCE] Set MC Days {"selector":"input[placeholder*=\"MC Days\" i]","service":"clinic-automation","timestamp":"2026-02-19T13:07:34.251Z"}
[32minfo[39m: [ALLIANCE] Clicked Add Diagnosis {"selector":"button:has-text(\"Add Diagnosis\")","service":"clinic-automation","timestamp":"2026-02-19T13:07:34.821Z"}
[32minfo[39m: [ALLIANCE] Filled Diagnosis Name (Pain in left foot) {"selector":"[role=\"dialog\"] input[placeholder*=\"Diagnosis Name\" i]","service":"clinic-automation","timestamp":"2026-02-19T13:07:35.908Z"}
[32minfo[39m: [ALLIANCE] Clicked Diagnosis Search (Pain in left foot) {"selector":"[role=\"dialog\"] button:has-text(\"Search\")","service":"clinic-automation","timestamp":"2026-02-19T13:07:36.513Z"}
[32minfo[39m: [ALLIANCE] Filled Diagnosis Name (Pain) {"selector":"[role=\"dialog\"] input[placeholder*=\"Diagnosis Name\" i]","service":"clinic-automation","timestamp":"2026-02-19T13:07:38.980Z"}
[32minfo[39m: [ALLIANCE] Clicked Diagnosis Search (Pain) {"selector":"[role=\"dialog\"] button:has-text(\"Search\")","service":"clinic-automation","timestamp":"2026-02-19T13:07:39.548Z"}
[32minfo[39m: [ALLIANCE] Filled Diagnosis Name (pain) {"selector":"[role=\"dialog\"] input[placeholder*=\"Diagnosis Name\" i]","service":"clinic-automation","timestamp":"2026-02-19T13:07:43.634Z"}
[32minfo[39m: [ALLIANCE] Clicked Diagnosis Search (pain) {"selector":"[role=\"dialog\"] button:has-text(\"Search\")","service":"clinic-automation","timestamp":"2026-02-19T13:07:44.223Z"}
[32minfo[39m: [ALLIANCE] Filled Diagnosis Name (back pain) {"selector":"[role=\"dialog\"] input[placeholder*=\"Diagnosis Name\" i]","service":"clinic-automation","timestamp":"2026-02-19T13:07:46.392Z"}
[32minfo[39m: [ALLIANCE] Clicked Diagnosis Search (back pain) {"selector":"[role=\"dialog\"] button:has-text(\"Search\")","service":"clinic-automation","timestamp":"2026-02-19T13:07:46.981Z"}
[32minfo[39m: [ALLIANCE] Filled Diagnosis Name (fever) {"selector":"[role=\"dialog\"] input[placeholder*=\"Diagnosis Name\" i]","service":"clinic-automation","timestamp":"2026-02-19T13:07:48.566Z"}
[32minfo[39m: [ALLIANCE] Clicked Diagnosis Search (fever) {"selector":"[role=\"dialog\"] button:has-text(\"Search\")","service":"clinic-automation","timestamp":"2026-02-19T13:07:49.154Z"}
[32minfo[39m: [ALLIANCE] Filled Diagnosis Name (headache) {"selector":"[role=\"dialog\"] input[placeholder*=\"Diagnosis Name\" i]","service":"clinic-automation","timestamp":"2026-02-19T13:07:52.237Z"}
[32minfo[39m: [ALLIANCE] Clicked Diagnosis Search (headache) {"selector":"[role=\"dialog\"] button:has-text(\"Search\")","service":"clinic-automation","timestamp":"2026-02-19T13:07:52.844Z"}
[33mwarn[39m: [SUBMIT] Alliance visit attempt failed {"attempt":1,"canRetry":false,"error":"No diagnosis search results available to select","lastAction":"fill.diagnosis.open","maxAttempts":2,"retryable":false,"service":"clinic-automation","timestamp":"2026-02-19T13:07:53.519Z","traceId":null}
[31merror[39m: [SUBMIT] Error submitting claim for TAN WEE HIONG KEVIN {"error":"No diagnosis search results available to select","service":"clinic-automation","timestamp":"2026-02-19T13:07:53.519Z"}
{
  "visitId": "6c890353-6baf-4b3b-ac77-3fc99e96c79b",
  "result": {
    "success": false,
    "error": "No diagnosis search results available to select"
  }
}
[32minfo[39m: Browser closed {"service":"clinic-automation","timestamp":"2026-02-19T13:07:54.974Z"}
