(node:69001) [MODULE_TYPELESS_PACKAGE_JSON] Warning: Module type of file:///Users/vincent/Baselrpacrm/apps/crm/src/lib/rpa/portals.shared.js is not specified and it doesn't parse as CommonJS.
Reparsing as ES module because module syntax was detected. This incurs a performance overhead.
To eliminate this warning, add "type": "module" to /Users/vincent/Baselrpacrm/apps/crm/package.json.
(Use `node --trace-warnings ...` to show where the warning was created)
[32minfo[39m: Launching browser... {"service":"clinic-automation","timestamp":"2026-02-19T13:08:36.195Z"}
[32minfo[39m: Using extension for VPN - proxy auto-discovery disabled {"service":"clinic-automation","timestamp":"2026-02-19T13:08:36.197Z"}
[32minfo[39m: Using Chromium executable: /Users/vincent/Library/Caches/ms-playwright/chromium-1200/chrome-mac-arm64/Google Chrome for Testing.app/Contents/MacOS/Google Chrome for Testing {"service":"clinic-automation","timestamp":"2026-02-19T13:08:36.197Z"}
[32minfo[39m: Filtering out Urban VPN extension {"service":"clinic-automation","timestamp":"2026-02-19T13:08:36.197Z"}
[32minfo[39m: Applied external protocol guard script {"service":"clinic-automation","timestamp":"2026-02-19T13:08:39.031Z"}
[32minfo[39m: Browser launched successfully {"service":"clinic-automation","timestamp":"2026-02-19T13:08:39.034Z"}
[32minfo[39m: [SUBMIT STEP 01/10] Submitting claim for KIARA SINGH {"payType":"ALLIANC","service":"clinic-automation","timestamp":"2026-02-19T13:08:39.293Z","visitId":"d3a164b7-1b4f-490d-afbf-f9ef6dc1bd14"}
[32minfo[39m: [SUBMIT STEP 02/10] Submitting to Alliance Medinet {"service":"clinic-automation","timestamp":"2026-02-19T13:08:39.662Z"}
[32minfo[39m: [SUBMIT] Alliance form data: {"doctorName":"Palanisamy Arul Murugan","matchedTag":"ALLIANC","nric":"T1722895H","service":"clinic-automation","spCode":"PAM","timestamp":"2026-02-19T13:08:39.662Z"}
[32minfo[39m: [ALLIANCE] Already logged in (active session detected) {"service":"clinic-automation","timestamp":"2026-02-19T13:08:42.399Z"}
[32minfo[39m: [ALLIANCE] Clicked sidebar Create Panel Claim {"selector":"div.sidebar li:has-text(\"Create Panel Claim\")","service":"clinic-automation","timestamp":"2026-02-19T13:08:45.918Z"}
[32minfo[39m: [ALLIANCE] Navigated directly to Create Panel Claim {"service":"clinic-automation","target":"https://connect.alliancemedinet.com/claim/panel-create","timestamp":"2026-02-19T13:08:47.896Z"}
[32minfo[39m: [ALLIANCE] Clicked sidebar Create Panel Claim {"selector":"div.sidebar li:has-text(\"Create Panel Claim\")","service":"clinic-automation","timestamp":"2026-02-19T13:08:49.361Z"}
[32minfo[39m: [ALLIANCE] Clicked sidebar Create Panel Claim {"selector":"div.sidebar a.nav-link:has-text(\"Create Panel Claim\")","service":"clinic-automation","timestamp":"2026-02-19T13:08:50.899Z"}
[32minfo[39m: [ALLIANCE] Clicked Medical Treatment {"selector":"div.main-panel button.action-btn:has-text(\"Medical Treatment\")","service":"clinic-automation","timestamp":"2026-02-19T13:08:52.413Z"}
[32minfo[39m: [ALLIANCE] Navigated to Medical Treatment claim flow {"service":"clinic-automation","timestamp":"2026-02-19T13:08:53.924Z"}
[32minfo[39m: [ALLIANCE] Filled Member UIN/Membership ID {"selector":"input[placeholder*=\"Membership\" i]","service":"clinic-automation","timestamp":"2026-02-19T13:08:55.163Z"}
[32minfo[39m: [ALLIANCE] Clicked Claim Type {"selector":"[role=\"dialog\"] div:has-text(\"Claim Type\"):has([role=\"combobox\"])","service":"clinic-automation","timestamp":"2026-02-19T13:08:55.747Z"}
[32minfo[39m: [ALLIANCE] Set Date of Visit (candidate-14/2/2026) {"selector":"input[placeholder*=\"Date of Visit\" i]","service":"clinic-automation","timestamp":"2026-02-19T13:08:58.494Z"}
[32minfo[39m: [ALLIANCE] Clicked Search Others (candidate-14/2/2026) {"selector":"button:has-text(\"Search Others\")","service":"clinic-automation","timestamp":"2026-02-19T13:09:00.356Z"}
[32minfo[39m: [ALLIANCE] Selected member and opened claim form {"service":"clinic-automation","timestamp":"2026-02-19T13:09:10.511Z"}
[32minfo[39m: [ALLIANCE] Set MC Days {"selector":"input[placeholder*=\"MC Days\" i]","service":"clinic-automation","timestamp":"2026-02-19T13:09:18.000Z"}
[32minfo[39m: [ALLIANCE] Clicked Add Diagnosis {"selector":"button:has-text(\"Add Diagnosis\")","service":"clinic-automation","timestamp":"2026-02-19T13:09:18.655Z"}
[32minfo[39m: [ALLIANCE] Filled Diagnosis Name (Missing diagnosis) {"selector":"[role=\"dialog\"] input[placeholder*=\"Diagnosis Name\" i]","service":"clinic-automation","timestamp":"2026-02-19T13:09:19.798Z"}
[32minfo[39m: [ALLIANCE] Clicked Diagnosis Search (Missing diagnosis) {"selector":"[role=\"dialog\"] button:has-text(\"Search\")","service":"clinic-automation","timestamp":"2026-02-19T13:09:20.454Z"}
[32minfo[39m: [ALLIANCE] Filled Diagnosis Name (Missing) {"selector":"[role=\"dialog\"] input[placeholder*=\"Diagnosis Name\" i]","service":"clinic-automation","timestamp":"2026-02-19T13:09:25.063Z"}
[32minfo[39m: [ALLIANCE] Clicked Diagnosis Search (Missing) {"selector":"[role=\"dialog\"] button:has-text(\"Search\")","service":"clinic-automation","timestamp":"2026-02-19T13:09:25.696Z"}
[32minfo[39m: [ALLIANCE] Filled Diagnosis Name (pain) {"selector":"[role=\"dialog\"] input[placeholder*=\"Diagnosis Name\" i]","service":"clinic-automation","timestamp":"2026-02-19T13:09:29.815Z"}
[32minfo[39m: [ALLIANCE] Clicked Diagnosis Search (pain) {"selector":"[role=\"dialog\"] button:has-text(\"Search\")","service":"clinic-automation","timestamp":"2026-02-19T13:09:30.452Z"}
[32minfo[39m: [ALLIANCE] Filled Diagnosis Name (back pain) {"selector":"[role=\"dialog\"] input[placeholder*=\"Diagnosis Name\" i]","service":"clinic-automation","timestamp":"2026-02-19T13:09:32.480Z"}
[32minfo[39m: [ALLIANCE] Clicked Diagnosis Search (back pain) {"selector":"[role=\"dialog\"] button:has-text(\"Search\")","service":"clinic-automation","timestamp":"2026-02-19T13:09:33.097Z"}
[32minfo[39m: [ALLIANCE] Filled Diagnosis Name (fever) {"selector":"[role=\"dialog\"] input[placeholder*=\"Diagnosis Name\" i]","service":"clinic-automation","timestamp":"2026-02-19T13:09:36.601Z"}
[32minfo[39m: [ALLIANCE] Clicked Diagnosis Search (fever) {"selector":"[role=\"dialog\"] button:has-text(\"Search\")","service":"clinic-automation","timestamp":"2026-02-19T13:09:37.238Z"}
[32minfo[39m: [ALLIANCE] Filled Diagnosis Name (headache) {"selector":"[role=\"dialog\"] input[placeholder*=\"Diagnosis Name\" i]","service":"clinic-automation","timestamp":"2026-02-19T13:09:38.988Z"}
[32minfo[39m: [ALLIANCE] Clicked Diagnosis Search (headache) {"selector":"[role=\"dialog\"] button:has-text(\"Search\")","service":"clinic-automation","timestamp":"2026-02-19T13:09:39.637Z"}
[33mwarn[39m: [SUBMIT] Alliance visit attempt failed {"attempt":1,"canRetry":false,"error":"No diagnosis search results available to select","lastAction":"fill.diagnosis.open","maxAttempts":2,"retryable":false,"service":"clinic-automation","timestamp":"2026-02-19T13:09:40.335Z","traceId":null}
[31merror[39m: [SUBMIT] Error submitting claim for KIARA SINGH {"error":"No diagnosis search results available to select","service":"clinic-automation","timestamp":"2026-02-19T13:09:40.335Z"}
{
  "visitId": "d3a164b7-1b4f-490d-afbf-f9ef6dc1bd14",
  "result": {
    "success": false,
    "error": "No diagnosis search results available to select"
  }
}
[32minfo[39m: Browser closed {"service":"clinic-automation","timestamp":"2026-02-19T13:09:41.071Z"}
