[32minfo[39m: [CA 01] Login start {"clinicGroup":"ssoc","service":"clinic-automation","timestamp":"2026-02-19T14:20:15.528Z","url":"https://clinicassist.sg:1080/"}
[32minfo[39m: Logging into Clinic Assist... {"service":"clinic-automation","timestamp":"2026-02-19T14:20:15.529Z"}
[32minfo[39m: Username filled {"service":"clinic-automation","timestamp":"2026-02-19T14:20:21.087Z"}
[32minfo[39m: [CA 02] Username filled {"service":"clinic-automation","timestamp":"2026-02-19T14:20:21.088Z"}
[32minfo[39m: Password filled {"service":"clinic-automation","timestamp":"2026-02-19T14:20:21.169Z"}
[32minfo[39m: [CA 03] Password filled {"service":"clinic-automation","timestamp":"2026-02-19T14:20:21.169Z"}
[32minfo[39m: Clinic Group filled: ssoc {"service":"clinic-automation","timestamp":"2026-02-19T14:20:21.188Z"}
[32minfo[39m: [CA 04] Clinic Group filled {"clinicGroup":"ssoc","service":"clinic-automation","timestamp":"2026-02-19T14:20:21.196Z"}
[32minfo[39m: Login button clicked {"service":"clinic-automation","timestamp":"2026-02-19T14:20:21.283Z"}
[32minfo[39m: [CA 05] Login submitted {"service":"clinic-automation","timestamp":"2026-02-19T14:20:21.283Z"}
[32minfo[39m: Clinic Assist 2FA not required (verification inputs disabled) {"service":"clinic-automation","timestamp":"2026-02-19T14:20:24.298Z"}
[32minfo[39m: Successfully logged into Clinic Assist {"service":"clinic-automation","timestamp":"2026-02-19T14:20:24.519Z"}
[32minfo[39m: [CA 06] Login ok {"service":"clinic-automation","timestamp":"2026-02-19T14:20:24.519Z"}
[32minfo[39m: [CA 07] Navigate to Patient Page - START {"service":"clinic-automation","timestamp":"2026-02-19T14:20:24.520Z"}
[32minfo[39m: [CA 08] Current URL before navigation {"service":"clinic-automation","timestamp":"2026-02-19T14:20:24.520Z","url":"https://clinicassist.sg:1080/"}
[32minfo[39m: [CA 09] Need to select Reception/room first before accessing Patient Page {"service":"clinic-automation","timestamp":"2026-02-19T14:20:24.526Z"}
[32minfo[39m: [CA 10] Clicking Reception/room to access system {"selector":"button:has-text(\"Reception\")","service":"clinic-automation","timestamp":"2026-02-19T14:20:25.099Z"}
[32minfo[39m: [CA 11] Reception clicked, checking URL {"newUrl":"https://clinicassist.sg:1080/","service":"clinic-automation","timeTaken":1158,"timestamp":"2026-02-19T14:20:25.684Z"}
[32minfo[39m: [CA 12] Could not click Reception/room, continuing anyway {"service":"clinic-automation","timeTaken":1445,"timestamp":"2026-02-19T14:20:25.971Z"}
[32minfo[39m: [CA 13] Looking for sidebar/hamburger menu {"service":"clinic-automation","timestamp":"2026-02-19T14:20:25.971Z"}
[32minfo[39m: [CA 14] Looking for Patient sidebar link {"service":"clinic-automation","timestamp":"2026-02-19T14:20:25.978Z"}
[32minfo[39m: [CA 15] Could not click Patient link via UI; trying Home -> Patient fallback {"service":"clinic-automation","timestamp":"2026-02-19T14:20:26.002Z","totalTime":1482}
[32minfo[39m: [CA 16] Home->Patient retry URL {"finalUrl":"https://clinicassist.sg:1080/Patient/PatientSearch","service":"clinic-automation","timestamp":"2026-02-19T14:20:44.620Z"}
[32minfo[39m: [CA 17] Navigate to Patient Page - COMPLETE {"service":"clinic-automation","timestamp":"2026-02-19T14:20:44.622Z","totalTime":20102}
[32minfo[39m: [CA 18] Search patient by number {"patientNumber":"53442","service":"clinic-automation","timestamp":"2026-02-19T14:20:44.624Z"}
[32minfo[39m: [CA 19] Pressing Enter to execute search (may need to dismiss dialog first) {"service":"clinic-automation","timestamp":"2026-02-19T14:20:45.412Z"}
[32minfo[39m: [CA 20] Patient search executed by number (Enter key x2) {"patientNumber":"53442","service":"clinic-automation","timestamp":"2026-02-19T14:20:46.536Z"}
[32minfo[39m: [CA 21] Open patient from search results by number {"patientNumber":"53442","service":"clinic-automation","timestamp":"2026-02-19T14:20:46.538Z"}
[32minfo[39m: [CA 22] Found patient row by number {"hasLink":true,"rowIndex":1,"service":"clinic-automation","timestamp":"2026-02-19T14:20:48.548Z"}
[32minfo[39m: [CA 23] Clicked patient link via filter method {"service":"clinic-automation","timestamp":"2026-02-19T14:20:48.616Z"}
[32minfo[39m: [CA 24] Patient opened from search results by number {"service":"clinic-automation","timestamp":"2026-02-19T14:20:50.619Z"}
[32minfo[39m: [CA 25] Navigate to TX History {"service":"clinic-automation","timestamp":"2026-02-19T14:20:52.992Z"}
[32minfo[39m: [CA 26] Navigated to TX History {"service":"clinic-automation","timestamp":"2026-02-19T14:21:01.870Z"}
[32minfo[39m: [CA 27] Open Diagnosis Tab {"service":"clinic-automation","timestamp":"2026-02-19T14:21:01.872Z"}
[32minfo[39m: [CA 28] Diagnosis Tab opened {"service":"clinic-automation","timestamp":"2026-02-19T14:21:04.999Z"}
[32minfo[39m: [CA 29] Extract diagnosis for visit date {"service":"clinic-automation","timestamp":"2026-02-19T14:21:06.088Z","visitDate":"2026-02-14"}
[32minfo[39m: [CA 30] No exact diagnosis date match; using most recent on/before visit date {"code":"M54.5","date":"25/09/2020","description":"Low back pain","service":"clinic-automation","timestamp":"2026-02-19T14:21:07.105Z","visitDate":"2026-02-14"}
[32minfo[39m: [CA 31] Extract latest diagnosis from Diagnosis tab {"service":"clinic-automation","timestamp":"2026-02-19T14:21:07.106Z"}
[32minfo[39m: [CA 32] Found latest diagnosis {"code":"M54.5","date":"25/09/2020","description":"Low back pain","service":"clinic-automation","timestamp":"2026-02-19T14:21:08.118Z"}
[32minfo[39m: [CA 33] Extract diagnosis from TX History {"service":"clinic-automation","timestamp":"2026-02-19T14:21:08.120Z"}
[32minfo[39m: [CA 34] Diagnosis extracted from TX History {"code":"M54.5","description":"Low back pain Low back pain Low back pain","rawText":"Loading... Date State Code Description Branch25/09/2020 M54.5Low back painHQ03/09/2020 M54.5Low back painHQ03/09/2020 M54.5Low back painHQ","service":"clinic-automation","timestamp":"2026-02-19T14:21:09.165Z"}
[32minfo[39m: [CA 35] Extract diagnosis from All tab {"service":"clinic-automation","timestamp":"2026-02-19T14:21:09.166Z","visitDate":"2026-02-14"}
[32minfo[39m: [CA 36] Navigate to TX History {"service":"clinic-automation","timestamp":"2026-02-19T14:21:09.166Z"}
[32minfo[39m: [CA 37] Navigated to TX History {"service":"clinic-automation","timestamp":"2026-02-19T14:21:12.227Z"}
[32minfo[39m: [CA 38] Open All Tab in TX History {"service":"clinic-automation","timestamp":"2026-02-19T14:21:12.229Z"}
[32minfo[39m: [CA 39] All Tab opened {"service":"clinic-automation","timestamp":"2026-02-19T14:21:44.699Z"}
[32minfo[39m: [CA 40] Diagnosis extracted from All tab {"code":"D31.00","date":"18/02/2023","description":"MedOMEGA + D Bott","service":"clinic-automation","timestamp":"2026-02-19T14:21:46.208Z"}
[32minfo[39m: [CA 41] Extract diagnosis from Visit Tab {"service":"clinic-automation","timestamp":"2026-02-19T14:21:46.209Z","visitDate":"2026-02-14"}
[32minfo[39m: [CA 42] Open Visit Tab {"service":"clinic-automation","timestamp":"2026-02-19T14:21:46.209Z"}
[32minfo[39m: [CA 43] Visit Tab opened {"service":"clinic-automation","timestamp":"2026-02-19T14:21:47.917Z"}
[32minfo[39m: [CA 44] No diagnosis found in Visit tab {"service":"clinic-automation","timestamp":"2026-02-19T14:21:48.730Z"}
[32minfo[39m: [CA 45] Extract diagnosis from Past Notes {"service":"clinic-automation","timestamp":"2026-02-19T14:21:48.731Z","visitDate":"2026-02-14"}
[32minfo[39m: [CA 46] Navigate to TX History {"service":"clinic-automation","timestamp":"2026-02-19T14:21:48.731Z"}
[32minfo[39m: [CA 47] Navigated to TX History {"service":"clinic-automation","timestamp":"2026-02-19T14:21:51.791Z"}
[32minfo[39m: [CA 48] Open Past Notes Tab {"service":"clinic-automation","timestamp":"2026-02-19T14:21:51.794Z"}
[32minfo[39m: [CA 49] Past Notes Tab opened {"service":"clinic-automation","timestamp":"2026-02-19T14:21:55.585Z"}
[32minfo[39m: [CA 50] Past Notes entries expanded {"service":"clinic-automation","timestamp":"2026-02-19T14:21:55.665Z","totalClicked":1,"visitDate":"2026-02-14"}
[32minfo[39m: [CA 51] No diagnosis found in Past Notes for visit date {"service":"clinic-automation","timestamp":"2026-02-19T14:21:58.072Z"}
[32minfo[39m: [CA 52] Extract diagnosis intent from Past Notes {"service":"clinic-automation","timestamp":"2026-02-19T14:21:58.076Z","visitDate":"2026-02-14"}
[32minfo[39m: [CA 53] Open Past Notes Tab {"service":"clinic-automation","timestamp":"2026-02-19T14:21:58.077Z"}
[32minfo[39m: [CA 54] Past Notes context already open {"service":"clinic-automation","timestamp":"2026-02-19T14:22:04.871Z"}
[32minfo[39m: [CA 55] Past Notes entries expanded {"service":"clinic-automation","timestamp":"2026-02-19T14:22:04.914Z","totalClicked":1,"visitDate":"2026-02-14"}
[32minfo[39m: [CA 56] Past Notes intent debug (no match) {"baseBodyPart":"back","evidence":["00ssoc14/02/2026pcr specialist consultation1","00ssoc01/04/2023pcr specialist consultation1","00ssoc18/02/2023pcr specialist consultation1","00ssoc20/01/2023pcr consultation 1","00ssoc25/09/2020pcr consultation1","00ssoc03/09/2020pcr first consultation1","not related to his sports","tender over l5 s1  right l5s1  left l45 l5s","specialist consultation - qty(1"],"poolSize":2,"service":"clinic-automation","targetDateStr":"14/02/2026","targetDateStrAlt":"02/14/2026","timestamp":"2026-02-19T14:22:07.337Z","title":"Patient Biodata","url":"https://clinicassist.sg:1080/QueueLog/PatientVisit?queryString=tlpZcWCM3QrUuQnXbw5+32LBMVx7AReWLlYNmzeJAzSCnB8wXH27m+5H144sPH+2WYV/4lb3bSIqHaLHAl/YoTOZFc+xHBOTwBP1CZTAx/A="}
[32minfo[39m: [CA 57] No diagnosis intent found in Past Notes {"service":"clinic-automation","timestamp":"2026-02-19T14:22:07.339Z"}
[32minfo[39m: [CA 58] Open Past Notes Tab {"service":"clinic-automation","timestamp":"2026-02-19T14:22:07.341Z"}
[32minfo[39m: [CA 59] Past Notes context already open {"service":"clinic-automation","timestamp":"2026-02-19T14:22:13.553Z"}
[32minfo[39m: [CA 60] Past Notes entries expanded {"service":"clinic-automation","timestamp":"2026-02-19T14:22:13.619Z","totalClicked":1,"visitDate":"2026-02-14"}
{
  "ok": true,
  "output": "/Users/vincent/Baselrpacrm/output/playwright/flow2-diag-2026-02-14-53442-2026-02-19T14-20-15-524Z.json",
  "report": {
    "visit": {
      "id": "ff1bf9d8-c55a-43e0-90a6-d761e98dd4ee",
      "patient_name": "ONG XUE ZHE KENNETH",
      "visit_date": "2026-02-14",
      "nric": "T0403755Z",
      "pay_type": "MHC",
      "pcno": "53442"
    },
    "flow2_saved": {
      "diagnosis_description": "Low back pain",
      "diagnosis_code": "M54.5",
      "diagnosis_resolution": {
        "status": "ambiguous",
        "date_ok": false,
        "confidence": 0.69,
        "date_policy": "on_or_before_30_days",
        "source_chain": [
          {
            "found": true,
            "source": "diagnosis_tab",
            "source_date": "2020-09-25",
            "source_age_days": 1968
          },
          {
            "found": true,
            "source": "all_tab",
            "source_date": "2023-02-18",
            "source_age_days": 1092
          },
          {
            "found": false,
            "source": "visit_tab",
            "source_date": null,
            "source_age_days": null
          },
          {
            "found": false,
            "source": "past_notes",
            "source_date": null,
            "source_age_days": null
          }
        ],
        "fallback_age_days": 1968,
        "reason_if_unresolved": "diagnosis_source_too_old_for_on_before_policy",
        "source_date_match_type": "on_before"
      },
      "diagnosis_canonical": {
        "side": null,
        "code_raw": "M54.5",
        "body_part": "back",
        "condition": "pain",
        "source_date": "2020-09-25",
        "code_normalized": "M54.5",
        "description_raw": "Low back pain",
        "source_age_days": 1968,
        "description_canonical": "Low back pain",
        "source_date_match_type": "on_before"
      }
    },
    "browser_extract": {
      "diagnosisForDate": {
        "code": "M54.5",
        "description": "Low back pain",
        "date": "25/09/2020"
      },
      "latestDiagnosis": {
        "code": "M54.5",
        "description": "Low back pain",
        "date": "25/09/2020"
      },
      "rawDiagnosis": {
        "code": "M54.5",
        "description": "Low back pain Low back pain Low back pain"
      },
      "allTabDiagnosis": {
        "code": "D31.00",
        "description": "MedOMEGA + D Bott",
        "date": "18/02/2023"
      },
      "visitTabDiagnosis": null,
      "pastNotesDiagnosis": null,
      "pastNotesIntent": null
    },
    "artifacts": {
      "patientBiodata": "/Users/vincent/Baselrpacrm/output/playwright/flow2-diag-2026-02-14-53442-2026-02-19T14-20-15-524Z-patient-biodata.png",
      "diagnosisTab": "/Users/vincent/Baselrpacrm/output/playwright/flow2-diag-2026-02-14-53442-2026-02-19T14-20-15-524Z-tx-diagnosis-tab.png",
      "pastNotes": "/Users/vincent/Baselrpacrm/output/playwright/flow2-diag-2026-02-14-53442-2026-02-19T14-20-15-524Z-tx-past-notes.png"
    }
  }
}
